#
# There is insufficient memory for the Java Runtime Environment to continue.
# Native memory allocation (mmap) failed to map 325058560 bytes for Failed to commit area from 0x0000000092300000 to 0x00000000a5900000 of length 325058560.
# Possible reasons:
#   The system is out of physical RAM or swap space
#   The process is running with CompressedOops enabled, and the Java Heap may be blocking the growth of the native heap
# Possible solutions:
#   Reduce memory load on the system
#   Increase physical memory or swap space
#   Check if swap backing store is full
#   Decrease Java heap size (-Xmx/-Xms)
#   Decrease number of Java threads
#   Decrease Java thread stack sizes (-Xss)
#   Set larger code cache with -XX:ReservedCodeCacheSize=
#   JVM is running with Unscaled Compressed Oops mode in which the Java heap is
#     placed in the first 4GB address space. The Java Heap base address is the
#     maximum limit for the native heap growth. Please use -XX:HeapBaseMinAddress
#     to set the Java Heap base and to place the Java Heap above 4GB virtual address.
# This output file may be truncated or incomplete.
#
#  Out of Memory Error (./src/hotspot/os/windows/os_windows.cpp:3521), pid=17912, tid=23504
#
# JRE version: OpenJDK Runtime Environment (11.0.12+7) (build 11.0.12+7-b1504.28-7817840)
# Java VM: OpenJDK 64-Bit Server VM (11.0.12+7-b1504.28-7817840, mixed mode, tiered, compressed oops, g1 gc, windows-amd64)
# No core dump will be written. Minidumps are not enabled by default on client versions of Windows
#

---------------  S U M M A R Y ------------

Command Line: --add-opens=java.base/java.util=ALL-UNNAMED --add-opens=java.base/java.lang=ALL-UNNAMED --add-opens=java.base/java.lang.invoke=ALL-UNNAMED --add-opens=java.base/java.util=ALL-UNNAMED --add-opens=java.prefs/java.util.prefs=ALL-UNNAMED --add-opens=java.prefs/java.util.prefs=ALL-UNNAMED --add-opens=java.base/java.nio.charset=ALL-UNNAMED --add-opens=java.base/java.net=ALL-UNNAMED --add-opens=java.base/java.util.concurrent.atomic=ALL-UNNAMED -Xmx2048m -Dfile.encoding=UTF-8 -Duser.country=KR -Duser.language=ko -Duser.variant org.gradle.launcher.daemon.bootstrap.GradleDaemon 7.3.3

Host: Intel(R) Core(TM) i5-10210U CPU @ 1.60GHz, 8 cores, 7G,  Windows 10 , 64 bit Build 19041 (10.0.19041.2788)
Time: Tue May  9 19:02:11 2023 대한민국 표준시 elapsed time: 20.390522 seconds (0d 0h 0m 20s)

---------------  T H R E A D  ---------------

Current thread (0x0000022704d38800):  VMThread "VM Thread" [stack: 0x00000067bdb00000,0x00000067bdc00000] [id=23504]

Stack: [0x00000067bdb00000,0x00000067bdc00000]
[error occurred during error reporting (printing stack bounds), id 0xc0000005, EXCEPTION_ACCESS_VIOLATION (0xc0000005) at pc=0x000002276d2c112d]

Native frames: (J=compiled Java code, j=interpreted, Vv=VM code, C=native code)
V  [jvm.dll+0x5fbcea]
V  [jvm.dll+0x731905]
V  [jvm.dll+0x732f1d]
V  [jvm.dll+0x733535]
V  [jvm.dll+0x7334eb]
V  [jvm.dll+0x5fb080]
V  [jvm.dll+0x5fb818]
C  [ntdll.dll+0xa23df]
C  [ntdll.dll+0x514a4]
C  [ntdll.dll+0xa0f0e]
C  0x000002276d2c112d

VM_Operation (0x00000067c67fdb10): G1CollectForAllocation, mode: safepoint, requested by thread 0x00000227064bb800


---------------  P R O C E S S  ---------------

Threads class SMR info:
_java_thread_list=0x000002270d84bba0, length=147, elements={
0x0000022767fce000, 0x0000022704520800, 0x0000022704517000, 0x0000022704d9c800,
0x0000022704d9d800, 0x0000022704d9e800, 0x0000022704da1800, 0x0000022704da4800,
0x0000022704da6000, 0x0000022704f1a800, 0x0000022707190800, 0x000002270500b800,
0x00000227067ae000, 0x0000022705841000, 0x0000022706d08800, 0x0000022707821800,
0x0000022705dcc000, 0x0000022707808000, 0x0000022707515000, 0x0000022705c80800,
0x0000022705c83000, 0x0000022705c84000, 0x0000022705c87000, 0x0000022705c85000,
0x0000022705c85800, 0x0000022705c86800, 0x0000022705c81800, 0x0000022705c82800,
0x000002270868a800, 0x0000022708686800, 0x0000022708688800, 0x0000022708688000,
0x0000022708689800, 0x0000022708684800, 0x000002270868b000, 0x000002270a359800,
0x000002270a356000, 0x000002270a358800, 0x000002270a35a000, 0x000002270a35b000,
0x000002270a355800, 0x000002270a35c000, 0x000002270a35c800, 0x000002270a357000,
0x000002270a35d800, 0x000002270a358000, 0x000002270a35e800, 0x000002270a35f000,
0x000002270a360000, 0x000002270a362800, 0x000002270a363000, 0x000002270a360800,
0x000002270a361800, 0x000002270a364000, 0x0000022708787000, 0x0000022708788800,
0x0000022708787800, 0x0000022708785000, 0x0000022708784800, 0x0000022708789800,
0x000002270878b800, 0x000002270878a000, 0x000002270878b000, 0x0000022708786000,
0x0000022708791800, 0x000002270878c800, 0x0000022708790000, 0x000002270878f000,
0x0000022708790800, 0x000002270878d800, 0x000002270878e000, 0x0000022708792800,
0x0000022708793000, 0x000002270abd0800, 0x000002270abd2000, 0x000002270abcd000,
0x000002270abd1000, 0x000002270abcc800, 0x000002270abd3000, 0x000002270abcf800,
0x000002270abd3800, 0x000002270abce000, 0x000002270abd4800, 0x000002270abce800,
0x000002270abdb000, 0x000002270abd6000, 0x000002270abd5800, 0x000002270abd8800,
0x000002270abd7000, 0x000002270abd7800, 0x000002270abd9800, 0x000002270abda000,
0x00000227088d8800, 0x00000227088d6000, 0x00000227088d7000, 0x00000227088d7800,
0x00000227088db000, 0x00000227088d9800, 0x00000227088da000, 0x00000227088d5000,
0x00000227088e1800, 0x00000227088e0800, 0x00000227088dd800, 0x00000227088db800,
0x00000227088e2800, 0x00000227088dc800, 0x00000227088df000, 0x00000227088e4000,
0x00000227088e3000, 0x00000227088de000, 0x00000227088e0000, 0x000002270acc6800,
0x000002270acc4000, 0x000002270acc5800, 0x000002270acc7000, 0x000002270acc8000,
0x000002270acc9000, 0x000002270acc3000, 0x000002270acc9800, 0x000002270acca800,
0x000002270acc5000, 0x000002270acce000, 0x000002270accf800, 0x000002270acd0000,
0x000002270acd1000, 0x000002270accb800, 0x000002270accd000, 0x000002270acd2000,
0x000002270accc000, 0x00000227064ba800, 0x00000227064bb800, 0x00000227064b5800,
0x00000227064b9000, 0x00000227064ba000, 0x00000227064bc000, 0x00000227064b6800,
0x00000227064bd000, 0x0000022708206800, 0x00000227064b7800, 0x00000227064be000,
0x00000227064b8000, 0x00000227064c0800, 0x00000227064bf800, 0x00000227064c2000,
0x00000227064be800, 0x00000227064c3800, 0x00000227064c3000
}

Java Threads: ( => current thread )
  0x0000022767fce000 JavaThread "main" [_thread_blocked, id=20072, stack(0x00000067bd500000,0x00000067bd600000)]
  0x0000022704520800 JavaThread "Reference Handler" daemon [_thread_blocked, id=26312, stack(0x00000067bdc00000,0x00000067bdd00000)]
  0x0000022704517000 JavaThread "Finalizer" daemon [_thread_blocked, id=23948, stack(0x00000067bdd00000,0x00000067bde00000)]
  0x0000022704d9c800 JavaThread "Signal Dispatcher" daemon [_thread_blocked, id=23632, stack(0x00000067bde00000,0x00000067bdf00000)]
  0x0000022704d9d800 JavaThread "Attach Listener" daemon [_thread_blocked, id=12004, stack(0x00000067bdf00000,0x00000067be000000)]
  0x0000022704d9e800 JavaThread "Service Thread" daemon [_thread_blocked, id=6068, stack(0x00000067be000000,0x00000067be100000)]
  0x0000022704da1800 JavaThread "C2 CompilerThread0" daemon [_thread_blocked, id=21540, stack(0x00000067be100000,0x00000067be200000)]
  0x0000022704da4800 JavaThread "C1 CompilerThread0" daemon [_thread_blocked, id=6844, stack(0x00000067be200000,0x00000067be300000)]
  0x0000022704da6000 JavaThread "Sweeper thread" daemon [_thread_blocked, id=23536, stack(0x00000067be300000,0x00000067be400000)]
  0x0000022704f1a800 JavaThread "Common-Cleaner" daemon [_thread_blocked, id=25704, stack(0x00000067be400000,0x00000067be500000)]
  0x0000022707190800 JavaThread "Daemon health stats" [_thread_blocked, id=26520, stack(0x00000067bea00000,0x00000067beb00000)]
  0x000002270500b800 JavaThread "Incoming local TCP Connector on port 61962" [_thread_in_native, id=9368, stack(0x00000067be600000,0x00000067be700000)]
  0x00000227067ae000 JavaThread "Daemon periodic checks" [_thread_blocked, id=21324, stack(0x00000067be700000,0x00000067be800000)]
  0x0000022705841000 JavaThread "Daemon" [_thread_blocked, id=21028, stack(0x00000067beb00000,0x00000067bec00000)]
  0x0000022706d08800 JavaThread "Handler for socket connection from /127.0.0.1:61962 to /127.0.0.1:61963" [_thread_in_native, id=15040, stack(0x00000067bec00000,0x00000067bed00000)]
  0x0000022707821800 JavaThread "Cancel handler" [_thread_blocked, id=24188, stack(0x00000067bed00000,0x00000067bee00000)]
  0x0000022705dcc000 JavaThread "Daemon worker" [_thread_blocked, id=11772, stack(0x00000067bee00000,0x00000067bef00000)]
  0x0000022707808000 JavaThread "Asynchronous log dispatcher for DefaultDaemonConnection: socket connection from /127.0.0.1:61962 to /127.0.0.1:61963" [_thread_blocked, id=26480, stack(0x00000067bef00000,0x00000067bf000000)]
  0x0000022707515000 JavaThread "Stdin handler" [_thread_blocked, id=26800, stack(0x00000067bf000000,0x00000067bf100000)]
  0x0000022705c80800 JavaThread "Daemon client event forwarder" [_thread_blocked, id=8952, stack(0x00000067bf100000,0x00000067bf200000)]
  0x0000022705c83000 JavaThread "Cache worker for journal cache (C:\Users\jeawo\.gradle\caches\journal-1)" [_thread_blocked, id=16744, stack(0x00000067bf800000,0x00000067bf900000)]
  0x0000022705c84000 JavaThread "File lock request listener" [_thread_in_native, id=5716, stack(0x00000067bf900000,0x00000067bfa00000)]
  0x0000022705c87000 JavaThread "Cache worker for file hash cache (C:\Users\jeawo\.gradle\caches\7.3.3\fileHashes)" [_thread_blocked, id=2252, stack(0x00000067bfa00000,0x00000067bfb00000)]
  0x0000022705c85000 JavaThread "Cache worker for file hash cache (C:\Users\jeawo\USB_JAVA_UI\.gradle\7.3.3\fileHashes)" [_thread_blocked, id=26140, stack(0x00000067bfc00000,0x00000067bfd00000)]
  0x0000022705c85800 JavaThread "File watcher server" daemon [_thread_blocked, id=25128, stack(0x00000067bfd00000,0x00000067bfe00000)]
  0x0000022705c86800 JavaThread "File watcher consumer" daemon [_thread_blocked, id=21016, stack(0x00000067bfe00000,0x00000067bff00000)]
  0x0000022705c81800 JavaThread "Cache worker for checksums cache (C:\Users\jeawo\USB_JAVA_UI\.gradle\7.3.3\checksums)" [_thread_blocked, id=25900, stack(0x00000067bf200000,0x00000067bf300000)]
  0x0000022705c82800 JavaThread "Cache worker for cache directory md-supplier (C:\Users\jeawo\.gradle\caches\7.3.3\md-supplier)" [_thread_blocked, id=24432, stack(0x00000067bff00000,0x00000067c0000000)]
  0x000002270868a800 JavaThread "Cache worker for cache directory md-rule (C:\Users\jeawo\.gradle\caches\7.3.3\md-rule)" [_thread_blocked, id=18484, stack(0x00000067c0100000,0x00000067c0200000)]
  0x0000022708686800 JavaThread "Cache worker for execution history cache (C:\Users\jeawo\.gradle\caches\7.3.3\executionHistory)" [_thread_blocked, id=20668, stack(0x00000067c0200000,0x00000067c0300000)]
  0x0000022708688800 JavaThread "jar transforms" [_thread_blocked, id=16200, stack(0x00000067c0300000,0x00000067c0400000)]
  0x0000022708688000 JavaThread "Cache worker for file content cache (C:\Users\jeawo\.gradle\caches\7.3.3\fileContent)" [_thread_blocked, id=26536, stack(0x00000067c0400000,0x00000067c0500000)]
  0x0000022708689800 JavaThread "jar transforms Thread 2" [_thread_blocked, id=12916, stack(0x00000067c0500000,0x00000067c0600000)]
  0x0000022708684800 JavaThread "Cache worker for dependencies-accessors (C:\Users\jeawo\USB_JAVA_UI\.gradle\7.3.3\dependencies-accessors)" [_thread_blocked, id=25392, stack(0x00000067c0600000,0x00000067c0700000)]
  0x000002270868b000 JavaThread "jar transforms Thread 3" [_thread_blocked, id=15276, stack(0x00000067c0700000,0x00000067c0800000)]
  0x000002270a359800 JavaThread "Cache worker for Build Output Cleanup Cache (C:\Users\jeawo\USB_JAVA_UI\.gradle\buildOutputCleanup)" [_thread_blocked, id=15736, stack(0x00000067c0800000,0x00000067c0900000)]
  0x000002270a356000 JavaThread "Unconstrained build operations" [_thread_blocked, id=13040, stack(0x00000067c0900000,0x00000067c0a00000)]
  0x000002270a358800 JavaThread "Unconstrained build operations Thread 2" [_thread_blocked, id=24048, stack(0x00000067c0a00000,0x00000067c0b00000)]
  0x000002270a35a000 JavaThread "Unconstrained build operations Thread 3" [_thread_blocked, id=19164, stack(0x00000067c0b00000,0x00000067c0c00000)]
  0x000002270a35b000 JavaThread "Unconstrained build operations Thread 4" [_thread_blocked, id=3456, stack(0x00000067c0c00000,0x00000067c0d00000)]
  0x000002270a355800 JavaThread "Unconstrained build operations Thread 5" [_thread_blocked, id=25616, stack(0x00000067c0d00000,0x00000067c0e00000)]
  0x000002270a35c000 JavaThread "Unconstrained build operations Thread 6" [_thread_blocked, id=27340, stack(0x00000067c0e00000,0x00000067c0f00000)]
  0x000002270a35c800 JavaThread "Unconstrained build operations Thread 7" [_thread_blocked, id=17336, stack(0x00000067c0f00000,0x00000067c1000000)]
  0x000002270a357000 JavaThread "Unconstrained build operations Thread 8" [_thread_blocked, id=20816, stack(0x00000067c1000000,0x00000067c1100000)]
  0x000002270a35d800 JavaThread "Unconstrained build operations Thread 9" [_thread_blocked, id=2388, stack(0x00000067c1100000,0x00000067c1200000)]
  0x000002270a358000 JavaThread "Unconstrained build operations Thread 10" [_thread_blocked, id=5004, stack(0x00000067c1200000,0x00000067c1300000)]
  0x000002270a35e800 JavaThread "Unconstrained build operations Thread 11" [_thread_blocked, id=24492, stack(0x00000067c1300000,0x00000067c1400000)]
  0x000002270a35f000 JavaThread "Unconstrained build operations Thread 12" [_thread_blocked, id=20304, stack(0x00000067c1400000,0x00000067c1500000)]
  0x000002270a360000 JavaThread "Unconstrained build operations Thread 13" [_thread_blocked, id=18972, stack(0x00000067c1500000,0x00000067c1600000)]
  0x000002270a362800 JavaThread "Unconstrained build operations Thread 14" [_thread_blocked, id=21640, stack(0x00000067c1600000,0x00000067c1700000)]
  0x000002270a363000 JavaThread "Unconstrained build operations Thread 15" [_thread_blocked, id=23220, stack(0x00000067c1700000,0x00000067c1800000)]
  0x000002270a360800 JavaThread "Unconstrained build operations Thread 16" [_thread_blocked, id=17844, stack(0x00000067c1800000,0x00000067c1900000)]
  0x000002270a361800 JavaThread "Unconstrained build operations Thread 17" [_thread_blocked, id=15548, stack(0x00000067c1900000,0x00000067c1a00000)]
  0x000002270a364000 JavaThread "Unconstrained build operations Thread 18" [_thread_blocked, id=25608, stack(0x00000067c1a00000,0x00000067c1b00000)]
  0x0000022708787000 JavaThread "Unconstrained build operations Thread 19" [_thread_blocked, id=20608, stack(0x00000067c1b00000,0x00000067c1c00000)]
  0x0000022708788800 JavaThread "Unconstrained build operations Thread 20" [_thread_blocked, id=23696, stack(0x00000067c1c00000,0x00000067c1d00000)]
  0x0000022708787800 JavaThread "Unconstrained build operations Thread 21" [_thread_blocked, id=8148, stack(0x00000067c1d00000,0x00000067c1e00000)]
  0x0000022708785000 JavaThread "Unconstrained build operations Thread 22" [_thread_blocked, id=13240, stack(0x00000067c1e00000,0x00000067c1f00000)]
  0x0000022708784800 JavaThread "Unconstrained build operations Thread 23" [_thread_blocked, id=16924, stack(0x00000067c1f00000,0x00000067c2000000)]
  0x0000022708789800 JavaThread "Unconstrained build operations Thread 24" [_thread_blocked, id=27104, stack(0x00000067c2000000,0x00000067c2100000)]
  0x000002270878b800 JavaThread "Unconstrained build operations Thread 25" [_thread_blocked, id=27352, stack(0x00000067c2100000,0x00000067c2200000)]
  0x000002270878a000 JavaThread "Unconstrained build operations Thread 26" [_thread_blocked, id=26724, stack(0x00000067c2200000,0x00000067c2300000)]
  0x000002270878b000 JavaThread "Unconstrained build operations Thread 27" [_thread_blocked, id=20272, stack(0x00000067c2300000,0x00000067c2400000)]
  0x0000022708786000 JavaThread "Unconstrained build operations Thread 28" [_thread_blocked, id=17404, stack(0x00000067c2400000,0x00000067c2500000)]
  0x0000022708791800 JavaThread "Unconstrained build operations Thread 29" [_thread_blocked, id=1492, stack(0x00000067c2500000,0x00000067c2600000)]
  0x000002270878c800 JavaThread "Unconstrained build operations Thread 30" [_thread_blocked, id=19744, stack(0x00000067c2600000,0x00000067c2700000)]
  0x0000022708790000 JavaThread "Unconstrained build operations Thread 31" [_thread_blocked, id=27440, stack(0x00000067c2700000,0x00000067c2800000)]
  0x000002270878f000 JavaThread "Unconstrained build operations Thread 32" [_thread_blocked, id=6796, stack(0x00000067c2800000,0x00000067c2900000)]
  0x0000022708790800 JavaThread "Unconstrained build operations Thread 33" [_thread_blocked, id=22768, stack(0x00000067c2900000,0x00000067c2a00000)]
  0x000002270878d800 JavaThread "Unconstrained build operations Thread 34" [_thread_blocked, id=23908, stack(0x00000067c2a00000,0x00000067c2b00000)]
  0x000002270878e000 JavaThread "Unconstrained build operations Thread 35" [_thread_blocked, id=26052, stack(0x00000067c2b00000,0x00000067c2c00000)]
  0x0000022708792800 JavaThread "Unconstrained build operations Thread 36" [_thread_blocked, id=18876, stack(0x00000067c2c00000,0x00000067c2d00000)]
  0x0000022708793000 JavaThread "Unconstrained build operations Thread 37" [_thread_blocked, id=18472, stack(0x00000067c2d00000,0x00000067c2e00000)]
  0x000002270abd0800 JavaThread "Unconstrained build operations Thread 38" [_thread_blocked, id=23784, stack(0x00000067c2e00000,0x00000067c2f00000)]
  0x000002270abd2000 JavaThread "Unconstrained build operations Thread 39" [_thread_blocked, id=24272, stack(0x00000067c2f00000,0x00000067c3000000)]
  0x000002270abcd000 JavaThread "Unconstrained build operations Thread 40" [_thread_blocked, id=9332, stack(0x00000067c3000000,0x00000067c3100000)]
  0x000002270abd1000 JavaThread "Unconstrained build operations Thread 41" [_thread_blocked, id=7672, stack(0x00000067c3100000,0x00000067c3200000)]
  0x000002270abcc800 JavaThread "Unconstrained build operations Thread 42" [_thread_blocked, id=24060, stack(0x00000067c3200000,0x00000067c3300000)]
  0x000002270abd3000 JavaThread "Unconstrained build operations Thread 43" [_thread_blocked, id=25936, stack(0x00000067c3300000,0x00000067c3400000)]
  0x000002270abcf800 JavaThread "Unconstrained build operations Thread 44" [_thread_blocked, id=22684, stack(0x00000067c3400000,0x00000067c3500000)]
  0x000002270abd3800 JavaThread "Unconstrained build operations Thread 45" [_thread_blocked, id=26380, stack(0x00000067c3500000,0x00000067c3600000)]
  0x000002270abce000 JavaThread "Unconstrained build operations Thread 46" [_thread_blocked, id=27468, stack(0x00000067c3600000,0x00000067c3700000)]
  0x000002270abd4800 JavaThread "Unconstrained build operations Thread 47" [_thread_blocked, id=16388, stack(0x00000067c3700000,0x00000067c3800000)]
  0x000002270abce800 JavaThread "Unconstrained build operations Thread 48" [_thread_blocked, id=19536, stack(0x00000067c3800000,0x00000067c3900000)]
  0x000002270abdb000 JavaThread "Unconstrained build operations Thread 49" [_thread_blocked, id=4680, stack(0x00000067c3900000,0x00000067c3a00000)]
  0x000002270abd6000 JavaThread "Unconstrained build operations Thread 50" [_thread_blocked, id=22096, stack(0x00000067c3a00000,0x00000067c3b00000)]
  0x000002270abd5800 JavaThread "Unconstrained build operations Thread 51" [_thread_blocked, id=27132, stack(0x00000067c3b00000,0x00000067c3c00000)]
  0x000002270abd8800 JavaThread "Unconstrained build operations Thread 52" [_thread_blocked, id=15096, stack(0x00000067c3c00000,0x00000067c3d00000)]
  0x000002270abd7000 JavaThread "Unconstrained build operations Thread 53" [_thread_blocked, id=13128, stack(0x00000067c3d00000,0x00000067c3e00000)]
  0x000002270abd7800 JavaThread "Unconstrained build operations Thread 54" [_thread_blocked, id=27200, stack(0x00000067c3e00000,0x00000067c3f00000)]
  0x000002270abd9800 JavaThread "Unconstrained build operations Thread 55" [_thread_blocked, id=6408, stack(0x00000067c3f00000,0x00000067c4000000)]
  0x000002270abda000 JavaThread "Unconstrained build operations Thread 56" [_thread_blocked, id=14476, stack(0x00000067c4000000,0x00000067c4100000)]
  0x00000227088d8800 JavaThread "Unconstrained build operations Thread 57" [_thread_blocked, id=17568, stack(0x00000067c4100000,0x00000067c4200000)]
  0x00000227088d6000 JavaThread "Unconstrained build operations Thread 58" [_thread_blocked, id=11736, stack(0x00000067c4200000,0x00000067c4300000)]
  0x00000227088d7000 JavaThread "Unconstrained build operations Thread 59" [_thread_blocked, id=14028, stack(0x00000067c4300000,0x00000067c4400000)]
  0x00000227088d7800 JavaThread "Unconstrained build operations Thread 60" [_thread_blocked, id=25048, stack(0x00000067c4400000,0x00000067c4500000)]
  0x00000227088db000 JavaThread "Unconstrained build operations Thread 61" [_thread_blocked, id=2984, stack(0x00000067c4500000,0x00000067c4600000)]
  0x00000227088d9800 JavaThread "Unconstrained build operations Thread 62" [_thread_blocked, id=16812, stack(0x00000067c4600000,0x00000067c4700000)]
  0x00000227088da000 JavaThread "Unconstrained build operations Thread 63" [_thread_blocked, id=4172, stack(0x00000067c4700000,0x00000067c4800000)]
  0x00000227088d5000 JavaThread "Unconstrained build operations Thread 64" [_thread_blocked, id=4484, stack(0x00000067c4800000,0x00000067c4900000)]
  0x00000227088e1800 JavaThread "Unconstrained build operations Thread 65" [_thread_blocked, id=16236, stack(0x00000067c4900000,0x00000067c4a00000)]
  0x00000227088e0800 JavaThread "Unconstrained build operations Thread 66" [_thread_blocked, id=20712, stack(0x00000067c4a00000,0x00000067c4b00000)]
  0x00000227088dd800 JavaThread "Unconstrained build operations Thread 67" [_thread_blocked, id=8976, stack(0x00000067c4b00000,0x00000067c4c00000)]
  0x00000227088db800 JavaThread "Unconstrained build operations Thread 68" [_thread_blocked, id=20028, stack(0x00000067c4c00000,0x00000067c4d00000)]
  0x00000227088e2800 JavaThread "Unconstrained build operations Thread 69" [_thread_blocked, id=2420, stack(0x00000067c4d00000,0x00000067c4e00000)]
  0x00000227088dc800 JavaThread "Unconstrained build operations Thread 70" [_thread_blocked, id=26880, stack(0x00000067c4e00000,0x00000067c4f00000)]
  0x00000227088df000 JavaThread "Unconstrained build operations Thread 71" [_thread_blocked, id=8368, stack(0x00000067c4f00000,0x00000067c5000000)]
  0x00000227088e4000 JavaThread "Unconstrained build operations Thread 72" [_thread_blocked, id=25848, stack(0x00000067c5000000,0x00000067c5100000)]
  0x00000227088e3000 JavaThread "Unconstrained build operations Thread 73" [_thread_blocked, id=2008, stack(0x00000067c5100000,0x00000067c5200000)]
  0x00000227088de000 JavaThread "Unconstrained build operations Thread 74" [_thread_blocked, id=5736, stack(0x00000067c5200000,0x00000067c5300000)]
  0x00000227088e0000 JavaThread "Unconstrained build operations Thread 75" [_thread_blocked, id=12644, stack(0x00000067c5300000,0x00000067c5400000)]
  0x000002270acc6800 JavaThread "Unconstrained build operations Thread 76" [_thread_blocked, id=27280, stack(0x00000067c5400000,0x00000067c5500000)]
  0x000002270acc4000 JavaThread "Unconstrained build operations Thread 77" [_thread_blocked, id=27624, stack(0x00000067c5500000,0x00000067c5600000)]
  0x000002270acc5800 JavaThread "Unconstrained build operations Thread 78" [_thread_blocked, id=15796, stack(0x00000067c5600000,0x00000067c5700000)]
  0x000002270acc7000 JavaThread "Unconstrained build operations Thread 79" [_thread_blocked, id=25760, stack(0x00000067c5700000,0x00000067c5800000)]
  0x000002270acc8000 JavaThread "Unconstrained build operations Thread 80" [_thread_blocked, id=27052, stack(0x00000067c5800000,0x00000067c5900000)]
  0x000002270acc9000 JavaThread "jar transforms Thread 4" [_thread_blocked, id=18536, stack(0x00000067c5900000,0x00000067c5a00000)]
  0x000002270acc3000 JavaThread "jar transforms Thread 5" [_thread_blocked, id=14688, stack(0x00000067c5a00000,0x00000067c5b00000)]
  0x000002270acc9800 JavaThread "jar transforms Thread 6" [_thread_blocked, id=19320, stack(0x00000067c5b00000,0x00000067c5c00000)]
  0x000002270acca800 JavaThread "jar transforms Thread 7" [_thread_blocked, id=16544, stack(0x00000067c5c00000,0x00000067c5d00000)]
  0x000002270acc5000 JavaThread "jar transforms Thread 8" [_thread_blocked, id=24824, stack(0x00000067c5d00000,0x00000067c5e00000)]
  0x000002270acce000 JavaThread "Memory manager" [_thread_blocked, id=23968, stack(0x00000067c5e00000,0x00000067c5f00000)]
  0x000002270accf800 JavaThread "build event listener" [_thread_blocked, id=25072, stack(0x00000067c5f00000,0x00000067c6000000)]
  0x000002270acd0000 JavaThread "Execution worker for ':'" [_thread_blocked, id=14664, stack(0x00000067c6000000,0x00000067c6100000)]
  0x000002270acd1000 JavaThread "Execution worker for ':' Thread 2" [_thread_blocked, id=17520, stack(0x00000067c6100000,0x00000067c6200000)]
  0x000002270accb800 JavaThread "Execution worker for ':' Thread 3" [_thread_blocked, id=15820, stack(0x00000067c6200000,0x00000067c6300000)]
  0x000002270accd000 JavaThread "Execution worker for ':' Thread 4" [_thread_blocked, id=17516, stack(0x00000067c6300000,0x00000067c6400000)]
  0x000002270acd2000 JavaThread "Execution worker for ':' Thread 5" [_thread_blocked, id=24056, stack(0x00000067c6400000,0x00000067c6500000)]
  0x000002270accc000 JavaThread "Execution worker for ':' Thread 6" [_thread_blocked, id=23900, stack(0x00000067c6500000,0x00000067c6600000)]
  0x00000227064ba800 JavaThread "Execution worker for ':' Thread 7" [_thread_blocked, id=152, stack(0x00000067c6600000,0x00000067c6700000)]
  0x00000227064bb800 JavaThread "Cache worker for execution history cache (C:\Users\jeawo\USB_JAVA_UI\.gradle\7.3.3\executionHistory)" [_thread_blocked, id=22988, stack(0x00000067c6700000,0x00000067c6800000)]
  0x00000227064b5800 JavaThread "WorkerExecutor Queue" [_thread_blocked, id=26072, stack(0x00000067c6800000,0x00000067c6900000)]
  0x00000227064b9000 JavaThread "WorkerExecutor Queue Thread 2" [_thread_blocked, id=27076, stack(0x00000067c6900000,0x00000067c6a00000)]
  0x00000227064ba000 JavaThread "WorkerExecutor Queue Thread 3" [_thread_blocked, id=27156, stack(0x00000067c6a00000,0x00000067c6b00000)]
  0x00000227064bc000 JavaThread "pool-3-thread-1" [_thread_blocked, id=12904, stack(0x00000067c6b00000,0x00000067c6c00000)]
  0x00000227064b6800 JavaThread "stderr" [_thread_in_native, id=22784, stack(0x00000067c6c00000,0x00000067c6d00000)]
  0x00000227064bd000 JavaThread "stdout" [_thread_in_native, id=15888, stack(0x00000067c6d00000,0x00000067c6e00000)]
  0x0000022708206800 JavaThread "C2 CompilerThread1" daemon [_thread_blocked, id=18556, stack(0x00000067c0000000,0x00000067c0100000)]
  0x00000227064b7800 JavaThread "Cache worker for Java compile cache (C:\Users\jeawo\.gradle\caches\7.3.3\javaCompile)" [_thread_blocked, id=12584, stack(0x00000067c6e00000,0x00000067c6f00000)]
  0x00000227064be000 JavaThread "Build operations" [_thread_blocked, id=22920, stack(0x00000067c6f00000,0x00000067c7000000)]
  0x00000227064b8000 JavaThread "Build operations Thread 2" [_thread_blocked, id=27536, stack(0x00000067c7000000,0x00000067c7100000)]
  0x00000227064c0800 JavaThread "Build operations Thread 3" [_thread_blocked, id=26160, stack(0x00000067c7100000,0x00000067c7200000)]
  0x00000227064bf800 JavaThread "Build operations Thread 4" [_thread_blocked, id=23164, stack(0x00000067c7200000,0x00000067c7300000)]
  0x00000227064c2000 JavaThread "Build operations Thread 5" [_thread_blocked, id=22668, stack(0x00000067c7300000,0x00000067c7400000)]
  0x00000227064be800 JavaThread "Build operations Thread 6" [_thread_blocked, id=19068, stack(0x00000067c7400000,0x00000067c7500000)]
  0x00000227064c3800 JavaThread "Build operations Thread 7" [_thread_blocked, id=24856, stack(0x00000067c7500000,0x00000067c7600000)]
  0x00000227064c3000 JavaThread "Build operations Thread 8" [_thread_blocked, id=15596, stack(0x00000067c7600000,0x00000067c7700000)]

Other Threads:
=>0x0000022704d38800 VMThread "VM Thread" [stack: 0x00000067bdb00000,0x00000067bdc00000] [id=23504]
  0x0000022704f2e000 WatcherThread [stack: 0x00000067be500000,0x00000067be600000] [id=1916]
  0x0000022767fe6000 GCTaskThread "GC Thread#0" [stack: 0x00000067bd600000,0x00000067bd700000] [id=27632]
  0x0000022705a80000 GCTaskThread "GC Thread#1" [stack: 0x00000067be800000,0x00000067be900000] [id=13284]
  0x00000227054e0000 GCTaskThread "GC Thread#2" [stack: 0x00000067be900000,0x00000067bea00000] [id=16412]
  0x0000022707170800 GCTaskThread "GC Thread#3" [stack: 0x00000067bf300000,0x00000067bf400000] [id=1584]
  0x0000022705814000 GCTaskThread "GC Thread#4" [stack: 0x00000067bf400000,0x00000067bf500000] [id=21296]
  0x000002270598a800 GCTaskThread "GC Thread#5" [stack: 0x00000067bf500000,0x00000067bf600000] [id=24720]
  0x0000022705dfa000 GCTaskThread "GC Thread#6" [stack: 0x00000067bf600000,0x00000067bf700000] [id=25016]
  0x0000022705763800 GCTaskThread "GC Thread#7" [stack: 0x00000067bf700000,0x00000067bf800000] [id=6528]
  0x0000022768017800 ConcurrentGCThread "G1 Main Marker" [stack: 0x00000067bd700000,0x00000067bd800000] [id=25132]
  0x0000022768019000 ConcurrentGCThread "G1 Conc#0" [stack: 0x00000067bd800000,0x00000067bd900000] [id=11404]
  0x0000022705c9c000 ConcurrentGCThread "G1 Conc#1" [stack: 0x00000067bfb00000,0x00000067bfc00000] [id=26100]
  0x0000022704365800 ConcurrentGCThread "G1 Refine#0" [stack: 0x00000067bd900000,0x00000067bda00000] [id=7664]
  0x000002270d532000 ConcurrentGCThread "G1 Refine#1" [stack: 0x00000067c7700000,0x00000067c7800000] [id=6976]
  0x00000227680ad800 ConcurrentGCThread "G1 Young RemSet Sampling" [stack: 0x00000067bda00000,0x00000067bdb00000] [id=9620]

Threads with active compile tasks:
C2 CompilerThread0  20406 13146   !   4       com.sun.tools.javac.jvm.ClassReader::classSigToType (498 bytes)
C2 CompilerThread1  20406 13290       4       java.util.Arrays::sort (47 bytes)

VM state:at safepoint (normal execution)

VM Mutex/Monitor currently owned by a thread:  ([mutex/lock_event])
[0x0000022767fca8c0] Threads_lock - owner thread: 0x0000022704d38800
[0x0000022767fc9cf0] Heap_lock - owner thread: 0x00000227064bb800

Heap address: 0x0000000080000000, size: 2048 MB, Compressed Oops mode: 32-bit
Narrow klass base: 0x0000000000000000, Narrow klass shift: 3
Compressed class space size: 1073741824 Address: 0x0000000100000000

Heap:
 garbage-first heap   total 615424K, used 209436K [0x0000000080000000, 0x0000000100000000)
  region size 1024K, 1 young (1024K), 1 survivors (1024K)
 Metaspace       used 105961K, capacity 108497K, committed 109228K, reserved 1144832K
  class space    used 13432K, capacity 14354K, committed 14592K, reserved 1048576K
Heap Regions: E=young(eden), S=young(survivor), O=old, HS=humongous(starts), HC=humongous(continues), CS=collection set, F=free, A=archive, TAMS=top-at-mark-start (previous, next)
|   0|0x0000000080000000, 0x0000000080100000, 0x0000000080100000|100%| O|  |TAMS 0x0000000080100000, 0x0000000080000000| Untracked 
|   1|0x0000000080100000, 0x0000000080200000, 0x0000000080200000|100%| O|  |TAMS 0x0000000080200000, 0x0000000080100000| Untracked 
|   2|0x0000000080200000, 0x0000000080300000, 0x0000000080300000|100%| O|  |TAMS 0x0000000080300000, 0x0000000080200000| Untracked 
|   3|0x0000000080300000, 0x0000000080400000, 0x0000000080400000|100%|HS|  |TAMS 0x0000000080400000, 0x0000000080300000| Complete 
|   4|0x0000000080400000, 0x0000000080500000, 0x0000000080500000|100%|HC|  |TAMS 0x0000000080500000, 0x0000000080400000| Complete 
|   5|0x0000000080500000, 0x0000000080600000, 0x0000000080600000|100%|HC|  |TAMS 0x0000000080600000, 0x0000000080500000| Complete 
|   6|0x0000000080600000, 0x0000000080700000, 0x0000000080700000|100%| O|  |TAMS 0x0000000080700000, 0x0000000080600000| Untracked 
|   7|0x0000000080700000, 0x0000000080800000, 0x0000000080800000|100%| O|  |TAMS 0x0000000080800000, 0x0000000080700000| Untracked 
|   8|0x0000000080800000, 0x0000000080900000, 0x0000000080900000|100%| O|  |TAMS 0x0000000080900000, 0x0000000080800000| Untracked 
|   9|0x0000000080900000, 0x0000000080a00000, 0x0000000080a00000|100%| O|  |TAMS 0x0000000080a00000, 0x0000000080900000| Untracked 
|  10|0x0000000080a00000, 0x0000000080b00000, 0x0000000080b00000|100%| O|  |TAMS 0x0000000080b00000, 0x0000000080a00000| Untracked 
|  11|0x0000000080b00000, 0x0000000080c00000, 0x0000000080c00000|100%| O|  |TAMS 0x0000000080c00000, 0x0000000080b00000| Untracked 
|  12|0x0000000080c00000, 0x0000000080d00000, 0x0000000080d00000|100%| O|  |TAMS 0x0000000080d00000, 0x0000000080c00000| Untracked 
|  13|0x0000000080d00000, 0x0000000080e00000, 0x0000000080e00000|100%| O|  |TAMS 0x0000000080e00000, 0x0000000080d00000| Complete 
|  14|0x0000000080e00000, 0x0000000080f00000, 0x0000000080f00000|100%| O|  |TAMS 0x0000000080f00000, 0x0000000080e00000| Untracked 
|  15|0x0000000080f00000, 0x0000000081000000, 0x0000000081000000|100%| O|  |TAMS 0x0000000081000000, 0x0000000080f00000| Untracked 
|  16|0x0000000081000000, 0x0000000081100000, 0x0000000081100000|100%|HS|  |TAMS 0x0000000081100000, 0x0000000081000000| Complete 
|  17|0x0000000081100000, 0x0000000081200000, 0x0000000081200000|100%| O|  |TAMS 0x0000000081200000, 0x0000000081100000| Untracked 
|  18|0x0000000081200000, 0x0000000081300000, 0x0000000081300000|100%| O|  |TAMS 0x0000000081300000, 0x0000000081200000| Untracked 
|  19|0x0000000081300000, 0x0000000081400000, 0x0000000081400000|100%| O|  |TAMS 0x0000000081400000, 0x0000000081300000| Untracked 
|  20|0x0000000081400000, 0x0000000081500000, 0x0000000081500000|100%| O|  |TAMS 0x0000000081500000, 0x0000000081400000| Untracked 
|  21|0x0000000081500000, 0x0000000081600000, 0x0000000081600000|100%| O|  |TAMS 0x0000000081600000, 0x0000000081500000| Untracked 
|  22|0x0000000081600000, 0x0000000081700000, 0x0000000081700000|100%| O|  |TAMS 0x0000000081700000, 0x0000000081600000| Complete 
|  23|0x0000000081700000, 0x0000000081800000, 0x0000000081800000|100%|HS|  |TAMS 0x0000000081800000, 0x0000000081700000| Complete 
|  24|0x0000000081800000, 0x0000000081900000, 0x0000000081900000|100%|HS|  |TAMS 0x0000000081900000, 0x0000000081800000| Complete 
|  25|0x0000000081900000, 0x0000000081a00000, 0x0000000081a00000|100%|HC|  |TAMS 0x0000000081a00000, 0x0000000081900000| Complete 
|  26|0x0000000081a00000, 0x0000000081b00000, 0x0000000081b00000|100%| O|  |TAMS 0x0000000081b00000, 0x0000000081a00000| Untracked 
|  27|0x0000000081b00000, 0x0000000081c00000, 0x0000000081c00000|100%| O|  |TAMS 0x0000000081c00000, 0x0000000081b00000| Untracked 
|  28|0x0000000081c00000, 0x0000000081d00000, 0x0000000081d00000|100%| O|  |TAMS 0x0000000081d00000, 0x0000000081c00000| Untracked 
|  29|0x0000000081d00000, 0x0000000081e00000, 0x0000000081e00000|100%| O|  |TAMS 0x0000000081e00000, 0x0000000081d00000| Untracked 
|  30|0x0000000081e00000, 0x0000000081f00000, 0x0000000081f00000|100%| O|  |TAMS 0x0000000081f00000, 0x0000000081e00000| Complete 
|  31|0x0000000081f00000, 0x0000000082000000, 0x0000000082000000|100%| O|  |TAMS 0x0000000082000000, 0x0000000081f00000| Untracked 
|  32|0x0000000082000000, 0x0000000082100000, 0x0000000082100000|100%| O|  |TAMS 0x0000000082100000, 0x0000000082000000| Untracked 
|  33|0x0000000082100000, 0x0000000082200000, 0x0000000082200000|100%| O|  |TAMS 0x0000000082200000, 0x0000000082100000| Complete 
|  34|0x0000000082200000, 0x0000000082300000, 0x0000000082300000|100%| O|  |TAMS 0x0000000082300000, 0x0000000082200000| Untracked 
|  35|0x0000000082300000, 0x0000000082400000, 0x0000000082400000|100%| O|  |TAMS 0x0000000082400000, 0x0000000082300000| Untracked 
|  36|0x0000000082400000, 0x0000000082500000, 0x0000000082500000|100%| O|  |TAMS 0x0000000082500000, 0x0000000082400000| Untracked 
|  37|0x0000000082500000, 0x0000000082600000, 0x0000000082600000|100%| O|  |TAMS 0x0000000082600000, 0x0000000082500000| Untracked 
|  38|0x0000000082600000, 0x0000000082700000, 0x0000000082700000|100%| O|  |TAMS 0x0000000082700000, 0x0000000082600000| Untracked 
|  39|0x0000000082700000, 0x0000000082800000, 0x0000000082800000|100%| O|  |TAMS 0x0000000082800000, 0x0000000082700000| Untracked 
|  40|0x0000000082800000, 0x0000000082900000, 0x0000000082900000|100%| O|  |TAMS 0x0000000082900000, 0x0000000082800000| Untracked 
|  41|0x0000000082900000, 0x0000000082a00000, 0x0000000082a00000|100%| O|  |TAMS 0x0000000082a00000, 0x0000000082900000| Untracked 
|  42|0x0000000082a00000, 0x0000000082b00000, 0x0000000082b00000|100%| O|  |TAMS 0x0000000082b00000, 0x0000000082a00000| Complete 
|  43|0x0000000082b00000, 0x0000000082c00000, 0x0000000082c00000|100%| O|  |TAMS 0x0000000082c00000, 0x0000000082b00000| Untracked 
|  44|0x0000000082c00000, 0x0000000082d00000, 0x0000000082d00000|100%| O|  |TAMS 0x0000000082d00000, 0x0000000082c00000| Untracked 
|  45|0x0000000082d00000, 0x0000000082e00000, 0x0000000082e00000|100%| O|  |TAMS 0x0000000082e00000, 0x0000000082d00000| Untracked 
|  46|0x0000000082e00000, 0x0000000082f00000, 0x0000000082f00000|100%| O|  |TAMS 0x0000000082f00000, 0x0000000082e00000| Untracked 
|  47|0x0000000082f00000, 0x0000000083000000, 0x0000000083000000|100%| O|  |TAMS 0x0000000083000000, 0x0000000082f00000| Untracked 
|  48|0x0000000083000000, 0x0000000083100000, 0x0000000083100000|100%| O|  |TAMS 0x0000000083100000, 0x0000000083000000| Untracked 
|  49|0x0000000083100000, 0x0000000083200000, 0x0000000083200000|100%| O|  |TAMS 0x0000000083200000, 0x0000000083100000| Untracked 
|  50|0x0000000083200000, 0x0000000083300000, 0x0000000083300000|100%| O|  |TAMS 0x0000000083300000, 0x0000000083200000| Untracked 
|  51|0x0000000083300000, 0x0000000083400000, 0x0000000083400000|100%| O|  |TAMS 0x0000000083400000, 0x0000000083300000| Untracked 
|  52|0x0000000083400000, 0x0000000083500000, 0x0000000083500000|100%| O|  |TAMS 0x0000000083500000, 0x0000000083400000| Untracked 
|  53|0x0000000083500000, 0x0000000083600000, 0x0000000083600000|100%| O|  |TAMS 0x0000000083600000, 0x0000000083500000| Untracked 
|  54|0x0000000083600000, 0x0000000083700000, 0x0000000083700000|100%| O|  |TAMS 0x0000000083700000, 0x0000000083600000| Untracked 
|  55|0x0000000083700000, 0x0000000083800000, 0x0000000083800000|100%| O|  |TAMS 0x0000000083800000, 0x0000000083700000| Untracked 
|  56|0x0000000083800000, 0x0000000083900000, 0x0000000083900000|100%| O|  |TAMS 0x0000000083900000, 0x0000000083800000| Untracked 
|  57|0x0000000083900000, 0x0000000083a00000, 0x0000000083a00000|100%| O|  |TAMS 0x0000000083a00000, 0x0000000083900000| Untracked 
|  58|0x0000000083a00000, 0x0000000083b00000, 0x0000000083b00000|100%| O|  |TAMS 0x0000000083b00000, 0x0000000083a00000| Complete 
|  59|0x0000000083b00000, 0x0000000083c00000, 0x0000000083c00000|100%| O|  |TAMS 0x0000000083c00000, 0x0000000083b00000| Untracked 
|  60|0x0000000083c00000, 0x0000000083d00000, 0x0000000083d00000|100%| O|  |TAMS 0x0000000083d00000, 0x0000000083c00000| Untracked 
|  61|0x0000000083d00000, 0x0000000083e00000, 0x0000000083e00000|100%| O|  |TAMS 0x0000000083e00000, 0x0000000083d00000| Untracked 
|  62|0x0000000083e00000, 0x0000000083f00000, 0x0000000083f00000|100%| O|  |TAMS 0x0000000083f00000, 0x0000000083e00000| Untracked 
|  63|0x0000000083f00000, 0x0000000084000000, 0x0000000084000000|100%| O|  |TAMS 0x0000000084000000, 0x0000000083f00000| Complete 
|  64|0x0000000084000000, 0x0000000084100000, 0x0000000084100000|100%| O|  |TAMS 0x0000000084100000, 0x0000000084000000| Complete 
|  65|0x0000000084100000, 0x0000000084200000, 0x0000000084200000|100%| O|  |TAMS 0x0000000084200000, 0x0000000084100000| Untracked 
|  66|0x0000000084200000, 0x0000000084300000, 0x0000000084300000|100%| O|  |TAMS 0x0000000084300000, 0x0000000084200000| Untracked 
|  67|0x0000000084300000, 0x0000000084400000, 0x0000000084400000|100%| O|  |TAMS 0x0000000084400000, 0x0000000084300000| Untracked 
|  68|0x0000000084400000, 0x0000000084500000, 0x0000000084500000|100%| O|  |TAMS 0x0000000084500000, 0x0000000084400000| Untracked 
|  69|0x0000000084500000, 0x0000000084600000, 0x0000000084600000|100%| O|  |TAMS 0x0000000084600000, 0x0000000084500000| Complete 
|  70|0x0000000084600000, 0x0000000084700000, 0x0000000084700000|100%| O|  |TAMS 0x0000000084700000, 0x0000000084600000| Untracked 
|  71|0x0000000084700000, 0x0000000084800000, 0x0000000084800000|100%| O|  |TAMS 0x0000000084800000, 0x0000000084700000| Untracked 
|  72|0x0000000084800000, 0x0000000084900000, 0x0000000084900000|100%| O|  |TAMS 0x0000000084900000, 0x0000000084800000| Untracked 
|  73|0x0000000084900000, 0x0000000084a00000, 0x0000000084a00000|100%| O|  |TAMS 0x0000000084a00000, 0x0000000084900000| Untracked 
|  74|0x0000000084a00000, 0x0000000084b00000, 0x0000000084b00000|100%| O|  |TAMS 0x0000000084b00000, 0x0000000084a00000| Untracked 
|  75|0x0000000084b00000, 0x0000000084c00000, 0x0000000084c00000|100%| O|  |TAMS 0x0000000084c00000, 0x0000000084b00000| Untracked 
|  76|0x0000000084c00000, 0x0000000084d00000, 0x0000000084d00000|100%| O|  |TAMS 0x0000000084d00000, 0x0000000084c00000| Untracked 
|  77|0x0000000084d00000, 0x0000000084e00000, 0x0000000084e00000|100%| O|  |TAMS 0x0000000084e00000, 0x0000000084d00000| Complete 
|  78|0x0000000084e00000, 0x0000000084f00000, 0x0000000084f00000|100%| O|  |TAMS 0x0000000084f00000, 0x0000000084e00000| Untracked 
|  79|0x0000000084f00000, 0x0000000085000000, 0x0000000085000000|100%|HS|  |TAMS 0x0000000085000000, 0x0000000084f00000| Complete 
|  80|0x0000000085000000, 0x0000000085100000, 0x0000000085100000|100%|HC|  |TAMS 0x0000000085100000, 0x0000000085000000| Complete 
|  81|0x0000000085100000, 0x0000000085200000, 0x0000000085200000|100%| O|  |TAMS 0x0000000085200000, 0x0000000085100000| Untracked 
|  82|0x0000000085200000, 0x0000000085300000, 0x0000000085300000|100%| O|  |TAMS 0x0000000085300000, 0x0000000085200000| Untracked 
|  83|0x0000000085300000, 0x0000000085400000, 0x0000000085400000|100%| O|  |TAMS 0x0000000085400000, 0x0000000085300000| Untracked 
|  84|0x0000000085400000, 0x0000000085500000, 0x0000000085500000|100%| O|  |TAMS 0x0000000085500000, 0x0000000085400000| Untracked 
|  85|0x0000000085500000, 0x0000000085600000, 0x0000000085600000|100%| O|  |TAMS 0x0000000085600000, 0x0000000085500000| Untracked 
|  86|0x0000000085600000, 0x0000000085700000, 0x0000000085700000|100%| O|  |TAMS 0x0000000085700000, 0x0000000085600000| Untracked 
|  87|0x0000000085700000, 0x0000000085800000, 0x0000000085800000|100%| O|  |TAMS 0x0000000085800000, 0x0000000085700000| Complete 
|  88|0x0000000085800000, 0x0000000085800000, 0x0000000085900000|  0%| F|  |TAMS 0x0000000085800000, 0x0000000085800000| Untracked 
|  89|0x0000000085900000, 0x0000000085a00000, 0x0000000085a00000|100%| O|  |TAMS 0x0000000085a00000, 0x0000000085900000| Complete 
|  90|0x0000000085a00000, 0x0000000085a00000, 0x0000000085b00000|  0%| F|  |TAMS 0x0000000085a00000, 0x0000000085a00000| Untracked 
|  91|0x0000000085b00000, 0x0000000085c00000, 0x0000000085c00000|100%| O|  |TAMS 0x0000000085c00000, 0x0000000085b00000| Complete 
|  92|0x0000000085c00000, 0x0000000085c00000, 0x0000000085d00000|  0%| F|  |TAMS 0x0000000085c00000, 0x0000000085c00000| Untracked 
|  93|0x0000000085d00000, 0x0000000085e00000, 0x0000000085e00000|100%| O|  |TAMS 0x0000000085e00000, 0x0000000085d00000| Complete 
|  94|0x0000000085e00000, 0x0000000085e00000, 0x0000000085f00000|  0%| F|  |TAMS 0x0000000085e00000, 0x0000000085e00000| Untracked 
|  95|0x0000000085f00000, 0x0000000085f00000, 0x0000000086000000|  0%| F|  |TAMS 0x0000000085f00000, 0x0000000085f00000| Untracked 
|  96|0x0000000086000000, 0x0000000086000000, 0x0000000086100000|  0%| F|  |TAMS 0x0000000086000000, 0x0000000086000000| Untracked 
|  97|0x0000000086100000, 0x0000000086100000, 0x0000000086200000|  0%| F|  |TAMS 0x0000000086100000, 0x0000000086100000| Untracked 
|  98|0x0000000086200000, 0x0000000086200000, 0x0000000086300000|  0%| F|  |TAMS 0x0000000086200000, 0x0000000086200000| Untracked 
|  99|0x0000000086300000, 0x0000000086300000, 0x0000000086400000|  0%| F|  |TAMS 0x0000000086300000, 0x0000000086300000| Untracked 
| 100|0x0000000086400000, 0x0000000086400000, 0x0000000086500000|  0%| F|  |TAMS 0x0000000086400000, 0x0000000086400000| Untracked 
| 101|0x0000000086500000, 0x0000000086500000, 0x0000000086600000|  0%| F|  |TAMS 0x0000000086500000, 0x0000000086500000| Untracked 
| 102|0x0000000086600000, 0x0000000086600000, 0x0000000086700000|  0%| F|  |TAMS 0x0000000086600000, 0x0000000086600000| Untracked 
| 103|0x0000000086700000, 0x0000000086700000, 0x0000000086800000|  0%| F|  |TAMS 0x0000000086700000, 0x0000000086700000| Untracked 
| 104|0x0000000086800000, 0x0000000086800000, 0x0000000086900000|  0%| F|  |TAMS 0x0000000086800000, 0x0000000086800000| Untracked 
| 105|0x0000000086900000, 0x0000000086a00000, 0x0000000086a00000|100%| O|  |TAMS 0x0000000086a00000, 0x0000000086900000| Complete 
| 106|0x0000000086a00000, 0x0000000086b00000, 0x0000000086b00000|100%| O|  |TAMS 0x0000000086b00000, 0x0000000086a00000| Complete 
| 107|0x0000000086b00000, 0x0000000086c00000, 0x0000000086c00000|100%| O|  |TAMS 0x0000000086c00000, 0x0000000086b00000| Complete 
| 108|0x0000000086c00000, 0x0000000086d00000, 0x0000000086d00000|100%| O|  |TAMS 0x0000000086d00000, 0x0000000086c00000| Complete 
| 109|0x0000000086d00000, 0x0000000086e00000, 0x0000000086e00000|100%| O|  |TAMS 0x0000000086e00000, 0x0000000086d00000| Complete 
| 110|0x0000000086e00000, 0x0000000086f00000, 0x0000000086f00000|100%| O|  |TAMS 0x0000000086f00000, 0x0000000086e00000| Complete 
| 111|0x0000000086f00000, 0x0000000087000000, 0x0000000087000000|100%| O|  |TAMS 0x0000000087000000, 0x0000000086f00000| Complete 
| 112|0x0000000087000000, 0x0000000087100000, 0x0000000087100000|100%| O|  |TAMS 0x0000000087000000, 0x0000000087000000| Untracked 
| 113|0x0000000087100000, 0x0000000087200000, 0x0000000087200000|100%| O|  |TAMS 0x0000000087100000, 0x0000000087100000| Untracked 
| 114|0x0000000087200000, 0x0000000087200000, 0x0000000087300000|  0%| F|  |TAMS 0x0000000087200000, 0x0000000087200000| Untracked 
| 115|0x0000000087300000, 0x0000000087400000, 0x0000000087400000|100%| O|  |TAMS 0x0000000087300000, 0x0000000087300000| Untracked 
| 116|0x0000000087400000, 0x0000000087500000, 0x0000000087500000|100%| O|  |TAMS 0x0000000087400000, 0x0000000087400000| Untracked 
| 117|0x0000000087500000, 0x0000000087600000, 0x0000000087600000|100%| O|  |TAMS 0x0000000087500000, 0x0000000087500000| Untracked 
| 118|0x0000000087600000, 0x0000000087700000, 0x0000000087700000|100%| O|  |TAMS 0x0000000087600000, 0x0000000087600000| Untracked 
| 119|0x0000000087700000, 0x00000000877a9c00, 0x0000000087800000| 66%| O|  |TAMS 0x0000000087700000, 0x0000000087700000| Untracked 
| 120|0x0000000087800000, 0x0000000087800000, 0x0000000087900000|  0%| F|  |TAMS 0x0000000087800000, 0x0000000087800000| Untracked 
| 121|0x0000000087900000, 0x0000000087900000, 0x0000000087a00000|  0%| F|  |TAMS 0x0000000087900000, 0x0000000087900000| Untracked 
| 122|0x0000000087a00000, 0x0000000087a00000, 0x0000000087b00000|  0%| F|  |TAMS 0x0000000087a00000, 0x0000000087a00000| Untracked 
| 123|0x0000000087b00000, 0x0000000087b00000, 0x0000000087c00000|  0%| F|  |TAMS 0x0000000087b00000, 0x0000000087b00000| Untracked 
| 124|0x0000000087c00000, 0x0000000087c00000, 0x0000000087d00000|  0%| F|  |TAMS 0x0000000087c00000, 0x0000000087c00000| Untracked 
| 125|0x0000000087d00000, 0x0000000087d00000, 0x0000000087e00000|  0%| F|  |TAMS 0x0000000087d00000, 0x0000000087d00000| Untracked 
| 126|0x0000000087e00000, 0x0000000087e00000, 0x0000000087f00000|  0%| F|  |TAMS 0x0000000087e00000, 0x0000000087e00000| Untracked 
| 127|0x0000000087f00000, 0x0000000087f00000, 0x0000000088000000|  0%| F|  |TAMS 0x0000000087f00000, 0x0000000087f00000| Untracked 
| 128|0x0000000088000000, 0x0000000088000000, 0x0000000088100000|  0%| F|  |TAMS 0x0000000088000000, 0x0000000088000000| Untracked 
| 129|0x0000000088100000, 0x0000000088100000, 0x0000000088200000|  0%| F|  |TAMS 0x0000000088100000, 0x0000000088100000| Untracked 
| 130|0x0000000088200000, 0x0000000088300000, 0x0000000088300000|100%| O|  |TAMS 0x0000000088300000, 0x0000000088200000| Complete 
| 131|0x0000000088300000, 0x0000000088300000, 0x0000000088400000|  0%| F|  |TAMS 0x0000000088300000, 0x0000000088300000| Untracked 
| 132|0x0000000088400000, 0x0000000088500000, 0x0000000088500000|100%| O|  |TAMS 0x0000000088500000, 0x0000000088400000| Complete 
| 133|0x0000000088500000, 0x0000000088600000, 0x0000000088600000|100%| O|  |TAMS 0x0000000088600000, 0x0000000088500000| Complete 
| 134|0x0000000088600000, 0x0000000088700000, 0x0000000088700000|100%| O|  |TAMS 0x0000000088700000, 0x0000000088600000| Complete 
| 135|0x0000000088700000, 0x0000000088700000, 0x0000000088800000|  0%| F|  |TAMS 0x0000000088700000, 0x0000000088700000| Untracked 
| 136|0x0000000088800000, 0x0000000088800000, 0x0000000088900000|  0%| F|  |TAMS 0x0000000088800000, 0x0000000088800000| Untracked 
| 137|0x0000000088900000, 0x0000000088900000, 0x0000000088a00000|  0%| F|  |TAMS 0x0000000088900000, 0x0000000088900000| Untracked 
| 138|0x0000000088a00000, 0x0000000088a00000, 0x0000000088b00000|  0%| F|  |TAMS 0x0000000088a00000, 0x0000000088a00000| Untracked 
| 139|0x0000000088b00000, 0x0000000088b00000, 0x0000000088c00000|  0%| F|  |TAMS 0x0000000088b00000, 0x0000000088b00000| Untracked 
| 140|0x0000000088c00000, 0x0000000088c00000, 0x0000000088d00000|  0%| F|  |TAMS 0x0000000088c00000, 0x0000000088c00000| Untracked 
| 141|0x0000000088d00000, 0x0000000088d00000, 0x0000000088e00000|  0%| F|  |TAMS 0x0000000088d00000, 0x0000000088d00000| Untracked 
| 142|0x0000000088e00000, 0x0000000088e00000, 0x0000000088f00000|  0%| F|  |TAMS 0x0000000088e00000, 0x0000000088e00000| Untracked 
| 143|0x0000000088f00000, 0x0000000088f00000, 0x0000000089000000|  0%| F|  |TAMS 0x0000000088f00000, 0x0000000088f00000| Untracked 
| 144|0x0000000089000000, 0x0000000089000000, 0x0000000089100000|  0%| F|  |TAMS 0x0000000089000000, 0x0000000089000000| Untracked 
| 145|0x0000000089100000, 0x0000000089100000, 0x0000000089200000|  0%| F|  |TAMS 0x0000000089100000, 0x0000000089100000| Untracked 
| 146|0x0000000089200000, 0x0000000089200000, 0x0000000089300000|  0%| F|  |TAMS 0x0000000089200000, 0x0000000089200000| Untracked 
| 147|0x0000000089300000, 0x0000000089400000, 0x0000000089400000|100%| O|  |TAMS 0x0000000089400000, 0x0000000089300000| Untracked 
| 148|0x0000000089400000, 0x0000000089500000, 0x0000000089500000|100%| O|  |TAMS 0x0000000089500000, 0x0000000089400000| Untracked 
| 149|0x0000000089500000, 0x0000000089600000, 0x0000000089600000|100%| O|  |TAMS 0x0000000089600000, 0x0000000089500000| Untracked 
| 150|0x0000000089600000, 0x0000000089700000, 0x0000000089700000|100%| O|  |TAMS 0x0000000089700000, 0x0000000089600000| Untracked 
| 151|0x0000000089700000, 0x0000000089800000, 0x0000000089800000|100%| O|  |TAMS 0x0000000089800000, 0x0000000089700000| Untracked 
| 152|0x0000000089800000, 0x0000000089900000, 0x0000000089900000|100%| O|  |TAMS 0x0000000089900000, 0x0000000089800000| Untracked 
| 153|0x0000000089900000, 0x0000000089a00000, 0x0000000089a00000|100%| O|  |TAMS 0x0000000089a00000, 0x0000000089900000| Untracked 
| 154|0x0000000089a00000, 0x0000000089b00000, 0x0000000089b00000|100%| O|  |TAMS 0x0000000089b00000, 0x0000000089a00000| Untracked 
| 155|0x0000000089b00000, 0x0000000089c00000, 0x0000000089c00000|100%| O|  |TAMS 0x0000000089c00000, 0x0000000089b00000| Untracked 
| 156|0x0000000089c00000, 0x0000000089d00000, 0x0000000089d00000|100%| O|  |TAMS 0x0000000089d00000, 0x0000000089c00000| Untracked 
| 157|0x0000000089d00000, 0x0000000089e00000, 0x0000000089e00000|100%| O|  |TAMS 0x0000000089e00000, 0x0000000089d00000| Untracked 
| 158|0x0000000089e00000, 0x0000000089f00000, 0x0000000089f00000|100%| O|  |TAMS 0x0000000089f00000, 0x0000000089e00000| Untracked 
| 159|0x0000000089f00000, 0x000000008a000000, 0x000000008a000000|100%| O|  |TAMS 0x000000008a000000, 0x0000000089f00000| Untracked 
| 160|0x000000008a000000, 0x000000008a100000, 0x000000008a100000|100%| O|  |TAMS 0x000000008a100000, 0x000000008a000000| Untracked 
| 161|0x000000008a100000, 0x000000008a200000, 0x000000008a200000|100%| O|  |TAMS 0x000000008a200000, 0x000000008a100000| Complete 
| 162|0x000000008a200000, 0x000000008a300000, 0x000000008a300000|100%| O|  |TAMS 0x000000008a300000, 0x000000008a200000| Complete 
| 163|0x000000008a300000, 0x000000008a400000, 0x000000008a400000|100%| O|  |TAMS 0x000000008a400000, 0x000000008a300000| Complete 
| 164|0x000000008a400000, 0x000000008a500000, 0x000000008a500000|100%| O|  |TAMS 0x000000008a500000, 0x000000008a400000| Untracked 
| 165|0x000000008a500000, 0x000000008a600000, 0x000000008a600000|100%| O|  |TAMS 0x000000008a600000, 0x000000008a500000| Complete 
| 166|0x000000008a600000, 0x000000008a700000, 0x000000008a700000|100%| O|  |TAMS 0x000000008a700000, 0x000000008a600000| Untracked 
| 167|0x000000008a700000, 0x000000008a800000, 0x000000008a800000|100%| O|  |TAMS 0x000000008a800000, 0x000000008a700000| Untracked 
| 168|0x000000008a800000, 0x000000008a900000, 0x000000008a900000|100%| O|  |TAMS 0x000000008a900000, 0x000000008a800000| Untracked 
| 169|0x000000008a900000, 0x000000008aa00000, 0x000000008aa00000|100%| O|  |TAMS 0x000000008aa00000, 0x000000008a900000| Untracked 
| 170|0x000000008aa00000, 0x000000008ab00000, 0x000000008ab00000|100%| O|  |TAMS 0x000000008ab00000, 0x000000008aa00000| Untracked 
| 171|0x000000008ab00000, 0x000000008ac00000, 0x000000008ac00000|100%| O|  |TAMS 0x000000008ac00000, 0x000000008ab00000| Untracked 
| 172|0x000000008ac00000, 0x000000008ad00000, 0x000000008ad00000|100%| O|  |TAMS 0x000000008ad00000, 0x000000008ac00000| Untracked 
| 173|0x000000008ad00000, 0x000000008ae00000, 0x000000008ae00000|100%| O|  |TAMS 0x000000008ae00000, 0x000000008ad00000| Complete 
| 174|0x000000008ae00000, 0x000000008af00000, 0x000000008af00000|100%| O|  |TAMS 0x000000008af00000, 0x000000008ae00000| Complete 
| 175|0x000000008af00000, 0x000000008af00000, 0x000000008b000000|  0%| F|  |TAMS 0x000000008af00000, 0x000000008af00000| Untracked 
| 176|0x000000008b000000, 0x000000008b100000, 0x000000008b100000|100%| O|  |TAMS 0x000000008b100000, 0x000000008b000000| Untracked 
| 177|0x000000008b100000, 0x000000008b200000, 0x000000008b200000|100%| O|  |TAMS 0x000000008b200000, 0x000000008b100000| Untracked 
| 178|0x000000008b200000, 0x000000008b300000, 0x000000008b300000|100%| O|  |TAMS 0x000000008b300000, 0x000000008b200000| Untracked 
| 179|0x000000008b300000, 0x000000008b400000, 0x000000008b400000|100%| O|  |TAMS 0x000000008b400000, 0x000000008b300000| Untracked 
| 180|0x000000008b400000, 0x000000008b500000, 0x000000008b500000|100%| O|  |TAMS 0x000000008b500000, 0x000000008b400000| Untracked 
| 181|0x000000008b500000, 0x000000008b600000, 0x000000008b600000|100%| O|  |TAMS 0x000000008b600000, 0x000000008b500000| Untracked 
| 182|0x000000008b600000, 0x000000008b700000, 0x000000008b700000|100%| O|  |TAMS 0x000000008b700000, 0x000000008b600000| Complete 
| 183|0x000000008b700000, 0x000000008b800000, 0x000000008b800000|100%| O|  |TAMS 0x000000008b800000, 0x000000008b700000| Complete 
| 184|0x000000008b800000, 0x000000008b900000, 0x000000008b900000|100%| O|  |TAMS 0x000000008b900000, 0x000000008b800000| Untracked 
| 185|0x000000008b900000, 0x000000008ba00000, 0x000000008ba00000|100%| O|  |TAMS 0x000000008ba00000, 0x000000008b900000| Untracked 
| 186|0x000000008ba00000, 0x000000008bb00000, 0x000000008bb00000|100%| O|  |TAMS 0x000000008bb00000, 0x000000008ba00000| Untracked 
| 187|0x000000008bb00000, 0x000000008bc00000, 0x000000008bc00000|100%| O|  |TAMS 0x000000008bc00000, 0x000000008bb00000| Untracked 
| 188|0x000000008bc00000, 0x000000008bd00000, 0x000000008bd00000|100%| O|  |TAMS 0x000000008bd00000, 0x000000008bc00000| Untracked 
| 189|0x000000008bd00000, 0x000000008be00000, 0x000000008be00000|100%| O|  |TAMS 0x000000008be00000, 0x000000008bd00000| Complete 
| 190|0x000000008be00000, 0x000000008bf00000, 0x000000008bf00000|100%| O|  |TAMS 0x000000008bf00000, 0x000000008be00000| Complete 
| 191|0x000000008bf00000, 0x000000008c000000, 0x000000008c000000|100%| O|  |TAMS 0x000000008c000000, 0x000000008bf00000| Untracked 
| 192|0x000000008c000000, 0x000000008c100000, 0x000000008c100000|100%| O|  |TAMS 0x000000008c100000, 0x000000008c000000| Untracked 
| 193|0x000000008c100000, 0x000000008c100000, 0x000000008c200000|  0%| F|  |TAMS 0x000000008c100000, 0x000000008c100000| Untracked 
| 194|0x000000008c200000, 0x000000008c300000, 0x000000008c300000|100%| O|  |TAMS 0x000000008c300000, 0x000000008c200000| Untracked 
| 195|0x000000008c300000, 0x000000008c400000, 0x000000008c400000|100%| O|  |TAMS 0x000000008c400000, 0x000000008c300000| Untracked 
| 196|0x000000008c400000, 0x000000008c500000, 0x000000008c500000|100%| O|  |TAMS 0x000000008c500000, 0x000000008c400000| Untracked 
| 197|0x000000008c500000, 0x000000008c600000, 0x000000008c600000|100%| O|  |TAMS 0x000000008c600000, 0x000000008c500000| Untracked 
| 198|0x000000008c600000, 0x000000008c700000, 0x000000008c700000|100%| O|  |TAMS 0x000000008c700000, 0x000000008c600000| Untracked 
| 199|0x000000008c700000, 0x000000008c800000, 0x000000008c800000|100%| O|  |TAMS 0x000000008c800000, 0x000000008c700000| Untracked 
| 200|0x000000008c800000, 0x000000008c900000, 0x000000008c900000|100%| O|  |TAMS 0x000000008c900000, 0x000000008c800000| Untracked 
| 201|0x000000008c900000, 0x000000008ca00000, 0x000000008ca00000|100%| O|  |TAMS 0x000000008ca00000, 0x000000008c900000| Untracked 
| 202|0x000000008ca00000, 0x000000008cb00000, 0x000000008cb00000|100%| O|  |TAMS 0x000000008cb00000, 0x000000008ca00000| Untracked 
| 203|0x000000008cb00000, 0x000000008cc00000, 0x000000008cc00000|100%| O|  |TAMS 0x000000008cc00000, 0x000000008cb00000| Complete 
| 204|0x000000008cc00000, 0x000000008cd00000, 0x000000008cd00000|100%| O|  |TAMS 0x000000008cd00000, 0x000000008cc00000| Untracked 
| 205|0x000000008cd00000, 0x000000008ce00000, 0x000000008ce00000|100%| O|  |TAMS 0x000000008ce00000, 0x000000008cd00000| Untracked 
| 206|0x000000008ce00000, 0x000000008cf00000, 0x000000008cf00000|100%| O|  |TAMS 0x000000008cf00000, 0x000000008ce00000| Untracked 
| 207|0x000000008cf00000, 0x000000008d000000, 0x000000008d000000|100%| O|  |TAMS 0x000000008cf00000, 0x000000008cf00000| Untracked 
| 208|0x000000008d000000, 0x000000008d100000, 0x000000008d100000|100%| O|  |TAMS 0x000000008d000000, 0x000000008d000000| Untracked 
| 209|0x000000008d100000, 0x000000008d200000, 0x000000008d200000|100%| O|  |TAMS 0x000000008d100000, 0x000000008d100000| Untracked 
| 210|0x000000008d200000, 0x000000008d300000, 0x000000008d300000|100%| O|  |TAMS 0x000000008d200000, 0x000000008d200000| Untracked 
| 211|0x000000008d300000, 0x000000008d400000, 0x000000008d400000|100%| O|  |TAMS 0x000000008d300000, 0x000000008d300000| Untracked 
| 212|0x000000008d400000, 0x000000008d500000, 0x000000008d500000|100%| O|  |TAMS 0x000000008d400000, 0x000000008d400000| Untracked 
| 213|0x000000008d500000, 0x000000008d600000, 0x000000008d600000|100%| O|  |TAMS 0x000000008d500000, 0x000000008d500000| Untracked 
| 214|0x000000008d600000, 0x000000008d700000, 0x000000008d700000|100%| O|  |TAMS 0x000000008d600000, 0x000000008d600000| Untracked 
| 215|0x000000008d700000, 0x000000008d800000, 0x000000008d800000|100%| O|  |TAMS 0x000000008d700000, 0x000000008d700000| Untracked 
| 216|0x000000008d800000, 0x000000008d900000, 0x000000008d900000|100%| O|  |TAMS 0x000000008d800000, 0x000000008d800000| Untracked 
| 217|0x000000008d900000, 0x000000008da00000, 0x000000008da00000|100%| O|  |TAMS 0x000000008d900000, 0x000000008d900000| Untracked 
| 218|0x000000008da00000, 0x000000008db00000, 0x000000008db00000|100%| O|  |TAMS 0x000000008da00000, 0x000000008da00000| Untracked 
| 219|0x000000008db00000, 0x000000008dc00000, 0x000000008dc00000|100%| O|  |TAMS 0x000000008db00000, 0x000000008db00000| Untracked 
| 220|0x000000008dc00000, 0x000000008dd00000, 0x000000008dd00000|100%| O|  |TAMS 0x000000008dd00000, 0x000000008dc00000| Untracked 
| 221|0x000000008dd00000, 0x000000008de00000, 0x000000008de00000|100%| O|  |TAMS 0x000000008de00000, 0x000000008dd00000| Untracked 
| 222|0x000000008de00000, 0x000000008df00000, 0x000000008df00000|100%| O|  |TAMS 0x000000008df00000, 0x000000008de00000| Untracked 
| 223|0x000000008df00000, 0x000000008e000000, 0x000000008e000000|100%| O|  |TAMS 0x000000008e000000, 0x000000008df00000| Untracked 
| 224|0x000000008e000000, 0x000000008e100000, 0x000000008e100000|100%| O|  |TAMS 0x000000008e100000, 0x000000008e000000| Untracked 
| 225|0x000000008e100000, 0x000000008e100000, 0x000000008e200000|  0%| F|  |TAMS 0x000000008e100000, 0x000000008e100000| Untracked 
| 226|0x000000008e200000, 0x000000008e300000, 0x000000008e300000|100%| O|  |TAMS 0x000000008e200000, 0x000000008e200000| Untracked 
| 227|0x000000008e300000, 0x000000008e400000, 0x000000008e400000|100%| O|  |TAMS 0x000000008e300000, 0x000000008e300000| Untracked 
| 228|0x000000008e400000, 0x000000008e500000, 0x000000008e500000|100%| O|  |TAMS 0x000000008e400000, 0x000000008e400000| Untracked 
| 229|0x000000008e500000, 0x000000008e600000, 0x000000008e600000|100%| O|  |TAMS 0x000000008e500000, 0x000000008e500000| Untracked 
| 230|0x000000008e600000, 0x000000008e700000, 0x000000008e700000|100%| O|  |TAMS 0x000000008e600000, 0x000000008e600000| Untracked 
| 231|0x000000008e700000, 0x000000008e800000, 0x000000008e800000|100%| O|  |TAMS 0x000000008e700000, 0x000000008e700000| Untracked 
| 232|0x000000008e800000, 0x000000008e900000, 0x000000008e900000|100%| O|  |TAMS 0x000000008e800000, 0x000000008e800000| Untracked 
| 233|0x000000008e900000, 0x000000008ea00000, 0x000000008ea00000|100%| O|  |TAMS 0x000000008e900000, 0x000000008e900000| Untracked 
| 234|0x000000008ea00000, 0x000000008eb00000, 0x000000008eb00000|100%| O|  |TAMS 0x000000008ea00000, 0x000000008ea00000| Untracked 
| 235|0x000000008eb00000, 0x000000008ec00000, 0x000000008ec00000|100%| O|  |TAMS 0x000000008eb00000, 0x000000008eb00000| Untracked 
| 236|0x000000008ec00000, 0x000000008ed00000, 0x000000008ed00000|100%| O|  |TAMS 0x000000008ec00000, 0x000000008ec00000| Untracked 
| 237|0x000000008ed00000, 0x000000008ee00000, 0x000000008ee00000|100%| O|  |TAMS 0x000000008ed00000, 0x000000008ed00000| Untracked 
| 238|0x000000008ee00000, 0x000000008ef00000, 0x000000008ef00000|100%| O|  |TAMS 0x000000008ee00000, 0x000000008ee00000| Untracked 
| 239|0x000000008ef00000, 0x000000008f000000, 0x000000008f000000|100%| O|  |TAMS 0x000000008ef00000, 0x000000008ef00000| Untracked 
| 240|0x000000008f000000, 0x000000008f100000, 0x000000008f100000|100%| O|  |TAMS 0x000000008f000000, 0x000000008f000000| Untracked 
| 241|0x000000008f100000, 0x000000008f200000, 0x000000008f200000|100%| O|  |TAMS 0x000000008f100000, 0x000000008f100000| Untracked 
| 242|0x000000008f200000, 0x000000008f300000, 0x000000008f300000|100%| O|  |TAMS 0x000000008f200000, 0x000000008f200000| Untracked 
| 243|0x000000008f300000, 0x000000008f400000, 0x000000008f400000|100%| O|  |TAMS 0x000000008f300000, 0x000000008f300000| Untracked 
| 244|0x000000008f400000, 0x000000008f500000, 0x000000008f500000|100%| O|  |TAMS 0x000000008f400000, 0x000000008f400000| Untracked 
| 245|0x000000008f500000, 0x000000008f500000, 0x000000008f600000|  0%| F|  |TAMS 0x000000008f500000, 0x000000008f500000| Untracked 
| 246|0x000000008f600000, 0x000000008f600000, 0x000000008f700000|  0%| F|  |TAMS 0x000000008f600000, 0x000000008f600000| Untracked 
| 247|0x000000008f700000, 0x000000008f700000, 0x000000008f800000|  0%| F|  |TAMS 0x000000008f700000, 0x000000008f700000| Untracked 
| 248|0x000000008f800000, 0x000000008f800000, 0x000000008f900000|  0%| F|  |TAMS 0x000000008f800000, 0x000000008f800000| Untracked 
| 249|0x000000008f900000, 0x000000008f900000, 0x000000008fa00000|  0%| F|  |TAMS 0x000000008f900000, 0x000000008f900000| Untracked 
| 250|0x000000008fa00000, 0x000000008fa00000, 0x000000008fb00000|  0%| F|  |TAMS 0x000000008fa00000, 0x000000008fa00000| Untracked 
| 251|0x000000008fb00000, 0x000000008fb00000, 0x000000008fc00000|  0%| F|  |TAMS 0x000000008fb00000, 0x000000008fb00000| Untracked 
| 252|0x000000008fc00000, 0x000000008fc00000, 0x000000008fd00000|  0%| F|  |TAMS 0x000000008fc00000, 0x000000008fc00000| Untracked 
| 253|0x000000008fd00000, 0x000000008fd00000, 0x000000008fe00000|  0%| F|  |TAMS 0x000000008fd00000, 0x000000008fd00000| Untracked 
| 254|0x000000008fe00000, 0x000000008fe00000, 0x000000008ff00000|  0%| F|  |TAMS 0x000000008fe00000, 0x000000008fe00000| Untracked 
| 255|0x000000008ff00000, 0x000000008ff00000, 0x0000000090000000|  0%| F|  |TAMS 0x000000008ff00000, 0x000000008ff00000| Untracked 
| 256|0x0000000090000000, 0x0000000090000000, 0x0000000090100000|  0%| F|  |TAMS 0x0000000090000000, 0x0000000090000000| Untracked 
| 257|0x0000000090100000, 0x0000000090100000, 0x0000000090200000|  0%| F|  |TAMS 0x0000000090100000, 0x0000000090100000| Untracked 
| 258|0x0000000090200000, 0x0000000090200000, 0x0000000090300000|  0%| F|  |TAMS 0x0000000090200000, 0x0000000090200000| Untracked 
| 259|0x0000000090300000, 0x0000000090300000, 0x0000000090400000|  0%| F|  |TAMS 0x0000000090300000, 0x0000000090300000| Untracked 
| 260|0x0000000090400000, 0x0000000090400000, 0x0000000090500000|  0%| F|  |TAMS 0x0000000090400000, 0x0000000090400000| Untracked 
| 261|0x0000000090500000, 0x0000000090500000, 0x0000000090600000|  0%| F|  |TAMS 0x0000000090500000, 0x0000000090500000| Untracked 
| 262|0x0000000090600000, 0x0000000090600000, 0x0000000090700000|  0%| F|  |TAMS 0x0000000090600000, 0x0000000090600000| Untracked 
| 263|0x0000000090700000, 0x0000000090700000, 0x0000000090800000|  0%| F|  |TAMS 0x0000000090700000, 0x0000000090700000| Untracked 
| 264|0x0000000090800000, 0x0000000090800000, 0x0000000090900000|  0%| F|  |TAMS 0x0000000090800000, 0x0000000090800000| Untracked 
| 265|0x0000000090900000, 0x0000000090900000, 0x0000000090a00000|  0%| F|  |TAMS 0x0000000090900000, 0x0000000090900000| Untracked 
| 266|0x0000000090a00000, 0x0000000090a00000, 0x0000000090b00000|  0%| F|  |TAMS 0x0000000090a00000, 0x0000000090a00000| Untracked 
| 267|0x0000000090b00000, 0x0000000090b00000, 0x0000000090c00000|  0%| F|  |TAMS 0x0000000090b00000, 0x0000000090b00000| Untracked 
| 268|0x0000000090c00000, 0x0000000090c00000, 0x0000000090d00000|  0%| F|  |TAMS 0x0000000090c00000, 0x0000000090c00000| Untracked 
| 269|0x0000000090d00000, 0x0000000090d00000, 0x0000000090e00000|  0%| F|  |TAMS 0x0000000090d00000, 0x0000000090d00000| Untracked 
| 270|0x0000000090e00000, 0x0000000090e00000, 0x0000000090f00000|  0%| F|  |TAMS 0x0000000090e00000, 0x0000000090e00000| Untracked 
| 271|0x0000000090f00000, 0x0000000090f00000, 0x0000000091000000|  0%| F|  |TAMS 0x0000000090f00000, 0x0000000090f00000| Untracked 
| 272|0x0000000091000000, 0x0000000091000000, 0x0000000091100000|  0%| F|  |TAMS 0x0000000091000000, 0x0000000091000000| Untracked 
| 273|0x0000000091100000, 0x0000000091100000, 0x0000000091200000|  0%| F|  |TAMS 0x0000000091100000, 0x0000000091100000| Untracked 
| 274|0x0000000091200000, 0x0000000091200000, 0x0000000091300000|  0%| F|  |TAMS 0x0000000091200000, 0x0000000091200000| Untracked 
| 275|0x0000000091300000, 0x0000000091300000, 0x0000000091400000|  0%| F|  |TAMS 0x0000000091300000, 0x0000000091300000| Untracked 
| 276|0x0000000091400000, 0x00000000914dd4d0, 0x0000000091500000| 86%| S|CS|TAMS 0x0000000091400000, 0x0000000091400000| Complete 
| 277|0x0000000091500000, 0x0000000091500000, 0x0000000091600000|  0%| F|  |TAMS 0x0000000091500000, 0x0000000091500000| Untracked 
| 278|0x0000000091600000, 0x0000000091600000, 0x0000000091700000|  0%| F|  |TAMS 0x0000000091600000, 0x0000000091600000| Untracked 
| 279|0x0000000091700000, 0x0000000091700000, 0x0000000091800000|  0%| F|  |TAMS 0x0000000091700000, 0x0000000091700000| Untracked 
| 280|0x0000000091800000, 0x0000000091800000, 0x0000000091900000|  0%| F|  |TAMS 0x0000000091800000, 0x0000000091800000| Untracked 
| 281|0x0000000091900000, 0x0000000091900000, 0x0000000091a00000|  0%| F|  |TAMS 0x0000000091900000, 0x0000000091900000| Untracked 
| 282|0x0000000091a00000, 0x0000000091a00000, 0x0000000091b00000|  0%| F|  |TAMS 0x0000000091a00000, 0x0000000091a00000| Untracked 
| 283|0x0000000091b00000, 0x0000000091b00000, 0x0000000091c00000|  0%| F|  |TAMS 0x0000000091b00000, 0x0000000091b00000| Untracked 
| 284|0x0000000091c00000, 0x0000000091c00000, 0x0000000091d00000|  0%| F|  |TAMS 0x0000000091c00000, 0x0000000091c00000| Untracked 
| 285|0x0000000091d00000, 0x0000000091d00000, 0x0000000091e00000|  0%| F|  |TAMS 0x0000000091d00000, 0x0000000091d00000| Untracked 
| 286|0x0000000091e00000, 0x0000000091e00000, 0x0000000091f00000|  0%| F|  |TAMS 0x0000000091e00000, 0x0000000091e00000| Untracked 
| 287|0x0000000091f00000, 0x0000000091f00000, 0x0000000092000000|  0%| F|  |TAMS 0x0000000091f00000, 0x0000000091f00000| Untracked 
| 288|0x0000000092000000, 0x0000000092000000, 0x0000000092100000|  0%| F|  |TAMS 0x0000000092000000, 0x0000000092000000| Untracked 
| 289|0x0000000092100000, 0x0000000092100000, 0x0000000092200000|  0%| F|  |TAMS 0x0000000092100000, 0x0000000092100000| Untracked 
| 290|0x0000000092200000, 0x0000000092200000, 0x0000000092300000|  0%| F|  |TAMS 0x0000000092200000, 0x0000000092200000| Untracked 

Card table byte_map: [0x000002277d120000,0x000002277d520000] _byte_map_base: 0x000002277cd20000

Marking Bits (Prev, Next): (CMBitMap*) 0x000002276800ee48, (CMBitMap*) 0x000002276800ee80
 Prev Bits: [0x000002277d920000, 0x000002277f920000)
 Next Bits: [0x0000022700000000, 0x0000022702000000)

Polling page: 0x00000227680b0000

Metaspace:

Usage:
  Non-class:     91.94 MB capacity,    90.36 MB ( 98%) used,     1.28 MB (  1%) free+waste,   300.00 KB ( <1%) overhead. 
      Class:     14.02 MB capacity,    13.12 MB ( 94%) used,   788.28 KB (  5%) free+waste,   133.38 KB ( <1%) overhead. 
       Both:    105.95 MB capacity,   103.48 MB ( 98%) used,     2.05 MB (  2%) free+waste,   433.38 KB ( <1%) overhead. 

Virtual space:
  Non-class space:       94.00 MB reserved,      92.42 MB ( 98%) committed 
      Class space:        1.00 GB reserved,      14.25 MB (  1%) committed 
             Both:        1.09 GB reserved,     106.67 MB ( 10%) committed 

Chunk freelists:
   Non-Class:  365.00 KB
       Class:  206.00 KB
        Both:  571.00 KB

MaxMetaspaceSize: 17179869184.00 GB
CompressedClassSpaceSize: 1.00 GB
Initial GC threshold: 20.80 MB
Current GC threshold: 176.11 MB
CDS: off

CodeHeap 'non-profiled nmethods': size=120000Kb used=7780Kb max_used=7780Kb free=112220Kb
 bounds [0x0000022774d90000, 0x0000022775530000, 0x000002277c2c0000]
CodeHeap 'profiled nmethods': size=120000Kb used=29309Kb max_used=29309Kb free=90690Kb
 bounds [0x000002276d860000, 0x000002276f500000, 0x0000022774d90000]
CodeHeap 'non-nmethods': size=5760Kb used=2404Kb max_used=2458Kb free=3356Kb
 bounds [0x000002276d2c0000, 0x000002276d530000, 0x000002276d860000]
 total_blobs=14089 nmethods=13164 adapters=837
 compilation: enabled
              stopped_count=0, restarted_count=0
 full_count=0

Compilation events (20 events):
Event: 20.369 Thread 0x0000022704da4800 13300       3       org.gradle.api.internal.file.collections.DefaultConfigurableFileCollection$UnresolvedItemsCollector::visitContents (54 bytes)
Event: 20.370 Thread 0x0000022704da4800 nmethod 13300 0x000002276f4f8990 code [0x000002276f4f8ba0, 0x000002276f4f90e8]
Event: 20.370 Thread 0x0000022704da4800 13301       3       org.gradle.api.file.RelativePath::equals (54 bytes)
Event: 20.371 Thread 0x0000022704da4800 nmethod 13301 0x000002276f4f9310 code [0x000002276f4f94e0, 0x000002276f4f9888]
Event: 20.371 Thread 0x0000022704da4800 13303       3       org.gradle.api.tasks.util.internal.CachingPatternSpecFactory$CachingSpec$1::call (5 bytes)
Event: 20.371 Thread 0x0000022704da4800 nmethod 13303 0x000002276f4f9990 code [0x000002276f4f9b60, 0x000002276f4f9e88]
Event: 20.371 Thread 0x0000022704da4800 13304       3       org.gradle.api.file.RelativePath::<init> (8 bytes)
Event: 20.371 Thread 0x0000022704da4800 nmethod 13304 0x000002276f4fa010 code [0x000002276f4fa1c0, 0x000002276f4fa308]
Event: 20.371 Thread 0x0000022704da4800 13302       1       org.gradle.internal.snapshot.AbstractFileSystemLocationSnapshot::getAccessType (5 bytes)
Event: 20.371 Thread 0x0000022704da4800 nmethod 13302 0x0000022775528710 code [0x00000227755288c0, 0x0000022775528978]
Event: 20.371 Thread 0x0000022704da4800 13305       3       org.gradle.internal.logging.console.StyledTextOutputBackedRenderer::onOutput (260 bytes)
Event: 20.374 Thread 0x0000022704da4800 nmethod 13305 0x000002276f4fa410 code [0x000002276f4fa940, 0x000002276f4fdb38]
Event: 20.374 Thread 0x0000022704da4800 13306       3       java.util.concurrent.locks.ReentrantLock::newCondition (8 bytes)
Event: 20.375 Thread 0x0000022704da4800 nmethod 13306 0x000002276f4fe990 code [0x000002276f4feb60, 0x000002276f4fee38]
Event: 20.375 Thread 0x0000022704da4800 13307       3       java.util.concurrent.locks.ReentrantLock$Sync::newCondition (9 bytes)
Event: 20.375 Thread 0x0000022704da4800 nmethod 13307 0x000002276f4fef90 code [0x000002276f4ff160, 0x000002276f4ff3d8]
Event: 20.375 Thread 0x0000022704da4800 13308       1       org.gradle.api.internal.tasks.properties.InputFilePropertyType::getValidationAction (5 bytes)
Event: 20.375 Thread 0x0000022704da4800 nmethod 13308 0x0000022775528a10 code [0x0000022775528bc0, 0x0000022775528c78]
Event: 20.375 Thread 0x0000022704da4800 13309       1       org.gradle.api.internal.tasks.properties.DefaultTaskProperties::getOutputFileProperties (5 bytes)
Event: 20.375 Thread 0x0000022704da4800 nmethod 13309 0x0000022775528d10 code [0x0000022775528ec0, 0x0000022775528f78]

GC Heap History (20 events):
Event: 19.601 GC heap after
{Heap after GC invocations=26 (full 0):
 garbage-first heap   total 225280K, used 190182K [0x0000000080000000, 0x0000000100000000)
  region size 1024K, 2 young (2048K), 2 survivors (2048K)
 Metaspace       used 104475K, capacity 106912K, committed 107820K, reserved 1142784K
  class space    used 13267K, capacity 14189K, committed 14464K, reserved 1048576K
}
Event: 19.621 GC heap before
{Heap before GC invocations=26 (full 0):
 garbage-first heap   total 225280K, used 199398K [0x0000000080000000, 0x0000000100000000)
  region size 1024K, 11 young (11264K), 2 survivors (2048K)
 Metaspace       used 104475K, capacity 106912K, committed 107820K, reserved 1142784K
  class space    used 13267K, capacity 14189K, committed 14464K, reserved 1048576K
}
Event: 19.631 GC heap after
{Heap after GC invocations=27 (full 0):
 garbage-first heap   total 225280K, used 197259K [0x0000000080000000, 0x0000000100000000)
  region size 1024K, 2 young (2048K), 2 survivors (2048K)
 Metaspace       used 104475K, capacity 106912K, committed 107820K, reserved 1142784K
  class space    used 13267K, capacity 14189K, committed 14464K, reserved 1048576K
}
Event: 19.701 GC heap before
{Heap before GC invocations=27 (full 0):
 garbage-first heap   total 225280K, used 206475K [0x0000000080000000, 0x0000000100000000)
  region size 1024K, 11 young (11264K), 2 survivors (2048K)
 Metaspace       used 104507K, capacity 106976K, committed 107820K, reserved 1142784K
  class space    used 13267K, capacity 14189K, committed 14464K, reserved 1048576K
}
Event: 19.708 GC heap after
{Heap after GC invocations=28 (full 0):
 garbage-first heap   total 225280K, used 200704K [0x0000000080000000, 0x0000000100000000)
  region size 1024K, 2 young (2048K), 2 survivors (2048K)
 Metaspace       used 104507K, capacity 106976K, committed 107820K, reserved 1142784K
  class space    used 13267K, capacity 14189K, committed 14464K, reserved 1048576K
}
Event: 19.735 GC heap before
{Heap before GC invocations=29 (full 0):
 garbage-first heap   total 225280K, used 209920K [0x0000000080000000, 0x0000000100000000)
  region size 1024K, 11 young (11264K), 2 survivors (2048K)
 Metaspace       used 104508K, capacity 106976K, committed 107820K, reserved 1142784K
  class space    used 13267K, capacity 14189K, committed 14464K, reserved 1048576K
}
Event: 19.743 GC heap after
{Heap after GC invocations=30 (full 0):
 garbage-first heap   total 225280K, used 210198K [0x0000000080000000, 0x0000000100000000)
  region size 1024K, 2 young (2048K), 2 survivors (2048K)
 Metaspace       used 104508K, capacity 106976K, committed 107820K, reserved 1142784K
  class space    used 13267K, capacity 14189K, committed 14464K, reserved 1048576K
}
Event: 19.769 GC heap before
{Heap before GC invocations=30 (full 0):
 garbage-first heap   total 225280K, used 219414K [0x0000000080000000, 0x0000000100000000)
  region size 1024K, 11 young (11264K), 2 survivors (2048K)
 Metaspace       used 104508K, capacity 106976K, committed 107820K, reserved 1142784K
  class space    used 13267K, capacity 14189K, committed 14464K, reserved 1048576K
}
Event: 19.776 GC heap after
{Heap after GC invocations=31 (full 0):
 garbage-first heap   total 231424K, used 220097K [0x0000000080000000, 0x0000000100000000)
  region size 1024K, 2 young (2048K), 2 survivors (2048K)
 Metaspace       used 104508K, capacity 106976K, committed 107820K, reserved 1142784K
  class space    used 13267K, capacity 14189K, committed 14464K, reserved 1048576K
}
Event: 19.805 GC heap before
{Heap before GC invocations=31 (full 0):
 garbage-first heap   total 231424K, used 229313K [0x0000000080000000, 0x0000000100000000)
  region size 1024K, 11 young (11264K), 2 survivors (2048K)
 Metaspace       used 104508K, capacity 106976K, committed 107820K, reserved 1142784K
  class space    used 13267K, capacity 14189K, committed 14464K, reserved 1048576K
}
Event: 19.813 GC heap after
{Heap after GC invocations=32 (full 0):
 garbage-first heap   total 240640K, used 228784K [0x0000000080000000, 0x0000000100000000)
  region size 1024K, 2 young (2048K), 2 survivors (2048K)
 Metaspace       used 104508K, capacity 106976K, committed 107820K, reserved 1142784K
  class space    used 13267K, capacity 14189K, committed 14464K, reserved 1048576K
}
Event: 19.825 GC heap before
{Heap before GC invocations=32 (full 0):
 garbage-first heap   total 240640K, used 238000K [0x0000000080000000, 0x0000000100000000)
  region size 1024K, 11 young (11264K), 2 survivors (2048K)
 Metaspace       used 104508K, capacity 106976K, committed 107820K, reserved 1142784K
  class space    used 13267K, capacity 14189K, committed 14464K, reserved 1048576K
}
Event: 19.834 GC heap after
{Heap after GC invocations=33 (full 0):
 garbage-first heap   total 297984K, used 235915K [0x0000000080000000, 0x0000000100000000)
  region size 1024K, 2 young (2048K), 2 survivors (2048K)
 Metaspace       used 104508K, capacity 106976K, committed 107820K, reserved 1142784K
  class space    used 13267K, capacity 14189K, committed 14464K, reserved 1048576K
}
Event: 19.868 GC heap before
{Heap before GC invocations=33 (full 0):
 garbage-first heap   total 297984K, used 248203K [0x0000000080000000, 0x0000000100000000)
  region size 1024K, 14 young (14336K), 2 survivors (2048K)
 Metaspace       used 104508K, capacity 106976K, committed 107820K, reserved 1142784K
  class space    used 13267K, capacity 14189K, committed 14464K, reserved 1048576K
}
Event: 19.878 GC heap after
{Heap after GC invocations=34 (full 0):
 garbage-first heap   total 297984K, used 247291K [0x0000000080000000, 0x0000000100000000)
  region size 1024K, 2 young (2048K), 2 survivors (2048K)
 Metaspace       used 104508K, capacity 106976K, committed 107820K, reserved 1142784K
  class space    used 13267K, capacity 14189K, committed 14464K, reserved 1048576K
}
Event: 19.948 GC heap before
{Heap before GC invocations=34 (full 0):
 garbage-first heap   total 297984K, used 258555K [0x0000000080000000, 0x0000000100000000)
  region size 1024K, 14 young (14336K), 2 survivors (2048K)
 Metaspace       used 104635K, capacity 107175K, committed 108076K, reserved 1142784K
  class space    used 13276K, capacity 14191K, committed 14464K, reserved 1048576K
}
Event: 19.957 GC heap after
{Heap after GC invocations=35 (full 0):
 garbage-first heap   total 297984K, used 252149K [0x0000000080000000, 0x0000000100000000)
  region size 1024K, 2 young (2048K), 2 survivors (2048K)
 Metaspace       used 104635K, capacity 107175K, committed 108076K, reserved 1142784K
  class space    used 13276K, capacity 14191K, committed 14464K, reserved 1048576K
}
Event: 20.277 GC heap before
{Heap before GC invocations=36 (full 0):
 garbage-first heap   total 297984K, used 244981K [0x0000000080000000, 0x0000000100000000)
  region size 1024K, 14 young (14336K), 2 survivors (2048K)
 Metaspace       used 105898K, capacity 108482K, committed 109228K, reserved 1144832K
  class space    used 13426K, capacity 14350K, committed 14592K, reserved 1048576K
}
Event: 20.283 GC heap after
{Heap after GC invocations=37 (full 0):
 garbage-first heap   total 297984K, used 235940K [0x0000000080000000, 0x0000000100000000)
  region size 1024K, 2 young (2048K), 2 survivors (2048K)
 Metaspace       used 105898K, capacity 108482K, committed 109228K, reserved 1144832K
  class space    used 13426K, capacity 14350K, committed 14592K, reserved 1048576K
}
Event: 20.378 GC heap before
{Heap before GC invocations=37 (full 0):
 garbage-first heap   total 297984K, used 247204K [0x0000000080000000, 0x0000000100000000)
  region size 1024K, 14 young (14336K), 2 survivors (2048K)
 Metaspace       used 105961K, capacity 108497K, committed 109228K, reserved 1144832K
  class space    used 13432K, capacity 14354K, committed 14592K, reserved 1048576K
}

Deoptimization events (20 events):
Event: 20.314 Thread 0x00000227064bb800 Uncommon trap: trap_request=0xffffff7e fr.pc=0x000002277526c940 relative=0x0000000000000180
Event: 20.314 Thread 0x00000227064bb800 Uncommon trap: reason=predicate action=maybe_recompile pc=0x000002277526c940 method=java.util.Collections.indexedBinarySearch(Ljava/util/List;Ljava/lang/Object;)I @ 13 c2
Event: 20.314 Thread 0x00000227064bb800 DEOPT PACKING pc=0x000002277526c940 sp=0x00000067c67fe360
Event: 20.314 Thread 0x00000227064bb800 DEOPT UNPACKING pc=0x000002276d30a1af sp=0x00000067c67fe2f0 mode 2
Event: 20.314 Thread 0x00000227064bb800 Uncommon trap: trap_request=0xffffff4d fr.pc=0x000002277528580c relative=0x000000000000016c
Event: 20.314 Thread 0x00000227064bb800 Uncommon trap: reason=unstable_if action=reinterpret pc=0x000002277528580c method=org.gradle.internal.io.StreamByteBuffer.prepareRead()I @ 30 c2
Event: 20.314 Thread 0x00000227064bb800 DEOPT PACKING pc=0x000002277528580c sp=0x00000067c67fe2b0
Event: 20.314 Thread 0x00000227064bb800 DEOPT UNPACKING pc=0x000002276d30a1af sp=0x00000067c67fe260 mode 2
Event: 20.330 Thread 0x000002270accb800 Uncommon trap: trap_request=0xffffff7e fr.pc=0x00000227753d5b10 relative=0x0000000000002850
Event: 20.330 Thread 0x000002270accb800 Uncommon trap: reason=predicate action=maybe_recompile pc=0x00000227753d5b10 method=java.util.TimSort.reverseRange([Ljava/lang/Object;II)V @ 5 c2
Event: 20.330 Thread 0x000002270accb800 DEOPT PACKING pc=0x00000227753d5b10 sp=0x00000067c62fa6e0
Event: 20.330 Thread 0x000002270accb800 DEOPT UNPACKING pc=0x000002276d30a1af sp=0x00000067c62fa548 mode 2
Event: 20.330 Thread 0x000002270accb800 Uncommon trap: trap_request=0xffffff7e fr.pc=0x00000227753e3700 relative=0x0000000000000540
Event: 20.330 Thread 0x000002270accb800 Uncommon trap: reason=predicate action=maybe_recompile pc=0x00000227753e3700 method=java.util.TimSort.reverseRange([Ljava/lang/Object;II)V @ 5 c2
Event: 20.330 Thread 0x000002270accb800 DEOPT PACKING pc=0x00000227753e3700 sp=0x00000067c62fa370
Event: 20.330 Thread 0x000002270accb800 DEOPT UNPACKING pc=0x000002276d30a1af sp=0x00000067c62fa2a8 mode 2
Event: 20.341 Thread 0x000002270a35c800 DEOPT PACKING pc=0x000002276f17afc4 sp=0x00000067c0ffdb50
Event: 20.341 Thread 0x000002270a35c800 DEOPT UNPACKING pc=0x000002276d30a95e sp=0x00000067c0ffd0f0 mode 0
Event: 20.364 Thread 0x0000022708784800 DEOPT PACKING pc=0x000002276f17afc4 sp=0x00000067c1ffc6e0
Event: 20.364 Thread 0x0000022708784800 DEOPT UNPACKING pc=0x000002276d30a95e sp=0x00000067c1ffbc80 mode 0

Classes redefined (0 events):
No events

Internal exceptions (20 events):
Event: 20.150 Thread 0x000002270accb800 Exception <a 'sun/nio/fs/WindowsException'{0x0000000091b091e0}> (0x0000000091b091e0) thrown at [./src/hotspot/share/prims/jni.cpp, line 615]
Event: 20.158 Thread 0x000002270accb800 Exception <a 'sun/nio/fs/WindowsException'{0x0000000091b2d770}> (0x0000000091b2d770) thrown at [./src/hotspot/share/prims/jni.cpp, line 615]
Event: 20.161 Thread 0x000002270accb800 Exception <a 'sun/nio/fs/WindowsException'{0x0000000091b36068}> (0x0000000091b36068) thrown at [./src/hotspot/share/prims/jni.cpp, line 615]
Event: 20.161 Thread 0x000002270accb800 Exception <a 'sun/nio/fs/WindowsException'{0x0000000091b37268}> (0x0000000091b37268) thrown at [./src/hotspot/share/prims/jni.cpp, line 615]
Event: 20.161 Thread 0x000002270accb800 Exception <a 'sun/nio/fs/WindowsException'{0x0000000091b382c8}> (0x0000000091b382c8) thrown at [./src/hotspot/share/prims/jni.cpp, line 615]
Event: 20.161 Thread 0x000002270accb800 Exception <a 'sun/nio/fs/WindowsException'{0x0000000091b39498}> (0x0000000091b39498) thrown at [./src/hotspot/share/prims/jni.cpp, line 615]
Event: 20.161 Thread 0x000002270accb800 Exception <a 'sun/nio/fs/WindowsException'{0x0000000091b395c8}> (0x0000000091b395c8) thrown at [./src/hotspot/share/prims/jni.cpp, line 615]
Event: 20.161 Thread 0x000002270accb800 Exception <a 'sun/nio/fs/WindowsException'{0x0000000091b3b7a0}> (0x0000000091b3b7a0) thrown at [./src/hotspot/share/prims/jni.cpp, line 615]
Event: 20.165 Thread 0x000002270accb800 Exception <a 'sun/nio/fs/WindowsException'{0x0000000091b4b100}> (0x0000000091b4b100) thrown at [./src/hotspot/share/prims/jni.cpp, line 615]
Event: 20.165 Thread 0x000002270accb800 Exception <a 'sun/nio/fs/WindowsException'{0x0000000091b4c338}> (0x0000000091b4c338) thrown at [./src/hotspot/share/prims/jni.cpp, line 615]
Event: 20.166 Thread 0x000002270accb800 Exception <a 'sun/nio/fs/WindowsException'{0x0000000091b4d398}> (0x0000000091b4d398) thrown at [./src/hotspot/share/prims/jni.cpp, line 615]
Event: 20.166 Thread 0x000002270accb800 Exception <a 'sun/nio/fs/WindowsException'{0x0000000091b4e5a8}> (0x0000000091b4e5a8) thrown at [./src/hotspot/share/prims/jni.cpp, line 615]
Event: 20.166 Thread 0x000002270accb800 Exception <a 'sun/nio/fs/WindowsException'{0x0000000091b4e700}> (0x0000000091b4e700) thrown at [./src/hotspot/share/prims/jni.cpp, line 615]
Event: 20.166 Thread 0x000002270accb800 Exception <a 'sun/nio/fs/WindowsException'{0x0000000091b50918}> (0x0000000091b50918) thrown at [./src/hotspot/share/prims/jni.cpp, line 615]
Event: 20.169 Thread 0x000002270accb800 Exception <a 'sun/nio/fs/WindowsException'{0x0000000091b5a490}> (0x0000000091b5a490) thrown at [./src/hotspot/share/prims/jni.cpp, line 615]
Event: 20.186 Thread 0x000002270accb800 Exception <a 'sun/nio/fs/WindowsException'{0x0000000091a105e8}> (0x0000000091a105e8) thrown at [./src/hotspot/share/prims/jni.cpp, line 615]
Event: 20.189 Thread 0x000002270accb800 Exception <a 'sun/nio/fs/WindowsException'{0x0000000091a16a58}> (0x0000000091a16a58) thrown at [./src/hotspot/share/prims/jni.cpp, line 615]
Event: 20.194 Thread 0x000002270accb800 Exception <a 'sun/nio/fs/WindowsException'{0x0000000091a21000}> (0x0000000091a21000) thrown at [./src/hotspot/share/prims/jni.cpp, line 615]
Event: 20.199 Thread 0x000002270accb800 Exception <a 'sun/nio/fs/WindowsException'{0x0000000091a37ac8}> (0x0000000091a37ac8) thrown at [./src/hotspot/share/prims/jni.cpp, line 615]
Event: 20.315 Thread 0x0000022705c80800 Exception <a 'java/lang/NoSuchMethodError'{0x0000000092055598}: <clinit>> (0x0000000092055598) thrown at [./src/hotspot/share/prims/jni.cpp, line 1365]

Events (20 events):
Event: 20.296 loading class org/gradle/api/internal/tasks/compile/incremental/serialization/HierarchicalNameSerializer done
Event: 20.296 loading class org/gradle/api/internal/tasks/compile/incremental/serialization/HierarchicalNameSerializer
Event: 20.296 loading class org/gradle/api/internal/tasks/compile/incremental/serialization/HierarchicalNameSerializer done
Event: 20.296 loading class org/gradle/api/internal/tasks/compile/incremental/serialization/HierarchicalNameSerializer
Event: 20.296 loading class org/gradle/api/internal/tasks/compile/incremental/serialization/HierarchicalNameSerializer done
Event: 20.296 loading class com/google/common/collect/HashBiMap$Inverse
Event: 20.296 loading class com/google/common/collect/HashBiMap$Inverse done
Event: 20.300 loading class it/unimi/dsi/fastutil/ints/IntOpenHashSet$SetIterator
Event: 20.300 loading class it/unimi/dsi/fastutil/ints/IntOpenHashSet$SetIterator done
Event: 20.305 loading class org/gradle/api/internal/tasks/compile/CompileJavaBuildOperationReportingCompiler$Result
Event: 20.305 loading class org/gradle/api/internal/tasks/compile/CompileJavaBuildOperationReportingCompiler$Result done
Event: 20.313 loading class org/gradle/tooling/events/task/internal/java/DefaultJavaCompileTaskSuccessResult
Event: 20.313 loading class org/gradle/tooling/events/task/internal/java/DefaultJavaCompileTaskSuccessResult done
Event: 20.314 loading class org/gradle/tooling/events/task/java/JavaCompileTaskOperationResult
Event: 20.314 loading class org/gradle/tooling/events/task/java/JavaCompileTaskOperationResult done
Event: 20.329 Executing VM operation: ICBufferFull
Event: 20.329 Executing VM operation: ICBufferFull done
Event: 20.369 Executing VM operation: RevokeBias
Event: 20.370 Executing VM operation: RevokeBias done
Event: 20.377 Executing VM operation: G1CollectForAllocation


Dynamic libraries:
0x00007ff7b47e0000 - 0x00007ff7b47ea000 	C:\Program Files\Android\Android Studio\jre\bin\java.exe
0x00007ffcda0f0000 - 0x00007ffcda2e8000 	C:\Windows\SYSTEM32\ntdll.dll
0x00007ffcd93e0000 - 0x00007ffcd949f000 	C:\Windows\System32\KERNEL32.DLL
0x00007ffcd7a40000 - 0x00007ffcd7d1a000 	C:\Windows\System32\KERNELBASE.dll
0x00007ffcd7940000 - 0x00007ffcd7a40000 	C:\Windows\System32\ucrtbase.dll
0x00007ffcc1330000 - 0x00007ffcc1349000 	C:\Program Files\Android\Android Studio\jre\bin\jli.dll
0x00007ffcc15c0000 - 0x00007ffcc15d7000 	C:\Program Files\Android\Android Studio\jre\bin\VCRUNTIME140.dll
0x00007ffcd8150000 - 0x00007ffcd82ed000 	C:\Windows\System32\USER32.dll
0x00007ffcd7800000 - 0x00007ffcd7822000 	C:\Windows\System32\win32u.dll
0x00007ffcc1c20000 - 0x00007ffcc1eba000 	C:\Windows\WinSxS\amd64_microsoft.windows.common-controls_6595b64144ccf1df_6.0.19041.1110_none_60b5254171f9507e\COMCTL32.dll
0x00007ffcd97a0000 - 0x00007ffcd97cb000 	C:\Windows\System32\GDI32.dll
0x00007ffcd9340000 - 0x00007ffcd93de000 	C:\Windows\System32\msvcrt.dll
0x00007ffcd7830000 - 0x00007ffcd7940000 	C:\Windows\System32\gdi32full.dll
0x00007ffcd8000000 - 0x00007ffcd809d000 	C:\Windows\System32\msvcp_win.dll
0x00007ffcda080000 - 0x00007ffcda0b0000 	C:\Windows\System32\IMM32.DLL
0x00007ffc9f480000 - 0x00007ffc9f51d000 	C:\Program Files\Android\Android Studio\jre\bin\msvcp140.dll
0x00007ffc613f0000 - 0x00007ffc61ed5000 	C:\Program Files\Android\Android Studio\jre\bin\server\jvm.dll
0x00007ffcd9a60000 - 0x00007ffcd9b0e000 	C:\Windows\System32\ADVAPI32.dll
0x00007ffcd97d0000 - 0x00007ffcd986c000 	C:\Windows\System32\sechost.dll
0x00007ffcd9f50000 - 0x00007ffcda076000 	C:\Windows\System32\RPCRT4.dll
0x00007ffcd94a0000 - 0x00007ffcd94a8000 	C:\Windows\System32\PSAPI.DLL
0x00007ffcbf4c0000 - 0x00007ffcbf4e7000 	C:\Windows\SYSTEM32\WINMM.dll
0x00007ffcd01c0000 - 0x00007ffcd01c9000 	C:\Windows\SYSTEM32\WSOCK32.dll
0x00007ffcccb00000 - 0x00007ffcccb0a000 	C:\Windows\SYSTEM32\VERSION.dll
0x00007ffcd8c30000 - 0x00007ffcd8c9b000 	C:\Windows\System32\WS2_32.dll
0x00007ffcd6010000 - 0x00007ffcd6022000 	C:\Windows\SYSTEM32\kernel.appcore.dll
0x00007ffccd550000 - 0x00007ffccd561000 	C:\Program Files\Android\Android Studio\jre\bin\verify.dll
0x00007ffcd2cd0000 - 0x00007ffcd2eb4000 	C:\Windows\SYSTEM32\DBGHELP.DLL
0x00007ffcbd7b0000 - 0x00007ffcbd7e4000 	C:\Windows\SYSTEM32\dbgcore.DLL
0x00007ffcd7ed0000 - 0x00007ffcd7f52000 	C:\Windows\System32\bcryptPrimitives.dll
0x00007ffcc0b90000 - 0x00007ffcc0bb9000 	C:\Program Files\Android\Android Studio\jre\bin\java.dll
0x00007ffcd00f0000 - 0x00007ffcd00fb000 	C:\Program Files\Android\Android Studio\jre\bin\jimage.dll
0x00007ffccd440000 - 0x00007ffccd458000 	C:\Program Files\Android\Android Studio\jre\bin\zip.dll
0x00007ffcd84e0000 - 0x00007ffcd8c24000 	C:\Windows\System32\SHELL32.dll
0x00007ffcd2470000 - 0x00007ffcd2c03000 	C:\Windows\SYSTEM32\windows.storage.dll
0x00007ffcd9bf0000 - 0x00007ffcd9f44000 	C:\Windows\System32\combase.dll
0x00007ffcd7260000 - 0x00007ffcd728e000 	C:\Windows\SYSTEM32\Wldp.dll
0x00007ffcd9950000 - 0x00007ffcd99fd000 	C:\Windows\System32\SHCORE.dll
0x00007ffcd9250000 - 0x00007ffcd92a5000 	C:\Windows\System32\shlwapi.dll
0x00007ffcd7740000 - 0x00007ffcd775f000 	C:\Windows\SYSTEM32\profapi.dll
0x00007ffcd01d0000 - 0x00007ffcd01ea000 	C:\Program Files\Android\Android Studio\jre\bin\net.dll
0x00007ffccf180000 - 0x00007ffccf28a000 	C:\Windows\SYSTEM32\WINHTTP.dll
0x00007ffcd6fc0000 - 0x00007ffcd702a000 	C:\Windows\system32\mswsock.dll
0x00007ffccd0e0000 - 0x00007ffccd0f4000 	C:\Program Files\Android\Android Studio\jre\bin\nio.dll
0x00007ffcc07b0000 - 0x00007ffcc07d7000 	C:\Users\jeawo\.gradle\native\e1d6ef7f7dcc3fd88c89a11ec53ec762bb8ba0a96d01ffa2cd45eb1d1d8dd5c5\windows-amd64\native-platform.dll
0x00007ffc9e980000 - 0x00007ffc9eac4000 	C:\Users\jeawo\.gradle\native\5664cfc778a61ccfe75a443a1ab52a65af34e5dc3c78e0209fed803814484fcb\windows-amd64\native-platform-file-events.dll
0x00007ffccd4b0000 - 0x00007ffccd4ba000 	C:\Program Files\Android\Android Studio\jre\bin\management.dll
0x00007ffccd390000 - 0x00007ffccd39d000 	C:\Program Files\Android\Android Studio\jre\bin\management_ext.dll
0x00007ffcd71b0000 - 0x00007ffcd71c8000 	C:\Windows\SYSTEM32\CRYPTSP.dll
0x00007ffcd6840000 - 0x00007ffcd6874000 	C:\Windows\system32\rsaenh.dll
0x00007ffcd7fd0000 - 0x00007ffcd7ff7000 	C:\Windows\System32\bcrypt.dll
0x00007ffcd7700000 - 0x00007ffcd772e000 	C:\Windows\SYSTEM32\USERENV.dll
0x00007ffcd71d0000 - 0x00007ffcd71dc000 	C:\Windows\SYSTEM32\CRYPTBASE.dll
0x00007ffcd6c60000 - 0x00007ffcd6c9c000 	C:\Windows\SYSTEM32\IPHLPAPI.DLL
0x00007ffcd92b0000 - 0x00007ffcd92b8000 	C:\Windows\System32\NSI.dll
0x00007ffccd280000 - 0x00007ffccd297000 	C:\Windows\SYSTEM32\dhcpcsvc6.DLL
0x00007ffcccb30000 - 0x00007ffcccb4d000 	C:\Windows\SYSTEM32\dhcpcsvc.DLL
0x00007ffcd6cb0000 - 0x00007ffcd6d7b000 	C:\Windows\SYSTEM32\DNSAPI.dll

dbghelp: loaded successfully - version: 4.0.5 - missing functions: none
symbol engine: initialized successfully - sym options: 0x614 - pdb path: .;C:\Program Files\Android\Android Studio\jre\bin;C:\Windows\SYSTEM32;C:\Windows\WinSxS\amd64_microsoft.windows.common-controls_6595b64144ccf1df_6.0.19041.1110_none_60b5254171f9507e;C:\Program Files\Android\Android Studio\jre\bin\server;C:\Users\jeawo\.gradle\native\e1d6ef7f7dcc3fd88c89a11ec53ec762bb8ba0a96d01ffa2cd45eb1d1d8dd5c5\windows-amd64;C:\Users\jeawo\.gradle\native\5664cfc778a61ccfe75a443a1ab52a65af34e5dc3c78e0209fed803814484fcb\windows-amd64

VM Arguments:
jvm_args: --add-opens=java.base/java.util=ALL-UNNAMED --add-opens=java.base/java.lang=ALL-UNNAMED --add-opens=java.base/java.lang.invoke=ALL-UNNAMED --add-opens=java.base/java.util=ALL-UNNAMED --add-opens=java.prefs/java.util.prefs=ALL-UNNAMED --add-opens=java.prefs/java.util.prefs=ALL-UNNAMED --add-opens=java.base/java.nio.charset=ALL-UNNAMED --add-opens=java.base/java.net=ALL-UNNAMED --add-opens=java.base/java.util.concurrent.atomic=ALL-UNNAMED -Xmx2048m -Dfile.encoding=UTF-8 -Duser.country=KR -Duser.language=ko -Duser.variant 
java_command: org.gradle.launcher.daemon.bootstrap.GradleDaemon 7.3.3
java_class_path (initial): C:\Users\jeawo\.gradle\wrapper\dists\gradle-7.3.3-bin\6a41zxkdtcxs8rphpq6y0069z\gradle-7.3.3\lib\gradle-launcher-7.3.3.jar
Launcher Type: SUN_STANDARD

[Global flags]
     intx CICompilerCount                          = 4                                         {product} {ergonomic}
     uint ConcGCThreads                            = 2                                         {product} {ergonomic}
     uint G1ConcRefinementThreads                  = 8                                         {product} {ergonomic}
   size_t G1HeapRegionSize                         = 1048576                                   {product} {ergonomic}
    uintx GCDrainStackTargetSize                   = 64                                        {product} {ergonomic}
   size_t InitialHeapSize                          = 132120576                                 {product} {ergonomic}
   size_t MarkStackSize                            = 4194304                                   {product} {ergonomic}
   size_t MaxHeapSize                              = 2147483648                                {product} {command line}
   size_t MaxNewSize                               = 1287651328                                {product} {ergonomic}
   size_t MinHeapDeltaBytes                        = 1048576                                   {product} {ergonomic}
    uintx NonNMethodCodeHeapSize                   = 5836300                                {pd product} {ergonomic}
    uintx NonProfiledCodeHeapSize                  = 122910970                              {pd product} {ergonomic}
    uintx ProfiledCodeHeapSize                     = 122910970                              {pd product} {ergonomic}
    uintx ReservedCodeCacheSize                    = 251658240                              {pd product} {ergonomic}
     bool SegmentedCodeCache                       = true                                      {product} {ergonomic}
     bool UseCompressedClassPointers               = true                                 {lp64_product} {ergonomic}
     bool UseCompressedOops                        = true                                 {lp64_product} {ergonomic}
     bool UseG1GC                                  = true                                      {product} {ergonomic}
     bool UseLargePagesIndividualAllocation        = false                                  {pd product} {ergonomic}

Logging:
Log output configuration:
 #0: stdout all=warning uptime,level,tags
 #1: stderr all=off uptime,level,tags

Environment Variables:
PATH=C:\Windows\system32;C:\Windows;C:\Windows\System32\Wbem;C:\Windows\System32\WindowsPowerShell\v1.0\;C:\Windows\System32\OpenSSH\;C:\Program Files\Git\cmd;C:\Program Files\dotnet\;C:\Program Files\Docker\Docker\resources\bin;C:\ProgramData\DockerDesktop\version-bin;C:\Users\jeawo\anaconda3;C:\Users\jeawo\anaconda3\Library\mingw-w64\bin;C:\Users\jeawo\anaconda3\Library\usr\bin;C:\Users\jeawo\anaconda3\Library\bin;C:\Users\jeawo\anaconda3\Scripts;C:\Users\jeawo\AppData\Local\Microsoft\WindowsApps;C:\Program Files\JetBrains\IntelliJ IDEA Community Edition 2022.1.1\bin;;C:\Users\jeawo\AppData\Local\Programs\Microsoft VS Code\bin;C:\Users\jeawo\AppData\Local\afreeca
USERNAME=jeawo
OS=Windows_NT
PROCESSOR_IDENTIFIER=Intel64 Family 6 Model 142 Stepping 12, GenuineIntel



---------------  S Y S T E M  ---------------

OS: Windows 10 , 64 bit Build 19041 (10.0.19041.2788)
OS uptime: 5 days 2:13 hours
Hyper-V role detected

CPU:total 8 (initial active 8) (4 cores per cpu, 2 threads per core) family 6 model 142 stepping 12 microcode 0xca, cmov, cx8, fxsr, mmx, sse, sse2, sse3, ssse3, sse4.1, sse4.2, popcnt, avx, avx2, aes, clmul, erms, 3dnowpref, lzcnt, ht, tsc, tscinvbit, bmi1, bmi2, adx, fma

Memory: 4k page, system-wide physical 8001M (353M free)
TotalPageFile size 32577M (AvailPageFile size 207M)
current process WorkingSet (physical memory assigned to process): 525M, peak: 544M
current process commit charge ("private bytes"): 617M, peak: 927M

vm_info: OpenJDK 64-Bit Server VM (11.0.12+7-b1504.28-7817840) for windows-amd64 JRE (11.0.12+7-b1504.28-7817840), built on Oct 13 2021 22:12:33 by "builder" with MS VC++ 14.0 (VS2015)

END.
