#
# There is insufficient memory for the Java Runtime Environment to continue.
# Native memory allocation (malloc) failed to allocate 32744 bytes for ChunkPool::allocate
# Possible reasons:
#   The system is out of physical RAM or swap space
#   The process is running with CompressedOops enabled, and the Java Heap may be blocking the growth of the native heap
# Possible solutions:
#   Reduce memory load on the system
#   Increase physical memory or swap space
#   Check if swap backing store is full
#   Decrease Java heap size (-Xmx/-Xms)
#   Decrease number of Java threads
#   Decrease Java thread stack sizes (-Xss)
#   Set larger code cache with -XX:ReservedCodeCacheSize=
#   JVM is running with Unscaled Compressed Oops mode in which the Java heap is
#     placed in the first 4GB address space. The Java Heap base address is the
#     maximum limit for the native heap growth. Please use -XX:HeapBaseMinAddress
#     to set the Java Heap base and to place the Java Heap above 4GB virtual address.
# This output file may be truncated or incomplete.
#
#  Out of Memory Error (./src/hotspot/share/memory/arena.cpp:81), pid=20860, tid=27328
#
# JRE version: OpenJDK Runtime Environment (11.0.12+7) (build 11.0.12+7-b1504.28-7817840)
# Java VM: OpenJDK 64-Bit Server VM (11.0.12+7-b1504.28-7817840, mixed mode, tiered, compressed oops, g1 gc, windows-amd64)
# No core dump will be written. Minidumps are not enabled by default on client versions of Windows
#

---------------  S U M M A R Y ------------

Command Line: --add-opens=java.base/java.util=ALL-UNNAMED --add-opens=java.base/java.lang=ALL-UNNAMED --add-opens=java.base/java.lang.invoke=ALL-UNNAMED --add-opens=java.base/java.util=ALL-UNNAMED --add-opens=java.prefs/java.util.prefs=ALL-UNNAMED --add-opens=java.prefs/java.util.prefs=ALL-UNNAMED --add-opens=java.base/java.nio.charset=ALL-UNNAMED --add-opens=java.base/java.net=ALL-UNNAMED --add-opens=java.base/java.util.concurrent.atomic=ALL-UNNAMED -Xmx2048m -Dfile.encoding=UTF-8 -Duser.country=KR -Duser.language=ko -Duser.variant org.gradle.launcher.daemon.bootstrap.GradleDaemon 7.3.3

Host: Intel(R) Core(TM) i5-10210U CPU @ 1.60GHz, 8 cores, 7G,  Windows 10 , 64 bit Build 19041 (10.0.19041.2788)
Time: Tue May  9 19:32:07 2023 대한민국 표준시 elapsed time: 10.051043 seconds (0d 0h 0m 10s)

---------------  T H R E A D  ---------------

Current thread (0x000001601d0c7000):  JavaThread "C1 CompilerThread0" daemon [_thread_in_vm, id=27328, stack(0x0000004052400000,0x0000004052500000)]


Current CompileTask:
C1:  10051 6498       3       java.beans.Introspector::isAssignable (27 bytes)

Stack: [0x0000004052400000,0x0000004052500000]
Native frames: (J=compiled Java code, j=interpreted, Vv=VM code, C=native code)
V  [jvm.dll+0x5fbcea]
V  [jvm.dll+0x731905]
V  [jvm.dll+0x732f1d]
V  [jvm.dll+0x7335d3]
V  [jvm.dll+0x247bf8]
V  [jvm.dll+0xc041b]
V  [jvm.dll+0xc06cc]
V  [jvm.dll+0x1b2fce]
V  [jvm.dll+0x1a2cbe]
V  [jvm.dll+0x20df7c]
V  [jvm.dll+0x20c901]
V  [jvm.dll+0x6f9b7f]
V  [jvm.dll+0x6f26a5]
V  [jvm.dll+0x5fabf6]
C  [ucrtbase.dll+0x21bb2]
C  [KERNEL32.DLL+0x17604]
C  [ntdll.dll+0x526a1]


---------------  P R O C E S S  ---------------

Threads class SMR info:
_java_thread_list=0x0000016024d001a0, length=124, elements={
0x000001600244c800, 0x000001601d093000, 0x000001601d096800, 0x000001601d0c0800,
0x000001601d0c1800, 0x000001601d0c2800, 0x000001601d0c6000, 0x000001601d0c7000,
0x000001601d9ac800, 0x000001601db27000, 0x000001601fdb3800, 0x000001601ef05000,
0x000001601e67a800, 0x000001601ff11000, 0x000001601eebc800, 0x000001601e8e0000,
0x0000016020023000, 0x0000016020024000, 0x000001601fbdb000, 0x000001601fedc000,
0x000001601fedb000, 0x000001601fede800, 0x000001601fedd000, 0x00000160203ee800,
0x000001601fedd800, 0x00000160216fc800, 0x000001601fed8800, 0x000001601fedf000,
0x000001601fed9800, 0x000001601feda800, 0x0000016023270800, 0x0000016023271800,
0x0000016023273000, 0x0000016023275800, 0x0000016023274000, 0x0000016023272800,
0x0000016023279000, 0x0000016023277000, 0x0000016023279800, 0x000001602327a800,
0x0000016023274800, 0x000001602327d000, 0x000001602327c000, 0x000001602327e800,
0x000001602327b800, 0x000001602327d800, 0x000001602327f800, 0x0000016023516000,
0x0000016023515000, 0x000001602351a000, 0x000001602351c800, 0x0000016023516800,
0x000001602351b800, 0x000001602351a800, 0x000001602351d000, 0x0000016023517800,
0x0000016023518800, 0x000001602351f000, 0x000001602351e000, 0x0000016023519000,
0x000001602351f800, 0x0000016023520800, 0x0000016023521800, 0x0000016023522000,
0x0000016023523000, 0x0000016023523800, 0x00000160213b9000, 0x00000160213b7000,
0x00000160213ba800, 0x00000160213b4800, 0x00000160213b8000, 0x00000160213b6800,
0x00000160213b9800, 0x00000160213bb000, 0x00000160213b5800, 0x00000160213bf800,
0x00000160213bd000, 0x00000160213c0000, 0x00000160213bd800, 0x00000160213be800,
0x00000160213c1000, 0x00000160213c2000, 0x00000160213bc000, 0x00000160213c2800,
0x00000160213c3800, 0x0000016024a09800, 0x0000016024a0c800, 0x0000016024a0b000,
0x0000016024a0b800, 0x0000016024a0d800, 0x0000016024a0a000, 0x0000016024a0e000,
0x0000016024a08800, 0x0000016024a12000, 0x0000016024a10800, 0x0000016024a14800,
0x0000016024a0f000, 0x0000016024a13000, 0x0000016024a11800, 0x0000016024a10000,
0x0000016024a14000, 0x0000016024a15800, 0x0000016024a16800, 0x0000016024a17000,
0x000001602376b800, 0x000001602376f800, 0x000001602376e800, 0x000001602376d800,
0x0000016023770000, 0x000001602376c000, 0x000001602376a800, 0x0000016023771000,
0x0000016023772000, 0x0000016023772800, 0x000001602376d000, 0x0000016023778800,
0x0000016023779000, 0x0000016023773800, 0x0000016023774800, 0x0000016023777800,
0x0000016023776800, 0x0000016023775000, 0x0000016023776000, 0x000001602544e000
}

Java Threads: ( => current thread )
  0x000001600244c800 JavaThread "main" [_thread_blocked, id=4236, stack(0x0000004051700000,0x0000004051800000)]
  0x000001601d093000 JavaThread "Reference Handler" daemon [_thread_blocked, id=24364, stack(0x0000004051e00000,0x0000004051f00000)]
  0x000001601d096800 JavaThread "Finalizer" daemon [_thread_blocked, id=21616, stack(0x0000004051f00000,0x0000004052000000)]
  0x000001601d0c0800 JavaThread "Signal Dispatcher" daemon [_thread_blocked, id=19752, stack(0x0000004052000000,0x0000004052100000)]
  0x000001601d0c1800 JavaThread "Attach Listener" daemon [_thread_blocked, id=23412, stack(0x0000004052100000,0x0000004052200000)]
  0x000001601d0c2800 JavaThread "Service Thread" daemon [_thread_blocked, id=16216, stack(0x0000004052200000,0x0000004052300000)]
  0x000001601d0c6000 JavaThread "C2 CompilerThread0" daemon [_thread_in_native, id=26204, stack(0x0000004052300000,0x0000004052400000)]
=>0x000001601d0c7000 JavaThread "C1 CompilerThread0" daemon [_thread_in_vm, id=27328, stack(0x0000004052400000,0x0000004052500000)]
  0x000001601d9ac800 JavaThread "Sweeper thread" daemon [_thread_blocked, id=17244, stack(0x0000004052500000,0x0000004052600000)]
  0x000001601db27000 JavaThread "Common-Cleaner" daemon [_thread_blocked, id=9196, stack(0x0000004052600000,0x0000004052700000)]
  0x000001601fdb3800 JavaThread "Daemon health stats" [_thread_blocked, id=24424, stack(0x0000004052c00000,0x0000004052d00000)]
  0x000001601ef05000 JavaThread "Incoming local TCP Connector on port 63593" [_thread_in_native, id=23392, stack(0x0000004052800000,0x0000004052900000)]
  0x000001601e67a800 JavaThread "Daemon periodic checks" [_thread_blocked, id=9348, stack(0x0000004052900000,0x0000004052a00000)]
  0x000001601ff11000 JavaThread "Daemon" [_thread_blocked, id=9640, stack(0x0000004052d00000,0x0000004052e00000)]
  0x000001601eebc800 JavaThread "Handler for socket connection from /127.0.0.1:63593 to /127.0.0.1:63594" [_thread_in_native, id=10360, stack(0x0000004052e00000,0x0000004052f00000)]
  0x000001601e8e0000 JavaThread "Cancel handler" [_thread_blocked, id=24308, stack(0x0000004052f00000,0x0000004053000000)]
  0x0000016020023000 JavaThread "Daemon worker" [_thread_in_Java, id=19612, stack(0x0000004053000000,0x0000004053100000)]
  0x0000016020024000 JavaThread "Asynchronous log dispatcher for DefaultDaemonConnection: socket connection from /127.0.0.1:63593 to /127.0.0.1:63594" [_thread_blocked, id=21272, stack(0x0000004053100000,0x0000004053200000)]
  0x000001601fbdb000 JavaThread "Stdin handler" [_thread_blocked, id=16572, stack(0x0000004053200000,0x0000004053300000)]
  0x000001601fedc000 JavaThread "Daemon client event forwarder" [_thread_blocked, id=19164, stack(0x0000004053300000,0x0000004053400000)]
  0x000001601fedb000 JavaThread "Cache worker for journal cache (C:\Users\jeawo\.gradle\caches\journal-1)" [_thread_blocked, id=26032, stack(0x0000004053900000,0x0000004053a00000)]
  0x000001601fede800 JavaThread "File lock request listener" [_thread_in_native, id=21580, stack(0x0000004053a00000,0x0000004053b00000)]
  0x000001601fedd000 JavaThread "Cache worker for file hash cache (C:\Users\jeawo\.gradle\caches\7.3.3\fileHashes)" [_thread_blocked, id=22204, stack(0x0000004053b00000,0x0000004053c00000)]
  0x00000160203ee800 JavaThread "C2 CompilerThread1" daemon [_thread_in_native, id=25976, stack(0x0000004053d00000,0x0000004053e00000)]
  0x000001601fedd800 JavaThread "Cache worker for file hash cache (C:\Users\jeawo\USB_JAVA_UI\.gradle\7.3.3\fileHashes)" [_thread_blocked, id=22808, stack(0x0000004053e00000,0x0000004053f00000)]
  0x00000160216fc800 JavaThread "C2 CompilerThread2" daemon [_thread_in_native, id=25056, stack(0x0000004053f00000,0x0000004054000000)]
  0x000001601fed8800 JavaThread "File watcher server" daemon [_thread_in_native, id=20244, stack(0x0000004054000000,0x0000004054100000)]
  0x000001601fedf000 JavaThread "File watcher consumer" daemon [_thread_blocked, id=26880, stack(0x0000004054100000,0x0000004054200000)]
  0x000001601fed9800 JavaThread "Cache worker for checksums cache (C:\Users\jeawo\USB_JAVA_UI\.gradle\7.3.3\checksums)" [_thread_blocked, id=15380, stack(0x0000004054200000,0x0000004054300000)]
  0x000001601feda800 JavaThread "Cache worker for cache directory md-supplier (C:\Users\jeawo\.gradle\caches\7.3.3\md-supplier)" [_thread_blocked, id=13080, stack(0x0000004054300000,0x0000004054400000)]
  0x0000016023270800 JavaThread "Cache worker for cache directory md-rule (C:\Users\jeawo\.gradle\caches\7.3.3\md-rule)" [_thread_blocked, id=6584, stack(0x0000004054400000,0x0000004054500000)]
  0x0000016023271800 JavaThread "Cache worker for execution history cache (C:\Users\jeawo\.gradle\caches\7.3.3\executionHistory)" [_thread_blocked, id=18664, stack(0x0000004054500000,0x0000004054600000)]
  0x0000016023273000 JavaThread "jar transforms" [_thread_blocked, id=8096, stack(0x0000004054600000,0x0000004054700000)]
  0x0000016023275800 JavaThread "Cache worker for file content cache (C:\Users\jeawo\.gradle\caches\7.3.3\fileContent)" [_thread_blocked, id=25232, stack(0x0000004054700000,0x0000004054800000)]
  0x0000016023274000 JavaThread "jar transforms Thread 2" [_thread_blocked, id=25860, stack(0x0000004054800000,0x0000004054900000)]
  0x0000016023272800 JavaThread "Cache worker for dependencies-accessors (C:\Users\jeawo\USB_JAVA_UI\.gradle\7.3.3\dependencies-accessors)" [_thread_blocked, id=6084, stack(0x0000004054900000,0x0000004054a00000)]
  0x0000016023279000 JavaThread "jar transforms Thread 3" [_thread_blocked, id=26596, stack(0x0000004054a00000,0x0000004054b00000)]
  0x0000016023277000 JavaThread "Cache worker for Build Output Cleanup Cache (C:\Users\jeawo\USB_JAVA_UI\.gradle\buildOutputCleanup)" [_thread_blocked, id=18704, stack(0x0000004054b00000,0x0000004054c00000)]
  0x0000016023279800 JavaThread "Unconstrained build operations" [_thread_blocked, id=25740, stack(0x0000004054c00000,0x0000004054d00000)]
  0x000001602327a800 JavaThread "Unconstrained build operations Thread 2" [_thread_blocked, id=11940, stack(0x0000004054d00000,0x0000004054e00000)]
  0x0000016023274800 JavaThread "Unconstrained build operations Thread 3" [_thread_blocked, id=24184, stack(0x0000004054e00000,0x0000004054f00000)]
  0x000001602327d000 JavaThread "Unconstrained build operations Thread 4" [_thread_blocked, id=24380, stack(0x0000004054f00000,0x0000004055000000)]
  0x000001602327c000 JavaThread "Unconstrained build operations Thread 5" [_thread_blocked, id=23832, stack(0x0000004055000000,0x0000004055100000)]
  0x000001602327e800 JavaThread "Unconstrained build operations Thread 6" [_thread_blocked, id=17612, stack(0x0000004055100000,0x0000004055200000)]
  0x000001602327b800 JavaThread "Unconstrained build operations Thread 7" [_thread_blocked, id=4660, stack(0x0000004055200000,0x0000004055300000)]
  0x000001602327d800 JavaThread "Unconstrained build operations Thread 8" [_thread_blocked, id=13808, stack(0x0000004055300000,0x0000004055400000)]
  0x000001602327f800 JavaThread "Unconstrained build operations Thread 9" [_thread_blocked, id=19636, stack(0x0000004055400000,0x0000004055500000)]
  0x0000016023516000 JavaThread "Unconstrained build operations Thread 10" [_thread_blocked, id=27324, stack(0x0000004055500000,0x0000004055600000)]
  0x0000016023515000 JavaThread "Unconstrained build operations Thread 11" [_thread_blocked, id=15748, stack(0x0000004055600000,0x0000004055700000)]
  0x000001602351a000 JavaThread "Unconstrained build operations Thread 12" [_thread_blocked, id=20224, stack(0x0000004055700000,0x0000004055800000)]
  0x000001602351c800 JavaThread "Unconstrained build operations Thread 13" [_thread_blocked, id=15316, stack(0x0000004055800000,0x0000004055900000)]
  0x0000016023516800 JavaThread "Unconstrained build operations Thread 14" [_thread_blocked, id=14828, stack(0x0000004055900000,0x0000004055a00000)]
  0x000001602351b800 JavaThread "Unconstrained build operations Thread 15" [_thread_blocked, id=17120, stack(0x0000004055a00000,0x0000004055b00000)]
  0x000001602351a800 JavaThread "Unconstrained build operations Thread 16" [_thread_blocked, id=27252, stack(0x0000004055b00000,0x0000004055c00000)]
  0x000001602351d000 JavaThread "Unconstrained build operations Thread 17" [_thread_blocked, id=26304, stack(0x0000004055c00000,0x0000004055d00000)]
  0x0000016023517800 JavaThread "Unconstrained build operations Thread 18" [_thread_blocked, id=18448, stack(0x0000004055d00000,0x0000004055e00000)]
  0x0000016023518800 JavaThread "Unconstrained build operations Thread 19" [_thread_blocked, id=23932, stack(0x0000004055e00000,0x0000004055f00000)]
  0x000001602351f000 JavaThread "Unconstrained build operations Thread 20" [_thread_blocked, id=23900, stack(0x0000004055f00000,0x0000004056000000)]
  0x000001602351e000 JavaThread "Unconstrained build operations Thread 21" [_thread_blocked, id=17384, stack(0x0000004056000000,0x0000004056100000)]
  0x0000016023519000 JavaThread "Unconstrained build operations Thread 22" [_thread_blocked, id=9632, stack(0x0000004056100000,0x0000004056200000)]
  0x000001602351f800 JavaThread "Unconstrained build operations Thread 23" [_thread_blocked, id=4784, stack(0x0000004056200000,0x0000004056300000)]
  0x0000016023520800 JavaThread "Unconstrained build operations Thread 24" [_thread_blocked, id=26784, stack(0x0000004056300000,0x0000004056400000)]
  0x0000016023521800 JavaThread "Unconstrained build operations Thread 25" [_thread_blocked, id=16604, stack(0x0000004056400000,0x0000004056500000)]
  0x0000016023522000 JavaThread "Unconstrained build operations Thread 26" [_thread_blocked, id=26652, stack(0x0000004056500000,0x0000004056600000)]
  0x0000016023523000 JavaThread "Unconstrained build operations Thread 27" [_thread_blocked, id=12144, stack(0x0000004056600000,0x0000004056700000)]
  0x0000016023523800 JavaThread "Unconstrained build operations Thread 28" [_thread_blocked, id=24532, stack(0x0000004056700000,0x0000004056800000)]
  0x00000160213b9000 JavaThread "Unconstrained build operations Thread 29" [_thread_blocked, id=13820, stack(0x0000004056800000,0x0000004056900000)]
  0x00000160213b7000 JavaThread "Unconstrained build operations Thread 30" [_thread_blocked, id=16972, stack(0x0000004056900000,0x0000004056a00000)]
  0x00000160213ba800 JavaThread "Unconstrained build operations Thread 31" [_thread_blocked, id=2116, stack(0x0000004056a00000,0x0000004056b00000)]
  0x00000160213b4800 JavaThread "Unconstrained build operations Thread 32" [_thread_blocked, id=2212, stack(0x0000004056b00000,0x0000004056c00000)]
  0x00000160213b8000 JavaThread "Unconstrained build operations Thread 33" [_thread_blocked, id=12988, stack(0x0000004056c00000,0x0000004056d00000)]
  0x00000160213b6800 JavaThread "Unconstrained build operations Thread 34" [_thread_blocked, id=11576, stack(0x0000004056d00000,0x0000004056e00000)]
  0x00000160213b9800 JavaThread "Unconstrained build operations Thread 35" [_thread_blocked, id=26476, stack(0x0000004056e00000,0x0000004056f00000)]
  0x00000160213bb000 JavaThread "Unconstrained build operations Thread 36" [_thread_blocked, id=25748, stack(0x0000004056f00000,0x0000004057000000)]
  0x00000160213b5800 JavaThread "Unconstrained build operations Thread 37" [_thread_blocked, id=24584, stack(0x0000004057000000,0x0000004057100000)]
  0x00000160213bf800 JavaThread "Unconstrained build operations Thread 38" [_thread_blocked, id=4944, stack(0x0000004057100000,0x0000004057200000)]
  0x00000160213bd000 JavaThread "Unconstrained build operations Thread 39" [_thread_blocked, id=26524, stack(0x0000004057200000,0x0000004057300000)]
  0x00000160213c0000 JavaThread "Unconstrained build operations Thread 40" [_thread_blocked, id=20968, stack(0x0000004057300000,0x0000004057400000)]
  0x00000160213bd800 JavaThread "Unconstrained build operations Thread 41" [_thread_blocked, id=16516, stack(0x0000004057400000,0x0000004057500000)]
  0x00000160213be800 JavaThread "Unconstrained build operations Thread 42" [_thread_blocked, id=7412, stack(0x0000004057500000,0x0000004057600000)]
  0x00000160213c1000 JavaThread "Unconstrained build operations Thread 43" [_thread_blocked, id=24952, stack(0x0000004057600000,0x0000004057700000)]
  0x00000160213c2000 JavaThread "Unconstrained build operations Thread 44" [_thread_blocked, id=27536, stack(0x0000004057700000,0x0000004057800000)]
  0x00000160213bc000 JavaThread "Unconstrained build operations Thread 45" [_thread_blocked, id=16816, stack(0x0000004057800000,0x0000004057900000)]
  0x00000160213c2800 JavaThread "Unconstrained build operations Thread 46" [_thread_blocked, id=15540, stack(0x0000004057900000,0x0000004057a00000)]
  0x00000160213c3800 JavaThread "Unconstrained build operations Thread 47" [_thread_blocked, id=27304, stack(0x0000004057a00000,0x0000004057b00000)]
  0x0000016024a09800 JavaThread "Unconstrained build operations Thread 48" [_thread_blocked, id=3088, stack(0x0000004057b00000,0x0000004057c00000)]
  0x0000016024a0c800 JavaThread "Unconstrained build operations Thread 49" [_thread_blocked, id=25620, stack(0x0000004057c00000,0x0000004057d00000)]
  0x0000016024a0b000 JavaThread "Unconstrained build operations Thread 50" [_thread_blocked, id=17916, stack(0x0000004057d00000,0x0000004057e00000)]
  0x0000016024a0b800 JavaThread "Unconstrained build operations Thread 51" [_thread_blocked, id=20596, stack(0x0000004057e00000,0x0000004057f00000)]
  0x0000016024a0d800 JavaThread "Unconstrained build operations Thread 52" [_thread_blocked, id=19360, stack(0x0000004057f00000,0x0000004058000000)]
  0x0000016024a0a000 JavaThread "Unconstrained build operations Thread 53" [_thread_blocked, id=26168, stack(0x0000004058000000,0x0000004058100000)]
  0x0000016024a0e000 JavaThread "Unconstrained build operations Thread 54" [_thread_blocked, id=22376, stack(0x0000004058100000,0x0000004058200000)]
  0x0000016024a08800 JavaThread "Unconstrained build operations Thread 55" [_thread_blocked, id=17284, stack(0x0000004058200000,0x0000004058300000)]
  0x0000016024a12000 JavaThread "Unconstrained build operations Thread 56" [_thread_blocked, id=640, stack(0x0000004058300000,0x0000004058400000)]
  0x0000016024a10800 JavaThread "Unconstrained build operations Thread 57" [_thread_blocked, id=26320, stack(0x0000004058400000,0x0000004058500000)]
  0x0000016024a14800 JavaThread "Unconstrained build operations Thread 58" [_thread_blocked, id=19084, stack(0x0000004058500000,0x0000004058600000)]
  0x0000016024a0f000 JavaThread "Unconstrained build operations Thread 59" [_thread_blocked, id=21372, stack(0x0000004058600000,0x0000004058700000)]
  0x0000016024a13000 JavaThread "Unconstrained build operations Thread 60" [_thread_blocked, id=24560, stack(0x0000004058700000,0x0000004058800000)]
  0x0000016024a11800 JavaThread "Unconstrained build operations Thread 61" [_thread_blocked, id=23240, stack(0x0000004058800000,0x0000004058900000)]
  0x0000016024a10000 JavaThread "Unconstrained build operations Thread 62" [_thread_blocked, id=22268, stack(0x0000004058900000,0x0000004058a00000)]
  0x0000016024a14000 JavaThread "Unconstrained build operations Thread 63" [_thread_blocked, id=22508, stack(0x0000004058a00000,0x0000004058b00000)]
  0x0000016024a15800 JavaThread "Unconstrained build operations Thread 64" [_thread_blocked, id=11700, stack(0x0000004058b00000,0x0000004058c00000)]
  0x0000016024a16800 JavaThread "Unconstrained build operations Thread 65" [_thread_blocked, id=26904, stack(0x0000004058c00000,0x0000004058d00000)]
  0x0000016024a17000 JavaThread "Unconstrained build operations Thread 66" [_thread_blocked, id=17684, stack(0x0000004058d00000,0x0000004058e00000)]
  0x000001602376b800 JavaThread "Unconstrained build operations Thread 67" [_thread_blocked, id=22236, stack(0x0000004058e00000,0x0000004058f00000)]
  0x000001602376f800 JavaThread "Unconstrained build operations Thread 68" [_thread_blocked, id=7388, stack(0x0000004058f00000,0x0000004059000000)]
  0x000001602376e800 JavaThread "Unconstrained build operations Thread 69" [_thread_blocked, id=26796, stack(0x0000004059000000,0x0000004059100000)]
  0x000001602376d800 JavaThread "Unconstrained build operations Thread 70" [_thread_blocked, id=3200, stack(0x0000004059100000,0x0000004059200000)]
  0x0000016023770000 JavaThread "Unconstrained build operations Thread 71" [_thread_blocked, id=26176, stack(0x0000004059200000,0x0000004059300000)]
  0x000001602376c000 JavaThread "Unconstrained build operations Thread 72" [_thread_blocked, id=26680, stack(0x0000004059300000,0x0000004059400000)]
  0x000001602376a800 JavaThread "Unconstrained build operations Thread 73" [_thread_blocked, id=20584, stack(0x0000004059400000,0x0000004059500000)]
  0x0000016023771000 JavaThread "Unconstrained build operations Thread 74" [_thread_blocked, id=15240, stack(0x0000004059500000,0x0000004059600000)]
  0x0000016023772000 JavaThread "Unconstrained build operations Thread 75" [_thread_blocked, id=12668, stack(0x0000004059600000,0x0000004059700000)]
  0x0000016023772800 JavaThread "Unconstrained build operations Thread 76" [_thread_blocked, id=23024, stack(0x0000004059700000,0x0000004059800000)]
  0x000001602376d000 JavaThread "Unconstrained build operations Thread 77" [_thread_blocked, id=26412, stack(0x0000004059800000,0x0000004059900000)]
  0x0000016023778800 JavaThread "Unconstrained build operations Thread 78" [_thread_blocked, id=7408, stack(0x0000004059900000,0x0000004059a00000)]
  0x0000016023779000 JavaThread "Unconstrained build operations Thread 79" [_thread_blocked, id=16432, stack(0x0000004059a00000,0x0000004059b00000)]
  0x0000016023773800 JavaThread "Unconstrained build operations Thread 80" [_thread_blocked, id=22912, stack(0x0000004059b00000,0x0000004059c00000)]
  0x0000016023774800 JavaThread "jar transforms Thread 4" [_thread_blocked, id=27264, stack(0x0000004059c00000,0x0000004059d00000)]
  0x0000016023777800 JavaThread "jar transforms Thread 5" [_thread_blocked, id=20956, stack(0x0000004059d00000,0x0000004059e00000)]
  0x0000016023776800 JavaThread "jar transforms Thread 6" [_thread_blocked, id=14688, stack(0x0000004059e00000,0x0000004059f00000)]
  0x0000016023775000 JavaThread "jar transforms Thread 7" [_thread_blocked, id=9892, stack(0x0000004059f00000,0x000000405a000000)]
  0x0000016023776000 JavaThread "jar transforms Thread 8" [_thread_blocked, id=9340, stack(0x000000405a000000,0x000000405a100000)]
  0x000001602544e000 JavaThread "Memory manager" [_thread_blocked, id=21520, stack(0x000000405a100000,0x000000405a200000)]

Other Threads:
  0x000001601d08e800 VMThread "VM Thread" [stack: 0x0000004051d00000,0x0000004051e00000] [id=9836]
  0x000001601db40800 WatcherThread [stack: 0x0000004052700000,0x0000004052800000] [id=17600]
  0x0000016002465000 GCTaskThread "GC Thread#0" [stack: 0x0000004051800000,0x0000004051900000] [id=21196]
  0x000001601e972800 GCTaskThread "GC Thread#1" [stack: 0x0000004052a00000,0x0000004052b00000] [id=6064]
  0x000001601eadc800 GCTaskThread "GC Thread#2" [stack: 0x0000004052b00000,0x0000004052c00000] [id=20568]
  0x000001601f07e800 GCTaskThread "GC Thread#3" [stack: 0x0000004053400000,0x0000004053500000] [id=1860]
  0x000001601fb80000 GCTaskThread "GC Thread#4" [stack: 0x0000004053500000,0x0000004053600000] [id=3980]
  0x000001601fb00000 GCTaskThread "GC Thread#5" [stack: 0x0000004053600000,0x0000004053700000] [id=21540]
  0x000001601fb3d800 GCTaskThread "GC Thread#6" [stack: 0x0000004053700000,0x0000004053800000] [id=21584]
  0x000001601fbdc000 GCTaskThread "GC Thread#7" [stack: 0x0000004053800000,0x0000004053900000] [id=20084]
  0x0000016002497800 ConcurrentGCThread "G1 Main Marker" [stack: 0x0000004051900000,0x0000004051a00000] [id=17816]
  0x0000016002498800 ConcurrentGCThread "G1 Conc#0" [stack: 0x0000004051a00000,0x0000004051b00000] [id=20696]
  0x000001602062b000 ConcurrentGCThread "G1 Conc#1" [stack: 0x0000004053c00000,0x0000004053d00000] [id=26720]
  0x000001601cee0800 ConcurrentGCThread "G1 Refine#0" [stack: 0x0000004051b00000,0x0000004051c00000] [id=15176]
  0x000001601cee1800 ConcurrentGCThread "G1 Young RemSet Sampling" [stack: 0x0000004051c00000,0x0000004051d00000] [id=15760]

Threads with active compile tasks:
C2 CompilerThread0  10074 6254       4       java.lang.Class::getAnnotation (22 bytes)
C1 CompilerThread0  10074 6498       3       java.beans.Introspector::isAssignable (27 bytes)
C2 CompilerThread1  10074 6269       4       sun.reflect.generics.parser.SignatureParser::parsePackageNameAndSimpleClassTypeSignature (119 bytes)
C2 CompilerThread2  10074 6294       4       java.lang.Class::annotationData (44 bytes)

VM state:not at safepoint (normal execution)

VM Mutex/Monitor currently owned by a thread: None

Heap address: 0x0000000080000000, size: 2048 MB, Compressed Oops mode: 32-bit
Narrow klass base: 0x0000000000000000, Narrow klass shift: 3
Compressed class space size: 1073741824 Address: 0x0000000100000000

Heap:
 garbage-first heap   total 187392K, used 58456K [0x0000000080000000, 0x0000000100000000)
  region size 1024K, 15 young (15360K), 8 survivors (8192K)
 Metaspace       used 65336K, capacity 66902K, committed 67184K, reserved 1107968K
  class space    used 8354K, capacity 8957K, committed 9036K, reserved 1048576K
Heap Regions: E=young(eden), S=young(survivor), O=old, HS=humongous(starts), HC=humongous(continues), CS=collection set, F=free, A=archive, TAMS=top-at-mark-start (previous, next)
|   0|0x0000000080000000, 0x0000000080100000, 0x0000000080100000|100%| O|  |TAMS 0x0000000080100000, 0x0000000080000000| Untracked 
|   1|0x0000000080100000, 0x0000000080200000, 0x0000000080200000|100%| O|  |TAMS 0x0000000080200000, 0x0000000080100000| Untracked 
|   2|0x0000000080200000, 0x0000000080300000, 0x0000000080300000|100%| O|  |TAMS 0x0000000080300000, 0x0000000080200000| Untracked 
|   3|0x0000000080300000, 0x0000000080400000, 0x0000000080400000|100%|HS|  |TAMS 0x0000000080400000, 0x0000000080300000| Complete 
|   4|0x0000000080400000, 0x0000000080500000, 0x0000000080500000|100%|HC|  |TAMS 0x0000000080500000, 0x0000000080400000| Complete 
|   5|0x0000000080500000, 0x0000000080600000, 0x0000000080600000|100%|HC|  |TAMS 0x0000000080600000, 0x0000000080500000| Complete 
|   6|0x0000000080600000, 0x0000000080700000, 0x0000000080700000|100%| O|  |TAMS 0x0000000080700000, 0x0000000080600000| Untracked 
|   7|0x0000000080700000, 0x0000000080800000, 0x0000000080800000|100%| O|  |TAMS 0x0000000080800000, 0x0000000080700000| Untracked 
|   8|0x0000000080800000, 0x0000000080900000, 0x0000000080900000|100%| O|  |TAMS 0x0000000080900000, 0x0000000080800000| Untracked 
|   9|0x0000000080900000, 0x0000000080a00000, 0x0000000080a00000|100%| O|  |TAMS 0x0000000080a00000, 0x0000000080900000| Untracked 
|  10|0x0000000080a00000, 0x0000000080b00000, 0x0000000080b00000|100%| O|  |TAMS 0x0000000080b00000, 0x0000000080a00000| Untracked 
|  11|0x0000000080b00000, 0x0000000080c00000, 0x0000000080c00000|100%| O|  |TAMS 0x0000000080c00000, 0x0000000080b00000| Untracked 
|  12|0x0000000080c00000, 0x0000000080d00000, 0x0000000080d00000|100%| O|  |TAMS 0x0000000080d00000, 0x0000000080c00000| Untracked 
|  13|0x0000000080d00000, 0x0000000080e00000, 0x0000000080e00000|100%| O|  |TAMS 0x0000000080e00000, 0x0000000080d00000| Untracked 
|  14|0x0000000080e00000, 0x0000000080f00000, 0x0000000080f00000|100%| O|  |TAMS 0x0000000080f00000, 0x0000000080e00000| Untracked 
|  15|0x0000000080f00000, 0x0000000081000000, 0x0000000081000000|100%| O|  |TAMS 0x0000000081000000, 0x0000000080f00000| Untracked 
|  16|0x0000000081000000, 0x0000000081100000, 0x0000000081100000|100%|HS|  |TAMS 0x0000000081100000, 0x0000000081000000| Complete 
|  17|0x0000000081100000, 0x0000000081200000, 0x0000000081200000|100%| O|  |TAMS 0x0000000081200000, 0x0000000081100000| Untracked 
|  18|0x0000000081200000, 0x0000000081300000, 0x0000000081300000|100%| O|  |TAMS 0x0000000081300000, 0x0000000081200000| Untracked 
|  19|0x0000000081300000, 0x0000000081400000, 0x0000000081400000|100%| O|  |TAMS 0x0000000081400000, 0x0000000081300000| Untracked 
|  20|0x0000000081400000, 0x0000000081500000, 0x0000000081500000|100%| O|  |TAMS 0x0000000081500000, 0x0000000081400000| Untracked 
|  21|0x0000000081500000, 0x0000000081600000, 0x0000000081600000|100%| O|  |TAMS 0x0000000081600000, 0x0000000081500000| Untracked 
|  22|0x0000000081600000, 0x0000000081700000, 0x0000000081700000|100%| O|  |TAMS 0x0000000081700000, 0x0000000081600000| Untracked 
|  23|0x0000000081700000, 0x0000000081800000, 0x0000000081800000|100%| O|  |TAMS 0x0000000081800000, 0x0000000081700000| Untracked 
|  24|0x0000000081800000, 0x0000000081900000, 0x0000000081900000|100%|HS|  |TAMS 0x0000000081900000, 0x0000000081800000| Complete 
|  25|0x0000000081900000, 0x0000000081a00000, 0x0000000081a00000|100%|HS|  |TAMS 0x0000000081a00000, 0x0000000081900000| Complete 
|  26|0x0000000081a00000, 0x0000000081b00000, 0x0000000081b00000|100%|HC|  |TAMS 0x0000000081b00000, 0x0000000081a00000| Complete 
|  27|0x0000000081b00000, 0x0000000081c00000, 0x0000000081c00000|100%| O|  |TAMS 0x0000000081c00000, 0x0000000081b00000| Untracked 
|  28|0x0000000081c00000, 0x0000000081d00000, 0x0000000081d00000|100%| O|  |TAMS 0x0000000081d00000, 0x0000000081c00000| Untracked 
|  29|0x0000000081d00000, 0x0000000081e00000, 0x0000000081e00000|100%| O|  |TAMS 0x0000000081e00000, 0x0000000081d00000| Untracked 
|  30|0x0000000081e00000, 0x0000000081f00000, 0x0000000081f00000|100%| O|  |TAMS 0x0000000081f00000, 0x0000000081e00000| Untracked 
|  31|0x0000000081f00000, 0x0000000082000000, 0x0000000082000000|100%| O|  |TAMS 0x0000000082000000, 0x0000000081f00000| Untracked 
|  32|0x0000000082000000, 0x0000000082100000, 0x0000000082100000|100%| O|  |TAMS 0x0000000082100000, 0x0000000082000000| Untracked 
|  33|0x0000000082100000, 0x0000000082200000, 0x0000000082200000|100%| O|  |TAMS 0x0000000082200000, 0x0000000082100000| Untracked 
|  34|0x0000000082200000, 0x0000000082300000, 0x0000000082300000|100%| O|  |TAMS 0x0000000082300000, 0x0000000082200000| Untracked 
|  35|0x0000000082300000, 0x0000000082400000, 0x0000000082400000|100%| O|  |TAMS 0x0000000082400000, 0x0000000082300000| Untracked 
|  36|0x0000000082400000, 0x0000000082500000, 0x0000000082500000|100%| O|  |TAMS 0x0000000082500000, 0x0000000082400000| Untracked 
|  37|0x0000000082500000, 0x0000000082600000, 0x0000000082600000|100%| O|  |TAMS 0x0000000082600000, 0x0000000082500000| Untracked 
|  38|0x0000000082600000, 0x0000000082700000, 0x0000000082700000|100%| O|  |TAMS 0x0000000082700000, 0x0000000082600000| Untracked 
|  39|0x0000000082700000, 0x0000000082800000, 0x0000000082800000|100%| O|  |TAMS 0x0000000082800000, 0x0000000082700000| Untracked 
|  40|0x0000000082800000, 0x0000000082900000, 0x0000000082900000|100%| O|  |TAMS 0x0000000082900000, 0x0000000082800000| Untracked 
|  41|0x0000000082900000, 0x0000000082a00000, 0x0000000082a00000|100%| O|  |TAMS 0x0000000082a00000, 0x0000000082900000| Untracked 
|  42|0x0000000082a00000, 0x0000000082b00000, 0x0000000082b00000|100%| O|  |TAMS 0x0000000082b00000, 0x0000000082a00000| Untracked 
|  43|0x0000000082b00000, 0x0000000082b58800, 0x0000000082c00000| 34%| O|  |TAMS 0x0000000082b58800, 0x0000000082b00000| Untracked 
|  44|0x0000000082c00000, 0x0000000082c00000, 0x0000000082d00000|  0%| F|  |TAMS 0x0000000082c00000, 0x0000000082c00000| Untracked 
|  45|0x0000000082d00000, 0x0000000082d00000, 0x0000000082e00000|  0%| F|  |TAMS 0x0000000082d00000, 0x0000000082d00000| Untracked 
|  46|0x0000000082e00000, 0x0000000082e00000, 0x0000000082f00000|  0%| F|  |TAMS 0x0000000082e00000, 0x0000000082e00000| Untracked 
|  47|0x0000000082f00000, 0x0000000082f00000, 0x0000000083000000|  0%| F|  |TAMS 0x0000000082f00000, 0x0000000082f00000| Untracked 
|  48|0x0000000083000000, 0x0000000083000000, 0x0000000083100000|  0%| F|  |TAMS 0x0000000083000000, 0x0000000083000000| Untracked 
|  49|0x0000000083100000, 0x0000000083100000, 0x0000000083200000|  0%| F|  |TAMS 0x0000000083100000, 0x0000000083100000| Untracked 
|  50|0x0000000083200000, 0x0000000083200000, 0x0000000083300000|  0%| F|  |TAMS 0x0000000083200000, 0x0000000083200000| Untracked 
|  51|0x0000000083300000, 0x0000000083300000, 0x0000000083400000|  0%| F|  |TAMS 0x0000000083300000, 0x0000000083300000| Untracked 
|  52|0x0000000083400000, 0x0000000083400000, 0x0000000083500000|  0%| F|  |TAMS 0x0000000083400000, 0x0000000083400000| Untracked 
|  53|0x0000000083500000, 0x0000000083500000, 0x0000000083600000|  0%| F|  |TAMS 0x0000000083500000, 0x0000000083500000| Untracked 
|  54|0x0000000083600000, 0x0000000083600000, 0x0000000083700000|  0%| F|  |TAMS 0x0000000083600000, 0x0000000083600000| Untracked 
|  55|0x0000000083700000, 0x0000000083700000, 0x0000000083800000|  0%| F|  |TAMS 0x0000000083700000, 0x0000000083700000| Untracked 
|  56|0x0000000083800000, 0x0000000083800000, 0x0000000083900000|  0%| F|  |TAMS 0x0000000083800000, 0x0000000083800000| Untracked 
|  57|0x0000000083900000, 0x0000000083900000, 0x0000000083a00000|  0%| F|  |TAMS 0x0000000083900000, 0x0000000083900000| Untracked 
|  58|0x0000000083a00000, 0x0000000083a00000, 0x0000000083b00000|  0%| F|  |TAMS 0x0000000083a00000, 0x0000000083a00000| Untracked 
|  59|0x0000000083b00000, 0x0000000083b00000, 0x0000000083c00000|  0%| F|  |TAMS 0x0000000083b00000, 0x0000000083b00000| Untracked 
|  60|0x0000000083c00000, 0x0000000083c00000, 0x0000000083d00000|  0%| F|  |TAMS 0x0000000083c00000, 0x0000000083c00000| Untracked 
|  61|0x0000000083d00000, 0x0000000083d00000, 0x0000000083e00000|  0%| F|  |TAMS 0x0000000083d00000, 0x0000000083d00000| Untracked 
|  62|0x0000000083e00000, 0x0000000083e00000, 0x0000000083f00000|  0%| F|  |TAMS 0x0000000083e00000, 0x0000000083e00000| Untracked 
|  63|0x0000000083f00000, 0x0000000083f00000, 0x0000000084000000|  0%| F|  |TAMS 0x0000000083f00000, 0x0000000083f00000| Untracked 
|  64|0x0000000084000000, 0x0000000084000000, 0x0000000084100000|  0%| F|  |TAMS 0x0000000084000000, 0x0000000084000000| Untracked 
|  65|0x0000000084100000, 0x0000000084100000, 0x0000000084200000|  0%| F|  |TAMS 0x0000000084100000, 0x0000000084100000| Untracked 
|  66|0x0000000084200000, 0x0000000084200000, 0x0000000084300000|  0%| F|  |TAMS 0x0000000084200000, 0x0000000084200000| Untracked 
|  67|0x0000000084300000, 0x0000000084300000, 0x0000000084400000|  0%| F|  |TAMS 0x0000000084300000, 0x0000000084300000| Untracked 
|  68|0x0000000084400000, 0x0000000084400000, 0x0000000084500000|  0%| F|  |TAMS 0x0000000084400000, 0x0000000084400000| Untracked 
|  69|0x0000000084500000, 0x0000000084500000, 0x0000000084600000|  0%| F|  |TAMS 0x0000000084500000, 0x0000000084500000| Untracked 
|  70|0x0000000084600000, 0x0000000084600000, 0x0000000084700000|  0%| F|  |TAMS 0x0000000084600000, 0x0000000084600000| Untracked 
|  71|0x0000000084700000, 0x0000000084700000, 0x0000000084800000|  0%| F|  |TAMS 0x0000000084700000, 0x0000000084700000| Untracked 
|  72|0x0000000084800000, 0x0000000084800000, 0x0000000084900000|  0%| F|  |TAMS 0x0000000084800000, 0x0000000084800000| Untracked 
|  73|0x0000000084900000, 0x0000000084900000, 0x0000000084a00000|  0%| F|  |TAMS 0x0000000084900000, 0x0000000084900000| Untracked 
|  74|0x0000000084a00000, 0x0000000084a00000, 0x0000000084b00000|  0%| F|  |TAMS 0x0000000084a00000, 0x0000000084a00000| Untracked 
|  75|0x0000000084b00000, 0x0000000084b00000, 0x0000000084c00000|  0%| F|  |TAMS 0x0000000084b00000, 0x0000000084b00000| Untracked 
|  76|0x0000000084c00000, 0x0000000084c00000, 0x0000000084d00000|  0%| F|  |TAMS 0x0000000084c00000, 0x0000000084c00000| Untracked 
|  77|0x0000000084d00000, 0x0000000084d00000, 0x0000000084e00000|  0%| F|  |TAMS 0x0000000084d00000, 0x0000000084d00000| Untracked 
|  78|0x0000000084e00000, 0x0000000084e00000, 0x0000000084f00000|  0%| F|  |TAMS 0x0000000084e00000, 0x0000000084e00000| Untracked 
|  79|0x0000000084f00000, 0x0000000084f00000, 0x0000000085000000|  0%| F|  |TAMS 0x0000000084f00000, 0x0000000084f00000| Untracked 
|  80|0x0000000085000000, 0x0000000085000000, 0x0000000085100000|  0%| F|  |TAMS 0x0000000085000000, 0x0000000085000000| Untracked 
|  81|0x0000000085100000, 0x0000000085100000, 0x0000000085200000|  0%| F|  |TAMS 0x0000000085100000, 0x0000000085100000| Untracked 
|  82|0x0000000085200000, 0x0000000085200000, 0x0000000085300000|  0%| F|  |TAMS 0x0000000085200000, 0x0000000085200000| Untracked 
|  83|0x0000000085300000, 0x0000000085300000, 0x0000000085400000|  0%| F|  |TAMS 0x0000000085300000, 0x0000000085300000| Untracked 
|  84|0x0000000085400000, 0x0000000085400000, 0x0000000085500000|  0%| F|  |TAMS 0x0000000085400000, 0x0000000085400000| Untracked 
|  85|0x0000000085500000, 0x0000000085500000, 0x0000000085600000|  0%| F|  |TAMS 0x0000000085500000, 0x0000000085500000| Untracked 
|  86|0x0000000085600000, 0x0000000085600000, 0x0000000085700000|  0%| F|  |TAMS 0x0000000085600000, 0x0000000085600000| Untracked 
|  87|0x0000000085700000, 0x0000000085700000, 0x0000000085800000|  0%| F|  |TAMS 0x0000000085700000, 0x0000000085700000| Untracked 
|  88|0x0000000085800000, 0x0000000085800000, 0x0000000085900000|  0%| F|  |TAMS 0x0000000085800000, 0x0000000085800000| Untracked 
|  89|0x0000000085900000, 0x0000000085900000, 0x0000000085a00000|  0%| F|  |TAMS 0x0000000085900000, 0x0000000085900000| Untracked 
|  90|0x0000000085a00000, 0x0000000085a00000, 0x0000000085b00000|  0%| F|  |TAMS 0x0000000085a00000, 0x0000000085a00000| Untracked 
|  91|0x0000000085b00000, 0x0000000085b00000, 0x0000000085c00000|  0%| F|  |TAMS 0x0000000085b00000, 0x0000000085b00000| Untracked 
|  92|0x0000000085c00000, 0x0000000085c00000, 0x0000000085d00000|  0%| F|  |TAMS 0x0000000085c00000, 0x0000000085c00000| Untracked 
|  93|0x0000000085d00000, 0x0000000085d00000, 0x0000000085e00000|  0%| F|  |TAMS 0x0000000085d00000, 0x0000000085d00000| Untracked 
|  94|0x0000000085e00000, 0x0000000085e00000, 0x0000000085f00000|  0%| F|  |TAMS 0x0000000085e00000, 0x0000000085e00000| Untracked 
|  95|0x0000000085f00000, 0x0000000085f00000, 0x0000000086000000|  0%| F|  |TAMS 0x0000000085f00000, 0x0000000085f00000| Untracked 
|  96|0x0000000086000000, 0x0000000086000000, 0x0000000086100000|  0%| F|  |TAMS 0x0000000086000000, 0x0000000086000000| Untracked 
|  97|0x0000000086100000, 0x0000000086100000, 0x0000000086200000|  0%| F|  |TAMS 0x0000000086100000, 0x0000000086100000| Untracked 
|  98|0x0000000086200000, 0x0000000086200000, 0x0000000086300000|  0%| F|  |TAMS 0x0000000086200000, 0x0000000086200000| Untracked 
|  99|0x0000000086300000, 0x0000000086300000, 0x0000000086400000|  0%| F|  |TAMS 0x0000000086300000, 0x0000000086300000| Untracked 
| 100|0x0000000086400000, 0x0000000086400000, 0x0000000086500000|  0%| F|  |TAMS 0x0000000086400000, 0x0000000086400000| Untracked 
| 101|0x0000000086500000, 0x00000000865bd9d8, 0x0000000086600000| 74%| S|CS|TAMS 0x0000000086500000, 0x0000000086500000| Complete 
| 102|0x0000000086600000, 0x0000000086700000, 0x0000000086700000|100%| S|CS|TAMS 0x0000000086600000, 0x0000000086600000| Complete 
| 103|0x0000000086700000, 0x0000000086800000, 0x0000000086800000|100%| S|CS|TAMS 0x0000000086700000, 0x0000000086700000| Complete 
| 104|0x0000000086800000, 0x0000000086900000, 0x0000000086900000|100%| S|CS|TAMS 0x0000000086800000, 0x0000000086800000| Complete 
| 105|0x0000000086900000, 0x0000000086a00000, 0x0000000086a00000|100%| S|CS|TAMS 0x0000000086900000, 0x0000000086900000| Complete 
| 106|0x0000000086a00000, 0x0000000086b00000, 0x0000000086b00000|100%| S|CS|TAMS 0x0000000086a00000, 0x0000000086a00000| Complete 
| 107|0x0000000086b00000, 0x0000000086c00000, 0x0000000086c00000|100%| S|CS|TAMS 0x0000000086b00000, 0x0000000086b00000| Complete 
| 108|0x0000000086c00000, 0x0000000086d00000, 0x0000000086d00000|100%| S|CS|TAMS 0x0000000086c00000, 0x0000000086c00000| Complete 
| 109|0x0000000086d00000, 0x0000000086d00000, 0x0000000086e00000|  0%| F|  |TAMS 0x0000000086d00000, 0x0000000086d00000| Untracked 
| 110|0x0000000086e00000, 0x0000000086e00000, 0x0000000086f00000|  0%| F|  |TAMS 0x0000000086e00000, 0x0000000086e00000| Untracked 
| 111|0x0000000086f00000, 0x0000000086f00000, 0x0000000087000000|  0%| F|  |TAMS 0x0000000086f00000, 0x0000000086f00000| Untracked 
| 112|0x0000000087000000, 0x0000000087000000, 0x0000000087100000|  0%| F|  |TAMS 0x0000000087000000, 0x0000000087000000| Untracked 
| 113|0x0000000087100000, 0x0000000087100000, 0x0000000087200000|  0%| F|  |TAMS 0x0000000087100000, 0x0000000087100000| Untracked 
| 114|0x0000000087200000, 0x0000000087200000, 0x0000000087300000|  0%| F|  |TAMS 0x0000000087200000, 0x0000000087200000| Untracked 
| 115|0x0000000087300000, 0x0000000087300000, 0x0000000087400000|  0%| F|  |TAMS 0x0000000087300000, 0x0000000087300000| Untracked 
| 116|0x0000000087400000, 0x0000000087400000, 0x0000000087500000|  0%| F|  |TAMS 0x0000000087400000, 0x0000000087400000| Untracked 
| 117|0x0000000087500000, 0x0000000087500000, 0x0000000087600000|  0%| F|  |TAMS 0x0000000087500000, 0x0000000087500000| Untracked 
| 118|0x0000000087600000, 0x0000000087600000, 0x0000000087700000|  0%| F|  |TAMS 0x0000000087600000, 0x0000000087600000| Untracked 
| 119|0x0000000087700000, 0x0000000087700000, 0x0000000087800000|  0%| F|  |TAMS 0x0000000087700000, 0x0000000087700000| Untracked 
| 120|0x0000000087800000, 0x0000000087800000, 0x0000000087900000|  0%| F|  |TAMS 0x0000000087800000, 0x0000000087800000| Untracked 
| 121|0x0000000087900000, 0x0000000087900000, 0x0000000087a00000|  0%| F|  |TAMS 0x0000000087900000, 0x0000000087900000| Untracked 
| 122|0x0000000087a00000, 0x0000000087a00000, 0x0000000087b00000|  0%| F|  |TAMS 0x0000000087a00000, 0x0000000087a00000| Untracked 
| 123|0x0000000087b00000, 0x0000000087b00000, 0x0000000087c00000|  0%| F|  |TAMS 0x0000000087b00000, 0x0000000087b00000| Untracked 
| 124|0x0000000087c00000, 0x0000000087c00000, 0x0000000087d00000|  0%| F|  |TAMS 0x0000000087c00000, 0x0000000087c00000| Untracked 
| 125|0x0000000087d00000, 0x0000000087d00000, 0x0000000087e00000|  0%| F|  |TAMS 0x0000000087d00000, 0x0000000087d00000| Untracked 
| 126|0x0000000087e00000, 0x0000000087e00000, 0x0000000087f00000|  0%| F|  |TAMS 0x0000000087e00000, 0x0000000087e00000| Untracked 
| 127|0x0000000087f00000, 0x0000000087f00000, 0x0000000088000000|  0%| F|  |TAMS 0x0000000087f00000, 0x0000000087f00000| Untracked 
| 128|0x0000000088000000, 0x0000000088000000, 0x0000000088100000|  0%| F|  |TAMS 0x0000000088000000, 0x0000000088000000| Untracked 
| 129|0x0000000088100000, 0x0000000088100000, 0x0000000088200000|  0%| F|  |TAMS 0x0000000088100000, 0x0000000088100000| Untracked 
| 130|0x0000000088200000, 0x0000000088200000, 0x0000000088300000|  0%| F|  |TAMS 0x0000000088200000, 0x0000000088200000| Untracked 
| 131|0x0000000088300000, 0x0000000088300000, 0x0000000088400000|  0%| F|  |TAMS 0x0000000088300000, 0x0000000088300000| Untracked 
| 132|0x0000000088400000, 0x0000000088400000, 0x0000000088500000|  0%| F|  |TAMS 0x0000000088400000, 0x0000000088400000| Untracked 
| 133|0x0000000088500000, 0x0000000088500000, 0x0000000088600000|  0%| F|  |TAMS 0x0000000088500000, 0x0000000088500000| Untracked 
| 134|0x0000000088600000, 0x0000000088600000, 0x0000000088700000|  0%| F|  |TAMS 0x0000000088600000, 0x0000000088600000| Untracked 
| 135|0x0000000088700000, 0x0000000088700000, 0x0000000088800000|  0%| F|  |TAMS 0x0000000088700000, 0x0000000088700000| Untracked 
| 136|0x0000000088800000, 0x0000000088800000, 0x0000000088900000|  0%| F|  |TAMS 0x0000000088800000, 0x0000000088800000| Untracked 
| 137|0x0000000088900000, 0x0000000088900000, 0x0000000088a00000|  0%| F|  |TAMS 0x0000000088900000, 0x0000000088900000| Untracked 
| 138|0x0000000088a00000, 0x0000000088a00000, 0x0000000088b00000|  0%| F|  |TAMS 0x0000000088a00000, 0x0000000088a00000| Untracked 
| 139|0x0000000088b00000, 0x0000000088b00000, 0x0000000088c00000|  0%| F|  |TAMS 0x0000000088b00000, 0x0000000088b00000| Untracked 
| 140|0x0000000088c00000, 0x0000000088c00000, 0x0000000088d00000|  0%| F|  |TAMS 0x0000000088c00000, 0x0000000088c00000| Untracked 
| 141|0x0000000088d00000, 0x0000000088d00000, 0x0000000088e00000|  0%| F|  |TAMS 0x0000000088d00000, 0x0000000088d00000| Untracked 
| 142|0x0000000088e00000, 0x0000000088e00000, 0x0000000088f00000|  0%| F|  |TAMS 0x0000000088e00000, 0x0000000088e00000| Untracked 
| 143|0x0000000088f00000, 0x0000000088f00000, 0x0000000089000000|  0%| F|  |TAMS 0x0000000088f00000, 0x0000000088f00000| Untracked 
| 144|0x0000000089000000, 0x0000000089000000, 0x0000000089100000|  0%| F|  |TAMS 0x0000000089000000, 0x0000000089000000| Untracked 
| 145|0x0000000089100000, 0x0000000089100000, 0x0000000089200000|  0%| F|  |TAMS 0x0000000089100000, 0x0000000089100000| Untracked 
| 146|0x0000000089200000, 0x0000000089200000, 0x0000000089300000|  0%| F|  |TAMS 0x0000000089200000, 0x0000000089200000| Untracked 
| 147|0x0000000089300000, 0x0000000089300000, 0x0000000089400000|  0%| F|  |TAMS 0x0000000089300000, 0x0000000089300000| Untracked 
| 148|0x0000000089400000, 0x0000000089400000, 0x0000000089500000|  0%| F|  |TAMS 0x0000000089400000, 0x0000000089400000| Untracked 
| 149|0x0000000089500000, 0x0000000089500000, 0x0000000089600000|  0%| F|  |TAMS 0x0000000089500000, 0x0000000089500000| Untracked 
| 150|0x0000000089600000, 0x0000000089600000, 0x0000000089700000|  0%| F|  |TAMS 0x0000000089600000, 0x0000000089600000| Untracked 
| 151|0x0000000089700000, 0x0000000089700000, 0x0000000089800000|  0%| F|  |TAMS 0x0000000089700000, 0x0000000089700000| Untracked 
| 152|0x0000000089800000, 0x0000000089800000, 0x0000000089900000|  0%| F|  |TAMS 0x0000000089800000, 0x0000000089800000| Untracked 
| 153|0x0000000089900000, 0x0000000089900000, 0x0000000089a00000|  0%| F|  |TAMS 0x0000000089900000, 0x0000000089900000| Untracked 
| 154|0x0000000089a00000, 0x0000000089a00000, 0x0000000089b00000|  0%| F|  |TAMS 0x0000000089a00000, 0x0000000089a00000| Untracked 
| 155|0x0000000089b00000, 0x0000000089b00000, 0x0000000089c00000|  0%| F|  |TAMS 0x0000000089b00000, 0x0000000089b00000| Untracked 
| 156|0x0000000089c00000, 0x0000000089c00000, 0x0000000089d00000|  0%| F|  |TAMS 0x0000000089c00000, 0x0000000089c00000| Untracked 
| 157|0x0000000089d00000, 0x0000000089d00000, 0x0000000089e00000|  0%| F|  |TAMS 0x0000000089d00000, 0x0000000089d00000| Untracked 
| 158|0x0000000089e00000, 0x0000000089e00000, 0x0000000089f00000|  0%| F|  |TAMS 0x0000000089e00000, 0x0000000089e00000| Untracked 
| 159|0x0000000089f00000, 0x0000000089f00000, 0x000000008a000000|  0%| F|  |TAMS 0x0000000089f00000, 0x0000000089f00000| Untracked 
| 160|0x000000008a000000, 0x000000008a000000, 0x000000008a100000|  0%| F|  |TAMS 0x000000008a000000, 0x000000008a000000| Untracked 
| 161|0x000000008a100000, 0x000000008a100000, 0x000000008a200000|  0%| F|  |TAMS 0x000000008a100000, 0x000000008a100000| Untracked 
| 162|0x000000008a200000, 0x000000008a200000, 0x000000008a300000|  0%| F|  |TAMS 0x000000008a200000, 0x000000008a200000| Untracked 
| 163|0x000000008a300000, 0x000000008a300000, 0x000000008a400000|  0%| F|  |TAMS 0x000000008a300000, 0x000000008a300000| Untracked 
| 164|0x000000008a400000, 0x000000008a400000, 0x000000008a500000|  0%| F|  |TAMS 0x000000008a400000, 0x000000008a400000| Untracked 
| 165|0x000000008a500000, 0x000000008a500000, 0x000000008a600000|  0%| F|  |TAMS 0x000000008a500000, 0x000000008a500000| Untracked 
| 166|0x000000008a600000, 0x000000008a600000, 0x000000008a700000|  0%| F|  |TAMS 0x000000008a600000, 0x000000008a600000| Untracked 
| 167|0x000000008a700000, 0x000000008a700000, 0x000000008a800000|  0%| F|  |TAMS 0x000000008a700000, 0x000000008a700000| Untracked 
| 168|0x000000008a800000, 0x000000008a800000, 0x000000008a900000|  0%| F|  |TAMS 0x000000008a800000, 0x000000008a800000| Untracked 
| 169|0x000000008a900000, 0x000000008a900000, 0x000000008aa00000|  0%| F|  |TAMS 0x000000008a900000, 0x000000008a900000| Untracked 
| 170|0x000000008aa00000, 0x000000008aa00000, 0x000000008ab00000|  0%| F|  |TAMS 0x000000008aa00000, 0x000000008aa00000| Untracked 
| 171|0x000000008ab00000, 0x000000008ab00000, 0x000000008ac00000|  0%| F|  |TAMS 0x000000008ab00000, 0x000000008ab00000| Untracked 
| 172|0x000000008ac00000, 0x000000008ac00000, 0x000000008ad00000|  0%| F|  |TAMS 0x000000008ac00000, 0x000000008ac00000| Untracked 
| 173|0x000000008ad00000, 0x000000008ad00000, 0x000000008ae00000|  0%| F|  |TAMS 0x000000008ad00000, 0x000000008ad00000| Untracked 
| 174|0x000000008ae00000, 0x000000008ae00000, 0x000000008af00000|  0%| F|  |TAMS 0x000000008ae00000, 0x000000008ae00000| Untracked 
| 175|0x000000008af00000, 0x000000008b000000, 0x000000008b000000|100%| E|  |TAMS 0x000000008af00000, 0x000000008af00000| Complete 
| 176|0x000000008b000000, 0x000000008b100000, 0x000000008b100000|100%| E|CS|TAMS 0x000000008b000000, 0x000000008b000000| Complete 
| 177|0x000000008b100000, 0x000000008b200000, 0x000000008b200000|100%| E|CS|TAMS 0x000000008b100000, 0x000000008b100000| Complete 
| 178|0x000000008b200000, 0x000000008b300000, 0x000000008b300000|100%| E|CS|TAMS 0x000000008b200000, 0x000000008b200000| Complete 
| 179|0x000000008b300000, 0x000000008b400000, 0x000000008b400000|100%| E|CS|TAMS 0x000000008b300000, 0x000000008b300000| Complete 
| 180|0x000000008b400000, 0x000000008b500000, 0x000000008b500000|100%| E|CS|TAMS 0x000000008b400000, 0x000000008b400000| Complete 
| 181|0x000000008b500000, 0x000000008b600000, 0x000000008b600000|100%| E|CS|TAMS 0x000000008b500000, 0x000000008b500000| Complete 
| 182|0x000000008b600000, 0x000000008b700000, 0x000000008b700000|100%| E|CS|TAMS 0x000000008b600000, 0x000000008b600000| Complete 

Card table byte_map: [0x0000016015dc0000,0x00000160161c0000] _byte_map_base: 0x00000160159c0000

Marking Bits (Prev, Next): (CMBitMap*) 0x000001600248e770, (CMBitMap*) 0x000001600248e738
 Prev Bits: [0x00000160185c0000, 0x000001601a5c0000)
 Next Bits: [0x00000160165c0000, 0x00000160185c0000)

Polling page: 0x0000016000c00000

Metaspace:

Usage:
  Non-class:     56.59 MB capacity,    55.65 MB ( 98%) used,   793.59 KB (  1%) free+waste,   169.50 KB ( <1%) overhead. 
      Class:      8.75 MB capacity,     8.16 MB ( 93%) used,   522.54 KB (  6%) free+waste,    79.50 KB ( <1%) overhead. 
       Both:     65.33 MB capacity,    63.81 MB ( 98%) used,     1.29 MB (  2%) free+waste,   249.00 KB ( <1%) overhead. 

Virtual space:
  Non-class space:       58.00 MB reserved,      56.79 MB ( 98%) committed 
      Class space:        1.00 GB reserved,       8.82 MB ( <1%) committed 
             Both:        1.06 GB reserved,      65.61 MB (  6%) committed 

Chunk freelists:
   Non-Class:  11.00 KB
       Class:  3.00 KB
        Both:  14.00 KB

MaxMetaspaceSize: 17179869184.00 GB
CompressedClassSpaceSize: 1.00 GB
Initial GC threshold: 20.80 MB
Current GC threshold: 98.31 MB
CDS: off

CodeHeap 'non-profiled nmethods': size=120000Kb used=3815Kb max_used=3815Kb free=116184Kb
 bounds [0x000001600da30000, 0x000001600ddf0000, 0x0000016014f60000]
CodeHeap 'profiled nmethods': size=120000Kb used=13768Kb max_used=13768Kb free=106231Kb
 bounds [0x0000016006500000, 0x0000016007280000, 0x000001600da30000]
CodeHeap 'non-nmethods': size=5760Kb used=2346Kb max_used=2386Kb free=3413Kb
 bounds [0x0000016005f60000, 0x00000160061d0000, 0x0000016006500000]
 total_blobs=7322 nmethods=6469 adapters=765
 compilation: enabled
              stopped_count=0, restarted_count=0
 full_count=0

Compilation events (20 events):
Event: 9.976 Thread 0x000001601d0c7000 nmethod 6488 0x000001600dde9c10 code [0x000001600dde9dc0, 0x000001600dde9e78]
Event: 9.979 Thread 0x000001601d0c7000 6489   !   3       org.gradle.internal.serialize.kryo.KryoBackedDecoder::readLong (15 bytes)
Event: 9.980 Thread 0x000001601d0c7000 nmethod 6489 0x000001600726b010 code [0x000001600726b220, 0x000001600726b788]
Event: 9.994 Thread 0x000001601d0c7000 6490   !   3       org.codehaus.groovy.reflection.stdclasses.CachedSAMClass::getSAMMethodImpl (151 bytes)
Event: 9.996 Thread 0x000001601d0c7000 nmethod 6490 0x000001600726b990 code [0x000001600726bd40, 0x000001600726d5e8]
Event: 10.014 Thread 0x000001601d0c7000 6491       3       org.codehaus.groovy.util.FastArray::set (8 bytes)
Event: 10.015 Thread 0x000001601d0c7000 nmethod 6491 0x000001600726de90 code [0x000001600726e060, 0x000001600726e2f8]
Event: 10.019 Thread 0x000001601d0c7000 6492       3       java.util.StringJoiner::add (104 bytes)
Event: 10.031 Thread 0x000001601d0c7000 nmethod 6492 0x000001600726e410 code [0x000001600726e660, 0x000001600726f038]
Event: 10.035 Thread 0x000001601d0c7000 6493       3       com.sun.beans.util.Cache$CacheEntry::matches (53 bytes)
Event: 10.036 Thread 0x000001601d0c7000 nmethod 6493 0x000001600726f390 code [0x000001600726f580, 0x000001600726fae8]
Event: 10.037 Thread 0x000001601d0c7000 6494       3       java.util.Hashtable::entrySet (28 bytes)
Event: 10.038 Thread 0x000001601d0c7000 nmethod 6494 0x000001600726fc90 code [0x000001600726fea0, 0x00000160072705d8]
Event: 10.038 Thread 0x000001601d0c7000 6495       3       java.util.Hashtable$EntrySet::iterator (9 bytes)
Event: 10.038 Thread 0x000001601d0c7000 nmethod 6495 0x0000016007270810 code [0x00000160072709e0, 0x0000016007270ca8]
Event: 10.038 Thread 0x000001601d0c7000 6496       3       java.util.Hashtable::getIterator (22 bytes)
Event: 10.038 Thread 0x000001601d0c7000 nmethod 6496 0x0000016007270e10 code [0x0000016007270fe0, 0x0000016007271248]
Event: 10.038 Thread 0x000001601d0c7000 6497       3       java.util.TimSort::countRunAndMakeAscending (128 bytes)
Event: 10.039 Thread 0x000001601d0c7000 nmethod 6497 0x0000016007271310 code [0x0000016007271560, 0x0000016007272068]
Event: 10.045 Thread 0x000001601d0c7000 6498       3       java.beans.Introspector::isAssignable (27 bytes)

GC Heap History (20 events):
Event: 3.447 GC heap before
{Heap before GC invocations=2 (full 0):
 garbage-first heap   total 129024K, used 57828K [0x0000000080000000, 0x0000000100000000)
  region size 1024K, 48 young (49152K), 3 survivors (3072K)
 Metaspace       used 18348K, capacity 18761K, committed 19072K, reserved 1067008K
  class space    used 2191K, capacity 2342K, committed 2432K, reserved 1048576K
}
Event: 3.452 GC heap after
{Heap after GC invocations=3 (full 0):
 garbage-first heap   total 129024K, used 16442K [0x0000000080000000, 0x0000000100000000)
  region size 1024K, 6 young (6144K), 6 survivors (6144K)
 Metaspace       used 18348K, capacity 18761K, committed 19072K, reserved 1067008K
  class space    used 2191K, capacity 2342K, committed 2432K, reserved 1048576K
}
Event: 3.774 GC heap before
{Heap before GC invocations=3 (full 0):
 garbage-first heap   total 129024K, used 38970K [0x0000000080000000, 0x0000000100000000)
  region size 1024K, 29 young (29696K), 6 survivors (6144K)
 Metaspace       used 20645K, capacity 21117K, committed 21296K, reserved 1069056K
  class space    used 2540K, capacity 2680K, committed 2688K, reserved 1048576K
}
Event: 3.782 GC heap after
{Heap after GC invocations=4 (full 0):
 garbage-first heap   total 129024K, used 17392K [0x0000000080000000, 0x0000000100000000)
  region size 1024K, 5 young (5120K), 5 survivors (5120K)
 Metaspace       used 20645K, capacity 21117K, committed 21296K, reserved 1069056K
  class space    used 2540K, capacity 2680K, committed 2688K, reserved 1048576K
}
Event: 4.778 GC heap before
{Heap before GC invocations=5 (full 0):
 garbage-first heap   total 129024K, used 66544K [0x0000000080000000, 0x0000000100000000)
  region size 1024K, 53 young (54272K), 5 survivors (5120K)
 Metaspace       used 25718K, capacity 26305K, committed 26544K, reserved 1073152K
  class space    used 3322K, capacity 3521K, committed 3584K, reserved 1048576K
}
Event: 4.786 GC heap after
{Heap after GC invocations=6 (full 0):
 garbage-first heap   total 129024K, used 19163K [0x0000000080000000, 0x0000000100000000)
  region size 1024K, 3 young (3072K), 3 survivors (3072K)
 Metaspace       used 25718K, capacity 26305K, committed 26544K, reserved 1073152K
  class space    used 3322K, capacity 3521K, committed 3584K, reserved 1048576K
}
Event: 5.445 GC heap before
{Heap before GC invocations=6 (full 0):
 garbage-first heap   total 129024K, used 72411K [0x0000000080000000, 0x0000000100000000)
  region size 1024K, 55 young (56320K), 3 survivors (3072K)
 Metaspace       used 31027K, capacity 31765K, committed 32048K, reserved 1077248K
  class space    used 4154K, capacity 4411K, committed 4480K, reserved 1048576K
}
Event: 5.449 GC heap after
{Heap after GC invocations=7 (full 0):
 garbage-first heap   total 155648K, used 20708K [0x0000000080000000, 0x0000000100000000)
  region size 1024K, 5 young (5120K), 5 survivors (5120K)
 Metaspace       used 31027K, capacity 31765K, committed 32048K, reserved 1077248K
  class space    used 4154K, capacity 4411K, committed 4480K, reserved 1048576K
}
Event: 5.702 GC heap before
{Heap before GC invocations=7 (full 0):
 garbage-first heap   total 155648K, used 30948K [0x0000000080000000, 0x0000000100000000)
  region size 1024K, 16 young (16384K), 5 survivors (5120K)
 Metaspace       used 34864K, capacity 35663K, committed 35708K, reserved 1081344K
  class space    used 4518K, capacity 4839K, committed 4864K, reserved 1048576K
}
Event: 5.714 GC heap after
{Heap after GC invocations=8 (full 0):
 garbage-first heap   total 155648K, used 22513K [0x0000000080000000, 0x0000000100000000)
  region size 1024K, 6 young (6144K), 6 survivors (6144K)
 Metaspace       used 34864K, capacity 35663K, committed 35708K, reserved 1081344K
  class space    used 4518K, capacity 4839K, committed 4864K, reserved 1048576K
}
Event: 6.499 GC heap before
{Heap before GC invocations=9 (full 0):
 garbage-first heap   total 155648K, used 95217K [0x0000000080000000, 0x0000000100000000)
  region size 1024K, 74 young (75776K), 6 survivors (6144K)
 Metaspace       used 40479K, capacity 41429K, committed 41544K, reserved 1085440K
  class space    used 5174K, capacity 5541K, committed 5580K, reserved 1048576K
}
Event: 6.515 GC heap after
{Heap after GC invocations=10 (full 0):
 garbage-first heap   total 155648K, used 28119K [0x0000000080000000, 0x0000000100000000)
  region size 1024K, 10 young (10240K), 10 survivors (10240K)
 Metaspace       used 40479K, capacity 41429K, committed 41544K, reserved 1085440K
  class space    used 5174K, capacity 5541K, committed 5580K, reserved 1048576K
}
Event: 7.351 GC heap before
{Heap before GC invocations=10 (full 0):
 garbage-first heap   total 155648K, used 101847K [0x0000000080000000, 0x0000000100000000)
  region size 1024K, 81 young (82944K), 10 survivors (10240K)
 Metaspace       used 46806K, capacity 47943K, committed 48072K, reserved 1091584K
  class space    used 6043K, capacity 6446K, committed 6476K, reserved 1048576K
}
Event: 7.364 GC heap after
{Heap after GC invocations=11 (full 0):
 garbage-first heap   total 155648K, used 30982K [0x0000000080000000, 0x0000000100000000)
  region size 1024K, 8 young (8192K), 8 survivors (8192K)
 Metaspace       used 46806K, capacity 47943K, committed 48072K, reserved 1091584K
  class space    used 6043K, capacity 6446K, committed 6476K, reserved 1048576K
}
Event: 8.311 GC heap before
{Heap before GC invocations=11 (full 0):
 garbage-first heap   total 155648K, used 108806K [0x0000000080000000, 0x0000000100000000)
  region size 1024K, 81 young (82944K), 8 survivors (8192K)
 Metaspace       used 50640K, capacity 51907K, committed 52040K, reserved 1093632K
  class space    used 6505K, capacity 7006K, committed 7116K, reserved 1048576K
}
Event: 8.330 GC heap after
{Heap after GC invocations=12 (full 0):
 garbage-first heap   total 155648K, used 43722K [0x0000000080000000, 0x0000000100000000)
  region size 1024K, 11 young (11264K), 11 survivors (11264K)
 Metaspace       used 50640K, capacity 51907K, committed 52040K, reserved 1093632K
  class space    used 6505K, capacity 7006K, committed 7116K, reserved 1048576K
}
Event: 9.073 GC heap before
{Heap before GC invocations=12 (full 0):
 garbage-first heap   total 155648K, used 96970K [0x0000000080000000, 0x0000000100000000)
  region size 1024K, 64 young (65536K), 11 survivors (11264K)
 Metaspace       used 58389K, capacity 59849K, committed 59976K, reserved 1101824K
  class space    used 7460K, capacity 8050K, committed 8140K, reserved 1048576K
}
Event: 9.105 GC heap after
{Heap after GC invocations=13 (full 0):
 garbage-first heap   total 187392K, used 47057K [0x0000000080000000, 0x0000000100000000)
  region size 1024K, 3 young (3072K), 3 survivors (3072K)
 Metaspace       used 58389K, capacity 59849K, committed 59976K, reserved 1101824K
  class space    used 7460K, capacity 8050K, committed 8140K, reserved 1048576K
}
Event: 10.020 GC heap before
{Heap before GC invocations=14 (full 0):
 garbage-first heap   total 187392K, used 122833K [0x0000000080000000, 0x0000000100000000)
  region size 1024K, 77 young (78848K), 3 survivors (3072K)
 Metaspace       used 65324K, capacity 66896K, committed 67184K, reserved 1107968K
  class space    used 8353K, capacity 8955K, committed 9036K, reserved 1048576K
}
Event: 10.031 GC heap after
{Heap after GC invocations=15 (full 0):
 garbage-first heap   total 187392K, used 52312K [0x0000000080000000, 0x0000000100000000)
  region size 1024K, 8 young (8192K), 8 survivors (8192K)
 Metaspace       used 65324K, capacity 66896K, committed 67184K, reserved 1107968K
  class space    used 8353K, capacity 8955K, committed 9036K, reserved 1048576K
}

Deoptimization events (20 events):
Event: 9.928 Thread 0x0000016020023000 Uncommon trap: trap_request=0xffffff4d fr.pc=0x000001600db76c20 relative=0x0000000000000640
Event: 9.928 Thread 0x0000016020023000 Uncommon trap: reason=unstable_if action=reinterpret pc=0x000001600db76c20 method=java.lang.AbstractStringBuilder.appendChars(Ljava/lang/CharSequence;II)V @ 4 c2
Event: 9.928 Thread 0x0000016020023000 DEOPT PACKING pc=0x000001600db76c20 sp=0x00000040530f6810
Event: 9.928 Thread 0x0000016020023000 DEOPT UNPACKING pc=0x0000016005faa1af sp=0x00000040530f66f8 mode 2
Event: 9.928 Thread 0x0000016020023000 Uncommon trap: trap_request=0xffffff4d fr.pc=0x000001600dac6ac0 relative=0x0000000000000380
Event: 9.928 Thread 0x0000016020023000 Uncommon trap: reason=unstable_if action=reinterpret pc=0x000001600dac6ac0 method=java.lang.AbstractStringBuilder.isLatin1()Z @ 10 c2
Event: 9.928 Thread 0x0000016020023000 DEOPT PACKING pc=0x000001600dac6ac0 sp=0x00000040530f68b0
Event: 9.928 Thread 0x0000016020023000 DEOPT UNPACKING pc=0x0000016005faa1af sp=0x00000040530f6830 mode 2
Event: 9.928 Thread 0x0000016020023000 Uncommon trap: trap_request=0xffffff4d fr.pc=0x000001600da661a8 relative=0x0000000000000468
Event: 9.928 Thread 0x0000016020023000 Uncommon trap: reason=unstable_if action=reinterpret pc=0x000001600da661a8 method=java.lang.AbstractStringBuilder.putStringAt(ILjava/lang/String;)V @ 8 c2
Event: 9.928 Thread 0x0000016020023000 DEOPT PACKING pc=0x000001600da661a8 sp=0x00000040530f6800
Event: 9.928 Thread 0x0000016020023000 DEOPT UNPACKING pc=0x0000016005faa1af sp=0x00000040530f6760 mode 2
Event: 9.928 Thread 0x0000016020023000 Uncommon trap: trap_request=0xffffff4d fr.pc=0x000001600da659ec relative=0x00000000000000cc
Event: 9.928 Thread 0x0000016020023000 Uncommon trap: reason=unstable_if action=reinterpret pc=0x000001600da659ec method=java.lang.String.getBytes([BIB)V @ 5 c2
Event: 9.928 Thread 0x0000016020023000 DEOPT PACKING pc=0x000001600da659ec sp=0x00000040530f6710
Event: 9.928 Thread 0x0000016020023000 DEOPT UNPACKING pc=0x0000016005faa1af sp=0x00000040530f66d8 mode 2
Event: 10.019 Thread 0x0000016020023000 Uncommon trap: trap_request=0xffffff4d fr.pc=0x000001600dbf0a80 relative=0x0000000000000340
Event: 10.019 Thread 0x0000016020023000 Uncommon trap: reason=unstable_if action=reinterpret pc=0x000001600dbf0a80 method=java.util.StringJoiner.add(Ljava/lang/CharSequence;)Ljava/util/StringJoiner; @ 33 c2
Event: 10.019 Thread 0x0000016020023000 DEOPT PACKING pc=0x000001600dbf0a80 sp=0x00000040530f5730
Event: 10.019 Thread 0x0000016020023000 DEOPT UNPACKING pc=0x0000016005faa1af sp=0x00000040530f56e0 mode 2

Classes redefined (0 events):
No events

Internal exceptions (20 events):
Event: 9.669 Thread 0x0000016020023000 Exception <a 'java/lang/ClassNotFoundException'{0x00000000888dde88}: org/gradle/api/plugins/internal/DefaultBasePluginConventionCustomizer> (0x00000000888dde88) thrown at [./src/hotspot/share/classfile/systemDictionary.cpp, line 231]
Event: 9.674 Thread 0x0000016020023000 Exception <a 'java/lang/ClassNotFoundException'{0x000000008875dbd8}: org/gradle/api/plugins/internal/DefaultJavaPluginConventionBeanInfo> (0x000000008875dbd8) thrown at [./src/hotspot/share/classfile/systemDictionary.cpp, line 231]
Event: 9.676 Thread 0x0000016020023000 Exception <a 'java/lang/ClassNotFoundException'{0x00000000887994e8}: org/gradle/api/plugins/JavaPluginConventionBeanInfo> (0x00000000887994e8) thrown at [./src/hotspot/share/classfile/systemDictionary.cpp, line 231]
Event: 9.677 Thread 0x0000016020023000 Exception <a 'java/lang/ClassNotFoundException'{0x00000000887d4d60}: org/gradle/api/plugins/JavaPluginConventionCustomizer> (0x00000000887d4d60) thrown at [./src/hotspot/share/classfile/systemDictionary.cpp, line 231]
Event: 9.679 Thread 0x0000016020023000 Exception <a 'java/lang/ClassNotFoundException'{0x000000008862bbc8}: org/gradle/api/plugins/internal/DefaultJavaPluginConventionCustomizer> (0x000000008862bbc8) thrown at [./src/hotspot/share/classfile/systemDictionary.cpp, line 231]
Event: 9.817 Thread 0x0000016020023000 Implicit null exception at 0x000001600ddd33e6 to 0x000001600ddd34b0
Event: 9.987 Thread 0x0000016020023000 Exception <a 'java/lang/ClassNotFoundException'{0x00000000870002d0}: build_64b7z8605uzyyx7lgleq0huj6BeanInfo> (0x00000000870002d0) thrown at [./src/hotspot/share/classfile/systemDictionary.cpp, line 231]
Event: 9.988 Thread 0x0000016020023000 Exception <a 'java/lang/ClassNotFoundException'{0x000000008700b9d8}: build_64b7z8605uzyyx7lgleq0huj6Customizer> (0x000000008700b9d8) thrown at [./src/hotspot/share/classfile/systemDictionary.cpp, line 231]
Event: 10.016 Thread 0x0000016020023000 Exception <a 'java/lang/ClassNotFoundException'{0x0000000086d22048}: com/android/build/gradle/internal/dsl/BaseAppModuleExtension_DecoratedBeanInfo> (0x0000000086d22048) thrown at [./src/hotspot/share/classfile/systemDictionary.cpp, line 231]
Event: 10.017 Thread 0x0000016020023000 Exception <a 'java/lang/ClassNotFoundException'{0x0000000086d3bf10}: com/android/build/gradle/internal/dsl/BaseAppModuleExtensionBeanInfo> (0x0000000086d3bf10) thrown at [./src/hotspot/share/classfile/systemDictionary.cpp, line 231]
Event: 10.017 Thread 0x0000016020023000 Exception <a 'java/lang/ClassNotFoundException'{0x0000000086d52878}: com/android/build/gradle/AppExtensionBeanInfo> (0x0000000086d52878) thrown at [./src/hotspot/share/classfile/systemDictionary.cpp, line 231]
Event: 10.017 Thread 0x0000016020023000 Exception <a 'java/lang/ClassNotFoundException'{0x0000000086d6ae10}: com/android/build/gradle/AbstractAppExtensionBeanInfo> (0x0000000086d6ae10) thrown at [./src/hotspot/share/classfile/systemDictionary.cpp, line 231]
Event: 10.018 Thread 0x0000016020023000 Exception <a 'java/lang/ClassNotFoundException'{0x0000000086d82400}: com/android/build/gradle/TestedExtensionBeanInfo> (0x0000000086d82400) thrown at [./src/hotspot/share/classfile/systemDictionary.cpp, line 231]
Event: 10.018 Thread 0x0000016020023000 Exception <a 'java/lang/ClassNotFoundException'{0x0000000086d99998}: com/android/build/gradle/BaseExtensionBeanInfo> (0x0000000086d99998) thrown at [./src/hotspot/share/classfile/systemDictionary.cpp, line 231]
Event: 10.018 Thread 0x0000016020023000 Exception <a 'java/lang/ClassNotFoundException'{0x0000000086db0fa8}: com/android/build/gradle/BaseExtensionCustomizer> (0x0000000086db0fa8) thrown at [./src/hotspot/share/classfile/systemDictionary.cpp, line 231]
Event: 10.033 Thread 0x0000016020023000 Exception <a 'java/lang/ClassNotFoundException'{0x000000008b627170}: com/android/build/gradle/TestedExtensionCustomizer> (0x000000008b627170) thrown at [./src/hotspot/share/classfile/systemDictionary.cpp, line 231]
Event: 10.035 Thread 0x0000016020023000 Exception <a 'java/lang/ClassNotFoundException'{0x000000008b659980}: com/android/build/gradle/AbstractAppExtensionCustomizer> (0x000000008b659980) thrown at [./src/hotspot/share/classfile/systemDictionary.cpp, line 231]
Event: 10.036 Thread 0x0000016020023000 Exception <a 'java/lang/ClassNotFoundException'{0x000000008b686650}: com/android/build/gradle/AppExtensionCustomizer> (0x000000008b686650) thrown at [./src/hotspot/share/classfile/systemDictionary.cpp, line 231]
Event: 10.038 Thread 0x0000016020023000 Exception <a 'java/lang/ClassNotFoundException'{0x000000008b6b5348}: com/android/build/gradle/internal/dsl/BaseAppModuleExtensionCustomizer> (0x000000008b6b5348) thrown at [./src/hotspot/share/classfile/systemDictionary.cpp, line 231]
Event: 10.042 Thread 0x0000016020023000 Exception <a 'java/lang/ClassNotFoundException'{0x000000008b59e918}: com/android/build/gradle/internal/dsl/BaseAppModuleExtension_DecoratedCustomizer> (0x000000008b59e918) thrown at [./src/hotspot/share/classfile/systemDictionary.cpp, line 231]

Events (20 events):
Event: 10.031 loading class com/android/build/gradle/TestedExtensionCustomizer
Event: 10.031 loading class com/android/build/gradle/TestedExtensionCustomizer done
Event: 10.033 loading class com/android/build/gradle/TestedExtensionCustomizer
Event: 10.033 loading class com/android/build/gradle/TestedExtensionCustomizer done
Event: 10.034 loading class com/android/build/gradle/AbstractAppExtensionCustomizer
Event: 10.034 loading class com/android/build/gradle/AbstractAppExtensionCustomizer done
Event: 10.035 loading class com/android/build/gradle/AbstractAppExtensionCustomizer
Event: 10.035 loading class com/android/build/gradle/AbstractAppExtensionCustomizer done
Event: 10.036 loading class com/android/build/gradle/AppExtensionCustomizer
Event: 10.036 loading class com/android/build/gradle/AppExtensionCustomizer done
Event: 10.036 loading class com/android/build/gradle/AppExtensionCustomizer
Event: 10.036 loading class com/android/build/gradle/AppExtensionCustomizer done
Event: 10.037 loading class com/android/build/gradle/internal/dsl/BaseAppModuleExtensionCustomizer
Event: 10.037 loading class com/android/build/gradle/internal/dsl/BaseAppModuleExtensionCustomizer done
Event: 10.038 loading class com/android/build/gradle/internal/dsl/BaseAppModuleExtensionCustomizer
Event: 10.038 loading class com/android/build/gradle/internal/dsl/BaseAppModuleExtensionCustomizer done
Event: 10.041 loading class com/android/build/gradle/internal/dsl/BaseAppModuleExtension_DecoratedCustomizer
Event: 10.041 loading class com/android/build/gradle/internal/dsl/BaseAppModuleExtension_DecoratedCustomizer done
Event: 10.042 loading class com/android/build/gradle/internal/dsl/BaseAppModuleExtension_DecoratedCustomizer
Event: 10.042 loading class com/android/build/gradle/internal/dsl/BaseAppModuleExtension_DecoratedCustomizer done


Dynamic libraries:
0x00007ff7b47e0000 - 0x00007ff7b47ea000 	C:\Program Files\Android\Android Studio\jre\bin\java.exe
0x00007ffcda0f0000 - 0x00007ffcda2e8000 	C:\Windows\SYSTEM32\ntdll.dll
0x00007ffcd93e0000 - 0x00007ffcd949f000 	C:\Windows\System32\KERNEL32.DLL
0x00007ffcd7a40000 - 0x00007ffcd7d1a000 	C:\Windows\System32\KERNELBASE.dll
0x00007ffcd7940000 - 0x00007ffcd7a40000 	C:\Windows\System32\ucrtbase.dll
0x00007ffcc0b20000 - 0x00007ffcc0b37000 	C:\Program Files\Android\Android Studio\jre\bin\VCRUNTIME140.dll
0x00007ffcc0a30000 - 0x00007ffcc0a49000 	C:\Program Files\Android\Android Studio\jre\bin\jli.dll
0x00007ffcd8150000 - 0x00007ffcd82ed000 	C:\Windows\System32\USER32.dll
0x00007ffcc1c20000 - 0x00007ffcc1eba000 	C:\Windows\WinSxS\amd64_microsoft.windows.common-controls_6595b64144ccf1df_6.0.19041.1110_none_60b5254171f9507e\COMCTL32.dll
0x00007ffcd7800000 - 0x00007ffcd7822000 	C:\Windows\System32\win32u.dll
0x00007ffcd9340000 - 0x00007ffcd93de000 	C:\Windows\System32\msvcrt.dll
0x00007ffcd97a0000 - 0x00007ffcd97cb000 	C:\Windows\System32\GDI32.dll
0x00007ffcd7830000 - 0x00007ffcd7940000 	C:\Windows\System32\gdi32full.dll
0x00007ffcd8000000 - 0x00007ffcd809d000 	C:\Windows\System32\msvcp_win.dll
0x00007ffcda080000 - 0x00007ffcda0b0000 	C:\Windows\System32\IMM32.DLL
0x00007ffc9fab0000 - 0x00007ffc9fb4d000 	C:\Program Files\Android\Android Studio\jre\bin\msvcp140.dll
0x00007ffc613f0000 - 0x00007ffc61ed5000 	C:\Program Files\Android\Android Studio\jre\bin\server\jvm.dll
0x00007ffcd9a60000 - 0x00007ffcd9b0e000 	C:\Windows\System32\ADVAPI32.dll
0x00007ffcd97d0000 - 0x00007ffcd986c000 	C:\Windows\System32\sechost.dll
0x00007ffcd9f50000 - 0x00007ffcda076000 	C:\Windows\System32\RPCRT4.dll
0x00007ffcd94a0000 - 0x00007ffcd94a8000 	C:\Windows\System32\PSAPI.DLL
0x00007ffcbf4c0000 - 0x00007ffcbf4e7000 	C:\Windows\SYSTEM32\WINMM.dll
0x00007ffcd01c0000 - 0x00007ffcd01c9000 	C:\Windows\SYSTEM32\WSOCK32.dll
0x00007ffcccb00000 - 0x00007ffcccb0a000 	C:\Windows\SYSTEM32\VERSION.dll
0x00007ffcd8c30000 - 0x00007ffcd8c9b000 	C:\Windows\System32\WS2_32.dll
0x00007ffcd6010000 - 0x00007ffcd6022000 	C:\Windows\SYSTEM32\kernel.appcore.dll
0x00007ffccd550000 - 0x00007ffccd561000 	C:\Program Files\Android\Android Studio\jre\bin\verify.dll
0x00007ffcd2cd0000 - 0x00007ffcd2eb4000 	C:\Windows\SYSTEM32\DBGHELP.DLL
0x00007ffcbd7b0000 - 0x00007ffcbd7e4000 	C:\Windows\SYSTEM32\dbgcore.DLL
0x00007ffcd7ed0000 - 0x00007ffcd7f52000 	C:\Windows\System32\bcryptPrimitives.dll
0x00007ffcc0b90000 - 0x00007ffcc0bb9000 	C:\Program Files\Android\Android Studio\jre\bin\java.dll
0x00007ffcd00f0000 - 0x00007ffcd00fb000 	C:\Program Files\Android\Android Studio\jre\bin\jimage.dll
0x00007ffccd440000 - 0x00007ffccd458000 	C:\Program Files\Android\Android Studio\jre\bin\zip.dll
0x00007ffcd84e0000 - 0x00007ffcd8c24000 	C:\Windows\System32\SHELL32.dll
0x00007ffcd2470000 - 0x00007ffcd2c03000 	C:\Windows\SYSTEM32\windows.storage.dll
0x00007ffcd9bf0000 - 0x00007ffcd9f44000 	C:\Windows\System32\combase.dll
0x00007ffcd7260000 - 0x00007ffcd728e000 	C:\Windows\SYSTEM32\Wldp.dll
0x00007ffcd9950000 - 0x00007ffcd99fd000 	C:\Windows\System32\SHCORE.dll
0x00007ffcd9250000 - 0x00007ffcd92a5000 	C:\Windows\System32\shlwapi.dll
0x00007ffcd7740000 - 0x00007ffcd775f000 	C:\Windows\SYSTEM32\profapi.dll
0x00007ffcd01d0000 - 0x00007ffcd01ea000 	C:\Program Files\Android\Android Studio\jre\bin\net.dll
0x00007ffccf180000 - 0x00007ffccf28a000 	C:\Windows\SYSTEM32\WINHTTP.dll
0x00007ffcd6fc0000 - 0x00007ffcd702a000 	C:\Windows\system32\mswsock.dll
0x00007ffccd0e0000 - 0x00007ffccd0f4000 	C:\Program Files\Android\Android Studio\jre\bin\nio.dll
0x00007ffcc07b0000 - 0x00007ffcc07d7000 	C:\Users\jeawo\.gradle\native\e1d6ef7f7dcc3fd88c89a11ec53ec762bb8ba0a96d01ffa2cd45eb1d1d8dd5c5\windows-amd64\native-platform.dll
0x00007ffc9e6e0000 - 0x00007ffc9e824000 	C:\Users\jeawo\.gradle\native\5664cfc778a61ccfe75a443a1ab52a65af34e5dc3c78e0209fed803814484fcb\windows-amd64\native-platform-file-events.dll
0x00007ffccd4b0000 - 0x00007ffccd4ba000 	C:\Program Files\Android\Android Studio\jre\bin\management.dll
0x00007ffccd390000 - 0x00007ffccd39d000 	C:\Program Files\Android\Android Studio\jre\bin\management_ext.dll
0x00007ffcd71b0000 - 0x00007ffcd71c8000 	C:\Windows\SYSTEM32\CRYPTSP.dll
0x00007ffcd6840000 - 0x00007ffcd6874000 	C:\Windows\system32\rsaenh.dll
0x00007ffcd7fd0000 - 0x00007ffcd7ff7000 	C:\Windows\System32\bcrypt.dll
0x00007ffcd7700000 - 0x00007ffcd772e000 	C:\Windows\SYSTEM32\USERENV.dll
0x00007ffcd71d0000 - 0x00007ffcd71dc000 	C:\Windows\SYSTEM32\CRYPTBASE.dll
0x00007ffcd6c60000 - 0x00007ffcd6c9c000 	C:\Windows\SYSTEM32\IPHLPAPI.DLL
0x00007ffcd92b0000 - 0x00007ffcd92b8000 	C:\Windows\System32\NSI.dll
0x00007ffccd280000 - 0x00007ffccd297000 	C:\Windows\SYSTEM32\dhcpcsvc6.DLL
0x00007ffcccb30000 - 0x00007ffcccb4d000 	C:\Windows\SYSTEM32\dhcpcsvc.DLL
0x00007ffcd6cb0000 - 0x00007ffcd6d7b000 	C:\Windows\SYSTEM32\DNSAPI.dll

dbghelp: loaded successfully - version: 4.0.5 - missing functions: none
symbol engine: initialized successfully - sym options: 0x614 - pdb path: .;C:\Program Files\Android\Android Studio\jre\bin;C:\Windows\SYSTEM32;C:\Windows\WinSxS\amd64_microsoft.windows.common-controls_6595b64144ccf1df_6.0.19041.1110_none_60b5254171f9507e;C:\Program Files\Android\Android Studio\jre\bin\server;C:\Users\jeawo\.gradle\native\e1d6ef7f7dcc3fd88c89a11ec53ec762bb8ba0a96d01ffa2cd45eb1d1d8dd5c5\windows-amd64;C:\Users\jeawo\.gradle\native\5664cfc778a61ccfe75a443a1ab52a65af34e5dc3c78e0209fed803814484fcb\windows-amd64

VM Arguments:
jvm_args: --add-opens=java.base/java.util=ALL-UNNAMED --add-opens=java.base/java.lang=ALL-UNNAMED --add-opens=java.base/java.lang.invoke=ALL-UNNAMED --add-opens=java.base/java.util=ALL-UNNAMED --add-opens=java.prefs/java.util.prefs=ALL-UNNAMED --add-opens=java.prefs/java.util.prefs=ALL-UNNAMED --add-opens=java.base/java.nio.charset=ALL-UNNAMED --add-opens=java.base/java.net=ALL-UNNAMED --add-opens=java.base/java.util.concurrent.atomic=ALL-UNNAMED -Xmx2048m -Dfile.encoding=UTF-8 -Duser.country=KR -Duser.language=ko -Duser.variant 
java_command: org.gradle.launcher.daemon.bootstrap.GradleDaemon 7.3.3
java_class_path (initial): C:\Users\jeawo\.gradle\wrapper\dists\gradle-7.3.3-bin\6a41zxkdtcxs8rphpq6y0069z\gradle-7.3.3\lib\gradle-launcher-7.3.3.jar
Launcher Type: SUN_STANDARD

[Global flags]
     intx CICompilerCount                          = 4                                         {product} {ergonomic}
     uint ConcGCThreads                            = 2                                         {product} {ergonomic}
     uint G1ConcRefinementThreads                  = 8                                         {product} {ergonomic}
   size_t G1HeapRegionSize                         = 1048576                                   {product} {ergonomic}
    uintx GCDrainStackTargetSize                   = 64                                        {product} {ergonomic}
   size_t InitialHeapSize                          = 132120576                                 {product} {ergonomic}
   size_t MarkStackSize                            = 4194304                                   {product} {ergonomic}
   size_t MaxHeapSize                              = 2147483648                                {product} {command line}
   size_t MaxNewSize                               = 1287651328                                {product} {ergonomic}
   size_t MinHeapDeltaBytes                        = 1048576                                   {product} {ergonomic}
    uintx NonNMethodCodeHeapSize                   = 5836300                                {pd product} {ergonomic}
    uintx NonProfiledCodeHeapSize                  = 122910970                              {pd product} {ergonomic}
    uintx ProfiledCodeHeapSize                     = 122910970                              {pd product} {ergonomic}
    uintx ReservedCodeCacheSize                    = 251658240                              {pd product} {ergonomic}
     bool SegmentedCodeCache                       = true                                      {product} {ergonomic}
     bool UseCompressedClassPointers               = true                                 {lp64_product} {ergonomic}
     bool UseCompressedOops                        = true                                 {lp64_product} {ergonomic}
     bool UseG1GC                                  = true                                      {product} {ergonomic}
     bool UseLargePagesIndividualAllocation        = false                                  {pd product} {ergonomic}

Logging:
Log output configuration:
 #0: stdout all=warning uptime,level,tags
 #1: stderr all=off uptime,level,tags

Environment Variables:
PATH=C:\Windows\system32;C:\Windows;C:\Windows\System32\Wbem;C:\Windows\System32\WindowsPowerShell\v1.0\;C:\Windows\System32\OpenSSH\;C:\Program Files\Git\cmd;C:\Program Files\dotnet\;C:\Program Files\Docker\Docker\resources\bin;C:\ProgramData\DockerDesktop\version-bin;C:\Users\jeawo\anaconda3;C:\Users\jeawo\anaconda3\Library\mingw-w64\bin;C:\Users\jeawo\anaconda3\Library\usr\bin;C:\Users\jeawo\anaconda3\Library\bin;C:\Users\jeawo\anaconda3\Scripts;C:\Users\jeawo\AppData\Local\Microsoft\WindowsApps;C:\Program Files\JetBrains\IntelliJ IDEA Community Edition 2022.1.1\bin;;C:\Users\jeawo\AppData\Local\Programs\Microsoft VS Code\bin;C:\Users\jeawo\AppData\Local\afreeca
USERNAME=jeawo
OS=Windows_NT
PROCESSOR_IDENTIFIER=Intel64 Family 6 Model 142 Stepping 12, GenuineIntel



---------------  S Y S T E M  ---------------

OS: Windows 10 , 64 bit Build 19041 (10.0.19041.2788)
OS uptime: 5 days 2:43 hours
Hyper-V role detected

CPU:total 8 (initial active 8) (4 cores per cpu, 2 threads per core) family 6 model 142 stepping 12 microcode 0xca, cmov, cx8, fxsr, mmx, sse, sse2, sse3, ssse3, sse4.1, sse4.2, popcnt, avx, avx2, aes, clmul, erms, 3dnowpref, lzcnt, ht, tsc, tscinvbit, bmi1, bmi2, adx, fma

Memory: 4k page, system-wide physical 8001M (499M free)
TotalPageFile size 32577M (AvailPageFile size 4M)
current process WorkingSet (physical memory assigned to process): 413M, peak: 413M
current process commit charge ("private bytes"): 468M, peak: 468M

vm_info: OpenJDK 64-Bit Server VM (11.0.12+7-b1504.28-7817840) for windows-amd64 JRE (11.0.12+7-b1504.28-7817840), built on Oct 13 2021 22:12:33 by "builder" with MS VC++ 14.0 (VS2015)

END.
