#
# There is insufficient memory for the Java Runtime Environment to continue.
# Native memory allocation (malloc) failed to allocate 741216 bytes for Chunk::new
# Possible reasons:
#   The system is out of physical RAM or swap space
#   The process is running with CompressedOops enabled, and the Java Heap may be blocking the growth of the native heap
# Possible solutions:
#   Reduce memory load on the system
#   Increase physical memory or swap space
#   Check if swap backing store is full
#   Decrease Java heap size (-Xmx/-Xms)
#   Decrease number of Java threads
#   Decrease Java thread stack sizes (-Xss)
#   Set larger code cache with -XX:ReservedCodeCacheSize=
#   JVM is running with Unscaled Compressed Oops mode in which the Java heap is
#     placed in the first 4GB address space. The Java Heap base address is the
#     maximum limit for the native heap growth. Please use -XX:HeapBaseMinAddress
#     to set the Java Heap base and to place the Java Heap above 4GB virtual address.
# This output file may be truncated or incomplete.
#
#  Out of Memory Error (./src/hotspot/share/memory/arena.cpp:197), pid=2136, tid=11112
#
# JRE version: OpenJDK Runtime Environment (11.0.12+7) (build 11.0.12+7-b1504.28-7817840)
# Java VM: OpenJDK 64-Bit Server VM (11.0.12+7-b1504.28-7817840, mixed mode, tiered, compressed oops, g1 gc, windows-amd64)
# No core dump will be written. Minidumps are not enabled by default on client versions of Windows
#

---------------  S U M M A R Y ------------

Command Line: --add-opens=java.base/java.util=ALL-UNNAMED --add-opens=java.base/java.lang=ALL-UNNAMED --add-opens=java.base/java.lang.invoke=ALL-UNNAMED --add-opens=java.base/java.util=ALL-UNNAMED --add-opens=java.prefs/java.util.prefs=ALL-UNNAMED --add-opens=java.prefs/java.util.prefs=ALL-UNNAMED --add-opens=java.base/java.nio.charset=ALL-UNNAMED --add-opens=java.base/java.net=ALL-UNNAMED --add-opens=java.base/java.util.concurrent.atomic=ALL-UNNAMED -Xmx2048m -Dfile.encoding=UTF-8 -Duser.country=KR -Duser.language=ko -Duser.variant org.gradle.launcher.daemon.bootstrap.GradleDaemon 7.3.3

Host: Intel(R) Core(TM) i5-10210U CPU @ 1.60GHz, 8 cores, 7G,  Windows 10 , 64 bit Build 19041 (10.0.19041.2788)
Time: Tue May  9 19:31:09 2023 대한민국 표준시 elapsed time: 16.096285 seconds (0d 0h 0m 16s)

---------------  T H R E A D  ---------------

Current thread (0x000002249d8d3800):  JavaThread "C2 CompilerThread1" daemon [_thread_in_native, id=11112, stack(0x0000009bb1800000,0x0000009bb1900000)]


Current CompileTask:
C2:  16096 11045 %     4       android.databinding.tool.reflection.SdkUtil$ApiChecker::buildFullLookup @ 124 (252 bytes)

Stack: [0x0000009bb1800000,0x0000009bb1900000]
Native frames: (J=compiled Java code, j=interpreted, Vv=VM code, C=native code)
V  [jvm.dll+0x5fbcea]
V  [jvm.dll+0x731905]
V  [jvm.dll+0x732f1d]
V  [jvm.dll+0x7335d3]
V  [jvm.dll+0x247bf8]
V  [jvm.dll+0xc018c]
V  [jvm.dll+0xc06cc]
V  [jvm.dll+0x2bcc04]
V  [jvm.dll+0x5113a8]
V  [jvm.dll+0x208303]
V  [jvm.dll+0x201fe0]
V  [jvm.dll+0x1ff71f]
V  [jvm.dll+0x18868c]
V  [jvm.dll+0x20e0d7]
V  [jvm.dll+0x20c901]
V  [jvm.dll+0x6f9b7f]
V  [jvm.dll+0x6f26a5]
V  [jvm.dll+0x5fabf6]
C  [ucrtbase.dll+0x21bb2]
C  [KERNEL32.DLL+0x17604]
C  [ntdll.dll+0x526a1]


---------------  P R O C E S S  ---------------

Threads class SMR info:
_java_thread_list=0x00000224a0287e90, length=142, elements={
0x00000224fdbad000, 0x000002249a0bc000, 0x000002249a0b3000, 0x000002249a92b800,
0x000002249a92c000, 0x000002249a92d000, 0x000002249a930000, 0x000002249a933800,
0x000002249a934800, 0x000002249aabe000, 0x000002249c445800, 0x000002249c447000,
0x000002249c446800, 0x000002249c443000, 0x000002249c449800, 0x000002249c448000,
0x000002249c449000, 0x000002249c444000, 0x000002249c445000, 0x000002249dcb0800,
0x000002249dcb2000, 0x000002249dcb1000, 0x000002249dcad000, 0x000002249dcac800,
0x000002249dcb3000, 0x000002249dcb3800, 0x000002249dcaf800, 0x000002249dcae000,
0x000002249d8d3800, 0x000002249dcb4800, 0x000002249dcae800, 0x000002249fe1b800,
0x000002249dcba000, 0x000002249dcb5800, 0x000002249dcb7000, 0x000002249dcb7800,
0x000002249dcb9800, 0x000002249bb18000, 0x000002249bb18800, 0x000002249bb14800,
0x000002249bb13000, 0x000002249bb19800, 0x000002249bb14000, 0x000002249bb1a800,
0x000002249bb1b000, 0x000002249bb16800, 0x000002249bb15800, 0x000002249bb17000,
0x000002249bb21000, 0x000002249bb1d800, 0x000002249bb20000, 0x000002249bb1c000,
0x000002249bb1e800, 0x000002249bb1f800, 0x000002249bb21800, 0x000002249bb1d000,
0x000002249bc96800, 0x000002249bc95000, 0x000002249bc97000, 0x000002249bc94000,
0x000002249bc95800, 0x000002249bc93000, 0x000002249bc9d000, 0x000002249bc9c000,
0x000002249bc98000, 0x000002249bc9d800, 0x000002249bc9e800, 0x000002249bc99000,
0x000002249bc9f800, 0x000002249bc9a800, 0x000002249bc99800, 0x000002249bca0000,
0x000002249bca1000, 0x000002249bc9b800, 0x000002249bca2000, 0x000002249e894800,
0x000002249e88f800, 0x000002249e891000, 0x000002249e893000, 0x000002249e895800,
0x000002249e893800, 0x000002249e892000, 0x000002249e896000, 0x000002249e890800,
0x000002249e897000, 0x000002249e899800, 0x000002249e897800, 0x000002249e89c800,
0x000002249e898800, 0x000002249e89a000, 0x000002249e89d800, 0x000002249e89b000,
0x000002249e89e000, 0x000002249e89c000, 0x00000224a21ce000, 0x00000224a21cd800,
0x00000224a21cf000, 0x00000224a21cc800, 0x00000224a21d0800, 0x00000224a21cf800,
0x00000224a21d6800, 0x00000224a21d2000, 0x00000224a21d1800, 0x00000224a21d4800,
0x00000224a21d3000, 0x00000224a21d9800, 0x00000224a21d4000, 0x00000224a21da800,
0x00000224a21d7000, 0x00000224a21d8000, 0x00000224a21db000, 0x00000224a21d5800,
0x00000224a21d8800, 0x000002249d1c4000, 0x000002249d1c9000, 0x000002249d1c5800,
0x000002249d1c8000, 0x000002249d1c3800, 0x000002249d1c6800, 0x000002249d1ca000,
0x000002249d1ca800, 0x000002249d1c5000, 0x000002249d1cb800, 0x000002249d1cc000,
0x000002249d1c7800, 0x000002249d1d1000, 0x000002249d1d2000, 0x000002249d1ce000,
0x000002249d1ce800, 0x000002249d1cf800, 0x000002249d1d0800, 0x00000224a575f000,
0x00000224a575b000, 0x00000224a575b800, 0x00000224a575a000, 0x00000224a575e000,
0x00000224a5759000, 0x00000224a575f800, 0x00000224a5762000, 0x00000224a5760800,
0x00000224a575c800, 0x00000224a5763000
}

Java Threads: ( => current thread )
  0x00000224fdbad000 JavaThread "main" [_thread_blocked, id=12544, stack(0x0000009baed00000,0x0000009baee00000)]
  0x000002249a0bc000 JavaThread "Reference Handler" daemon [_thread_blocked, id=25936, stack(0x0000009baf400000,0x0000009baf500000)]
  0x000002249a0b3000 JavaThread "Finalizer" daemon [_thread_blocked, id=19500, stack(0x0000009baf500000,0x0000009baf600000)]
  0x000002249a92b800 JavaThread "Signal Dispatcher" daemon [_thread_blocked, id=15672, stack(0x0000009baf600000,0x0000009baf700000)]
  0x000002249a92c000 JavaThread "Attach Listener" daemon [_thread_blocked, id=24076, stack(0x0000009baf700000,0x0000009baf800000)]
  0x000002249a92d000 JavaThread "Service Thread" daemon [_thread_blocked, id=15132, stack(0x0000009baf800000,0x0000009baf900000)]
  0x000002249a930000 JavaThread "C2 CompilerThread0" daemon [_thread_in_native, id=1988, stack(0x0000009baf900000,0x0000009bafa00000)]
  0x000002249a933800 JavaThread "C1 CompilerThread0" daemon [_thread_blocked, id=23792, stack(0x0000009bafa00000,0x0000009bafb00000)]
  0x000002249a934800 JavaThread "Sweeper thread" daemon [_thread_blocked, id=15144, stack(0x0000009bafb00000,0x0000009bafc00000)]
  0x000002249aabe000 JavaThread "Common-Cleaner" daemon [_thread_blocked, id=12676, stack(0x0000009bafc00000,0x0000009bafd00000)]
  0x000002249c445800 JavaThread "Daemon health stats" [_thread_blocked, id=3820, stack(0x0000009bb0200000,0x0000009bb0300000)]
  0x000002249c447000 JavaThread "Incoming local TCP Connector on port 63521" [_thread_in_native, id=3812, stack(0x0000009bafe00000,0x0000009baff00000)]
  0x000002249c446800 JavaThread "Daemon periodic checks" [_thread_blocked, id=18472, stack(0x0000009baff00000,0x0000009bb0000000)]
  0x000002249c443000 JavaThread "Daemon" [_thread_blocked, id=21956, stack(0x0000009bb0300000,0x0000009bb0400000)]
  0x000002249c449800 JavaThread "Handler for socket connection from /127.0.0.1:63521 to /127.0.0.1:63522" [_thread_in_native, id=7488, stack(0x0000009bb0400000,0x0000009bb0500000)]
  0x000002249c448000 JavaThread "Cancel handler" [_thread_blocked, id=17224, stack(0x0000009bb0500000,0x0000009bb0600000)]
  0x000002249c449000 JavaThread "Daemon worker" [_thread_blocked, id=18196, stack(0x0000009bb0600000,0x0000009bb0700000)]
  0x000002249c444000 JavaThread "Asynchronous log dispatcher for DefaultDaemonConnection: socket connection from /127.0.0.1:63521 to /127.0.0.1:63522" [_thread_blocked, id=27256, stack(0x0000009bb0700000,0x0000009bb0800000)]
  0x000002249c445000 JavaThread "Stdin handler" [_thread_blocked, id=10928, stack(0x0000009bb0800000,0x0000009bb0900000)]
  0x000002249dcb0800 JavaThread "Daemon client event forwarder" [_thread_blocked, id=25908, stack(0x0000009bb0900000,0x0000009bb0a00000)]
  0x000002249dcb2000 JavaThread "Cache worker for journal cache (C:\Users\jeawo\.gradle\caches\journal-1)" [_thread_blocked, id=21744, stack(0x0000009bb1000000,0x0000009bb1100000)]
  0x000002249dcb1000 JavaThread "File lock request listener" [_thread_in_native, id=22468, stack(0x0000009bb1100000,0x0000009bb1200000)]
  0x000002249dcad000 JavaThread "Cache worker for file hash cache (C:\Users\jeawo\.gradle\caches\7.3.3\fileHashes)" [_thread_blocked, id=24120, stack(0x0000009bb1200000,0x0000009bb1300000)]
  0x000002249dcac800 JavaThread "Cache worker for file hash cache (C:\Users\jeawo\USB_JAVA_UI\.gradle\7.3.3\fileHashes)" [_thread_blocked, id=8952, stack(0x0000009bb1400000,0x0000009bb1500000)]
  0x000002249dcb3000 JavaThread "File watcher server" daemon [_thread_in_native, id=24796, stack(0x0000009bb1500000,0x0000009bb1600000)]
  0x000002249dcb3800 JavaThread "File watcher consumer" daemon [_thread_blocked, id=11124, stack(0x0000009bb1600000,0x0000009bb1700000)]
  0x000002249dcaf800 JavaThread "Cache worker for checksums cache (C:\Users\jeawo\USB_JAVA_UI\.gradle\7.3.3\checksums)" [_thread_blocked, id=24256, stack(0x0000009bb0a00000,0x0000009bb0b00000)]
  0x000002249dcae000 JavaThread "Cache worker for cache directory md-supplier (C:\Users\jeawo\.gradle\caches\7.3.3\md-supplier)" [_thread_blocked, id=11916, stack(0x0000009bb1700000,0x0000009bb1800000)]
=>0x000002249d8d3800 JavaThread "C2 CompilerThread1" daemon [_thread_in_native, id=11112, stack(0x0000009bb1800000,0x0000009bb1900000)]
  0x000002249dcb4800 JavaThread "Cache worker for cache directory md-rule (C:\Users\jeawo\.gradle\caches\7.3.3\md-rule)" [_thread_blocked, id=7728, stack(0x0000009bb1900000,0x0000009bb1a00000)]
  0x000002249dcae800 JavaThread "Cache worker for execution history cache (C:\Users\jeawo\.gradle\caches\7.3.3\executionHistory)" [_thread_blocked, id=12956, stack(0x0000009bb1a00000,0x0000009bb1b00000)]
  0x000002249fe1b800 JavaThread "C2 CompilerThread2" daemon [_thread_in_native, id=27152, stack(0x0000009bb1b00000,0x0000009bb1c00000)]
  0x000002249dcba000 JavaThread "jar transforms" [_thread_blocked, id=14724, stack(0x0000009bb1c00000,0x0000009bb1d00000)]
  0x000002249dcb5800 JavaThread "Cache worker for file content cache (C:\Users\jeawo\.gradle\caches\7.3.3\fileContent)" [_thread_blocked, id=22072, stack(0x0000009bb1d00000,0x0000009bb1e00000)]
  0x000002249dcb7000 JavaThread "jar transforms Thread 2" [_thread_blocked, id=2484, stack(0x0000009bb1e00000,0x0000009bb1f00000)]
  0x000002249dcb7800 JavaThread "Cache worker for dependencies-accessors (C:\Users\jeawo\USB_JAVA_UI\.gradle\7.3.3\dependencies-accessors)" [_thread_blocked, id=6852, stack(0x0000009bb1f00000,0x0000009bb2000000)]
  0x000002249dcb9800 JavaThread "jar transforms Thread 3" [_thread_blocked, id=27488, stack(0x0000009bb2000000,0x0000009bb2100000)]
  0x000002249bb18000 JavaThread "Cache worker for Build Output Cleanup Cache (C:\Users\jeawo\USB_JAVA_UI\.gradle\buildOutputCleanup)" [_thread_blocked, id=16420, stack(0x0000009bb2100000,0x0000009bb2200000)]
  0x000002249bb18800 JavaThread "Unconstrained build operations" [_thread_blocked, id=15084, stack(0x0000009bb2200000,0x0000009bb2300000)]
  0x000002249bb14800 JavaThread "Unconstrained build operations Thread 2" [_thread_blocked, id=23124, stack(0x0000009bb2300000,0x0000009bb2400000)]
  0x000002249bb13000 JavaThread "Unconstrained build operations Thread 3" [_thread_blocked, id=13680, stack(0x0000009bb2400000,0x0000009bb2500000)]
  0x000002249bb19800 JavaThread "Unconstrained build operations Thread 4" [_thread_blocked, id=22576, stack(0x0000009bb2500000,0x0000009bb2600000)]
  0x000002249bb14000 JavaThread "Unconstrained build operations Thread 5" [_thread_blocked, id=23864, stack(0x0000009bb2600000,0x0000009bb2700000)]
  0x000002249bb1a800 JavaThread "Unconstrained build operations Thread 6" [_thread_blocked, id=25112, stack(0x0000009bb2700000,0x0000009bb2800000)]
  0x000002249bb1b000 JavaThread "Unconstrained build operations Thread 7" [_thread_blocked, id=23920, stack(0x0000009bb2800000,0x0000009bb2900000)]
  0x000002249bb16800 JavaThread "Unconstrained build operations Thread 8" [_thread_blocked, id=22568, stack(0x0000009bb2900000,0x0000009bb2a00000)]
  0x000002249bb15800 JavaThread "Unconstrained build operations Thread 9" [_thread_blocked, id=13652, stack(0x0000009bb2a00000,0x0000009bb2b00000)]
  0x000002249bb17000 JavaThread "Unconstrained build operations Thread 10" [_thread_blocked, id=24040, stack(0x0000009bb2b00000,0x0000009bb2c00000)]
  0x000002249bb21000 JavaThread "Unconstrained build operations Thread 11" [_thread_blocked, id=25804, stack(0x0000009bb2c00000,0x0000009bb2d00000)]
  0x000002249bb1d800 JavaThread "Unconstrained build operations Thread 12" [_thread_blocked, id=19248, stack(0x0000009bb2d00000,0x0000009bb2e00000)]
  0x000002249bb20000 JavaThread "Unconstrained build operations Thread 13" [_thread_blocked, id=10148, stack(0x0000009bb2e00000,0x0000009bb2f00000)]
  0x000002249bb1c000 JavaThread "Unconstrained build operations Thread 14" [_thread_blocked, id=16200, stack(0x0000009bb2f00000,0x0000009bb3000000)]
  0x000002249bb1e800 JavaThread "Unconstrained build operations Thread 15" [_thread_blocked, id=19228, stack(0x0000009bb3000000,0x0000009bb3100000)]
  0x000002249bb1f800 JavaThread "Unconstrained build operations Thread 16" [_thread_blocked, id=17800, stack(0x0000009bb3100000,0x0000009bb3200000)]
  0x000002249bb21800 JavaThread "Unconstrained build operations Thread 17" [_thread_blocked, id=20100, stack(0x0000009bb3200000,0x0000009bb3300000)]
  0x000002249bb1d000 JavaThread "Unconstrained build operations Thread 18" [_thread_blocked, id=26544, stack(0x0000009bb3300000,0x0000009bb3400000)]
  0x000002249bc96800 JavaThread "Unconstrained build operations Thread 19" [_thread_blocked, id=11404, stack(0x0000009bb3400000,0x0000009bb3500000)]
  0x000002249bc95000 JavaThread "Unconstrained build operations Thread 20" [_thread_blocked, id=26608, stack(0x0000009bb3500000,0x0000009bb3600000)]
  0x000002249bc97000 JavaThread "Unconstrained build operations Thread 21" [_thread_blocked, id=11980, stack(0x0000009bb3600000,0x0000009bb3700000)]
  0x000002249bc94000 JavaThread "Unconstrained build operations Thread 22" [_thread_blocked, id=24640, stack(0x0000009bb3700000,0x0000009bb3800000)]
  0x000002249bc95800 JavaThread "Unconstrained build operations Thread 23" [_thread_blocked, id=6080, stack(0x0000009bb3800000,0x0000009bb3900000)]
  0x000002249bc93000 JavaThread "Unconstrained build operations Thread 24" [_thread_blocked, id=21088, stack(0x0000009bb3900000,0x0000009bb3a00000)]
  0x000002249bc9d000 JavaThread "Unconstrained build operations Thread 25" [_thread_blocked, id=27308, stack(0x0000009bb3a00000,0x0000009bb3b00000)]
  0x000002249bc9c000 JavaThread "Unconstrained build operations Thread 26" [_thread_blocked, id=16416, stack(0x0000009bb3b00000,0x0000009bb3c00000)]
  0x000002249bc98000 JavaThread "Unconstrained build operations Thread 27" [_thread_blocked, id=11888, stack(0x0000009bb3c00000,0x0000009bb3d00000)]
  0x000002249bc9d800 JavaThread "Unconstrained build operations Thread 28" [_thread_blocked, id=11028, stack(0x0000009bb3d00000,0x0000009bb3e00000)]
  0x000002249bc9e800 JavaThread "Unconstrained build operations Thread 29" [_thread_blocked, id=24756, stack(0x0000009bb3e00000,0x0000009bb3f00000)]
  0x000002249bc99000 JavaThread "Unconstrained build operations Thread 30" [_thread_blocked, id=3432, stack(0x0000009bb3f00000,0x0000009bb4000000)]
  0x000002249bc9f800 JavaThread "Unconstrained build operations Thread 31" [_thread_blocked, id=27132, stack(0x0000009bb4000000,0x0000009bb4100000)]
  0x000002249bc9a800 JavaThread "Unconstrained build operations Thread 32" [_thread_blocked, id=26336, stack(0x0000009bb4100000,0x0000009bb4200000)]
  0x000002249bc99800 JavaThread "Unconstrained build operations Thread 33" [_thread_blocked, id=15512, stack(0x0000009bb4200000,0x0000009bb4300000)]
  0x000002249bca0000 JavaThread "Unconstrained build operations Thread 34" [_thread_blocked, id=15972, stack(0x0000009bb4300000,0x0000009bb4400000)]
  0x000002249bca1000 JavaThread "Unconstrained build operations Thread 35" [_thread_blocked, id=23436, stack(0x0000009bb4400000,0x0000009bb4500000)]
  0x000002249bc9b800 JavaThread "Unconstrained build operations Thread 36" [_thread_blocked, id=24940, stack(0x0000009bb4500000,0x0000009bb4600000)]
  0x000002249bca2000 JavaThread "Unconstrained build operations Thread 37" [_thread_blocked, id=27624, stack(0x0000009bb4600000,0x0000009bb4700000)]
  0x000002249e894800 JavaThread "Unconstrained build operations Thread 38" [_thread_blocked, id=24348, stack(0x0000009bb4700000,0x0000009bb4800000)]
  0x000002249e88f800 JavaThread "Unconstrained build operations Thread 39" [_thread_blocked, id=26252, stack(0x0000009bb4800000,0x0000009bb4900000)]
  0x000002249e891000 JavaThread "Unconstrained build operations Thread 40" [_thread_blocked, id=12208, stack(0x0000009bb4900000,0x0000009bb4a00000)]
  0x000002249e893000 JavaThread "Unconstrained build operations Thread 41" [_thread_blocked, id=15836, stack(0x0000009bb4a00000,0x0000009bb4b00000)]
  0x000002249e895800 JavaThread "Unconstrained build operations Thread 42" [_thread_blocked, id=8780, stack(0x0000009bb4b00000,0x0000009bb4c00000)]
  0x000002249e893800 JavaThread "Unconstrained build operations Thread 43" [_thread_blocked, id=15056, stack(0x0000009bb4c00000,0x0000009bb4d00000)]
  0x000002249e892000 JavaThread "Unconstrained build operations Thread 44" [_thread_blocked, id=7440, stack(0x0000009bb4d00000,0x0000009bb4e00000)]
  0x000002249e896000 JavaThread "Unconstrained build operations Thread 45" [_thread_blocked, id=20308, stack(0x0000009bb4e00000,0x0000009bb4f00000)]
  0x000002249e890800 JavaThread "Unconstrained build operations Thread 46" [_thread_blocked, id=24204, stack(0x0000009bb4f00000,0x0000009bb5000000)]
  0x000002249e897000 JavaThread "Unconstrained build operations Thread 47" [_thread_blocked, id=18060, stack(0x0000009bb5000000,0x0000009bb5100000)]
  0x000002249e899800 JavaThread "Unconstrained build operations Thread 48" [_thread_blocked, id=17464, stack(0x0000009bb5100000,0x0000009bb5200000)]
  0x000002249e897800 JavaThread "Unconstrained build operations Thread 49" [_thread_blocked, id=9352, stack(0x0000009bb5200000,0x0000009bb5300000)]
  0x000002249e89c800 JavaThread "Unconstrained build operations Thread 50" [_thread_blocked, id=8140, stack(0x0000009bb5300000,0x0000009bb5400000)]
  0x000002249e898800 JavaThread "Unconstrained build operations Thread 51" [_thread_blocked, id=24336, stack(0x0000009bb5400000,0x0000009bb5500000)]
  0x000002249e89a000 JavaThread "Unconstrained build operations Thread 52" [_thread_blocked, id=6512, stack(0x0000009bb5500000,0x0000009bb5600000)]
  0x000002249e89d800 JavaThread "Unconstrained build operations Thread 53" [_thread_blocked, id=27380, stack(0x0000009bb5600000,0x0000009bb5700000)]
  0x000002249e89b000 JavaThread "Unconstrained build operations Thread 54" [_thread_blocked, id=4328, stack(0x0000009bb5700000,0x0000009bb5800000)]
  0x000002249e89e000 JavaThread "Unconstrained build operations Thread 55" [_thread_blocked, id=5744, stack(0x0000009bb5800000,0x0000009bb5900000)]
  0x000002249e89c000 JavaThread "Unconstrained build operations Thread 56" [_thread_blocked, id=24660, stack(0x0000009bb5900000,0x0000009bb5a00000)]
  0x00000224a21ce000 JavaThread "Unconstrained build operations Thread 57" [_thread_blocked, id=27496, stack(0x0000009bb5a00000,0x0000009bb5b00000)]
  0x00000224a21cd800 JavaThread "Unconstrained build operations Thread 58" [_thread_blocked, id=24208, stack(0x0000009bb5b00000,0x0000009bb5c00000)]
  0x00000224a21cf000 JavaThread "Unconstrained build operations Thread 59" [_thread_blocked, id=17580, stack(0x0000009bb5c00000,0x0000009bb5d00000)]
  0x00000224a21cc800 JavaThread "Unconstrained build operations Thread 60" [_thread_blocked, id=15120, stack(0x0000009bb5d00000,0x0000009bb5e00000)]
  0x00000224a21d0800 JavaThread "Unconstrained build operations Thread 61" [_thread_blocked, id=24080, stack(0x0000009bb5e00000,0x0000009bb5f00000)]
  0x00000224a21cf800 JavaThread "Unconstrained build operations Thread 62" [_thread_blocked, id=13224, stack(0x0000009bb5f00000,0x0000009bb6000000)]
  0x00000224a21d6800 JavaThread "Unconstrained build operations Thread 63" [_thread_blocked, id=17808, stack(0x0000009bb6000000,0x0000009bb6100000)]
  0x00000224a21d2000 JavaThread "Unconstrained build operations Thread 64" [_thread_blocked, id=19036, stack(0x0000009bb6100000,0x0000009bb6200000)]
  0x00000224a21d1800 JavaThread "Unconstrained build operations Thread 65" [_thread_blocked, id=2800, stack(0x0000009bb6200000,0x0000009bb6300000)]
  0x00000224a21d4800 JavaThread "Unconstrained build operations Thread 66" [_thread_blocked, id=25972, stack(0x0000009bb6300000,0x0000009bb6400000)]
  0x00000224a21d3000 JavaThread "Unconstrained build operations Thread 67" [_thread_blocked, id=24352, stack(0x0000009bb6400000,0x0000009bb6500000)]
  0x00000224a21d9800 JavaThread "Unconstrained build operations Thread 68" [_thread_blocked, id=26824, stack(0x0000009bb6500000,0x0000009bb6600000)]
  0x00000224a21d4000 JavaThread "Unconstrained build operations Thread 69" [_thread_blocked, id=12168, stack(0x0000009bb6600000,0x0000009bb6700000)]
  0x00000224a21da800 JavaThread "Unconstrained build operations Thread 70" [_thread_blocked, id=16784, stack(0x0000009bb6700000,0x0000009bb6800000)]
  0x00000224a21d7000 JavaThread "Unconstrained build operations Thread 71" [_thread_blocked, id=21080, stack(0x0000009bb6800000,0x0000009bb6900000)]
  0x00000224a21d8000 JavaThread "Unconstrained build operations Thread 72" [_thread_blocked, id=14116, stack(0x0000009bb6900000,0x0000009bb6a00000)]
  0x00000224a21db000 JavaThread "Unconstrained build operations Thread 73" [_thread_blocked, id=10732, stack(0x0000009bb6a00000,0x0000009bb6b00000)]
  0x00000224a21d5800 JavaThread "Unconstrained build operations Thread 74" [_thread_blocked, id=20220, stack(0x0000009bb6b00000,0x0000009bb6c00000)]
  0x00000224a21d8800 JavaThread "Unconstrained build operations Thread 75" [_thread_blocked, id=20588, stack(0x0000009bb6c00000,0x0000009bb6d00000)]
  0x000002249d1c4000 JavaThread "Unconstrained build operations Thread 76" [_thread_blocked, id=2956, stack(0x0000009bb6d00000,0x0000009bb6e00000)]
  0x000002249d1c9000 JavaThread "Unconstrained build operations Thread 77" [_thread_blocked, id=23192, stack(0x0000009bb6e00000,0x0000009bb6f00000)]
  0x000002249d1c5800 JavaThread "Unconstrained build operations Thread 78" [_thread_blocked, id=15156, stack(0x0000009bb6f00000,0x0000009bb7000000)]
  0x000002249d1c8000 JavaThread "Unconstrained build operations Thread 79" [_thread_blocked, id=27204, stack(0x0000009bb7000000,0x0000009bb7100000)]
  0x000002249d1c3800 JavaThread "Unconstrained build operations Thread 80" [_thread_blocked, id=26268, stack(0x0000009bb7100000,0x0000009bb7200000)]
  0x000002249d1c6800 JavaThread "jar transforms Thread 4" [_thread_blocked, id=21160, stack(0x0000009bb7200000,0x0000009bb7300000)]
  0x000002249d1ca000 JavaThread "jar transforms Thread 5" [_thread_blocked, id=25024, stack(0x0000009bb7300000,0x0000009bb7400000)]
  0x000002249d1ca800 JavaThread "jar transforms Thread 6" [_thread_blocked, id=23296, stack(0x0000009bb7400000,0x0000009bb7500000)]
  0x000002249d1c5000 JavaThread "jar transforms Thread 7" [_thread_blocked, id=22076, stack(0x0000009bb7500000,0x0000009bb7600000)]
  0x000002249d1cb800 JavaThread "jar transforms Thread 8" [_thread_blocked, id=19880, stack(0x0000009bb7600000,0x0000009bb7700000)]
  0x000002249d1cc000 JavaThread "Memory manager" [_thread_blocked, id=17332, stack(0x0000009bb7700000,0x0000009bb7800000)]
  0x000002249d1c7800 JavaThread "build event listener" [_thread_blocked, id=23304, stack(0x0000009bb7800000,0x0000009bb7900000)]
  0x000002249d1d1000 JavaThread "Execution worker for ':'" [_thread_blocked, id=23964, stack(0x0000009bb7900000,0x0000009bb7a00000)]
  0x000002249d1d2000 JavaThread "Execution worker for ':' Thread 2" [_thread_blocked, id=15852, stack(0x0000009bb7a00000,0x0000009bb7b00000)]
  0x000002249d1ce000 JavaThread "Execution worker for ':' Thread 3" [_thread_blocked, id=15960, stack(0x0000009bb7b00000,0x0000009bb7c00000)]
  0x000002249d1ce800 JavaThread "Execution worker for ':' Thread 4" [_thread_blocked, id=24412, stack(0x0000009bb7c00000,0x0000009bb7d00000)]
  0x000002249d1cf800 JavaThread "Execution worker for ':' Thread 5" [_thread_in_Java, id=26600, stack(0x0000009bb7d00000,0x0000009bb7e00000)]
  0x000002249d1d0800 JavaThread "Execution worker for ':' Thread 6" [_thread_blocked, id=9188, stack(0x0000009bb7e00000,0x0000009bb7f00000)]
  0x00000224a575f000 JavaThread "Execution worker for ':' Thread 7" [_thread_blocked, id=16544, stack(0x0000009bb7f00000,0x0000009bb8000000)]
  0x00000224a575b000 JavaThread "Cache worker for execution history cache (C:\Users\jeawo\USB_JAVA_UI\.gradle\7.3.3\executionHistory)" [_thread_blocked, id=300, stack(0x0000009bb8000000,0x0000009bb8100000)]
  0x00000224a575b800 JavaThread "Cache worker for Java compile cache (C:\Users\jeawo\.gradle\caches\7.3.3\javaCompile)" [_thread_blocked, id=12872, stack(0x0000009bb8100000,0x0000009bb8200000)]
  0x00000224a575a000 JavaThread "Build operations" [_thread_blocked, id=9972, stack(0x0000009bb8200000,0x0000009bb8300000)]
  0x00000224a575e000 JavaThread "Build operations Thread 2" [_thread_blocked, id=23536, stack(0x0000009bb8300000,0x0000009bb8400000)]
  0x00000224a5759000 JavaThread "Build operations Thread 3" [_thread_blocked, id=19364, stack(0x0000009bb8400000,0x0000009bb8500000)]
  0x00000224a575f800 JavaThread "Build operations Thread 4" [_thread_blocked, id=13572, stack(0x0000009bb8500000,0x0000009bb8600000)]
  0x00000224a5762000 JavaThread "Build operations Thread 5" [_thread_blocked, id=14524, stack(0x0000009bb8600000,0x0000009bb8700000)]
  0x00000224a5760800 JavaThread "Build operations Thread 6" [_thread_blocked, id=12604, stack(0x0000009bb8700000,0x0000009bb8800000)]
  0x00000224a575c800 JavaThread "Build operations Thread 7" [_thread_blocked, id=24588, stack(0x0000009bb8800000,0x0000009bb8900000)]
  0x00000224a5763000 JavaThread "Build operations Thread 8" [_thread_blocked, id=26340, stack(0x0000009bb8900000,0x0000009bb8a00000)]

Other Threads:
  0x000002249a8ca800 VMThread "VM Thread" [stack: 0x0000009baf300000,0x0000009baf400000] [id=9460]
  0x000002249aad9000 WatcherThread [stack: 0x0000009bafd00000,0x0000009bafe00000] [id=26576]
  0x00000224fdbc5800 GCTaskThread "GC Thread#0" [stack: 0x0000009baee00000,0x0000009baef00000] [id=17632]
  0x000002249b8e6000 GCTaskThread "GC Thread#1" [stack: 0x0000009bb0000000,0x0000009bb0100000] [id=20624]
  0x000002249b753000 GCTaskThread "GC Thread#2" [stack: 0x0000009bb0100000,0x0000009bb0200000] [id=25332]
  0x000002249c9ff000 GCTaskThread "GC Thread#3" [stack: 0x0000009bb0b00000,0x0000009bb0c00000] [id=11644]
  0x000002249cd23800 GCTaskThread "GC Thread#4" [stack: 0x0000009bb0c00000,0x0000009bb0d00000] [id=20140]
  0x000002249c203000 GCTaskThread "GC Thread#5" [stack: 0x0000009bb0d00000,0x0000009bb0e00000] [id=24548]
  0x000002249c37e800 GCTaskThread "GC Thread#6" [stack: 0x0000009bb0e00000,0x0000009bb0f00000] [id=18476]
  0x000002249d5e2000 GCTaskThread "GC Thread#7" [stack: 0x0000009bb0f00000,0x0000009bb1000000] [id=8840]
  0x00000224fdbf9000 ConcurrentGCThread "G1 Main Marker" [stack: 0x0000009baef00000,0x0000009baf000000] [id=19212]
  0x00000224fdbfa800 ConcurrentGCThread "G1 Conc#0" [stack: 0x0000009baf000000,0x0000009baf100000] [id=13360]
  0x000002249bf70000 ConcurrentGCThread "G1 Conc#1" [stack: 0x0000009bb1300000,0x0000009bb1400000] [id=12964]
  0x0000022499efd800 ConcurrentGCThread "G1 Refine#0" [stack: 0x0000009baf100000,0x0000009baf200000] [id=25336]
  0x000002249e872000 ConcurrentGCThread "G1 Refine#1" [stack: 0x0000009bb8a00000,0x0000009bb8b00000] [id=12304]
  0x000002249e875000 ConcurrentGCThread "G1 Refine#2" [stack: 0x0000009bb8b00000,0x0000009bb8c00000] [id=3660]
  0x000002249e873000 ConcurrentGCThread "G1 Refine#3" [stack: 0x0000009bb8c00000,0x0000009bb8d00000] [id=22884]
  0x000002249e878000 ConcurrentGCThread "G1 Refine#4" [stack: 0x0000009bb8d00000,0x0000009bb8e00000] [id=24372]
  0x0000022499efe000 ConcurrentGCThread "G1 Young RemSet Sampling" [stack: 0x0000009baf200000,0x0000009baf300000] [id=9660]

Threads with active compile tasks:
C2 CompilerThread0  16132 11069   !   4       java.io.BufferedReader::readLine (304 bytes)
C2 CompilerThread1  16132 11045 %     4       android.databinding.tool.reflection.SdkUtil$ApiChecker::buildFullLookup @ 124 (252 bytes)
C2 CompilerThread2  16132 11043       4       org.apache.xerces.dom.DeferredElementImpl::synchronizeData (96 bytes)

VM state:not at safepoint (normal execution)

VM Mutex/Monitor currently owned by a thread: None

Heap address: 0x0000000080000000, size: 2048 MB, Compressed Oops mode: 32-bit
Narrow klass base: 0x0000000000000000, Narrow klass shift: 3
Compressed class space size: 1073741824 Address: 0x0000000100000000

Heap:
 garbage-first heap   total 225280K, used 144384K [0x0000000080000000, 0x0000000100000000)
  region size 1024K, 18 young (18432K), 6 survivors (6144K)
 Metaspace       used 96443K, capacity 99082K, committed 99312K, reserved 1134592K
  class space    used 12414K, capacity 13435K, committed 13516K, reserved 1048576K
Heap Regions: E=young(eden), S=young(survivor), O=old, HS=humongous(starts), HC=humongous(continues), CS=collection set, F=free, A=archive, TAMS=top-at-mark-start (previous, next)
|   0|0x0000000080000000, 0x0000000080100000, 0x0000000080100000|100%| O|  |TAMS 0x0000000080100000, 0x0000000080100000| Untracked 
|   1|0x0000000080100000, 0x0000000080200000, 0x0000000080200000|100%| O|  |TAMS 0x0000000080200000, 0x0000000080200000| Untracked 
|   2|0x0000000080200000, 0x0000000080300000, 0x0000000080300000|100%| O|  |TAMS 0x0000000080300000, 0x0000000080300000| Untracked 
|   3|0x0000000080300000, 0x0000000080400000, 0x0000000080400000|100%|HS|  |TAMS 0x0000000080400000, 0x0000000080400000| Complete 
|   4|0x0000000080400000, 0x0000000080500000, 0x0000000080500000|100%|HC|  |TAMS 0x0000000080500000, 0x0000000080500000| Complete 
|   5|0x0000000080500000, 0x0000000080600000, 0x0000000080600000|100%|HC|  |TAMS 0x0000000080600000, 0x0000000080600000| Complete 
|   6|0x0000000080600000, 0x0000000080700000, 0x0000000080700000|100%| O|  |TAMS 0x0000000080700000, 0x0000000080700000| Untracked 
|   7|0x0000000080700000, 0x0000000080800000, 0x0000000080800000|100%| O|  |TAMS 0x0000000080800000, 0x0000000080800000| Untracked 
|   8|0x0000000080800000, 0x0000000080900000, 0x0000000080900000|100%| O|  |TAMS 0x0000000080900000, 0x0000000080900000| Untracked 
|   9|0x0000000080900000, 0x0000000080a00000, 0x0000000080a00000|100%| O|  |TAMS 0x0000000080a00000, 0x0000000080a00000| Untracked 
|  10|0x0000000080a00000, 0x0000000080b00000, 0x0000000080b00000|100%| O|  |TAMS 0x0000000080b00000, 0x0000000080b00000| Untracked 
|  11|0x0000000080b00000, 0x0000000080c00000, 0x0000000080c00000|100%| O|  |TAMS 0x0000000080c00000, 0x0000000080c00000| Untracked 
|  12|0x0000000080c00000, 0x0000000080d00000, 0x0000000080d00000|100%| O|  |TAMS 0x0000000080d00000, 0x0000000080d00000| Untracked 
|  13|0x0000000080d00000, 0x0000000080e00000, 0x0000000080e00000|100%| O|  |TAMS 0x0000000080e00000, 0x0000000080e00000| Untracked 
|  14|0x0000000080e00000, 0x0000000080f00000, 0x0000000080f00000|100%| O|  |TAMS 0x0000000080f00000, 0x0000000080f00000| Untracked 
|  15|0x0000000080f00000, 0x0000000081000000, 0x0000000081000000|100%| O|  |TAMS 0x0000000081000000, 0x0000000081000000| Untracked 
|  16|0x0000000081000000, 0x0000000081100000, 0x0000000081100000|100%| O|  |TAMS 0x0000000081100000, 0x0000000081100000| Untracked 
|  17|0x0000000081100000, 0x0000000081200000, 0x0000000081200000|100%|HS|  |TAMS 0x0000000081200000, 0x0000000081200000| Complete 
|  18|0x0000000081200000, 0x0000000081300000, 0x0000000081300000|100%| O|  |TAMS 0x0000000081300000, 0x0000000081300000| Untracked 
|  19|0x0000000081300000, 0x0000000081400000, 0x0000000081400000|100%| O|  |TAMS 0x0000000081400000, 0x0000000081400000| Untracked 
|  20|0x0000000081400000, 0x0000000081500000, 0x0000000081500000|100%| O|  |TAMS 0x0000000081500000, 0x0000000081500000| Untracked 
|  21|0x0000000081500000, 0x0000000081600000, 0x0000000081600000|100%| O|  |TAMS 0x0000000081600000, 0x0000000081600000| Untracked 
|  22|0x0000000081600000, 0x0000000081700000, 0x0000000081700000|100%| O|  |TAMS 0x0000000081700000, 0x0000000081700000| Untracked 
|  23|0x0000000081700000, 0x0000000081800000, 0x0000000081800000|100%| O|  |TAMS 0x0000000081800000, 0x0000000081800000| Untracked 
|  24|0x0000000081800000, 0x0000000081900000, 0x0000000081900000|100%|HS|  |TAMS 0x0000000081900000, 0x0000000081900000| Complete 
|  25|0x0000000081900000, 0x0000000081a00000, 0x0000000081a00000|100%|HS|  |TAMS 0x0000000081a00000, 0x0000000081a00000| Complete 
|  26|0x0000000081a00000, 0x0000000081b00000, 0x0000000081b00000|100%|HC|  |TAMS 0x0000000081b00000, 0x0000000081b00000| Complete 
|  27|0x0000000081b00000, 0x0000000081c00000, 0x0000000081c00000|100%| O|  |TAMS 0x0000000081c00000, 0x0000000081c00000| Untracked 
|  28|0x0000000081c00000, 0x0000000081d00000, 0x0000000081d00000|100%| O|  |TAMS 0x0000000081d00000, 0x0000000081d00000| Untracked 
|  29|0x0000000081d00000, 0x0000000081e00000, 0x0000000081e00000|100%| O|  |TAMS 0x0000000081e00000, 0x0000000081e00000| Untracked 
|  30|0x0000000081e00000, 0x0000000081f00000, 0x0000000081f00000|100%| O|  |TAMS 0x0000000081f00000, 0x0000000081f00000| Untracked 
|  31|0x0000000081f00000, 0x0000000082000000, 0x0000000082000000|100%| O|  |TAMS 0x0000000082000000, 0x0000000082000000| Untracked 
|  32|0x0000000082000000, 0x0000000082100000, 0x0000000082100000|100%| O|  |TAMS 0x0000000082100000, 0x0000000082100000| Untracked 
|  33|0x0000000082100000, 0x0000000082200000, 0x0000000082200000|100%| O|  |TAMS 0x0000000082200000, 0x0000000082200000| Untracked 
|  34|0x0000000082200000, 0x0000000082300000, 0x0000000082300000|100%| O|  |TAMS 0x0000000082300000, 0x0000000082300000| Untracked 
|  35|0x0000000082300000, 0x0000000082400000, 0x0000000082400000|100%| O|  |TAMS 0x0000000082400000, 0x0000000082400000| Untracked 
|  36|0x0000000082400000, 0x0000000082500000, 0x0000000082500000|100%| O|  |TAMS 0x0000000082500000, 0x0000000082500000| Untracked 
|  37|0x0000000082500000, 0x0000000082600000, 0x0000000082600000|100%| O|  |TAMS 0x0000000082600000, 0x0000000082600000| Untracked 
|  38|0x0000000082600000, 0x0000000082700000, 0x0000000082700000|100%| O|  |TAMS 0x0000000082700000, 0x0000000082700000| Untracked 
|  39|0x0000000082700000, 0x0000000082800000, 0x0000000082800000|100%| O|  |TAMS 0x0000000082800000, 0x0000000082800000| Untracked 
|  40|0x0000000082800000, 0x0000000082900000, 0x0000000082900000|100%| O|  |TAMS 0x0000000082900000, 0x0000000082900000| Untracked 
|  41|0x0000000082900000, 0x0000000082a00000, 0x0000000082a00000|100%| O|  |TAMS 0x0000000082a00000, 0x0000000082a00000| Untracked 
|  42|0x0000000082a00000, 0x0000000082b00000, 0x0000000082b00000|100%| O|  |TAMS 0x0000000082ad8e00, 0x0000000082b00000| Untracked 
|  43|0x0000000082b00000, 0x0000000082c00000, 0x0000000082c00000|100%| O|  |TAMS 0x0000000082b00000, 0x0000000082c00000| Untracked 
|  44|0x0000000082c00000, 0x0000000082d00000, 0x0000000082d00000|100%| O|  |TAMS 0x0000000082c00000, 0x0000000082d00000| Untracked 
|  45|0x0000000082d00000, 0x0000000082e00000, 0x0000000082e00000|100%| O|  |TAMS 0x0000000082d00000, 0x0000000082e00000| Untracked 
|  46|0x0000000082e00000, 0x0000000082f00000, 0x0000000082f00000|100%| O|  |TAMS 0x0000000082e00000, 0x0000000082f00000| Untracked 
|  47|0x0000000082f00000, 0x0000000083000000, 0x0000000083000000|100%| O|  |TAMS 0x0000000082f00000, 0x0000000083000000| Untracked 
|  48|0x0000000083000000, 0x0000000083100000, 0x0000000083100000|100%| O|  |TAMS 0x0000000083000000, 0x0000000083100000| Untracked 
|  49|0x0000000083100000, 0x0000000083200000, 0x0000000083200000|100%| O|  |TAMS 0x0000000083100000, 0x0000000083200000| Untracked 
|  50|0x0000000083200000, 0x0000000083300000, 0x0000000083300000|100%| O|  |TAMS 0x0000000083200000, 0x0000000083300000| Untracked 
|  51|0x0000000083300000, 0x0000000083400000, 0x0000000083400000|100%| O|  |TAMS 0x0000000083300000, 0x0000000083400000| Untracked 
|  52|0x0000000083400000, 0x0000000083500000, 0x0000000083500000|100%| O|  |TAMS 0x0000000083400000, 0x0000000083500000| Untracked 
|  53|0x0000000083500000, 0x0000000083600000, 0x0000000083600000|100%| O|  |TAMS 0x0000000083500000, 0x0000000083600000| Untracked 
|  54|0x0000000083600000, 0x0000000083700000, 0x0000000083700000|100%| O|  |TAMS 0x0000000083600000, 0x0000000083700000| Untracked 
|  55|0x0000000083700000, 0x0000000083800000, 0x0000000083800000|100%| O|  |TAMS 0x0000000083700000, 0x0000000083800000| Untracked 
|  56|0x0000000083800000, 0x0000000083900000, 0x0000000083900000|100%| O|  |TAMS 0x0000000083800000, 0x0000000083900000| Untracked 
|  57|0x0000000083900000, 0x0000000083a00000, 0x0000000083a00000|100%| O|  |TAMS 0x0000000083900000, 0x0000000083a00000| Untracked 
|  58|0x0000000083a00000, 0x0000000083b00000, 0x0000000083b00000|100%| O|  |TAMS 0x0000000083a00000, 0x0000000083b00000| Untracked 
|  59|0x0000000083b00000, 0x0000000083c00000, 0x0000000083c00000|100%| O|  |TAMS 0x0000000083b00000, 0x0000000083c00000| Untracked 
|  60|0x0000000083c00000, 0x0000000083d00000, 0x0000000083d00000|100%|HS|  |TAMS 0x0000000083c00000, 0x0000000083d00000| Complete 
|  61|0x0000000083d00000, 0x0000000083e00000, 0x0000000083e00000|100%|HC|  |TAMS 0x0000000083d00000, 0x0000000083e00000| Complete 
|  62|0x0000000083e00000, 0x0000000083f00000, 0x0000000083f00000|100%| O|  |TAMS 0x0000000083e00000, 0x0000000083f00000| Untracked 
|  63|0x0000000083f00000, 0x0000000084000000, 0x0000000084000000|100%| O|  |TAMS 0x0000000083f00000, 0x0000000084000000| Untracked 
|  64|0x0000000084000000, 0x0000000084100000, 0x0000000084100000|100%| O|  |TAMS 0x0000000084000000, 0x0000000084100000| Untracked 
|  65|0x0000000084100000, 0x0000000084200000, 0x0000000084200000|100%| O|  |TAMS 0x0000000084100000, 0x0000000084200000| Untracked 
|  66|0x0000000084200000, 0x0000000084300000, 0x0000000084300000|100%| O|  |TAMS 0x0000000084200000, 0x0000000084300000| Untracked 
|  67|0x0000000084300000, 0x0000000084400000, 0x0000000084400000|100%| O|  |TAMS 0x0000000084300000, 0x0000000084400000| Untracked 
|  68|0x0000000084400000, 0x0000000084500000, 0x0000000084500000|100%| O|  |TAMS 0x0000000084400000, 0x0000000084500000| Untracked 
|  69|0x0000000084500000, 0x0000000084600000, 0x0000000084600000|100%| O|  |TAMS 0x0000000084500000, 0x0000000084600000| Untracked 
|  70|0x0000000084600000, 0x0000000084700000, 0x0000000084700000|100%| O|  |TAMS 0x0000000084600000, 0x0000000084700000| Untracked 
|  71|0x0000000084700000, 0x0000000084800000, 0x0000000084800000|100%| O|  |TAMS 0x0000000084700000, 0x0000000084800000| Untracked 
|  72|0x0000000084800000, 0x0000000084900000, 0x0000000084900000|100%| O|  |TAMS 0x0000000084800000, 0x0000000084900000| Untracked 
|  73|0x0000000084900000, 0x0000000084a00000, 0x0000000084a00000|100%| O|  |TAMS 0x0000000084900000, 0x0000000084a00000| Untracked 
|  74|0x0000000084a00000, 0x0000000084b00000, 0x0000000084b00000|100%| O|  |TAMS 0x0000000084a00000, 0x0000000084b00000| Untracked 
|  75|0x0000000084b00000, 0x0000000084c00000, 0x0000000084c00000|100%| O|  |TAMS 0x0000000084b00000, 0x0000000084c00000| Untracked 
|  76|0x0000000084c00000, 0x0000000084d00000, 0x0000000084d00000|100%| O|  |TAMS 0x0000000084c00000, 0x0000000084d00000| Untracked 
|  77|0x0000000084d00000, 0x0000000084e00000, 0x0000000084e00000|100%| O|  |TAMS 0x0000000084d00000, 0x0000000084e00000| Untracked 
|  78|0x0000000084e00000, 0x0000000084f00000, 0x0000000084f00000|100%| O|  |TAMS 0x0000000084e00000, 0x0000000084f00000| Untracked 
|  79|0x0000000084f00000, 0x0000000085000000, 0x0000000085000000|100%| O|  |TAMS 0x0000000084f00000, 0x0000000085000000| Untracked 
|  80|0x0000000085000000, 0x0000000085100000, 0x0000000085100000|100%| O|  |TAMS 0x0000000085000000, 0x0000000085100000| Untracked 
|  81|0x0000000085100000, 0x0000000085200000, 0x0000000085200000|100%| O|  |TAMS 0x0000000085100000, 0x0000000085200000| Untracked 
|  82|0x0000000085200000, 0x0000000085300000, 0x0000000085300000|100%| O|  |TAMS 0x0000000085200000, 0x0000000085300000| Untracked 
|  83|0x0000000085300000, 0x0000000085400000, 0x0000000085400000|100%| O|  |TAMS 0x0000000085300000, 0x0000000085400000| Untracked 
|  84|0x0000000085400000, 0x0000000085500000, 0x0000000085500000|100%| O|  |TAMS 0x0000000085400000, 0x0000000085500000| Untracked 
|  85|0x0000000085500000, 0x0000000085600000, 0x0000000085600000|100%| O|  |TAMS 0x0000000085500000, 0x0000000085600000| Untracked 
|  86|0x0000000085600000, 0x0000000085700000, 0x0000000085700000|100%| O|  |TAMS 0x0000000085600000, 0x0000000085700000| Untracked 
|  87|0x0000000085700000, 0x0000000085800000, 0x0000000085800000|100%| O|  |TAMS 0x0000000085700000, 0x0000000085800000| Untracked 
|  88|0x0000000085800000, 0x0000000085900000, 0x0000000085900000|100%| O|  |TAMS 0x0000000085800000, 0x0000000085900000| Untracked 
|  89|0x0000000085900000, 0x0000000085a00000, 0x0000000085a00000|100%| O|  |TAMS 0x0000000085900000, 0x0000000085a00000| Untracked 
|  90|0x0000000085a00000, 0x0000000085b00000, 0x0000000085b00000|100%| O|  |TAMS 0x0000000085a00000, 0x0000000085b00000| Untracked 
|  91|0x0000000085b00000, 0x0000000085c00000, 0x0000000085c00000|100%| O|  |TAMS 0x0000000085b00000, 0x0000000085c00000| Untracked 
|  92|0x0000000085c00000, 0x0000000085d00000, 0x0000000085d00000|100%| O|  |TAMS 0x0000000085c00000, 0x0000000085d00000| Untracked 
|  93|0x0000000085d00000, 0x0000000085e00000, 0x0000000085e00000|100%| O|  |TAMS 0x0000000085d00000, 0x0000000085e00000| Untracked 
|  94|0x0000000085e00000, 0x0000000085f00000, 0x0000000085f00000|100%| O|  |TAMS 0x0000000085e00000, 0x0000000085f00000| Untracked 
|  95|0x0000000085f00000, 0x0000000086000000, 0x0000000086000000|100%| O|  |TAMS 0x0000000085f00000, 0x0000000086000000| Untracked 
|  96|0x0000000086000000, 0x0000000086100000, 0x0000000086100000|100%| O|  |TAMS 0x0000000086000000, 0x0000000086100000| Untracked 
|  97|0x0000000086100000, 0x0000000086200000, 0x0000000086200000|100%| O|  |TAMS 0x0000000086100000, 0x0000000086200000| Untracked 
|  98|0x0000000086200000, 0x0000000086300000, 0x0000000086300000|100%| O|  |TAMS 0x0000000086200000, 0x0000000086300000| Untracked 
|  99|0x0000000086300000, 0x0000000086400000, 0x0000000086400000|100%| O|  |TAMS 0x0000000086300000, 0x0000000086400000| Untracked 
| 100|0x0000000086400000, 0x0000000086500000, 0x0000000086500000|100%| O|  |TAMS 0x0000000086400000, 0x0000000086500000| Untracked 
| 101|0x0000000086500000, 0x0000000086600000, 0x0000000086600000|100%| O|  |TAMS 0x0000000086500000, 0x0000000086600000| Untracked 
| 102|0x0000000086600000, 0x0000000086700000, 0x0000000086700000|100%| O|  |TAMS 0x0000000086600000, 0x0000000086700000| Untracked 
| 103|0x0000000086700000, 0x0000000086800000, 0x0000000086800000|100%| O|  |TAMS 0x0000000086700000, 0x0000000086800000| Untracked 
| 104|0x0000000086800000, 0x0000000086900000, 0x0000000086900000|100%| O|  |TAMS 0x0000000086800000, 0x0000000086900000| Untracked 
| 105|0x0000000086900000, 0x0000000086a00000, 0x0000000086a00000|100%| O|  |TAMS 0x0000000086900000, 0x0000000086a00000| Untracked 
| 106|0x0000000086a00000, 0x0000000086a00000, 0x0000000086b00000|  0%| F|  |TAMS 0x0000000086a00000, 0x0000000086a00000| Untracked 
| 107|0x0000000086b00000, 0x0000000086c00000, 0x0000000086c00000|100%| O|  |TAMS 0x0000000086b00000, 0x0000000086c00000| Untracked 
| 108|0x0000000086c00000, 0x0000000086d00000, 0x0000000086d00000|100%| O|  |TAMS 0x0000000086c00000, 0x0000000086d00000| Untracked 
| 109|0x0000000086d00000, 0x0000000086e00000, 0x0000000086e00000|100%| O|  |TAMS 0x0000000086d00000, 0x0000000086e00000| Untracked 
| 110|0x0000000086e00000, 0x0000000086e00000, 0x0000000086f00000|  0%| F|  |TAMS 0x0000000086e00000, 0x0000000086e00000| Untracked 
| 111|0x0000000086f00000, 0x0000000086f00000, 0x0000000087000000|  0%| F|  |TAMS 0x0000000086f00000, 0x0000000086f00000| Untracked 
| 112|0x0000000087000000, 0x0000000087000000, 0x0000000087100000|  0%| F|  |TAMS 0x0000000087000000, 0x0000000087000000| Untracked 
| 113|0x0000000087100000, 0x0000000087100000, 0x0000000087200000|  0%| F|  |TAMS 0x0000000087100000, 0x0000000087100000| Untracked 
| 114|0x0000000087200000, 0x0000000087200000, 0x0000000087300000|  0%| F|  |TAMS 0x0000000087200000, 0x0000000087200000| Untracked 
| 115|0x0000000087300000, 0x0000000087300000, 0x0000000087400000|  0%| F|  |TAMS 0x0000000087300000, 0x0000000087300000| Untracked 
| 116|0x0000000087400000, 0x0000000087400000, 0x0000000087500000|  0%| F|  |TAMS 0x0000000087400000, 0x0000000087400000| Untracked 
| 117|0x0000000087500000, 0x0000000087500000, 0x0000000087600000|  0%| F|  |TAMS 0x0000000087500000, 0x0000000087500000| Untracked 
| 118|0x0000000087600000, 0x0000000087600000, 0x0000000087700000|  0%| F|  |TAMS 0x0000000087600000, 0x0000000087600000| Untracked 
| 119|0x0000000087700000, 0x0000000087800000, 0x0000000087800000|100%| O|  |TAMS 0x0000000087700000, 0x0000000087800000| Untracked 
| 120|0x0000000087800000, 0x0000000087900000, 0x0000000087900000|100%| O|  |TAMS 0x0000000087800000, 0x0000000087900000| Untracked 
| 121|0x0000000087900000, 0x0000000087a00000, 0x0000000087a00000|100%| O|  |TAMS 0x0000000087900000, 0x0000000087a00000| Untracked 
| 122|0x0000000087a00000, 0x0000000087b00000, 0x0000000087b00000|100%| O|  |TAMS 0x0000000087a00000, 0x0000000087b00000| Untracked 
| 123|0x0000000087b00000, 0x0000000087c00000, 0x0000000087c00000|100%| O|  |TAMS 0x0000000087b00000, 0x0000000087c00000| Untracked 
| 124|0x0000000087c00000, 0x0000000087d00000, 0x0000000087d00000|100%| O|  |TAMS 0x0000000087c00000, 0x0000000087d00000| Untracked 
| 125|0x0000000087d00000, 0x0000000087e00000, 0x0000000087e00000|100%| O|  |TAMS 0x0000000087d00000, 0x0000000087e00000| Untracked 
| 126|0x0000000087e00000, 0x0000000087f00000, 0x0000000087f00000|100%| O|  |TAMS 0x0000000087e00000, 0x0000000087f00000| Untracked 
| 127|0x0000000087f00000, 0x0000000088000000, 0x0000000088000000|100%| O|  |TAMS 0x0000000087f00000, 0x0000000088000000| Untracked 
| 128|0x0000000088000000, 0x0000000088100000, 0x0000000088100000|100%| O|  |TAMS 0x0000000088000000, 0x0000000088100000| Untracked 
| 129|0x0000000088100000, 0x0000000088200000, 0x0000000088200000|100%| O|  |TAMS 0x0000000088100000, 0x0000000088200000| Untracked 
| 130|0x0000000088200000, 0x0000000088300000, 0x0000000088300000|100%| O|  |TAMS 0x0000000088200000, 0x0000000088300000| Untracked 
| 131|0x0000000088300000, 0x0000000088400000, 0x0000000088400000|100%| O|  |TAMS 0x0000000088300000, 0x0000000088400000| Untracked 
| 132|0x0000000088400000, 0x0000000088500000, 0x0000000088500000|100%| O|  |TAMS 0x0000000088400000, 0x0000000088500000| Untracked 
| 133|0x0000000088500000, 0x0000000088600000, 0x0000000088600000|100%| O|  |TAMS 0x0000000088500000, 0x0000000088600000| Untracked 
| 134|0x0000000088600000, 0x0000000088600000, 0x0000000088700000|  0%| F|  |TAMS 0x0000000088600000, 0x0000000088600000| Untracked 
| 135|0x0000000088700000, 0x0000000088700000, 0x0000000088800000|  0%| F|  |TAMS 0x0000000088700000, 0x0000000088700000| Untracked 
| 136|0x0000000088800000, 0x0000000088800000, 0x0000000088900000|  0%| F|  |TAMS 0x0000000088800000, 0x0000000088800000| Untracked 
| 137|0x0000000088900000, 0x0000000088900000, 0x0000000088a00000|  0%| F|  |TAMS 0x0000000088900000, 0x0000000088900000| Untracked 
| 138|0x0000000088a00000, 0x0000000088a00000, 0x0000000088b00000|  0%| F|  |TAMS 0x0000000088a00000, 0x0000000088a00000| Untracked 
| 139|0x0000000088b00000, 0x0000000088b00000, 0x0000000088c00000|  0%| F|  |TAMS 0x0000000088b00000, 0x0000000088b00000| Untracked 
| 140|0x0000000088c00000, 0x0000000088c00000, 0x0000000088d00000|  0%| F|  |TAMS 0x0000000088c00000, 0x0000000088c00000| Untracked 
| 141|0x0000000088d00000, 0x0000000088d00000, 0x0000000088e00000|  0%| F|  |TAMS 0x0000000088d00000, 0x0000000088d00000| Untracked 
| 142|0x0000000088e00000, 0x0000000088e00000, 0x0000000088f00000|  0%| F|  |TAMS 0x0000000088e00000, 0x0000000088e00000| Untracked 
| 143|0x0000000088f00000, 0x0000000089000000, 0x0000000089000000|100%| S|CS|TAMS 0x0000000088f00000, 0x0000000088f00000| Complete 
| 144|0x0000000089000000, 0x0000000089100000, 0x0000000089100000|100%| S|CS|TAMS 0x0000000089000000, 0x0000000089000000| Complete 
| 145|0x0000000089100000, 0x0000000089200000, 0x0000000089200000|100%| S|CS|TAMS 0x0000000089100000, 0x0000000089100000| Complete 
| 146|0x0000000089200000, 0x0000000089300000, 0x0000000089300000|100%| S|CS|TAMS 0x0000000089200000, 0x0000000089200000| Complete 
| 147|0x0000000089300000, 0x0000000089400000, 0x0000000089400000|100%| S|CS|TAMS 0x0000000089300000, 0x0000000089300000| Complete 
| 148|0x0000000089400000, 0x0000000089500000, 0x0000000089500000|100%| S|CS|TAMS 0x0000000089400000, 0x0000000089400000| Complete 
| 149|0x0000000089500000, 0x0000000089500000, 0x0000000089600000|  0%| F|  |TAMS 0x0000000089500000, 0x0000000089500000| Untracked 
| 150|0x0000000089600000, 0x0000000089600000, 0x0000000089700000|  0%| F|  |TAMS 0x0000000089600000, 0x0000000089600000| Untracked 
| 151|0x0000000089700000, 0x0000000089700000, 0x0000000089800000|  0%| F|  |TAMS 0x0000000089700000, 0x0000000089700000| Untracked 
| 152|0x0000000089800000, 0x0000000089800000, 0x0000000089900000|  0%| F|  |TAMS 0x0000000089800000, 0x0000000089800000| Untracked 
| 153|0x0000000089900000, 0x0000000089900000, 0x0000000089a00000|  0%| F|  |TAMS 0x0000000089900000, 0x0000000089900000| Untracked 
| 154|0x0000000089a00000, 0x0000000089a00000, 0x0000000089b00000|  0%| F|  |TAMS 0x0000000089a00000, 0x0000000089a00000| Untracked 
| 155|0x0000000089b00000, 0x0000000089b00000, 0x0000000089c00000|  0%| F|  |TAMS 0x0000000089b00000, 0x0000000089b00000| Untracked 
| 156|0x0000000089c00000, 0x0000000089c00000, 0x0000000089d00000|  0%| F|  |TAMS 0x0000000089c00000, 0x0000000089c00000| Untracked 
| 157|0x0000000089d00000, 0x0000000089d00000, 0x0000000089e00000|  0%| F|  |TAMS 0x0000000089d00000, 0x0000000089d00000| Untracked 
| 158|0x0000000089e00000, 0x0000000089e00000, 0x0000000089f00000|  0%| F|  |TAMS 0x0000000089e00000, 0x0000000089e00000| Untracked 
| 159|0x0000000089f00000, 0x0000000089f00000, 0x000000008a000000|  0%| F|  |TAMS 0x0000000089f00000, 0x0000000089f00000| Untracked 
| 160|0x000000008a000000, 0x000000008a000000, 0x000000008a100000|  0%| F|  |TAMS 0x000000008a000000, 0x000000008a000000| Untracked 
| 161|0x000000008a100000, 0x000000008a100000, 0x000000008a200000|  0%| F|  |TAMS 0x000000008a100000, 0x000000008a100000| Untracked 
| 162|0x000000008a200000, 0x000000008a200000, 0x000000008a300000|  0%| F|  |TAMS 0x000000008a200000, 0x000000008a200000| Untracked 
| 163|0x000000008a300000, 0x000000008a300000, 0x000000008a400000|  0%| F|  |TAMS 0x000000008a300000, 0x000000008a300000| Untracked 
| 164|0x000000008a400000, 0x000000008a400000, 0x000000008a500000|  0%| F|  |TAMS 0x000000008a400000, 0x000000008a400000| Untracked 
| 165|0x000000008a500000, 0x000000008a500000, 0x000000008a600000|  0%| F|  |TAMS 0x000000008a500000, 0x000000008a500000| Untracked 
| 166|0x000000008a600000, 0x000000008a600000, 0x000000008a700000|  0%| F|  |TAMS 0x000000008a600000, 0x000000008a600000| Untracked 
| 167|0x000000008a700000, 0x000000008a700000, 0x000000008a800000|  0%| F|  |TAMS 0x000000008a700000, 0x000000008a700000| Untracked 
| 168|0x000000008a800000, 0x000000008a800000, 0x000000008a900000|  0%| F|  |TAMS 0x000000008a800000, 0x000000008a800000| Untracked 
| 169|0x000000008a900000, 0x000000008a900000, 0x000000008aa00000|  0%| F|  |TAMS 0x000000008a900000, 0x000000008a900000| Untracked 
| 170|0x000000008aa00000, 0x000000008aa00000, 0x000000008ab00000|  0%| F|  |TAMS 0x000000008aa00000, 0x000000008aa00000| Untracked 
| 171|0x000000008ab00000, 0x000000008ab00000, 0x000000008ac00000|  0%| F|  |TAMS 0x000000008ab00000, 0x000000008ab00000| Untracked 
| 172|0x000000008ac00000, 0x000000008ac00000, 0x000000008ad00000|  0%| F|  |TAMS 0x000000008ac00000, 0x000000008ac00000| Untracked 
| 173|0x000000008ad00000, 0x000000008ad00000, 0x000000008ae00000|  0%| F|  |TAMS 0x000000008ad00000, 0x000000008ad00000| Untracked 
| 174|0x000000008ae00000, 0x000000008ae00000, 0x000000008af00000|  0%| F|  |TAMS 0x000000008ae00000, 0x000000008ae00000| Untracked 
| 175|0x000000008af00000, 0x000000008af00000, 0x000000008b000000|  0%| F|  |TAMS 0x000000008af00000, 0x000000008af00000| Untracked 
| 176|0x000000008b000000, 0x000000008b000000, 0x000000008b100000|  0%| F|  |TAMS 0x000000008b000000, 0x000000008b000000| Untracked 
| 177|0x000000008b100000, 0x000000008b100000, 0x000000008b200000|  0%| F|  |TAMS 0x000000008b100000, 0x000000008b100000| Untracked 
| 178|0x000000008b200000, 0x000000008b200000, 0x000000008b300000|  0%| F|  |TAMS 0x000000008b200000, 0x000000008b200000| Untracked 
| 179|0x000000008b300000, 0x000000008b300000, 0x000000008b400000|  0%| F|  |TAMS 0x000000008b300000, 0x000000008b300000| Untracked 
| 180|0x000000008b400000, 0x000000008b400000, 0x000000008b500000|  0%| F|  |TAMS 0x000000008b400000, 0x000000008b400000| Untracked 
| 181|0x000000008b500000, 0x000000008b500000, 0x000000008b600000|  0%| F|  |TAMS 0x000000008b500000, 0x000000008b500000| Untracked 
| 182|0x000000008b600000, 0x000000008b600000, 0x000000008b700000|  0%| F|  |TAMS 0x000000008b600000, 0x000000008b600000| Untracked 
| 183|0x000000008b700000, 0x000000008b700000, 0x000000008b800000|  0%| F|  |TAMS 0x000000008b700000, 0x000000008b700000| Untracked 
| 184|0x000000008b800000, 0x000000008b800000, 0x000000008b900000|  0%| F|  |TAMS 0x000000008b800000, 0x000000008b800000| Untracked 
| 185|0x000000008b900000, 0x000000008b900000, 0x000000008ba00000|  0%| F|  |TAMS 0x000000008b900000, 0x000000008b900000| Untracked 
| 186|0x000000008ba00000, 0x000000008ba00000, 0x000000008bb00000|  0%| F|  |TAMS 0x000000008ba00000, 0x000000008ba00000| Untracked 
| 187|0x000000008bb00000, 0x000000008bb00000, 0x000000008bc00000|  0%| F|  |TAMS 0x000000008bb00000, 0x000000008bb00000| Untracked 
| 188|0x000000008bc00000, 0x000000008bc00000, 0x000000008bd00000|  0%| F|  |TAMS 0x000000008bc00000, 0x000000008bc00000| Untracked 
| 189|0x000000008bd00000, 0x000000008bd00000, 0x000000008be00000|  0%| F|  |TAMS 0x000000008bd00000, 0x000000008bd00000| Untracked 
| 190|0x000000008be00000, 0x000000008be00000, 0x000000008bf00000|  0%| F|  |TAMS 0x000000008be00000, 0x000000008be00000| Untracked 
| 191|0x000000008bf00000, 0x000000008bf00000, 0x000000008c000000|  0%| F|  |TAMS 0x000000008bf00000, 0x000000008bf00000| Untracked 
| 192|0x000000008c000000, 0x000000008c000000, 0x000000008c100000|  0%| F|  |TAMS 0x000000008c000000, 0x000000008c000000| Untracked 
| 193|0x000000008c100000, 0x000000008c100000, 0x000000008c200000|  0%| F|  |TAMS 0x000000008c100000, 0x000000008c100000| Untracked 
| 194|0x000000008c200000, 0x000000008c200000, 0x000000008c300000|  0%| F|  |TAMS 0x000000008c200000, 0x000000008c200000| Untracked 
| 195|0x000000008c300000, 0x000000008c300000, 0x000000008c400000|  0%| F|  |TAMS 0x000000008c300000, 0x000000008c300000| Untracked 
| 196|0x000000008c400000, 0x000000008c400000, 0x000000008c500000|  0%| F|  |TAMS 0x000000008c400000, 0x000000008c400000| Untracked 
| 197|0x000000008c500000, 0x000000008c500000, 0x000000008c600000|  0%| F|  |TAMS 0x000000008c500000, 0x000000008c500000| Untracked 
| 198|0x000000008c600000, 0x000000008c600000, 0x000000008c700000|  0%| F|  |TAMS 0x000000008c600000, 0x000000008c600000| Untracked 
| 199|0x000000008c700000, 0x000000008c700000, 0x000000008c800000|  0%| F|  |TAMS 0x000000008c700000, 0x000000008c700000| Untracked 
| 200|0x000000008c800000, 0x000000008c800000, 0x000000008c900000|  0%| F|  |TAMS 0x000000008c800000, 0x000000008c800000| Untracked 
| 201|0x000000008c900000, 0x000000008c900000, 0x000000008ca00000|  0%| F|  |TAMS 0x000000008c900000, 0x000000008c900000| Untracked 
| 202|0x000000008ca00000, 0x000000008ca00000, 0x000000008cb00000|  0%| F|  |TAMS 0x000000008ca00000, 0x000000008ca00000| Untracked 
| 203|0x000000008cb00000, 0x000000008cb00000, 0x000000008cc00000|  0%| F|  |TAMS 0x000000008cb00000, 0x000000008cb00000| Untracked 
| 204|0x000000008cc00000, 0x000000008cc00000, 0x000000008cd00000|  0%| F|  |TAMS 0x000000008cc00000, 0x000000008cc00000| Untracked 
| 205|0x000000008cd00000, 0x000000008cd00000, 0x000000008ce00000|  0%| F|  |TAMS 0x000000008cd00000, 0x000000008cd00000| Untracked 
| 206|0x000000008ce00000, 0x000000008ce00000, 0x000000008cf00000|  0%| F|  |TAMS 0x000000008ce00000, 0x000000008ce00000| Untracked 
| 207|0x000000008cf00000, 0x000000008cf00000, 0x000000008d000000|  0%| F|  |TAMS 0x000000008cf00000, 0x000000008cf00000| Untracked 
| 208|0x000000008d000000, 0x000000008d100000, 0x000000008d100000|100%| E|  |TAMS 0x000000008d000000, 0x000000008d000000| Complete 
| 209|0x000000008d100000, 0x000000008d200000, 0x000000008d200000|100%| E|CS|TAMS 0x000000008d100000, 0x000000008d100000| Complete 
| 210|0x000000008d200000, 0x000000008d300000, 0x000000008d300000|100%| E|CS|TAMS 0x000000008d200000, 0x000000008d200000| Complete 
| 211|0x000000008d300000, 0x000000008d400000, 0x000000008d400000|100%| E|CS|TAMS 0x000000008d300000, 0x000000008d300000| Complete 
| 212|0x000000008d400000, 0x000000008d500000, 0x000000008d500000|100%| E|CS|TAMS 0x000000008d400000, 0x000000008d400000| Complete 
| 213|0x000000008d500000, 0x000000008d600000, 0x000000008d600000|100%| E|CS|TAMS 0x000000008d500000, 0x000000008d500000| Complete 
| 214|0x000000008d600000, 0x000000008d700000, 0x000000008d700000|100%| E|CS|TAMS 0x000000008d600000, 0x000000008d600000| Complete 
| 215|0x000000008d700000, 0x000000008d800000, 0x000000008d800000|100%| E|CS|TAMS 0x000000008d700000, 0x000000008d700000| Complete 
| 216|0x000000008d800000, 0x000000008d900000, 0x000000008d900000|100%| E|CS|TAMS 0x000000008d800000, 0x000000008d800000| Complete 
| 217|0x000000008d900000, 0x000000008da00000, 0x000000008da00000|100%| E|CS|TAMS 0x000000008d900000, 0x000000008d900000| Complete 
| 218|0x000000008da00000, 0x000000008db00000, 0x000000008db00000|100%| E|CS|TAMS 0x000000008da00000, 0x000000008da00000| Complete 
| 219|0x000000008db00000, 0x000000008dc00000, 0x000000008dc00000|100%| E|CS|TAMS 0x000000008db00000, 0x000000008db00000| Complete 

Card table byte_map: [0x0000022492e30000,0x0000022493230000] _byte_map_base: 0x0000022492a30000

Marking Bits (Prev, Next): (CMBitMap*) 0x00000224fdbf02e0, (CMBitMap*) 0x00000224fdbf02a8
 Prev Bits: [0x0000022495630000, 0x0000022497630000)
 Next Bits: [0x0000022493630000, 0x0000022495630000)

Polling page: 0x00000224fdc90000

Metaspace:

Usage:
  Non-class:     83.64 MB capacity,    82.08 MB ( 98%) used,     1.27 MB (  2%) free+waste,   296.06 KB ( <1%) overhead. 
      Class:     13.12 MB capacity,    12.13 MB ( 92%) used,   883.84 KB (  7%) free+waste,   134.19 KB ( <1%) overhead. 
       Both:     96.76 MB capacity,    94.21 MB ( 97%) used,     2.13 MB (  2%) free+waste,   430.25 KB ( <1%) overhead. 

Virtual space:
  Non-class space:       84.00 MB reserved,      83.79 MB (>99%) committed 
      Class space:        1.00 GB reserved,      13.20 MB (  1%) committed 
             Both:        1.08 GB reserved,      96.98 MB (  9%) committed 

Chunk freelists:
   Non-Class:  21.00 KB
       Class:  5.00 KB
        Both:  26.00 KB

MaxMetaspaceSize: 17179869184.00 GB
CompressedClassSpaceSize: 1.00 GB
Initial GC threshold: 20.80 MB
Current GC threshold: 98.31 MB
CDS: off

CodeHeap 'non-profiled nmethods': size=120000Kb used=7171Kb max_used=7171Kb free=112828Kb
 bounds [0x000002248b500000, 0x000002248bc10000, 0x0000022492a30000]
CodeHeap 'profiled nmethods': size=120000Kb used=24122Kb max_used=24122Kb free=95877Kb
 bounds [0x0000022483fd0000, 0x0000022485760000, 0x000002248b500000]
CodeHeap 'non-nmethods': size=5760Kb used=2384Kb max_used=2466Kb free=3375Kb
 bounds [0x0000022483a30000, 0x0000022483ca0000, 0x0000022483fd0000]
 total_blobs=11943 nmethods=11041 adapters=814
 compilation: enabled
              stopped_count=0, restarted_count=0
 full_count=0

Compilation events (20 events):
Event: 16.075 Thread 0x000002249a933800 11059       3       kotlin.io.LinesSequence$iterator$1::next (37 bytes)
Event: 16.075 Thread 0x000002249a933800 nmethod 11059 0x000002248574bd90 code [0x000002248574bfc0, 0x000002248574c668]
Event: 16.075 Thread 0x000002249a933800 11060       3       kotlin.text.StringsKt__StringsKt::requireNonNegativeLimit (58 bytes)
Event: 16.075 Thread 0x000002249a930000 nmethod 11066 0x000002248bc00290 code [0x000002248bc00420, 0x000002248bc00478]
Event: 16.076 Thread 0x000002249a933800 nmethod 11060 0x000002248574c910 code [0x000002248574cb20, 0x000002248574cee8]
Event: 16.076 Thread 0x000002249a933800 11067   !   3       java.io.BufferedReader::readLine (304 bytes)
Event: 16.078 Thread 0x000002249a933800 nmethod 11067 0x000002248574d090 code [0x000002248574d400, 0x000002248574ebc8]
Event: 16.078 Thread 0x000002249a933800 11065       3       android.databinding.tool.util.SymbolTableUtil::addResource (109 bytes)
Event: 16.080 Thread 0x000002249a933800 nmethod 11065 0x000002248574f790 code [0x000002248574fb60, 0x0000022485751308]
Event: 16.080 Thread 0x000002249a933800 11068       3       java.io.BufferedReader::ensureOpen (18 bytes)
Event: 16.080 Thread 0x000002249a933800 nmethod 11068 0x0000022485751b10 code [0x0000022485751ce0, 0x0000022485751ee8]
Event: 16.080 Thread 0x000002249a933800 11061       3       kotlin.text.StringsKt__StringsKt::split$default (26 bytes)
Event: 16.080 Thread 0x000002249a930000 11069   !   4       java.io.BufferedReader::readLine (304 bytes)
Event: 16.080 Thread 0x000002249a933800 nmethod 11061 0x0000022485751f90 code [0x0000022485752140, 0x00000224857522c8]
Event: 16.080 Thread 0x000002249a933800 11062       3       kotlin.text.StringsKt__StringsKt::split (176 bytes)
Event: 16.082 Thread 0x000002249a933800 nmethod 11062 0x0000022485752390 code [0x00000224857527e0, 0x0000022485754568]
Event: 16.082 Thread 0x000002249a933800 11063       3       kotlin.text.StringsKt__StringsKt::split$StringsKt__StringsKt (182 bytes)
Event: 16.085 Thread 0x000002249a933800 nmethod 11063 0x0000022485755110 code [0x00000224857554c0, 0x0000022485756ee8]
Event: 16.085 Thread 0x000002249a933800 11064       3       android.databinding.tool.util.SymbolTableUtil::sanitizeName (22 bytes)
Event: 16.085 Thread 0x000002249a933800 nmethod 11064 0x0000022485757890 code [0x0000022485757a60, 0x0000022485757c98]

GC Heap History (20 events):
Event: 6.999 GC heap before
{Heap before GC invocations=9 (full 0):
 garbage-first heap   total 155648K, used 118678K [0x0000000080000000, 0x0000000100000000)
  region size 1024K, 91 young (93184K), 8 survivors (8192K)
 Metaspace       used 51982K, capacity 53255K, committed 53448K, reserved 1095680K
  class space    used 6656K, capacity 7135K, committed 7244K, reserved 1048576K
}
Event: 7.012 GC heap after
{Heap after GC invocations=10 (full 0):
 garbage-first heap   total 155648K, used 44011K [0x0000000080000000, 0x0000000100000000)
  region size 1024K, 12 young (12288K), 12 survivors (12288K)
 Metaspace       used 51982K, capacity 53255K, committed 53448K, reserved 1095680K
  class space    used 6656K, capacity 7135K, committed 7244K, reserved 1048576K
}
Event: 7.674 GC heap before
{Heap before GC invocations=10 (full 0):
 garbage-first heap   total 155648K, used 87019K [0x0000000080000000, 0x0000000100000000)
  region size 1024K, 55 young (56320K), 12 survivors (12288K)
 Metaspace       used 58406K, capacity 59821K, committed 59976K, reserved 1101824K
  class space    used 7457K, capacity 8040K, committed 8140K, reserved 1048576K
}
Event: 7.692 GC heap after
{Heap after GC invocations=11 (full 0):
 garbage-first heap   total 155648K, used 46569K [0x0000000080000000, 0x0000000100000000)
  region size 1024K, 3 young (3072K), 3 survivors (3072K)
 Metaspace       used 58406K, capacity 59821K, committed 59976K, reserved 1101824K
  class space    used 7457K, capacity 8040K, committed 8140K, reserved 1048576K
}
Event: 8.646 GC heap before
{Heap before GC invocations=12 (full 0):
 garbage-first heap   total 155648K, used 111081K [0x0000000080000000, 0x0000000100000000)
  region size 1024K, 66 young (67584K), 3 survivors (3072K)
 Metaspace       used 64661K, capacity 66169K, committed 66544K, reserved 1107968K
  class space    used 8237K, capacity 8780K, committed 8908K, reserved 1048576K
}
Event: 8.654 GC heap after
{Heap after GC invocations=13 (full 0):
 garbage-first heap   total 187392K, used 51576K [0x0000000080000000, 0x0000000100000000)
  region size 1024K, 8 young (8192K), 8 survivors (8192K)
 Metaspace       used 64661K, capacity 66169K, committed 66544K, reserved 1107968K
  class space    used 8237K, capacity 8780K, committed 8908K, reserved 1048576K
}
Event: 9.671 GC heap before
{Heap before GC invocations=13 (full 0):
 garbage-first heap   total 187392K, used 133496K [0x0000000080000000, 0x0000000100000000)
  region size 1024K, 88 young (90112K), 8 survivors (8192K)
 Metaspace       used 70637K, capacity 72186K, committed 72432K, reserved 1112064K
  class space    used 9218K, capacity 9837K, committed 9932K, reserved 1048576K
}
Event: 9.680 GC heap after
{Heap after GC invocations=14 (full 0):
 garbage-first heap   total 187392K, used 56418K [0x0000000080000000, 0x0000000100000000)
  region size 1024K, 6 young (6144K), 6 survivors (6144K)
 Metaspace       used 70637K, capacity 72186K, committed 72432K, reserved 1112064K
  class space    used 9218K, capacity 9837K, committed 9932K, reserved 1048576K
}
Event: 10.820 GC heap before
{Heap before GC invocations=14 (full 0):
 garbage-first heap   total 187392K, used 137314K [0x0000000080000000, 0x0000000100000000)
  region size 1024K, 85 young (87040K), 6 survivors (6144K)
 Metaspace       used 78430K, capacity 80159K, committed 80496K, reserved 1118208K
  class space    used 10286K, capacity 10947K, committed 11084K, reserved 1048576K
}
Event: 10.831 GC heap after
{Heap after GC invocations=15 (full 0):
 garbage-first heap   total 187392K, used 61346K [0x0000000080000000, 0x0000000100000000)
  region size 1024K, 11 young (11264K), 11 survivors (11264K)
 Metaspace       used 78430K, capacity 80159K, committed 80496K, reserved 1118208K
  class space    used 10286K, capacity 10947K, committed 11084K, reserved 1048576K
}
Event: 12.290 GC heap before
{Heap before GC invocations=15 (full 0):
 garbage-first heap   total 187392K, used 140194K [0x0000000080000000, 0x0000000100000000)
  region size 1024K, 89 young (91136K), 11 survivors (11264K)
 Metaspace       used 81870K, capacity 84058K, committed 84208K, reserved 1122304K
  class space    used 10836K, capacity 11684K, committed 11724K, reserved 1048576K
}
Event: 12.312 GC heap after
{Heap after GC invocations=16 (full 0):
 garbage-first heap   total 187392K, used 67232K [0x0000000080000000, 0x0000000100000000)
  region size 1024K, 11 young (11264K), 11 survivors (11264K)
 Metaspace       used 81870K, capacity 84058K, committed 84208K, reserved 1122304K
  class space    used 10836K, capacity 11684K, committed 11724K, reserved 1048576K
}
Event: 13.449 GC heap before
{Heap before GC invocations=16 (full 0):
 garbage-first heap   total 187392K, used 144032K [0x0000000080000000, 0x0000000100000000)
  region size 1024K, 87 young (89088K), 11 survivors (11264K)
 Metaspace       used 82918K, capacity 85151K, committed 85360K, reserved 1122304K
  class space    used 10917K, capacity 11782K, committed 11852K, reserved 1048576K
}
Event: 13.465 GC heap after
{Heap after GC invocations=17 (full 0):
 garbage-first heap   total 187392K, used 72704K [0x0000000080000000, 0x0000000100000000)
  region size 1024K, 11 young (11264K), 11 survivors (11264K)
 Metaspace       used 82918K, capacity 85151K, committed 85360K, reserved 1122304K
  class space    used 10917K, capacity 11782K, committed 11852K, reserved 1048576K
}
Event: 14.635 GC heap before
{Heap before GC invocations=17 (full 0):
 garbage-first heap   total 187392K, used 148480K [0x0000000080000000, 0x0000000100000000)
  region size 1024K, 84 young (86016K), 11 survivors (11264K)
 Metaspace       used 90772K, capacity 93285K, committed 93552K, reserved 1130496K
  class space    used 11875K, capacity 12782K, committed 12876K, reserved 1048576K
}
Event: 14.651 GC heap after
{Heap after GC invocations=18 (full 0):
 garbage-first heap   total 187392K, used 83267K [0x0000000080000000, 0x0000000100000000)
  region size 1024K, 9 young (9216K), 9 survivors (9216K)
 Metaspace       used 90772K, capacity 93285K, committed 93552K, reserved 1130496K
  class space    used 11875K, capacity 12782K, committed 12876K, reserved 1048576K
}
Event: 15.769 GC heap before
{Heap before GC invocations=18 (full 0):
 garbage-first heap   total 187392K, used 148803K [0x0000000080000000, 0x0000000100000000)
  region size 1024K, 73 young (74752K), 9 survivors (9216K)
 Metaspace       used 95760K, capacity 98397K, committed 98672K, reserved 1134592K
  class space    used 12343K, capacity 13334K, committed 13388K, reserved 1048576K
}
Event: 15.792 GC heap after
{Heap after GC invocations=19 (full 0):
 garbage-first heap   total 187392K, used 107430K [0x0000000080000000, 0x0000000100000000)
  region size 1024K, 10 young (10240K), 10 survivors (10240K)
 Metaspace       used 95760K, capacity 98397K, committed 98672K, reserved 1134592K
  class space    used 12343K, capacity 13334K, committed 13388K, reserved 1048576K
}
Event: 15.938 GC heap before
{Heap before GC invocations=19 (full 0):
 garbage-first heap   total 187392K, used 142246K [0x0000000080000000, 0x0000000100000000)
  region size 1024K, 44 young (45056K), 10 survivors (10240K)
 Metaspace       used 95939K, capacity 98570K, committed 98672K, reserved 1134592K
  class space    used 12356K, capacity 13371K, committed 13388K, reserved 1048576K
}
Event: 15.964 GC heap after
{Heap after GC invocations=20 (full 0):
 garbage-first heap   total 225280K, used 133120K [0x0000000080000000, 0x0000000100000000)
  region size 1024K, 6 young (6144K), 6 survivors (6144K)
 Metaspace       used 95939K, capacity 98570K, committed 98672K, reserved 1134592K
  class space    used 12356K, capacity 13371K, committed 13388K, reserved 1048576K
}

Deoptimization events (20 events):
Event: 15.646 Thread 0x000002249d1cf800 DEOPT PACKING pc=0x000002248bbc7604 sp=0x0000009bb7df8cb0
Event: 15.646 Thread 0x000002249d1cf800 DEOPT UNPACKING pc=0x0000022483a7a1af sp=0x0000009bb7df8c38 mode 2
Event: 15.651 Thread 0x000002249d1cf800 Uncommon trap: trap_request=0xffffff4d fr.pc=0x000002248bbc0ee4 relative=0x0000000000000164
Event: 15.651 Thread 0x000002249d1cf800 Uncommon trap: reason=unstable_if action=reinterpret pc=0x000002248bbc0ee4 method=org.apache.xerces.dom.DeferredDocumentImpl.ensureCapacity(I)V @ 88 c2
Event: 15.651 Thread 0x000002249d1cf800 DEOPT PACKING pc=0x000002248bbc0ee4 sp=0x0000009bb7df8a30
Event: 15.651 Thread 0x000002249d1cf800 DEOPT UNPACKING pc=0x0000022483a7a1af sp=0x0000009bb7df89a0 mode 2
Event: 15.804 Thread 0x000002249d1cf800 Uncommon trap: trap_request=0xffffff4d fr.pc=0x000002248bbbffe4 relative=0x0000000000000204
Event: 15.804 Thread 0x000002249d1cf800 Uncommon trap: reason=unstable_if action=reinterpret pc=0x000002248bbbffe4 method=org.apache.xerces.impl.XMLEntityScanner.skipSpaces()Z @ 60 c2
Event: 15.804 Thread 0x000002249d1cf800 DEOPT PACKING pc=0x000002248bbbffe4 sp=0x0000009bb7df8de0
Event: 15.804 Thread 0x000002249d1cf800 DEOPT UNPACKING pc=0x0000022483a7a1af sp=0x0000009bb7df8d60 mode 2
Event: 15.804 Thread 0x000002249d1cf800 Uncommon trap: trap_request=0xffffff4d fr.pc=0x000002248bbc6460 relative=0x0000000000000500
Event: 15.804 Thread 0x000002249d1cf800 Uncommon trap: reason=unstable_if action=reinterpret pc=0x000002248bbc6460 method=org.apache.xerces.impl.io.UTF8Reader.read([CII)I @ 74 c2
Event: 15.804 Thread 0x000002249d1cf800 DEOPT PACKING pc=0x000002248bbc6460 sp=0x0000009bb7df8cb0
Event: 15.804 Thread 0x000002249d1cf800 DEOPT UNPACKING pc=0x0000022483a7a1af sp=0x0000009bb7df8bf0 mode 2
Event: 15.872 Thread 0x000002249d1cf800 DEOPT PACKING pc=0x00000224857347e3 sp=0x0000009bb7df9000
Event: 15.872 Thread 0x000002249d1cf800 DEOPT UNPACKING pc=0x0000022483a7a95e sp=0x0000009bb7df84a8 mode 0
Event: 16.075 Thread 0x000002249d1cf800 Uncommon trap: trap_request=0xffffff4d fr.pc=0x000002248b584c70 relative=0x0000000000000dd0
Event: 16.076 Thread 0x000002249d1cf800 Uncommon trap: reason=unstable_if action=reinterpret pc=0x000002248b584c70 method=java.io.BufferedReader.readLine(Z)Ljava/lang/String; @ 192 c2
Event: 16.076 Thread 0x000002249d1cf800 DEOPT PACKING pc=0x000002248b584c70 sp=0x0000009bb7df8fb0
Event: 16.076 Thread 0x000002249d1cf800 DEOPT UNPACKING pc=0x0000022483a7a1af sp=0x0000009bb7df8f68 mode 2

Classes redefined (0 events):
No events

Internal exceptions (20 events):
Event: 15.133 Thread 0x000002249d1cf800 Exception <a 'sun/nio/fs/WindowsException'{0x000000008a8b1c40}> (0x000000008a8b1c40) thrown at [./src/hotspot/share/prims/jni.cpp, line 615]
Event: 15.133 Thread 0x000002249d1cf800 Exception <a 'sun/nio/fs/WindowsException'{0x000000008a8b1d90}> (0x000000008a8b1d90) thrown at [./src/hotspot/share/prims/jni.cpp, line 615]
Event: 15.139 Thread 0x000002249d1cf800 Exception <a 'sun/nio/fs/WindowsException'{0x000000008a8faa60}> (0x000000008a8faa60) thrown at [./src/hotspot/share/prims/jni.cpp, line 615]
Event: 15.139 Thread 0x000002249d1cf800 Exception <a 'sun/nio/fs/WindowsException'{0x000000008a8faba8}> (0x000000008a8faba8) thrown at [./src/hotspot/share/prims/jni.cpp, line 615]
Event: 15.144 Thread 0x000002249d1cf800 Exception <a 'sun/nio/fs/WindowsException'{0x000000008a7faa80}> (0x000000008a7faa80) thrown at [./src/hotspot/share/prims/jni.cpp, line 615]
Event: 15.144 Thread 0x000002249d1cf800 Exception <a 'sun/nio/fs/WindowsException'{0x000000008a7fabb8}> (0x000000008a7fabb8) thrown at [./src/hotspot/share/prims/jni.cpp, line 615]
Event: 15.163 Thread 0x000002249d1cf800 Exception <a 'sun/nio/fs/WindowsException'{0x000000008a52fdc0}> (0x000000008a52fdc0) thrown at [./src/hotspot/share/prims/jni.cpp, line 615]
Event: 15.163 Thread 0x000002249d1cf800 Exception <a 'sun/nio/fs/WindowsException'{0x000000008a52fef8}> (0x000000008a52fef8) thrown at [./src/hotspot/share/prims/jni.cpp, line 615]
Event: 15.165 Thread 0x000002249d1cf800 Exception <a 'sun/nio/fs/WindowsException'{0x000000008a53c330}> (0x000000008a53c330) thrown at [./src/hotspot/share/prims/jni.cpp, line 615]
Event: 15.165 Thread 0x000002249d1cf800 Exception <a 'sun/nio/fs/WindowsException'{0x000000008a53c458}> (0x000000008a53c458) thrown at [./src/hotspot/share/prims/jni.cpp, line 615]
Event: 15.166 Thread 0x000002249d1cf800 Exception <a 'sun/nio/fs/WindowsException'{0x000000008a5a5638}> (0x000000008a5a5638) thrown at [./src/hotspot/share/prims/jni.cpp, line 615]
Event: 15.166 Thread 0x000002249d1cf800 Exception <a 'sun/nio/fs/WindowsException'{0x000000008a5a5768}> (0x000000008a5a5768) thrown at [./src/hotspot/share/prims/jni.cpp, line 615]
Event: 15.172 Thread 0x000002249d1cf800 Exception <a 'sun/nio/fs/WindowsException'{0x000000008a5ef178}> (0x000000008a5ef178) thrown at [./src/hotspot/share/prims/jni.cpp, line 615]
Event: 15.172 Thread 0x000002249d1cf800 Exception <a 'sun/nio/fs/WindowsException'{0x000000008a5ef2c0}> (0x000000008a5ef2c0) thrown at [./src/hotspot/share/prims/jni.cpp, line 615]
Event: 15.300 Thread 0x000002249d1cf800 Exception <a 'sun/nio/fs/WindowsException'{0x0000000089ddf718}> (0x0000000089ddf718) thrown at [./src/hotspot/share/prims/jni.cpp, line 615]
Event: 15.300 Thread 0x000002249d1cf800 Exception <a 'sun/nio/fs/WindowsException'{0x0000000089ddf860}> (0x0000000089ddf860) thrown at [./src/hotspot/share/prims/jni.cpp, line 615]
Event: 15.315 Thread 0x000002249d1cf800 Exception <a 'sun/nio/fs/WindowsException'{0x0000000089ca4bd8}> (0x0000000089ca4bd8) thrown at [./src/hotspot/share/prims/jni.cpp, line 615]
Event: 15.318 Thread 0x000002249d1cf800 Exception <a 'sun/nio/fs/WindowsException'{0x0000000089cad120}> (0x0000000089cad120) thrown at [./src/hotspot/share/prims/jni.cpp, line 615]
Event: 15.318 Thread 0x000002249d1cf800 Exception <a 'sun/nio/fs/WindowsException'{0x0000000089cad268}> (0x0000000089cad268) thrown at [./src/hotspot/share/prims/jni.cpp, line 615]
Event: 15.599 Thread 0x000002249d1cf800 Implicit null exception at 0x000002248bbbdb19 to 0x000002248bbbddb8

Events (20 events):
Event: 16.065 loading class com/google/common/collect/ImmutableMapEntrySet$RegularEntrySet
Event: 16.065 loading class com/google/common/collect/ImmutableMapEntrySet$RegularEntrySet done
Event: 16.067 loading class com/google/common/collect/ImmutableMapEntrySet
Event: 16.067 loading class com/google/common/collect/ImmutableMapEntrySet done
Event: 16.068 loading class com/google/common/collect/RegularImmutableMap$Values
Event: 16.068 loading class com/google/common/collect/RegularImmutableMap$Values done
Event: 16.069 loading class com/google/common/collect/ImmutableMapEntry
Event: 16.069 loading class com/google/common/collect/ImmutableMapEntry done
Event: 16.069 loading class com/google/common/collect/ImmutableEntry
Event: 16.069 loading class com/google/common/collect/ImmutableEntry done
Event: 16.070 loading class com/google/common/collect/AbstractMapEntry
Event: 16.070 loading class com/google/common/collect/AbstractMapEntry done
Event: 16.071 loading class com/google/common/collect/ImmutableMapEntry$NonTerminalImmutableMapEntry
Event: 16.071 loading class com/google/common/collect/ImmutableMapEntry$NonTerminalImmutableMapEntry done
Event: 16.071 loading class com/google/common/collect/Hashing
Event: 16.071 loading class com/google/common/collect/Hashing done
Event: 16.072 loading class android/databinding/tool/util/SymbolTable
Event: 16.072 loading class android/databinding/tool/util/SymbolTable done
Event: 16.075 Executing VM operation: RevokeBias
Event: 16.076 Executing VM operation: RevokeBias done


Dynamic libraries:
0x00007ff7b47e0000 - 0x00007ff7b47ea000 	C:\Program Files\Android\Android Studio\jre\bin\java.exe
0x00007ffcda0f0000 - 0x00007ffcda2e8000 	C:\Windows\SYSTEM32\ntdll.dll
0x00007ffcd93e0000 - 0x00007ffcd949f000 	C:\Windows\System32\KERNEL32.DLL
0x00007ffcd7a40000 - 0x00007ffcd7d1a000 	C:\Windows\System32\KERNELBASE.dll
0x00007ffcd7940000 - 0x00007ffcd7a40000 	C:\Windows\System32\ucrtbase.dll
0x00007ffcccc10000 - 0x00007ffcccc29000 	C:\Program Files\Android\Android Studio\jre\bin\jli.dll
0x00007ffccc5c0000 - 0x00007ffccc5d7000 	C:\Program Files\Android\Android Studio\jre\bin\VCRUNTIME140.dll
0x00007ffcd8150000 - 0x00007ffcd82ed000 	C:\Windows\System32\USER32.dll
0x00007ffcd7800000 - 0x00007ffcd7822000 	C:\Windows\System32\win32u.dll
0x00007ffcd97a0000 - 0x00007ffcd97cb000 	C:\Windows\System32\GDI32.dll
0x00007ffcc1c20000 - 0x00007ffcc1eba000 	C:\Windows\WinSxS\amd64_microsoft.windows.common-controls_6595b64144ccf1df_6.0.19041.1110_none_60b5254171f9507e\COMCTL32.dll
0x00007ffcd7830000 - 0x00007ffcd7940000 	C:\Windows\System32\gdi32full.dll
0x00007ffcd9340000 - 0x00007ffcd93de000 	C:\Windows\System32\msvcrt.dll
0x00007ffcd8000000 - 0x00007ffcd809d000 	C:\Windows\System32\msvcp_win.dll
0x00007ffcda080000 - 0x00007ffcda0b0000 	C:\Windows\System32\IMM32.DLL
0x00007ffc9f480000 - 0x00007ffc9f51d000 	C:\Program Files\Android\Android Studio\jre\bin\msvcp140.dll
0x00007ffc613f0000 - 0x00007ffc61ed5000 	C:\Program Files\Android\Android Studio\jre\bin\server\jvm.dll
0x00007ffcd9a60000 - 0x00007ffcd9b0e000 	C:\Windows\System32\ADVAPI32.dll
0x00007ffcd97d0000 - 0x00007ffcd986c000 	C:\Windows\System32\sechost.dll
0x00007ffcd9f50000 - 0x00007ffcda076000 	C:\Windows\System32\RPCRT4.dll
0x00007ffcd94a0000 - 0x00007ffcd94a8000 	C:\Windows\System32\PSAPI.DLL
0x00007ffcccb00000 - 0x00007ffcccb0a000 	C:\Windows\SYSTEM32\VERSION.dll
0x00007ffcd01c0000 - 0x00007ffcd01c9000 	C:\Windows\SYSTEM32\WSOCK32.dll
0x00007ffcbf4c0000 - 0x00007ffcbf4e7000 	C:\Windows\SYSTEM32\WINMM.dll
0x00007ffcd8c30000 - 0x00007ffcd8c9b000 	C:\Windows\System32\WS2_32.dll
0x00007ffcd6010000 - 0x00007ffcd6022000 	C:\Windows\SYSTEM32\kernel.appcore.dll
0x00007ffccd550000 - 0x00007ffccd561000 	C:\Program Files\Android\Android Studio\jre\bin\verify.dll
0x00007ffcd2cd0000 - 0x00007ffcd2eb4000 	C:\Windows\SYSTEM32\DBGHELP.DLL
0x00007ffcbd7b0000 - 0x00007ffcbd7e4000 	C:\Windows\SYSTEM32\dbgcore.DLL
0x00007ffcd7ed0000 - 0x00007ffcd7f52000 	C:\Windows\System32\bcryptPrimitives.dll
0x00007ffcc0b90000 - 0x00007ffcc0bb9000 	C:\Program Files\Android\Android Studio\jre\bin\java.dll
0x00007ffcd00f0000 - 0x00007ffcd00fb000 	C:\Program Files\Android\Android Studio\jre\bin\jimage.dll
0x00007ffccd440000 - 0x00007ffccd458000 	C:\Program Files\Android\Android Studio\jre\bin\zip.dll
0x00007ffcd84e0000 - 0x00007ffcd8c24000 	C:\Windows\System32\SHELL32.dll
0x00007ffcd2470000 - 0x00007ffcd2c03000 	C:\Windows\SYSTEM32\windows.storage.dll
0x00007ffcd9bf0000 - 0x00007ffcd9f44000 	C:\Windows\System32\combase.dll
0x00007ffcd7260000 - 0x00007ffcd728e000 	C:\Windows\SYSTEM32\Wldp.dll
0x00007ffcd9950000 - 0x00007ffcd99fd000 	C:\Windows\System32\SHCORE.dll
0x00007ffcd9250000 - 0x00007ffcd92a5000 	C:\Windows\System32\shlwapi.dll
0x00007ffcd7740000 - 0x00007ffcd775f000 	C:\Windows\SYSTEM32\profapi.dll
0x00007ffcd01d0000 - 0x00007ffcd01ea000 	C:\Program Files\Android\Android Studio\jre\bin\net.dll
0x00007ffccf180000 - 0x00007ffccf28a000 	C:\Windows\SYSTEM32\WINHTTP.dll
0x00007ffcd6fc0000 - 0x00007ffcd702a000 	C:\Windows\system32\mswsock.dll
0x00007ffccd0e0000 - 0x00007ffccd0f4000 	C:\Program Files\Android\Android Studio\jre\bin\nio.dll
0x00007ffcc07b0000 - 0x00007ffcc07d7000 	C:\Users\jeawo\.gradle\native\e1d6ef7f7dcc3fd88c89a11ec53ec762bb8ba0a96d01ffa2cd45eb1d1d8dd5c5\windows-amd64\native-platform.dll
0x00007ffc9e980000 - 0x00007ffc9eac4000 	C:\Users\jeawo\.gradle\native\5664cfc778a61ccfe75a443a1ab52a65af34e5dc3c78e0209fed803814484fcb\windows-amd64\native-platform-file-events.dll
0x00007ffccd4b0000 - 0x00007ffccd4ba000 	C:\Program Files\Android\Android Studio\jre\bin\management.dll
0x00007ffccd390000 - 0x00007ffccd39d000 	C:\Program Files\Android\Android Studio\jre\bin\management_ext.dll
0x00007ffcd71b0000 - 0x00007ffcd71c8000 	C:\Windows\SYSTEM32\CRYPTSP.dll
0x00007ffcd6840000 - 0x00007ffcd6874000 	C:\Windows\system32\rsaenh.dll
0x00007ffcd7fd0000 - 0x00007ffcd7ff7000 	C:\Windows\System32\bcrypt.dll
0x00007ffcd7700000 - 0x00007ffcd772e000 	C:\Windows\SYSTEM32\USERENV.dll
0x00007ffcd71d0000 - 0x00007ffcd71dc000 	C:\Windows\SYSTEM32\CRYPTBASE.dll
0x00007ffcd6c60000 - 0x00007ffcd6c9c000 	C:\Windows\SYSTEM32\IPHLPAPI.DLL
0x00007ffcd92b0000 - 0x00007ffcd92b8000 	C:\Windows\System32\NSI.dll
0x00007ffccd280000 - 0x00007ffccd297000 	C:\Windows\SYSTEM32\dhcpcsvc6.DLL
0x00007ffcccb30000 - 0x00007ffcccb4d000 	C:\Windows\SYSTEM32\dhcpcsvc.DLL
0x00007ffcd6cb0000 - 0x00007ffcd6d7b000 	C:\Windows\SYSTEM32\DNSAPI.dll

dbghelp: loaded successfully - version: 4.0.5 - missing functions: none
symbol engine: initialized successfully - sym options: 0x614 - pdb path: .;C:\Program Files\Android\Android Studio\jre\bin;C:\Windows\SYSTEM32;C:\Windows\WinSxS\amd64_microsoft.windows.common-controls_6595b64144ccf1df_6.0.19041.1110_none_60b5254171f9507e;C:\Program Files\Android\Android Studio\jre\bin\server;C:\Users\jeawo\.gradle\native\e1d6ef7f7dcc3fd88c89a11ec53ec762bb8ba0a96d01ffa2cd45eb1d1d8dd5c5\windows-amd64;C:\Users\jeawo\.gradle\native\5664cfc778a61ccfe75a443a1ab52a65af34e5dc3c78e0209fed803814484fcb\windows-amd64

VM Arguments:
jvm_args: --add-opens=java.base/java.util=ALL-UNNAMED --add-opens=java.base/java.lang=ALL-UNNAMED --add-opens=java.base/java.lang.invoke=ALL-UNNAMED --add-opens=java.base/java.util=ALL-UNNAMED --add-opens=java.prefs/java.util.prefs=ALL-UNNAMED --add-opens=java.prefs/java.util.prefs=ALL-UNNAMED --add-opens=java.base/java.nio.charset=ALL-UNNAMED --add-opens=java.base/java.net=ALL-UNNAMED --add-opens=java.base/java.util.concurrent.atomic=ALL-UNNAMED -Xmx2048m -Dfile.encoding=UTF-8 -Duser.country=KR -Duser.language=ko -Duser.variant 
java_command: org.gradle.launcher.daemon.bootstrap.GradleDaemon 7.3.3
java_class_path (initial): C:\Users\jeawo\.gradle\wrapper\dists\gradle-7.3.3-bin\6a41zxkdtcxs8rphpq6y0069z\gradle-7.3.3\lib\gradle-launcher-7.3.3.jar
Launcher Type: SUN_STANDARD

[Global flags]
     intx CICompilerCount                          = 4                                         {product} {ergonomic}
     uint ConcGCThreads                            = 2                                         {product} {ergonomic}
     uint G1ConcRefinementThreads                  = 8                                         {product} {ergonomic}
   size_t G1HeapRegionSize                         = 1048576                                   {product} {ergonomic}
    uintx GCDrainStackTargetSize                   = 64                                        {product} {ergonomic}
   size_t InitialHeapSize                          = 132120576                                 {product} {ergonomic}
   size_t MarkStackSize                            = 4194304                                   {product} {ergonomic}
   size_t MaxHeapSize                              = 2147483648                                {product} {command line}
   size_t MaxNewSize                               = 1287651328                                {product} {ergonomic}
   size_t MinHeapDeltaBytes                        = 1048576                                   {product} {ergonomic}
    uintx NonNMethodCodeHeapSize                   = 5836300                                {pd product} {ergonomic}
    uintx NonProfiledCodeHeapSize                  = 122910970                              {pd product} {ergonomic}
    uintx ProfiledCodeHeapSize                     = 122910970                              {pd product} {ergonomic}
    uintx ReservedCodeCacheSize                    = 251658240                              {pd product} {ergonomic}
     bool SegmentedCodeCache                       = true                                      {product} {ergonomic}
     bool UseCompressedClassPointers               = true                                 {lp64_product} {ergonomic}
     bool UseCompressedOops                        = true                                 {lp64_product} {ergonomic}
     bool UseG1GC                                  = true                                      {product} {ergonomic}
     bool UseLargePagesIndividualAllocation        = false                                  {pd product} {ergonomic}

Logging:
Log output configuration:
 #0: stdout all=warning uptime,level,tags
 #1: stderr all=off uptime,level,tags

Environment Variables:
PATH=C:\Windows\system32;C:\Windows;C:\Windows\System32\Wbem;C:\Windows\System32\WindowsPowerShell\v1.0\;C:\Windows\System32\OpenSSH\;C:\Program Files\Git\cmd;C:\Program Files\dotnet\;C:\Program Files\Docker\Docker\resources\bin;C:\ProgramData\DockerDesktop\version-bin;C:\Users\jeawo\anaconda3;C:\Users\jeawo\anaconda3\Library\mingw-w64\bin;C:\Users\jeawo\anaconda3\Library\usr\bin;C:\Users\jeawo\anaconda3\Library\bin;C:\Users\jeawo\anaconda3\Scripts;C:\Users\jeawo\AppData\Local\Microsoft\WindowsApps;C:\Program Files\JetBrains\IntelliJ IDEA Community Edition 2022.1.1\bin;;C:\Users\jeawo\AppData\Local\Programs\Microsoft VS Code\bin;C:\Users\jeawo\AppData\Local\afreeca
USERNAME=jeawo
OS=Windows_NT
PROCESSOR_IDENTIFIER=Intel64 Family 6 Model 142 Stepping 12, GenuineIntel



---------------  S Y S T E M  ---------------

OS: Windows 10 , 64 bit Build 19041 (10.0.19041.2788)
OS uptime: 5 days 2:42 hours
Hyper-V role detected

CPU:total 8 (initial active 8) (4 cores per cpu, 2 threads per core) family 6 model 142 stepping 12 microcode 0xca, cmov, cx8, fxsr, mmx, sse, sse2, sse3, ssse3, sse4.1, sse4.2, popcnt, avx, avx2, aes, clmul, erms, 3dnowpref, lzcnt, ht, tsc, tscinvbit, bmi1, bmi2, adx, fma

Memory: 4k page, system-wide physical 8001M (529M free)
TotalPageFile size 32577M (AvailPageFile size 10M)
current process WorkingSet (physical memory assigned to process): 482M, peak: 493M
current process commit charge ("private bytes"): 542M, peak: 542M

vm_info: OpenJDK 64-Bit Server VM (11.0.12+7-b1504.28-7817840) for windows-amd64 JRE (11.0.12+7-b1504.28-7817840), built on Oct 13 2021 22:12:33 by "builder" with MS VC++ 14.0 (VS2015)

END.
