#
# There is insufficient memory for the Java Runtime Environment to continue.
# Native memory allocation (malloc) failed to allocate 2076016 bytes for Chunk::new
# Possible reasons:
#   The system is out of physical RAM or swap space
#   The process is running with CompressedOops enabled, and the Java Heap may be blocking the growth of the native heap
# Possible solutions:
#   Reduce memory load on the system
#   Increase physical memory or swap space
#   Check if swap backing store is full
#   Decrease Java heap size (-Xmx/-Xms)
#   Decrease number of Java threads
#   Decrease Java thread stack sizes (-Xss)
#   Set larger code cache with -XX:ReservedCodeCacheSize=
#   JVM is running with Unscaled Compressed Oops mode in which the Java heap is
#     placed in the first 4GB address space. The Java Heap base address is the
#     maximum limit for the native heap growth. Please use -XX:HeapBaseMinAddress
#     to set the Java Heap base and to place the Java Heap above 4GB virtual address.
# This output file may be truncated or incomplete.
#
#  Out of Memory Error (./src/hotspot/share/memory/arena.cpp:197), pid=7728, tid=6868
#
# JRE version: OpenJDK Runtime Environment (11.0.12+7) (build 11.0.12+7-b1504.28-7817840)
# Java VM: OpenJDK 64-Bit Server VM (11.0.12+7-b1504.28-7817840, mixed mode, tiered, compressed oops, g1 gc, windows-amd64)
# No core dump will be written. Minidumps are not enabled by default on client versions of Windows
#

---------------  S U M M A R Y ------------

Command Line: --add-opens=java.base/java.util=ALL-UNNAMED --add-opens=java.base/java.lang=ALL-UNNAMED --add-opens=java.base/java.lang.invoke=ALL-UNNAMED --add-opens=java.base/java.util=ALL-UNNAMED --add-opens=java.prefs/java.util.prefs=ALL-UNNAMED --add-opens=java.prefs/java.util.prefs=ALL-UNNAMED --add-opens=java.base/java.nio.charset=ALL-UNNAMED --add-opens=java.base/java.net=ALL-UNNAMED --add-opens=java.base/java.util.concurrent.atomic=ALL-UNNAMED -Xmx2048m -Dfile.encoding=UTF-8 -Duser.country=KR -Duser.language=ko -Duser.variant org.gradle.launcher.daemon.bootstrap.GradleDaemon 7.3.3

Host: Intel(R) Core(TM) i5-10210U CPU @ 1.60GHz, 8 cores, 7G,  Windows 10 , 64 bit Build 19041 (10.0.19041.2788)
Time: Tue May  9 19:32:34 2023 대한민국 표준시 elapsed time: 9.508781 seconds (0d 0h 0m 9s)

---------------  T H R E A D  ---------------

Current thread (0x000001b93bd0a800):  JavaThread "C2 CompilerThread2" daemon [_thread_in_native, id=6868, stack(0x0000004e7fc00000,0x0000004e7fd00000)]


Current CompileTask:
C2:   9508 7413       4       java.lang.Class::annotationData (44 bytes)

Stack: [0x0000004e7fc00000,0x0000004e7fd00000]
Native frames: (J=compiled Java code, j=interpreted, Vv=VM code, C=native code)
V  [jvm.dll+0x5fbcea]
V  [jvm.dll+0x731905]
V  [jvm.dll+0x732f1d]
V  [jvm.dll+0x7335d3]
V  [jvm.dll+0x247bf8]
V  [jvm.dll+0xc018c]
V  [jvm.dll+0xc06cc]
V  [jvm.dll+0x35b31d]
V  [jvm.dll+0x328803]
V  [jvm.dll+0x327cfa]
V  [jvm.dll+0x200602]
V  [jvm.dll+0x1ff794]
V  [jvm.dll+0x18868c]
V  [jvm.dll+0x20e0d7]
V  [jvm.dll+0x20c901]
V  [jvm.dll+0x6f9b7f]
V  [jvm.dll+0x6f26a5]
V  [jvm.dll+0x5fabf6]
C  [ucrtbase.dll+0x21bb2]
C  [KERNEL32.DLL+0x17604]
C  [ntdll.dll+0x526a1]


---------------  P R O C E S S  ---------------

Threads class SMR info:
_java_thread_list=0x000001b93c3620f0, length=124, elements={
0x000001b91d96a800, 0x000001b937df3000, 0x000001b937dfc800, 0x000001b937e1e800,
0x000001b937e20800, 0x000001b937e22000, 0x000001b937e25000, 0x000001b937e26800,
0x000001b93871d000, 0x000001b93889b800, 0x000001b939f6e800, 0x000001b938cbb800,
0x000001b93a900800, 0x000001b93ab80000, 0x000001b93ae5a000, 0x000001b93b1e7000,
0x000001b93b17d800, 0x000001b939722800, 0x000001b939c62000, 0x000001b93ad4e000,
0x000001b93ad52000, 0x000001b93ad4f000, 0x000001b93ad50800, 0x000001b93bb31800,
0x000001b93ad4f800, 0x000001b93bd0a800, 0x000001b93ad51800, 0x000001b93ad53000,
0x000001b93ad4d000, 0x000001b93ad53800, 0x000001b93bbcc800, 0x000001b93bbce800,
0x000001b93bbcd800, 0x000001b93bbcf000, 0x000001b93bbd4000, 0x000001b93bbd5000,
0x000001b93bbd2800, 0x000001b93bbd3000, 0x000001b93bbd5800, 0x000001b93bbd0000,
0x000001b93bbd7800, 0x000001b93bbd6800, 0x000001b93bbd1800, 0x000001b93bbd8000,
0x000001b93bbd9000, 0x000001b93ae12000, 0x000001b93ae10000, 0x000001b93ae0d000,
0x000001b93ae11000, 0x000001b93ae12800, 0x000001b93ae13800, 0x000001b93ae0d800,
0x000001b93ae0e800, 0x000001b93ae14000, 0x000001b93ae15000, 0x000001b93ae0f800,
0x000001b93ae19000, 0x000001b93ae1b800, 0x000001b93ae1a000, 0x000001b93ae17800,
0x000001b93ae18800, 0x000001b93ae1b000, 0x000001b93ae16000, 0x000001b93ae16800,
0x000001b939dde800, 0x000001b939ddb000, 0x000001b939ddd000, 0x000001b939ddd800,
0x000001b939ddf000, 0x000001b939dd9800, 0x000001b939de0000, 0x000001b939dda800,
0x000001b939de1000, 0x000001b939de1800, 0x000001b939ddc000, 0x000001b939de4000,
0x000001b939de6800, 0x000001b939de7800, 0x000001b939de8000, 0x000001b939de6000,
0x000001b939de2800, 0x000001b939de3800, 0x000001b939de5000, 0x000001b93aec1800,
0x000001b93aec3000, 0x000001b93aec4000, 0x000001b93aec4800, 0x000001b93aec0800,
0x000001b93aec0000, 0x000001b93aec5800, 0x000001b93aec2000, 0x000001b93aecb000,
0x000001b93aecc000, 0x000001b93aec7000, 0x000001b93aeca800, 0x000001b93aec8000,
0x000001b93aec9800, 0x000001b93aec6800, 0x000001b93aecd000, 0x000001b93aecd800,
0x000001b93aece800, 0x000001b93aec9000, 0x000001b938eb3800, 0x000001b938eb5000,
0x000001b938eb4800, 0x000001b938eb7800, 0x000001b938eb6000, 0x000001b938eb7000,
0x000001b938eb8800, 0x000001b938eb2800, 0x000001b938ebd800, 0x000001b938ebc800,
0x000001b938ebf000, 0x000001b938ebe000, 0x000001b938eb9000, 0x000001b938ebb800,
0x000001b938ec0000, 0x000001b938eba000, 0x000001b938ec0800, 0x000001b938ebb000,
0x000001b938ec1800, 0x000001b93b0ca800, 0x000001b93b0cc000, 0x000001b93b0cd000
}

Java Threads: ( => current thread )
  0x000001b91d96a800 JavaThread "main" [_thread_blocked, id=15852, stack(0x0000004e7d400000,0x0000004e7d500000)]
  0x000001b937df3000 JavaThread "Reference Handler" daemon [_thread_blocked, id=12604, stack(0x0000004e7db00000,0x0000004e7dc00000)]
  0x000001b937dfc800 JavaThread "Finalizer" daemon [_thread_blocked, id=24588, stack(0x0000004e7dc00000,0x0000004e7dd00000)]
  0x000001b937e1e800 JavaThread "Signal Dispatcher" daemon [_thread_blocked, id=26340, stack(0x0000004e7dd00000,0x0000004e7de00000)]
  0x000001b937e20800 JavaThread "Attach Listener" daemon [_thread_blocked, id=12304, stack(0x0000004e7de00000,0x0000004e7df00000)]
  0x000001b937e22000 JavaThread "Service Thread" daemon [_thread_blocked, id=3660, stack(0x0000004e7df00000,0x0000004e7e000000)]
  0x000001b937e25000 JavaThread "C2 CompilerThread0" daemon [_thread_in_native, id=22884, stack(0x0000004e7e000000,0x0000004e7e100000)]
  0x000001b937e26800 JavaThread "C1 CompilerThread0" daemon [_thread_blocked, id=24372, stack(0x0000004e7e100000,0x0000004e7e200000)]
  0x000001b93871d000 JavaThread "Sweeper thread" daemon [_thread_blocked, id=1752, stack(0x0000004e7e200000,0x0000004e7e300000)]
  0x000001b93889b800 JavaThread "Common-Cleaner" daemon [_thread_blocked, id=24120, stack(0x0000004e7e300000,0x0000004e7e400000)]
  0x000001b939f6e800 JavaThread "Daemon health stats" [_thread_blocked, id=25824, stack(0x0000004e7e900000,0x0000004e7ea00000)]
  0x000001b938cbb800 JavaThread "Incoming local TCP Connector on port 63602" [_thread_in_native, id=16056, stack(0x0000004e7e500000,0x0000004e7e600000)]
  0x000001b93a900800 JavaThread "Daemon periodic checks" [_thread_blocked, id=18152, stack(0x0000004e7e600000,0x0000004e7e700000)]
  0x000001b93ab80000 JavaThread "Daemon" [_thread_blocked, id=25168, stack(0x0000004e7ea00000,0x0000004e7eb00000)]
  0x000001b93ae5a000 JavaThread "Handler for socket connection from /127.0.0.1:63602 to /127.0.0.1:63603" [_thread_in_native, id=11256, stack(0x0000004e7eb00000,0x0000004e7ec00000)]
  0x000001b93b1e7000 JavaThread "Cancel handler" [_thread_blocked, id=15568, stack(0x0000004e7ec00000,0x0000004e7ed00000)]
  0x000001b93b17d800 JavaThread "Daemon worker" [_thread_in_vm, id=17628, stack(0x0000004e7ed00000,0x0000004e7ee00000)]
  0x000001b939722800 JavaThread "Asynchronous log dispatcher for DefaultDaemonConnection: socket connection from /127.0.0.1:63602 to /127.0.0.1:63603" [_thread_blocked, id=24432, stack(0x0000004e7f300000,0x0000004e7f400000)]
  0x000001b939c62000 JavaThread "Stdin handler" [_thread_blocked, id=13760, stack(0x0000004e7f400000,0x0000004e7f500000)]
  0x000001b93ad4e000 JavaThread "Daemon client event forwarder" [_thread_blocked, id=3848, stack(0x0000004e7f500000,0x0000004e7f600000)]
  0x000001b93ad52000 JavaThread "Cache worker for journal cache (C:\Users\jeawo\.gradle\caches\journal-1)" [_thread_blocked, id=26892, stack(0x0000004e7f600000,0x0000004e7f700000)]
  0x000001b93ad4f000 JavaThread "File lock request listener" [_thread_in_native, id=26480, stack(0x0000004e7f700000,0x0000004e7f800000)]
  0x000001b93ad50800 JavaThread "Cache worker for file hash cache (C:\Users\jeawo\.gradle\caches\7.3.3\fileHashes)" [_thread_blocked, id=22688, stack(0x0000004e7f800000,0x0000004e7f900000)]
  0x000001b93bb31800 JavaThread "C2 CompilerThread1" daemon [_thread_in_native, id=23540, stack(0x0000004e7fa00000,0x0000004e7fb00000)]
  0x000001b93ad4f800 JavaThread "Cache worker for file hash cache (C:\Users\jeawo\USB_JAVA_UI\.gradle\7.3.3\fileHashes)" [_thread_blocked, id=19196, stack(0x0000004e7fb00000,0x0000004e7fc00000)]
=>0x000001b93bd0a800 JavaThread "C2 CompilerThread2" daemon [_thread_in_native, id=6868, stack(0x0000004e7fc00000,0x0000004e7fd00000)]
  0x000001b93ad51800 JavaThread "File watcher server" daemon [_thread_in_native, id=5716, stack(0x0000004e7fd00000,0x0000004e7fe00000)]
  0x000001b93ad53000 JavaThread "File watcher consumer" daemon [_thread_blocked, id=19952, stack(0x0000004e7fe00000,0x0000004e7ff00000)]
  0x000001b93ad4d000 JavaThread "Cache worker for checksums cache (C:\Users\jeawo\USB_JAVA_UI\.gradle\7.3.3\checksums)" [_thread_blocked, id=2600, stack(0x0000004e7ff00000,0x0000004e80000000)]
  0x000001b93ad53800 JavaThread "Cache worker for cache directory md-supplier (C:\Users\jeawo\.gradle\caches\7.3.3\md-supplier)" [_thread_blocked, id=17028, stack(0x0000004e00000000,0x0000004e00100000)]
  0x000001b93bbcc800 JavaThread "Cache worker for cache directory md-rule (C:\Users\jeawo\.gradle\caches\7.3.3\md-rule)" [_thread_blocked, id=24684, stack(0x0000004e00100000,0x0000004e00200000)]
  0x000001b93bbce800 JavaThread "Cache worker for execution history cache (C:\Users\jeawo\.gradle\caches\7.3.3\executionHistory)" [_thread_blocked, id=10584, stack(0x0000004e00200000,0x0000004e00300000)]
  0x000001b93bbcd800 JavaThread "jar transforms" [_thread_blocked, id=13468, stack(0x0000004e00300000,0x0000004e00400000)]
  0x000001b93bbcf000 JavaThread "Cache worker for file content cache (C:\Users\jeawo\.gradle\caches\7.3.3\fileContent)" [_thread_blocked, id=6520, stack(0x0000004e00400000,0x0000004e00500000)]
  0x000001b93bbd4000 JavaThread "jar transforms Thread 2" [_thread_blocked, id=25704, stack(0x0000004e00500000,0x0000004e00600000)]
  0x000001b93bbd5000 JavaThread "Cache worker for dependencies-accessors (C:\Users\jeawo\USB_JAVA_UI\.gradle\7.3.3\dependencies-accessors)" [_thread_blocked, id=22920, stack(0x0000004e00600000,0x0000004e00700000)]
  0x000001b93bbd2800 JavaThread "jar transforms Thread 3" [_thread_blocked, id=5960, stack(0x0000004e00700000,0x0000004e00800000)]
  0x000001b93bbd3000 JavaThread "Cache worker for Build Output Cleanup Cache (C:\Users\jeawo\USB_JAVA_UI\.gradle\buildOutputCleanup)" [_thread_blocked, id=24340, stack(0x0000004e00800000,0x0000004e00900000)]
  0x000001b93bbd5800 JavaThread "Unconstrained build operations" [_thread_blocked, id=9368, stack(0x0000004e00900000,0x0000004e00a00000)]
  0x000001b93bbd0000 JavaThread "Unconstrained build operations Thread 2" [_thread_blocked, id=26580, stack(0x0000004e00a00000,0x0000004e00b00000)]
  0x000001b93bbd7800 JavaThread "Unconstrained build operations Thread 3" [_thread_blocked, id=26072, stack(0x0000004e00b00000,0x0000004e00c00000)]
  0x000001b93bbd6800 JavaThread "Unconstrained build operations Thread 4" [_thread_blocked, id=16012, stack(0x0000004e00c00000,0x0000004e00d00000)]
  0x000001b93bbd1800 JavaThread "Unconstrained build operations Thread 5" [_thread_blocked, id=20704, stack(0x0000004e00d00000,0x0000004e00e00000)]
  0x000001b93bbd8000 JavaThread "Unconstrained build operations Thread 6" [_thread_blocked, id=22988, stack(0x0000004e00e00000,0x0000004e00f00000)]
  0x000001b93bbd9000 JavaThread "Unconstrained build operations Thread 7" [_thread_blocked, id=22524, stack(0x0000004e00f00000,0x0000004e01000000)]
  0x000001b93ae12000 JavaThread "Unconstrained build operations Thread 8" [_thread_blocked, id=26384, stack(0x0000004e01000000,0x0000004e01100000)]
  0x000001b93ae10000 JavaThread "Unconstrained build operations Thread 9" [_thread_blocked, id=13284, stack(0x0000004e01100000,0x0000004e01200000)]
  0x000001b93ae0d000 JavaThread "Unconstrained build operations Thread 10" [_thread_blocked, id=16028, stack(0x0000004e01200000,0x0000004e01300000)]
  0x000001b93ae11000 JavaThread "Unconstrained build operations Thread 11" [_thread_blocked, id=8520, stack(0x0000004e01300000,0x0000004e01400000)]
  0x000001b93ae12800 JavaThread "Unconstrained build operations Thread 12" [_thread_blocked, id=23200, stack(0x0000004e01400000,0x0000004e01500000)]
  0x000001b93ae13800 JavaThread "Unconstrained build operations Thread 13" [_thread_blocked, id=26356, stack(0x0000004e01500000,0x0000004e01600000)]
  0x000001b93ae0d800 JavaThread "Unconstrained build operations Thread 14" [_thread_blocked, id=14620, stack(0x0000004e01600000,0x0000004e01700000)]
  0x000001b93ae0e800 JavaThread "Unconstrained build operations Thread 15" [_thread_blocked, id=26160, stack(0x0000004e01700000,0x0000004e01800000)]
  0x000001b93ae14000 JavaThread "Unconstrained build operations Thread 16" [_thread_blocked, id=23884, stack(0x0000004e01800000,0x0000004e01900000)]
  0x000001b93ae15000 JavaThread "Unconstrained build operations Thread 17" [_thread_blocked, id=26668, stack(0x0000004e01900000,0x0000004e01a00000)]
  0x000001b93ae0f800 JavaThread "Unconstrained build operations Thread 18" [_thread_blocked, id=18760, stack(0x0000004e01a00000,0x0000004e01b00000)]
  0x000001b93ae19000 JavaThread "Unconstrained build operations Thread 19" [_thread_blocked, id=12212, stack(0x0000004e01b00000,0x0000004e01c00000)]
  0x000001b93ae1b800 JavaThread "Unconstrained build operations Thread 20" [_thread_blocked, id=1732, stack(0x0000004e01c00000,0x0000004e01d00000)]
  0x000001b93ae1a000 JavaThread "Unconstrained build operations Thread 21" [_thread_blocked, id=23948, stack(0x0000004e01d00000,0x0000004e01e00000)]
  0x000001b93ae17800 JavaThread "Unconstrained build operations Thread 22" [_thread_blocked, id=18692, stack(0x0000004e01e00000,0x0000004e01f00000)]
  0x000001b93ae18800 JavaThread "Unconstrained build operations Thread 23" [_thread_blocked, id=4444, stack(0x0000004e01f00000,0x0000004e02000000)]
  0x000001b93ae1b000 JavaThread "Unconstrained build operations Thread 24" [_thread_blocked, id=16548, stack(0x0000004e02000000,0x0000004e02100000)]
  0x000001b93ae16000 JavaThread "Unconstrained build operations Thread 25" [_thread_blocked, id=25392, stack(0x0000004e02100000,0x0000004e02200000)]
  0x000001b93ae16800 JavaThread "Unconstrained build operations Thread 26" [_thread_blocked, id=12944, stack(0x0000004e02200000,0x0000004e02300000)]
  0x000001b939dde800 JavaThread "Unconstrained build operations Thread 27" [_thread_blocked, id=11676, stack(0x0000004e02300000,0x0000004e02400000)]
  0x000001b939ddb000 JavaThread "Unconstrained build operations Thread 28" [_thread_blocked, id=12924, stack(0x0000004e02400000,0x0000004e02500000)]
  0x000001b939ddd000 JavaThread "Unconstrained build operations Thread 29" [_thread_blocked, id=1256, stack(0x0000004e02500000,0x0000004e02600000)]
  0x000001b939ddd800 JavaThread "Unconstrained build operations Thread 30" [_thread_blocked, id=21232, stack(0x0000004e02600000,0x0000004e02700000)]
  0x000001b939ddf000 JavaThread "Unconstrained build operations Thread 31" [_thread_blocked, id=18164, stack(0x0000004e02700000,0x0000004e02800000)]
  0x000001b939dd9800 JavaThread "Unconstrained build operations Thread 32" [_thread_blocked, id=19108, stack(0x0000004e02800000,0x0000004e02900000)]
  0x000001b939de0000 JavaThread "Unconstrained build operations Thread 33" [_thread_blocked, id=12616, stack(0x0000004e02900000,0x0000004e02a00000)]
  0x000001b939dda800 JavaThread "Unconstrained build operations Thread 34" [_thread_blocked, id=8148, stack(0x0000004e02a00000,0x0000004e02b00000)]
  0x000001b939de1000 JavaThread "Unconstrained build operations Thread 35" [_thread_blocked, id=26520, stack(0x0000004e02b00000,0x0000004e02c00000)]
  0x000001b939de1800 JavaThread "Unconstrained build operations Thread 36" [_thread_blocked, id=16252, stack(0x0000004e02c00000,0x0000004e02d00000)]
  0x000001b939ddc000 JavaThread "Unconstrained build operations Thread 37" [_thread_blocked, id=11260, stack(0x0000004e02d00000,0x0000004e02e00000)]
  0x000001b939de4000 JavaThread "Unconstrained build operations Thread 38" [_thread_blocked, id=13500, stack(0x0000004e02e00000,0x0000004e02f00000)]
  0x000001b939de6800 JavaThread "Unconstrained build operations Thread 39" [_thread_blocked, id=27348, stack(0x0000004e02f00000,0x0000004e03000000)]
  0x000001b939de7800 JavaThread "Unconstrained build operations Thread 40" [_thread_blocked, id=19496, stack(0x0000004e03000000,0x0000004e03100000)]
  0x000001b939de8000 JavaThread "Unconstrained build operations Thread 41" [_thread_blocked, id=21216, stack(0x0000004e03100000,0x0000004e03200000)]
  0x000001b939de6000 JavaThread "Unconstrained build operations Thread 42" [_thread_blocked, id=21248, stack(0x0000004e03200000,0x0000004e03300000)]
  0x000001b939de2800 JavaThread "Unconstrained build operations Thread 43" [_thread_blocked, id=13580, stack(0x0000004e03300000,0x0000004e03400000)]
  0x000001b939de3800 JavaThread "Unconstrained build operations Thread 44" [_thread_blocked, id=15864, stack(0x0000004e03400000,0x0000004e03500000)]
  0x000001b939de5000 JavaThread "Unconstrained build operations Thread 45" [_thread_blocked, id=22848, stack(0x0000004e03500000,0x0000004e03600000)]
  0x000001b93aec1800 JavaThread "Unconstrained build operations Thread 46" [_thread_blocked, id=2544, stack(0x0000004e03600000,0x0000004e03700000)]
  0x000001b93aec3000 JavaThread "Unconstrained build operations Thread 47" [_thread_blocked, id=23236, stack(0x0000004e03700000,0x0000004e03800000)]
  0x000001b93aec4000 JavaThread "Unconstrained build operations Thread 48" [_thread_blocked, id=21804, stack(0x0000004e03800000,0x0000004e03900000)]
  0x000001b93aec4800 JavaThread "Unconstrained build operations Thread 49" [_thread_blocked, id=27280, stack(0x0000004e03900000,0x0000004e03a00000)]
  0x000001b93aec0800 JavaThread "Unconstrained build operations Thread 50" [_thread_blocked, id=20684, stack(0x0000004e03a00000,0x0000004e03b00000)]
  0x000001b93aec0000 JavaThread "Unconstrained build operations Thread 51" [_thread_blocked, id=26388, stack(0x0000004e03b00000,0x0000004e03c00000)]
  0x000001b93aec5800 JavaThread "Unconstrained build operations Thread 52" [_thread_blocked, id=26800, stack(0x0000004e03c00000,0x0000004e03d00000)]
  0x000001b93aec2000 JavaThread "Unconstrained build operations Thread 53" [_thread_blocked, id=16772, stack(0x0000004e03d00000,0x0000004e03e00000)]
  0x000001b93aecb000 JavaThread "Unconstrained build operations Thread 54" [_thread_blocked, id=25164, stack(0x0000004e03e00000,0x0000004e03f00000)]
  0x000001b93aecc000 JavaThread "Unconstrained build operations Thread 55" [_thread_blocked, id=23684, stack(0x0000004e03f00000,0x0000004e04000000)]
  0x000001b93aec7000 JavaThread "Unconstrained build operations Thread 56" [_thread_blocked, id=23316, stack(0x0000004e04000000,0x0000004e04100000)]
  0x000001b93aeca800 JavaThread "Unconstrained build operations Thread 57" [_thread_blocked, id=24268, stack(0x0000004e04100000,0x0000004e04200000)]
  0x000001b93aec8000 JavaThread "Unconstrained build operations Thread 58" [_thread_blocked, id=17060, stack(0x0000004e04200000,0x0000004e04300000)]
  0x000001b93aec9800 JavaThread "Unconstrained build operations Thread 59" [_thread_blocked, id=7428, stack(0x0000004e04300000,0x0000004e04400000)]
  0x000001b93aec6800 JavaThread "Unconstrained build operations Thread 60" [_thread_blocked, id=22180, stack(0x0000004e04400000,0x0000004e04500000)]
  0x000001b93aecd000 JavaThread "Unconstrained build operations Thread 61" [_thread_blocked, id=20660, stack(0x0000004e04500000,0x0000004e04600000)]
  0x000001b93aecd800 JavaThread "Unconstrained build operations Thread 62" [_thread_blocked, id=20256, stack(0x0000004e04600000,0x0000004e04700000)]
  0x000001b93aece800 JavaThread "Unconstrained build operations Thread 63" [_thread_blocked, id=21736, stack(0x0000004e04700000,0x0000004e04800000)]
  0x000001b93aec9000 JavaThread "Unconstrained build operations Thread 64" [_thread_blocked, id=17140, stack(0x0000004e04800000,0x0000004e04900000)]
  0x000001b938eb3800 JavaThread "Unconstrained build operations Thread 65" [_thread_blocked, id=11784, stack(0x0000004e04900000,0x0000004e04a00000)]
  0x000001b938eb5000 JavaThread "Unconstrained build operations Thread 66" [_thread_blocked, id=11392, stack(0x0000004e04a00000,0x0000004e04b00000)]
  0x000001b938eb4800 JavaThread "Unconstrained build operations Thread 67" [_thread_blocked, id=26192, stack(0x0000004e04b00000,0x0000004e04c00000)]
  0x000001b938eb7800 JavaThread "Unconstrained build operations Thread 68" [_thread_blocked, id=20800, stack(0x0000004e04c00000,0x0000004e04d00000)]
  0x000001b938eb6000 JavaThread "Unconstrained build operations Thread 69" [_thread_blocked, id=20664, stack(0x0000004e04d00000,0x0000004e04e00000)]
  0x000001b938eb7000 JavaThread "Unconstrained build operations Thread 70" [_thread_blocked, id=25292, stack(0x0000004e04e00000,0x0000004e04f00000)]
  0x000001b938eb8800 JavaThread "Unconstrained build operations Thread 71" [_thread_blocked, id=23908, stack(0x0000004e04f00000,0x0000004e05000000)]
  0x000001b938eb2800 JavaThread "Unconstrained build operations Thread 72" [_thread_blocked, id=21816, stack(0x0000004e05000000,0x0000004e05100000)]
  0x000001b938ebd800 JavaThread "Unconstrained build operations Thread 73" [_thread_blocked, id=7668, stack(0x0000004e05100000,0x0000004e05200000)]
  0x000001b938ebc800 JavaThread "Unconstrained build operations Thread 74" [_thread_blocked, id=26300, stack(0x0000004e05200000,0x0000004e05300000)]
  0x000001b938ebf000 JavaThread "Unconstrained build operations Thread 75" [_thread_blocked, id=24764, stack(0x0000004e05300000,0x0000004e05400000)]
  0x000001b938ebe000 JavaThread "Unconstrained build operations Thread 76" [_thread_blocked, id=8904, stack(0x0000004e05400000,0x0000004e05500000)]
  0x000001b938eb9000 JavaThread "Unconstrained build operations Thread 77" [_thread_blocked, id=25424, stack(0x0000004e05500000,0x0000004e05600000)]
  0x000001b938ebb800 JavaThread "Unconstrained build operations Thread 78" [_thread_blocked, id=4248, stack(0x0000004e05600000,0x0000004e05700000)]
  0x000001b938ec0000 JavaThread "Unconstrained build operations Thread 79" [_thread_blocked, id=21140, stack(0x0000004e05700000,0x0000004e05800000)]
  0x000001b938eba000 JavaThread "Unconstrained build operations Thread 80" [_thread_blocked, id=15856, stack(0x0000004e05800000,0x0000004e05900000)]
  0x000001b938ec0800 JavaThread "jar transforms Thread 4" [_thread_blocked, id=15116, stack(0x0000004e05900000,0x0000004e05a00000)]
  0x000001b938ebb000 JavaThread "jar transforms Thread 5" [_thread_blocked, id=18624, stack(0x0000004e05a00000,0x0000004e05b00000)]
  0x000001b938ec1800 JavaThread "jar transforms Thread 6" [_thread_blocked, id=20996, stack(0x0000004e05b00000,0x0000004e05c00000)]
  0x000001b93b0ca800 JavaThread "jar transforms Thread 7" [_thread_blocked, id=24392, stack(0x0000004e05c00000,0x0000004e05d00000)]
  0x000001b93b0cc000 JavaThread "jar transforms Thread 8" [_thread_blocked, id=25568, stack(0x0000004e05d00000,0x0000004e05e00000)]
  0x000001b93b0cd000 JavaThread "Memory manager" [_thread_blocked, id=8004, stack(0x0000004e05e00000,0x0000004e05f00000)]

Other Threads:
  0x000001b937def000 VMThread "VM Thread" [stack: 0x0000004e7da00000,0x0000004e7db00000] [id=14524]
  0x000001b9388b6000 WatcherThread [stack: 0x0000004e7e400000,0x0000004e7e500000] [id=12956]
  0x000001b91d983000 GCTaskThread "GC Thread#0" [stack: 0x0000004e7d500000,0x0000004e7d600000] [id=15960]
  0x000001b939628800 GCTaskThread "GC Thread#1" [stack: 0x0000004e7e700000,0x0000004e7e800000] [id=20028]
  0x000001b939ac8000 GCTaskThread "GC Thread#2" [stack: 0x0000004e7e800000,0x0000004e7e900000] [id=25132]
  0x000001b93aa2d000 GCTaskThread "GC Thread#3" [stack: 0x0000004e7ee00000,0x0000004e7ef00000] [id=19296]
  0x000001b93aa2d800 GCTaskThread "GC Thread#4" [stack: 0x0000004e7ef00000,0x0000004e7f000000] [id=23336]
  0x000001b93aa04800 GCTaskThread "GC Thread#5" [stack: 0x0000004e7f000000,0x0000004e7f100000] [id=24916]
  0x000001b93aa05000 GCTaskThread "GC Thread#6" [stack: 0x0000004e7f100000,0x0000004e7f200000] [id=20300]
  0x000001b93982d000 GCTaskThread "GC Thread#7" [stack: 0x0000004e7f200000,0x0000004e7f300000] [id=26408]
  0x000001b91d9b6000 ConcurrentGCThread "G1 Main Marker" [stack: 0x0000004e7d600000,0x0000004e7d700000] [id=16544]
  0x000001b91d9b7800 ConcurrentGCThread "G1 Conc#0" [stack: 0x0000004e7d700000,0x0000004e7d800000] [id=24796]
  0x000001b93968b800 ConcurrentGCThread "G1 Conc#1" [stack: 0x0000004e7f900000,0x0000004e7fa00000] [id=25744]
  0x000001b937c40800 ConcurrentGCThread "G1 Refine#0" [stack: 0x0000004e7d800000,0x0000004e7d900000] [id=9972]
  0x000001b937c41800 ConcurrentGCThread "G1 Young RemSet Sampling" [stack: 0x0000004e7d900000,0x0000004e7da00000] [id=19364]

Threads with active compile tasks:
C2 CompilerThread0   9531 7415       4       java.util.HashMap::putVal (300 bytes)
C1 CompilerThread0   9531 7555       3       com.sun.xml.bind.v2.model.impl.ClassInfoImpl::getProperties (355 bytes)
C2 CompilerThread1   9531 7101 %     4       org.gradle.internal.instantiation.generator.AbstractClassGenerator::inspectType @ 207 (560 bytes)
C2 CompilerThread2   9531 7413       4       java.lang.Class::annotationData (44 bytes)

VM state:not at safepoint (normal execution)

VM Mutex/Monitor currently owned by a thread: None

Heap address: 0x0000000080000000, size: 2048 MB, Compressed Oops mode: 32-bit
Narrow klass base: 0x0000000000000000, Narrow klass shift: 3
Compressed class space size: 1073741824 Address: 0x0000000100000000

Heap:
 garbage-first heap   total 187392K, used 60694K [0x0000000080000000, 0x0000000100000000)
  region size 1024K, 6 young (6144K), 5 survivors (5120K)
 Metaspace       used 76817K, capacity 78600K, committed 78704K, reserved 1118208K
  class space    used 10102K, capacity 10791K, committed 10828K, reserved 1048576K
Heap Regions: E=young(eden), S=young(survivor), O=old, HS=humongous(starts), HC=humongous(continues), CS=collection set, F=free, A=archive, TAMS=top-at-mark-start (previous, next)
|   0|0x0000000080000000, 0x0000000080100000, 0x0000000080100000|100%| O|  |TAMS 0x0000000080100000, 0x0000000080000000| Untracked 
|   1|0x0000000080100000, 0x0000000080200000, 0x0000000080200000|100%| O|  |TAMS 0x0000000080200000, 0x0000000080100000| Untracked 
|   2|0x0000000080200000, 0x0000000080300000, 0x0000000080300000|100%| O|  |TAMS 0x0000000080300000, 0x0000000080200000| Untracked 
|   3|0x0000000080300000, 0x0000000080400000, 0x0000000080400000|100%|HS|  |TAMS 0x0000000080400000, 0x0000000080300000| Complete 
|   4|0x0000000080400000, 0x0000000080500000, 0x0000000080500000|100%|HC|  |TAMS 0x0000000080500000, 0x0000000080400000| Complete 
|   5|0x0000000080500000, 0x0000000080600000, 0x0000000080600000|100%|HC|  |TAMS 0x0000000080600000, 0x0000000080500000| Complete 
|   6|0x0000000080600000, 0x0000000080700000, 0x0000000080700000|100%| O|  |TAMS 0x0000000080700000, 0x0000000080600000| Untracked 
|   7|0x0000000080700000, 0x0000000080800000, 0x0000000080800000|100%| O|  |TAMS 0x0000000080800000, 0x0000000080700000| Untracked 
|   8|0x0000000080800000, 0x0000000080900000, 0x0000000080900000|100%| O|  |TAMS 0x0000000080900000, 0x0000000080800000| Untracked 
|   9|0x0000000080900000, 0x0000000080a00000, 0x0000000080a00000|100%| O|  |TAMS 0x0000000080a00000, 0x0000000080900000| Untracked 
|  10|0x0000000080a00000, 0x0000000080b00000, 0x0000000080b00000|100%| O|  |TAMS 0x0000000080b00000, 0x0000000080a00000| Untracked 
|  11|0x0000000080b00000, 0x0000000080c00000, 0x0000000080c00000|100%| O|  |TAMS 0x0000000080c00000, 0x0000000080b00000| Untracked 
|  12|0x0000000080c00000, 0x0000000080d00000, 0x0000000080d00000|100%| O|  |TAMS 0x0000000080d00000, 0x0000000080c00000| Untracked 
|  13|0x0000000080d00000, 0x0000000080e00000, 0x0000000080e00000|100%| O|  |TAMS 0x0000000080e00000, 0x0000000080d00000| Untracked 
|  14|0x0000000080e00000, 0x0000000080f00000, 0x0000000080f00000|100%| O|  |TAMS 0x0000000080f00000, 0x0000000080e00000| Untracked 
|  15|0x0000000080f00000, 0x0000000081000000, 0x0000000081000000|100%| O|  |TAMS 0x0000000081000000, 0x0000000080f00000| Untracked 
|  16|0x0000000081000000, 0x0000000081100000, 0x0000000081100000|100%| O|  |TAMS 0x0000000081100000, 0x0000000081000000| Untracked 
|  17|0x0000000081100000, 0x0000000081200000, 0x0000000081200000|100%| O|  |TAMS 0x0000000081200000, 0x0000000081100000| Untracked 
|  18|0x0000000081200000, 0x0000000081300000, 0x0000000081300000|100%| O|  |TAMS 0x0000000081300000, 0x0000000081200000| Untracked 
|  19|0x0000000081300000, 0x0000000081400000, 0x0000000081400000|100%|HS|  |TAMS 0x0000000081400000, 0x0000000081300000| Complete 
|  20|0x0000000081400000, 0x0000000081500000, 0x0000000081500000|100%| O|  |TAMS 0x0000000081500000, 0x0000000081400000| Untracked 
|  21|0x0000000081500000, 0x0000000081600000, 0x0000000081600000|100%| O|  |TAMS 0x0000000081600000, 0x0000000081500000| Untracked 
|  22|0x0000000081600000, 0x0000000081700000, 0x0000000081700000|100%| O|  |TAMS 0x0000000081700000, 0x0000000081600000| Untracked 
|  23|0x0000000081700000, 0x0000000081800000, 0x0000000081800000|100%| O|  |TAMS 0x0000000081800000, 0x0000000081700000| Untracked 
|  24|0x0000000081800000, 0x0000000081900000, 0x0000000081900000|100%| O|  |TAMS 0x0000000081900000, 0x0000000081800000| Untracked 
|  25|0x0000000081900000, 0x0000000081a00000, 0x0000000081a00000|100%| O|  |TAMS 0x0000000081a00000, 0x0000000081900000| Untracked 
|  26|0x0000000081a00000, 0x0000000081b00000, 0x0000000081b00000|100%| O|  |TAMS 0x0000000081b00000, 0x0000000081a00000| Untracked 
|  27|0x0000000081b00000, 0x0000000081c00000, 0x0000000081c00000|100%| O|  |TAMS 0x0000000081c00000, 0x0000000081b00000| Untracked 
|  28|0x0000000081c00000, 0x0000000081d00000, 0x0000000081d00000|100%|HS|  |TAMS 0x0000000081d00000, 0x0000000081c00000| Complete 
|  29|0x0000000081d00000, 0x0000000081e00000, 0x0000000081e00000|100%|HS|  |TAMS 0x0000000081e00000, 0x0000000081d00000| Complete 
|  30|0x0000000081e00000, 0x0000000081f00000, 0x0000000081f00000|100%|HC|  |TAMS 0x0000000081f00000, 0x0000000081e00000| Complete 
|  31|0x0000000081f00000, 0x0000000082000000, 0x0000000082000000|100%| O|  |TAMS 0x0000000082000000, 0x0000000081f00000| Untracked 
|  32|0x0000000082000000, 0x0000000082100000, 0x0000000082100000|100%| O|  |TAMS 0x0000000082100000, 0x0000000082000000| Untracked 
|  33|0x0000000082100000, 0x0000000082200000, 0x0000000082200000|100%| O|  |TAMS 0x0000000082200000, 0x0000000082100000| Untracked 
|  34|0x0000000082200000, 0x0000000082300000, 0x0000000082300000|100%| O|  |TAMS 0x0000000082300000, 0x0000000082200000| Untracked 
|  35|0x0000000082300000, 0x0000000082400000, 0x0000000082400000|100%| O|  |TAMS 0x0000000082400000, 0x0000000082300000| Untracked 
|  36|0x0000000082400000, 0x0000000082500000, 0x0000000082500000|100%| O|  |TAMS 0x0000000082500000, 0x0000000082400000| Untracked 
|  37|0x0000000082500000, 0x0000000082600000, 0x0000000082600000|100%| O|  |TAMS 0x0000000082600000, 0x0000000082500000| Untracked 
|  38|0x0000000082600000, 0x0000000082700000, 0x0000000082700000|100%| O|  |TAMS 0x0000000082700000, 0x0000000082600000| Untracked 
|  39|0x0000000082700000, 0x0000000082800000, 0x0000000082800000|100%| O|  |TAMS 0x0000000082800000, 0x0000000082700000| Untracked 
|  40|0x0000000082800000, 0x0000000082900000, 0x0000000082900000|100%| O|  |TAMS 0x0000000082900000, 0x0000000082800000| Untracked 
|  41|0x0000000082900000, 0x0000000082a00000, 0x0000000082a00000|100%| O|  |TAMS 0x0000000082a00000, 0x0000000082900000| Untracked 
|  42|0x0000000082a00000, 0x0000000082b00000, 0x0000000082b00000|100%| O|  |TAMS 0x0000000082acd800, 0x0000000082a00000| Untracked 
|  43|0x0000000082b00000, 0x0000000082c00000, 0x0000000082c00000|100%| O|  |TAMS 0x0000000082b00000, 0x0000000082b00000| Untracked 
|  44|0x0000000082c00000, 0x0000000082d00000, 0x0000000082d00000|100%| O|  |TAMS 0x0000000082c00000, 0x0000000082c00000| Untracked 
|  45|0x0000000082d00000, 0x0000000082e00000, 0x0000000082e00000|100%| O|  |TAMS 0x0000000082d00000, 0x0000000082d00000| Untracked 
|  46|0x0000000082e00000, 0x0000000082f00000, 0x0000000082f00000|100%| O|  |TAMS 0x0000000082e00000, 0x0000000082e00000| Untracked 
|  47|0x0000000082f00000, 0x0000000083000000, 0x0000000083000000|100%| O|  |TAMS 0x0000000082f00000, 0x0000000082f00000| Untracked 
|  48|0x0000000083000000, 0x0000000083100000, 0x0000000083100000|100%| O|  |TAMS 0x0000000083000000, 0x0000000083000000| Untracked 
|  49|0x0000000083100000, 0x0000000083200000, 0x0000000083200000|100%| O|  |TAMS 0x0000000083100000, 0x0000000083100000| Untracked 
|  50|0x0000000083200000, 0x0000000083300000, 0x0000000083300000|100%| O|  |TAMS 0x0000000083200000, 0x0000000083200000| Untracked 
|  51|0x0000000083300000, 0x0000000083400000, 0x0000000083400000|100%| O|  |TAMS 0x0000000083300000, 0x0000000083300000| Untracked 
|  52|0x0000000083400000, 0x0000000083500000, 0x0000000083500000|100%| O|  |TAMS 0x0000000083400000, 0x0000000083400000| Untracked 
|  53|0x0000000083500000, 0x0000000083600000, 0x0000000083600000|100%| O|  |TAMS 0x0000000083500000, 0x0000000083500000| Untracked 
|  54|0x0000000083600000, 0x00000000836c1000, 0x0000000083700000| 75%| O|  |TAMS 0x0000000083600000, 0x0000000083600000| Untracked 
|  55|0x0000000083700000, 0x0000000083700000, 0x0000000083800000|  0%| F|  |TAMS 0x0000000083700000, 0x0000000083700000| Untracked 
|  56|0x0000000083800000, 0x0000000083800000, 0x0000000083900000|  0%| F|  |TAMS 0x0000000083800000, 0x0000000083800000| Untracked 
|  57|0x0000000083900000, 0x0000000083900000, 0x0000000083a00000|  0%| F|  |TAMS 0x0000000083900000, 0x0000000083900000| Untracked 
|  58|0x0000000083a00000, 0x0000000083a00000, 0x0000000083b00000|  0%| F|  |TAMS 0x0000000083a00000, 0x0000000083a00000| Untracked 
|  59|0x0000000083b00000, 0x0000000083b00000, 0x0000000083c00000|  0%| F|  |TAMS 0x0000000083b00000, 0x0000000083b00000| Untracked 
|  60|0x0000000083c00000, 0x0000000083c00000, 0x0000000083d00000|  0%| F|  |TAMS 0x0000000083c00000, 0x0000000083c00000| Untracked 
|  61|0x0000000083d00000, 0x0000000083d00000, 0x0000000083e00000|  0%| F|  |TAMS 0x0000000083d00000, 0x0000000083d00000| Untracked 
|  62|0x0000000083e00000, 0x0000000083e00000, 0x0000000083f00000|  0%| F|  |TAMS 0x0000000083e00000, 0x0000000083e00000| Untracked 
|  63|0x0000000083f00000, 0x0000000083f00000, 0x0000000084000000|  0%| F|  |TAMS 0x0000000083f00000, 0x0000000083f00000| Untracked 
|  64|0x0000000084000000, 0x0000000084000000, 0x0000000084100000|  0%| F|  |TAMS 0x0000000084000000, 0x0000000084000000| Untracked 
|  65|0x0000000084100000, 0x0000000084100000, 0x0000000084200000|  0%| F|  |TAMS 0x0000000084100000, 0x0000000084100000| Untracked 
|  66|0x0000000084200000, 0x0000000084200000, 0x0000000084300000|  0%| F|  |TAMS 0x0000000084200000, 0x0000000084200000| Untracked 
|  67|0x0000000084300000, 0x0000000084300000, 0x0000000084400000|  0%| F|  |TAMS 0x0000000084300000, 0x0000000084300000| Untracked 
|  68|0x0000000084400000, 0x0000000084400000, 0x0000000084500000|  0%| F|  |TAMS 0x0000000084400000, 0x0000000084400000| Untracked 
|  69|0x0000000084500000, 0x0000000084500000, 0x0000000084600000|  0%| F|  |TAMS 0x0000000084500000, 0x0000000084500000| Untracked 
|  70|0x0000000084600000, 0x0000000084600000, 0x0000000084700000|  0%| F|  |TAMS 0x0000000084600000, 0x0000000084600000| Untracked 
|  71|0x0000000084700000, 0x0000000084700000, 0x0000000084800000|  0%| F|  |TAMS 0x0000000084700000, 0x0000000084700000| Untracked 
|  72|0x0000000084800000, 0x0000000084800000, 0x0000000084900000|  0%| F|  |TAMS 0x0000000084800000, 0x0000000084800000| Untracked 
|  73|0x0000000084900000, 0x0000000084900000, 0x0000000084a00000|  0%| F|  |TAMS 0x0000000084900000, 0x0000000084900000| Untracked 
|  74|0x0000000084a00000, 0x0000000084a00000, 0x0000000084b00000|  0%| F|  |TAMS 0x0000000084a00000, 0x0000000084a00000| Untracked 
|  75|0x0000000084b00000, 0x0000000084b00000, 0x0000000084c00000|  0%| F|  |TAMS 0x0000000084b00000, 0x0000000084b00000| Untracked 
|  76|0x0000000084c00000, 0x0000000084c00000, 0x0000000084d00000|  0%| F|  |TAMS 0x0000000084c00000, 0x0000000084c00000| Untracked 
|  77|0x0000000084d00000, 0x0000000084d00000, 0x0000000084e00000|  0%| F|  |TAMS 0x0000000084d00000, 0x0000000084d00000| Untracked 
|  78|0x0000000084e00000, 0x0000000084e00000, 0x0000000084f00000|  0%| F|  |TAMS 0x0000000084e00000, 0x0000000084e00000| Untracked 
|  79|0x0000000084f00000, 0x0000000084f00000, 0x0000000085000000|  0%| F|  |TAMS 0x0000000084f00000, 0x0000000084f00000| Untracked 
|  80|0x0000000085000000, 0x0000000085000000, 0x0000000085100000|  0%| F|  |TAMS 0x0000000085000000, 0x0000000085000000| Untracked 
|  81|0x0000000085100000, 0x0000000085100000, 0x0000000085200000|  0%| F|  |TAMS 0x0000000085100000, 0x0000000085100000| Untracked 
|  82|0x0000000085200000, 0x0000000085200000, 0x0000000085300000|  0%| F|  |TAMS 0x0000000085200000, 0x0000000085200000| Untracked 
|  83|0x0000000085300000, 0x0000000085300000, 0x0000000085400000|  0%| F|  |TAMS 0x0000000085300000, 0x0000000085300000| Untracked 
|  84|0x0000000085400000, 0x0000000085400000, 0x0000000085500000|  0%| F|  |TAMS 0x0000000085400000, 0x0000000085400000| Untracked 
|  85|0x0000000085500000, 0x0000000085500000, 0x0000000085600000|  0%| F|  |TAMS 0x0000000085500000, 0x0000000085500000| Untracked 
|  86|0x0000000085600000, 0x0000000085600000, 0x0000000085700000|  0%| F|  |TAMS 0x0000000085600000, 0x0000000085600000| Untracked 
|  87|0x0000000085700000, 0x0000000085700000, 0x0000000085800000|  0%| F|  |TAMS 0x0000000085700000, 0x0000000085700000| Untracked 
|  88|0x0000000085800000, 0x0000000085800000, 0x0000000085900000|  0%| F|  |TAMS 0x0000000085800000, 0x0000000085800000| Untracked 
|  89|0x0000000085900000, 0x0000000085900000, 0x0000000085a00000|  0%| F|  |TAMS 0x0000000085900000, 0x0000000085900000| Untracked 
|  90|0x0000000085a00000, 0x0000000085a00000, 0x0000000085b00000|  0%| F|  |TAMS 0x0000000085a00000, 0x0000000085a00000| Untracked 
|  91|0x0000000085b00000, 0x0000000085b00000, 0x0000000085c00000|  0%| F|  |TAMS 0x0000000085b00000, 0x0000000085b00000| Untracked 
|  92|0x0000000085c00000, 0x0000000085c00000, 0x0000000085d00000|  0%| F|  |TAMS 0x0000000085c00000, 0x0000000085c00000| Untracked 
|  93|0x0000000085d00000, 0x0000000085d00000, 0x0000000085e00000|  0%| F|  |TAMS 0x0000000085d00000, 0x0000000085d00000| Untracked 
|  94|0x0000000085e00000, 0x0000000085e00000, 0x0000000085f00000|  0%| F|  |TAMS 0x0000000085e00000, 0x0000000085e00000| Untracked 
|  95|0x0000000085f00000, 0x0000000085f00000, 0x0000000086000000|  0%| F|  |TAMS 0x0000000085f00000, 0x0000000085f00000| Untracked 
|  96|0x0000000086000000, 0x0000000086000000, 0x0000000086100000|  0%| F|  |TAMS 0x0000000086000000, 0x0000000086000000| Untracked 
|  97|0x0000000086100000, 0x0000000086100000, 0x0000000086200000|  0%| F|  |TAMS 0x0000000086100000, 0x0000000086100000| Untracked 
|  98|0x0000000086200000, 0x0000000086200000, 0x0000000086300000|  0%| F|  |TAMS 0x0000000086200000, 0x0000000086200000| Untracked 
|  99|0x0000000086300000, 0x0000000086300000, 0x0000000086400000|  0%| F|  |TAMS 0x0000000086300000, 0x0000000086300000| Untracked 
| 100|0x0000000086400000, 0x0000000086400000, 0x0000000086500000|  0%| F|  |TAMS 0x0000000086400000, 0x0000000086400000| Untracked 
| 101|0x0000000086500000, 0x0000000086500000, 0x0000000086600000|  0%| F|  |TAMS 0x0000000086500000, 0x0000000086500000| Untracked 
| 102|0x0000000086600000, 0x0000000086600000, 0x0000000086700000|  0%| F|  |TAMS 0x0000000086600000, 0x0000000086600000| Untracked 
| 103|0x0000000086700000, 0x0000000086700000, 0x0000000086800000|  0%| F|  |TAMS 0x0000000086700000, 0x0000000086700000| Untracked 
| 104|0x0000000086800000, 0x0000000086800000, 0x0000000086900000|  0%| F|  |TAMS 0x0000000086800000, 0x0000000086800000| Untracked 
| 105|0x0000000086900000, 0x0000000086984900, 0x0000000086a00000| 51%| S|CS|TAMS 0x0000000086900000, 0x0000000086900000| Complete 
| 106|0x0000000086a00000, 0x0000000086b00000, 0x0000000086b00000|100%| S|CS|TAMS 0x0000000086a00000, 0x0000000086a00000| Complete 
| 107|0x0000000086b00000, 0x0000000086c00000, 0x0000000086c00000|100%| S|CS|TAMS 0x0000000086b00000, 0x0000000086b00000| Complete 
| 108|0x0000000086c00000, 0x0000000086d00000, 0x0000000086d00000|100%| S|CS|TAMS 0x0000000086c00000, 0x0000000086c00000| Complete 
| 109|0x0000000086d00000, 0x0000000086d00000, 0x0000000086e00000|  0%| F|  |TAMS 0x0000000086d00000, 0x0000000086d00000| Untracked 
| 110|0x0000000086e00000, 0x0000000086f00000, 0x0000000086f00000|100%| S|CS|TAMS 0x0000000086e00000, 0x0000000086e00000| Complete 
| 111|0x0000000086f00000, 0x0000000086f00000, 0x0000000087000000|  0%| F|  |TAMS 0x0000000086f00000, 0x0000000086f00000| Untracked 
| 112|0x0000000087000000, 0x0000000087000000, 0x0000000087100000|  0%| F|  |TAMS 0x0000000087000000, 0x0000000087000000| Untracked 
| 113|0x0000000087100000, 0x0000000087100000, 0x0000000087200000|  0%| F|  |TAMS 0x0000000087100000, 0x0000000087100000| Untracked 
| 114|0x0000000087200000, 0x0000000087200000, 0x0000000087300000|  0%| F|  |TAMS 0x0000000087200000, 0x0000000087200000| Untracked 
| 115|0x0000000087300000, 0x0000000087300000, 0x0000000087400000|  0%| F|  |TAMS 0x0000000087300000, 0x0000000087300000| Untracked 
| 116|0x0000000087400000, 0x0000000087400000, 0x0000000087500000|  0%| F|  |TAMS 0x0000000087400000, 0x0000000087400000| Untracked 
| 117|0x0000000087500000, 0x0000000087500000, 0x0000000087600000|  0%| F|  |TAMS 0x0000000087500000, 0x0000000087500000| Untracked 
| 118|0x0000000087600000, 0x0000000087600000, 0x0000000087700000|  0%| F|  |TAMS 0x0000000087600000, 0x0000000087600000| Untracked 
| 119|0x0000000087700000, 0x0000000087700000, 0x0000000087800000|  0%| F|  |TAMS 0x0000000087700000, 0x0000000087700000| Untracked 
| 120|0x0000000087800000, 0x0000000087800000, 0x0000000087900000|  0%| F|  |TAMS 0x0000000087800000, 0x0000000087800000| Untracked 
| 121|0x0000000087900000, 0x0000000087900000, 0x0000000087a00000|  0%| F|  |TAMS 0x0000000087900000, 0x0000000087900000| Untracked 
| 122|0x0000000087a00000, 0x0000000087a00000, 0x0000000087b00000|  0%| F|  |TAMS 0x0000000087a00000, 0x0000000087a00000| Untracked 
| 123|0x0000000087b00000, 0x0000000087b00000, 0x0000000087c00000|  0%| F|  |TAMS 0x0000000087b00000, 0x0000000087b00000| Untracked 
| 124|0x0000000087c00000, 0x0000000087c00000, 0x0000000087d00000|  0%| F|  |TAMS 0x0000000087c00000, 0x0000000087c00000| Untracked 
| 125|0x0000000087d00000, 0x0000000087d00000, 0x0000000087e00000|  0%| F|  |TAMS 0x0000000087d00000, 0x0000000087d00000| Untracked 
| 126|0x0000000087e00000, 0x0000000087e00000, 0x0000000087f00000|  0%| F|  |TAMS 0x0000000087e00000, 0x0000000087e00000| Untracked 
| 127|0x0000000087f00000, 0x0000000087f00000, 0x0000000088000000|  0%| F|  |TAMS 0x0000000087f00000, 0x0000000087f00000| Untracked 
| 128|0x0000000088000000, 0x0000000088000000, 0x0000000088100000|  0%| F|  |TAMS 0x0000000088000000, 0x0000000088000000| Untracked 
| 129|0x0000000088100000, 0x0000000088100000, 0x0000000088200000|  0%| F|  |TAMS 0x0000000088100000, 0x0000000088100000| Untracked 
| 130|0x0000000088200000, 0x0000000088200000, 0x0000000088300000|  0%| F|  |TAMS 0x0000000088200000, 0x0000000088200000| Untracked 
| 131|0x0000000088300000, 0x0000000088300000, 0x0000000088400000|  0%| F|  |TAMS 0x0000000088300000, 0x0000000088300000| Untracked 
| 132|0x0000000088400000, 0x0000000088400000, 0x0000000088500000|  0%| F|  |TAMS 0x0000000088400000, 0x0000000088400000| Untracked 
| 133|0x0000000088500000, 0x0000000088500000, 0x0000000088600000|  0%| F|  |TAMS 0x0000000088500000, 0x0000000088500000| Untracked 
| 134|0x0000000088600000, 0x0000000088600000, 0x0000000088700000|  0%| F|  |TAMS 0x0000000088600000, 0x0000000088600000| Untracked 
| 135|0x0000000088700000, 0x0000000088700000, 0x0000000088800000|  0%| F|  |TAMS 0x0000000088700000, 0x0000000088700000| Untracked 
| 136|0x0000000088800000, 0x0000000088800000, 0x0000000088900000|  0%| F|  |TAMS 0x0000000088800000, 0x0000000088800000| Untracked 
| 137|0x0000000088900000, 0x0000000088900000, 0x0000000088a00000|  0%| F|  |TAMS 0x0000000088900000, 0x0000000088900000| Untracked 
| 138|0x0000000088a00000, 0x0000000088a00000, 0x0000000088b00000|  0%| F|  |TAMS 0x0000000088a00000, 0x0000000088a00000| Untracked 
| 139|0x0000000088b00000, 0x0000000088b00000, 0x0000000088c00000|  0%| F|  |TAMS 0x0000000088b00000, 0x0000000088b00000| Untracked 
| 140|0x0000000088c00000, 0x0000000088c00000, 0x0000000088d00000|  0%| F|  |TAMS 0x0000000088c00000, 0x0000000088c00000| Untracked 
| 141|0x0000000088d00000, 0x0000000088d00000, 0x0000000088e00000|  0%| F|  |TAMS 0x0000000088d00000, 0x0000000088d00000| Untracked 
| 142|0x0000000088e00000, 0x0000000088e00000, 0x0000000088f00000|  0%| F|  |TAMS 0x0000000088e00000, 0x0000000088e00000| Untracked 
| 143|0x0000000088f00000, 0x0000000088f00000, 0x0000000089000000|  0%| F|  |TAMS 0x0000000088f00000, 0x0000000088f00000| Untracked 
| 144|0x0000000089000000, 0x0000000089000000, 0x0000000089100000|  0%| F|  |TAMS 0x0000000089000000, 0x0000000089000000| Untracked 
| 145|0x0000000089100000, 0x0000000089100000, 0x0000000089200000|  0%| F|  |TAMS 0x0000000089100000, 0x0000000089100000| Untracked 
| 146|0x0000000089200000, 0x0000000089200000, 0x0000000089300000|  0%| F|  |TAMS 0x0000000089200000, 0x0000000089200000| Untracked 
| 147|0x0000000089300000, 0x0000000089300000, 0x0000000089400000|  0%| F|  |TAMS 0x0000000089300000, 0x0000000089300000| Untracked 
| 148|0x0000000089400000, 0x0000000089400000, 0x0000000089500000|  0%| F|  |TAMS 0x0000000089400000, 0x0000000089400000| Untracked 
| 149|0x0000000089500000, 0x0000000089500000, 0x0000000089600000|  0%| F|  |TAMS 0x0000000089500000, 0x0000000089500000| Untracked 
| 150|0x0000000089600000, 0x0000000089600000, 0x0000000089700000|  0%| F|  |TAMS 0x0000000089600000, 0x0000000089600000| Untracked 
| 151|0x0000000089700000, 0x0000000089700000, 0x0000000089800000|  0%| F|  |TAMS 0x0000000089700000, 0x0000000089700000| Untracked 
| 152|0x0000000089800000, 0x0000000089800000, 0x0000000089900000|  0%| F|  |TAMS 0x0000000089800000, 0x0000000089800000| Untracked 
| 153|0x0000000089900000, 0x0000000089900000, 0x0000000089a00000|  0%| F|  |TAMS 0x0000000089900000, 0x0000000089900000| Untracked 
| 154|0x0000000089a00000, 0x0000000089a00000, 0x0000000089b00000|  0%| F|  |TAMS 0x0000000089a00000, 0x0000000089a00000| Untracked 
| 155|0x0000000089b00000, 0x0000000089b00000, 0x0000000089c00000|  0%| F|  |TAMS 0x0000000089b00000, 0x0000000089b00000| Untracked 
| 156|0x0000000089c00000, 0x0000000089c00000, 0x0000000089d00000|  0%| F|  |TAMS 0x0000000089c00000, 0x0000000089c00000| Untracked 
| 157|0x0000000089d00000, 0x0000000089d00000, 0x0000000089e00000|  0%| F|  |TAMS 0x0000000089d00000, 0x0000000089d00000| Untracked 
| 158|0x0000000089e00000, 0x0000000089e00000, 0x0000000089f00000|  0%| F|  |TAMS 0x0000000089e00000, 0x0000000089e00000| Untracked 
| 159|0x0000000089f00000, 0x0000000089f00000, 0x000000008a000000|  0%| F|  |TAMS 0x0000000089f00000, 0x0000000089f00000| Untracked 
| 160|0x000000008a000000, 0x000000008a000000, 0x000000008a100000|  0%| F|  |TAMS 0x000000008a000000, 0x000000008a000000| Untracked 
| 161|0x000000008a100000, 0x000000008a100000, 0x000000008a200000|  0%| F|  |TAMS 0x000000008a100000, 0x000000008a100000| Untracked 
| 162|0x000000008a200000, 0x000000008a200000, 0x000000008a300000|  0%| F|  |TAMS 0x000000008a200000, 0x000000008a200000| Untracked 
| 163|0x000000008a300000, 0x000000008a300000, 0x000000008a400000|  0%| F|  |TAMS 0x000000008a300000, 0x000000008a300000| Untracked 
| 164|0x000000008a400000, 0x000000008a400000, 0x000000008a500000|  0%| F|  |TAMS 0x000000008a400000, 0x000000008a400000| Untracked 
| 165|0x000000008a500000, 0x000000008a500000, 0x000000008a600000|  0%| F|  |TAMS 0x000000008a500000, 0x000000008a500000| Untracked 
| 166|0x000000008a600000, 0x000000008a600000, 0x000000008a700000|  0%| F|  |TAMS 0x000000008a600000, 0x000000008a600000| Untracked 
| 167|0x000000008a700000, 0x000000008a700000, 0x000000008a800000|  0%| F|  |TAMS 0x000000008a700000, 0x000000008a700000| Untracked 
| 168|0x000000008a800000, 0x000000008a800000, 0x000000008a900000|  0%| F|  |TAMS 0x000000008a800000, 0x000000008a800000| Untracked 
| 169|0x000000008a900000, 0x000000008a900000, 0x000000008aa00000|  0%| F|  |TAMS 0x000000008a900000, 0x000000008a900000| Untracked 
| 170|0x000000008aa00000, 0x000000008aa00000, 0x000000008ab00000|  0%| F|  |TAMS 0x000000008aa00000, 0x000000008aa00000| Untracked 
| 171|0x000000008ab00000, 0x000000008ab00000, 0x000000008ac00000|  0%| F|  |TAMS 0x000000008ab00000, 0x000000008ab00000| Untracked 
| 172|0x000000008ac00000, 0x000000008ac00000, 0x000000008ad00000|  0%| F|  |TAMS 0x000000008ac00000, 0x000000008ac00000| Untracked 
| 173|0x000000008ad00000, 0x000000008ad00000, 0x000000008ae00000|  0%| F|  |TAMS 0x000000008ad00000, 0x000000008ad00000| Untracked 
| 174|0x000000008ae00000, 0x000000008ae00000, 0x000000008af00000|  0%| F|  |TAMS 0x000000008ae00000, 0x000000008ae00000| Untracked 
| 175|0x000000008af00000, 0x000000008af00000, 0x000000008b000000|  0%| F|  |TAMS 0x000000008af00000, 0x000000008af00000| Untracked 
| 176|0x000000008b000000, 0x000000008b000000, 0x000000008b100000|  0%| F|  |TAMS 0x000000008b000000, 0x000000008b000000| Untracked 
| 177|0x000000008b100000, 0x000000008b100000, 0x000000008b200000|  0%| F|  |TAMS 0x000000008b100000, 0x000000008b100000| Untracked 
| 178|0x000000008b200000, 0x000000008b200000, 0x000000008b300000|  0%| F|  |TAMS 0x000000008b200000, 0x000000008b200000| Untracked 
| 179|0x000000008b300000, 0x000000008b300000, 0x000000008b400000|  0%| F|  |TAMS 0x000000008b300000, 0x000000008b300000| Untracked 
| 180|0x000000008b400000, 0x000000008b400000, 0x000000008b500000|  0%| F|  |TAMS 0x000000008b400000, 0x000000008b400000| Untracked 
| 181|0x000000008b500000, 0x000000008b500000, 0x000000008b600000|  0%| F|  |TAMS 0x000000008b500000, 0x000000008b500000| Untracked 
| 182|0x000000008b600000, 0x000000008b700000, 0x000000008b700000|100%| E|  |TAMS 0x000000008b600000, 0x000000008b600000| Complete 

Card table byte_map: [0x000001b930bb0000,0x000001b930fb0000] _byte_map_base: 0x000001b9307b0000

Marking Bits (Prev, Next): (CMBitMap*) 0x000001b91d9ad648, (CMBitMap*) 0x000001b91d9ad680
 Prev Bits: [0x000001b9313b0000, 0x000001b9333b0000)
 Next Bits: [0x000001b9333b0000, 0x000001b9353b0000)

Polling page: 0x000001b91d150000

Metaspace:

Usage:
  Non-class:     66.29 MB capacity,    65.17 MB ( 98%) used,   946.80 KB (  1%) free+waste,   192.94 KB ( <1%) overhead. 
      Class:     10.54 MB capacity,     9.87 MB ( 94%) used,   596.08 KB (  6%) free+waste,    89.50 KB ( <1%) overhead. 
       Both:     76.83 MB capacity,    75.04 MB ( 98%) used,     1.51 MB (  2%) free+waste,   282.44 KB ( <1%) overhead. 

Virtual space:
  Non-class space:       68.00 MB reserved,      66.54 MB ( 98%) committed 
      Class space:        1.00 GB reserved,      10.57 MB (  1%) committed 
             Both:        1.07 GB reserved,      77.11 MB (  7%) committed 

Chunk freelists:
   Non-Class:  62.00 KB
       Class:  24.00 KB
        Both:  86.00 KB

MaxMetaspaceSize: 17179869184.00 GB
CompressedClassSpaceSize: 1.00 GB
Initial GC threshold: 20.80 MB
Current GC threshold: 109.35 MB
CDS: off

CodeHeap 'non-profiled nmethods': size=120000Kb used=4768Kb max_used=4768Kb free=115231Kb
 bounds [0x000001b928f50000, 0x000001b929400000, 0x000001b930480000]
CodeHeap 'profiled nmethods': size=120000Kb used=16170Kb max_used=16170Kb free=103829Kb
 bounds [0x000001b921a20000, 0x000001b9229f0000, 0x000001b928f50000]
CodeHeap 'non-nmethods': size=5760Kb used=2360Kb max_used=2413Kb free=3399Kb
 bounds [0x000001b921480000, 0x000001b9216f0000, 0x000001b921a20000]
 total_blobs=8413 nmethods=7545 adapters=780
 compilation: enabled
              stopped_count=0, restarted_count=0
 full_count=0

Compilation events (20 events):
Event: 9.482 Thread 0x000001b937e26800 nmethod 7537 0x000001b9229d7490 code [0x000001b9229d76e0, 0x000001b9229d7fd8]
Event: 9.482 Thread 0x000001b937e26800 7538       3       com.sun.xml.bind.v2.model.annotation.RuntimeInlineAnnotationReader::getMethodAnnotation (10 bytes)
Event: 9.483 Thread 0x000001b937e26800 nmethod 7538 0x000001b9229d8310 code [0x000001b9229d8560, 0x000001b9229d8cf8]
Event: 9.483 Thread 0x000001b937e26800 7539       3       com.sun.xml.bind.v2.model.impl.ElementPropertyInfoImpl::kind (4 bytes)
Event: 9.483 Thread 0x000001b937e26800 nmethod 7539 0x000001b9229d9010 code [0x000001b9229d91c0, 0x000001b9229d92d8]
Event: 9.483 Thread 0x000001b937e26800 7541       3       com.sun.xml.bind.v2.model.impl.ElementPropertyInfoImpl::getTypes (469 bytes)
Event: 9.486 Thread 0x000001b937e26800 nmethod 7541 0x000001b9229d9390 code [0x000001b9229d9b40, 0x000001b9229deac8]
Event: 9.486 Thread 0x000001b937e26800 7542       3       com.sun.xml.bind.v2.model.impl.PropertyInfoImpl::getName (10 bytes)
Event: 9.486 Thread 0x000001b937e26800 nmethod 7542 0x000001b9229e0390 code [0x000001b9229e0540, 0x000001b9229e0708]
Event: 9.486 Thread 0x000001b937e26800 7540       3       com.sun.xml.bind.v2.model.impl.RuntimeElementPropertyInfoImpl::getTypes (5 bytes)
Event: 9.486 Thread 0x000001b937e26800 nmethod 7540 0x000001b9229e0810 code [0x000001b9229e09c0, 0x000001b9229e0ae8]
Event: 9.486 Thread 0x000001b937e26800 7543       3       com.sun.xml.bind.v2.model.impl.RuntimeTypeInfoSetImpl::getTypeInfo (9 bytes)
Event: 9.487 Thread 0x000001b937e26800 nmethod 7543 0x000001b9229e0b90 code [0x000001b9229e0d60, 0x000001b9229e10e8]
Event: 9.487 Thread 0x000001b937e26800 7544       3       com.sun.xml.bind.v2.model.impl.RuntimeTypeInfoSetImpl::getTypeInfo (9 bytes)
Event: 9.487 Thread 0x000001b937e26800 nmethod 7544 0x000001b9229e1210 code [0x000001b9229e13e0, 0x000001b9229e1608]
Event: 9.487 Thread 0x000001b937e26800 7545       3       com.sun.xml.bind.v2.model.impl.TypeInfoSetImpl::getTypeInfo (81 bytes)
Event: 9.487 Thread 0x000001b937e26800 nmethod 7545 0x000001b9229e1710 code [0x000001b9229e19c0, 0x000001b9229e29b8]
Event: 9.497 Thread 0x000001b937e25000 nmethod 7418 0x000001b9293f3310 code [0x000001b9293f3500, 0x000001b9293f42a8]
Event: 9.497 Thread 0x000001b937e25000 7415       4       java.util.HashMap::putVal (300 bytes)
Event: 9.500 Thread 0x000001b937e26800 7546       3       java.lang.Class::getConstructors (27 bytes)

GC Heap History (20 events):
Event: 2.204 GC heap before
{Heap before GC invocations=2 (full 0):
 garbage-first heap   total 129024K, used 49785K [0x0000000080000000, 0x0000000100000000)
  region size 1024K, 44 young (45056K), 9 survivors (9216K)
 Metaspace       used 20621K, capacity 21117K, committed 21296K, reserved 1069056K
  class space    used 2537K, capacity 2680K, committed 2688K, reserved 1048576K
}
Event: 2.214 GC heap after
{Heap after GC invocations=3 (full 0):
 garbage-first heap   total 129024K, used 16907K [0x0000000080000000, 0x0000000100000000)
  region size 1024K, 2 young (2048K), 2 survivors (2048K)
 Metaspace       used 20621K, capacity 21117K, committed 21296K, reserved 1069056K
  class space    used 2537K, capacity 2680K, committed 2688K, reserved 1048576K
}
Event: 2.690 GC heap before
{Heap before GC invocations=4 (full 0):
 garbage-first heap   total 129024K, used 70155K [0x0000000080000000, 0x0000000100000000)
  region size 1024K, 54 young (55296K), 2 survivors (2048K)
 Metaspace       used 26343K, capacity 26951K, committed 27184K, reserved 1073152K
  class space    used 3422K, capacity 3611K, committed 3712K, reserved 1048576K
}
Event: 2.694 GC heap after
{Heap after GC invocations=5 (full 0):
 garbage-first heap   total 129024K, used 18863K [0x0000000080000000, 0x0000000100000000)
  region size 1024K, 4 young (4096K), 4 survivors (4096K)
 Metaspace       used 26343K, capacity 26951K, committed 27184K, reserved 1073152K
  class space    used 3422K, capacity 3611K, committed 3712K, reserved 1048576K
}
Event: 3.396 GC heap before
{Heap before GC invocations=5 (full 0):
 garbage-first heap   total 129024K, used 77231K [0x0000000080000000, 0x0000000100000000)
  region size 1024K, 61 young (62464K), 4 survivors (4096K)
 Metaspace       used 33675K, capacity 34447K, committed 34608K, reserved 1079296K
  class space    used 4386K, capacity 4711K, committed 4736K, reserved 1048576K
}
Event: 3.402 GC heap after
{Heap after GC invocations=6 (full 0):
 garbage-first heap   total 129024K, used 21659K [0x0000000080000000, 0x0000000100000000)
  region size 1024K, 7 young (7168K), 7 survivors (7168K)
 Metaspace       used 33675K, capacity 34447K, committed 34608K, reserved 1079296K
  class space    used 4386K, capacity 4711K, committed 4736K, reserved 1048576K
}
Event: 3.428 GC heap before
{Heap before GC invocations=6 (full 0):
 garbage-first heap   total 129024K, used 21659K [0x0000000080000000, 0x0000000100000000)
  region size 1024K, 8 young (8192K), 7 survivors (7168K)
 Metaspace       used 34865K, capacity 35663K, committed 35708K, reserved 1081344K
  class space    used 4519K, capacity 4839K, committed 4864K, reserved 1048576K
}
Event: 3.439 GC heap after
{Heap after GC invocations=7 (full 0):
 garbage-first heap   total 155648K, used 22241K [0x0000000080000000, 0x0000000100000000)
  region size 1024K, 4 young (4096K), 4 survivors (4096K)
 Metaspace       used 34865K, capacity 35663K, committed 35708K, reserved 1081344K
  class space    used 4519K, capacity 4839K, committed 4864K, reserved 1048576K
}
Event: 4.305 GC heap before
{Heap before GC invocations=8 (full 0):
 garbage-first heap   total 155648K, used 99041K [0x0000000080000000, 0x0000000100000000)
  region size 1024K, 77 young (78848K), 4 survivors (4096K)
 Metaspace       used 40888K, capacity 41890K, committed 42184K, reserved 1085440K
  class space    used 5236K, capacity 5610K, committed 5708K, reserved 1048576K
}
Event: 4.314 GC heap after
{Heap after GC invocations=9 (full 0):
 garbage-first heap   total 155648K, used 27815K [0x0000000080000000, 0x0000000100000000)
  region size 1024K, 9 young (9216K), 9 survivors (9216K)
 Metaspace       used 40888K, capacity 41890K, committed 42184K, reserved 1085440K
  class space    used 5236K, capacity 5610K, committed 5708K, reserved 1048576K
}
Event: 5.274 GC heap before
{Heap before GC invocations=9 (full 0):
 garbage-first heap   total 155648K, used 105639K [0x0000000080000000, 0x0000000100000000)
  region size 1024K, 85 young (87040K), 9 survivors (9216K)
 Metaspace       used 47511K, capacity 48693K, committed 48968K, reserved 1091584K
  class space    used 6122K, capacity 6548K, committed 6604K, reserved 1048576K
}
Event: 5.287 GC heap after
{Heap after GC invocations=10 (full 0):
 garbage-first heap   total 155648K, used 30880K [0x0000000080000000, 0x0000000100000000)
  region size 1024K, 4 young (4096K), 4 survivors (4096K)
 Metaspace       used 47511K, capacity 48693K, committed 48968K, reserved 1091584K
  class space    used 6122K, capacity 6548K, committed 6604K, reserved 1048576K
}
Event: 6.176 GC heap before
{Heap before GC invocations=10 (full 0):
 garbage-first heap   total 155648K, used 112800K [0x0000000080000000, 0x0000000100000000)
  region size 1024K, 81 young (82944K), 4 survivors (4096K)
 Metaspace       used 52470K, capacity 53778K, committed 53960K, reserved 1095680K
  class space    used 6728K, capacity 7222K, committed 7244K, reserved 1048576K
}
Event: 6.184 GC heap after
{Heap after GC invocations=11 (full 0):
 garbage-first heap   total 155648K, used 43315K [0x0000000080000000, 0x0000000100000000)
  region size 1024K, 11 young (11264K), 11 survivors (11264K)
 Metaspace       used 52470K, capacity 53778K, committed 53960K, reserved 1095680K
  class space    used 6728K, capacity 7222K, committed 7244K, reserved 1048576K
}
Event: 6.709 GC heap before
{Heap before GC invocations=11 (full 0):
 garbage-first heap   total 155648K, used 83251K [0x0000000080000000, 0x0000000100000000)
  region size 1024K, 51 young (52224K), 11 survivors (11264K)
 Metaspace       used 58403K, capacity 59843K, committed 59976K, reserved 1101824K
  class space    used 7462K, capacity 8026K, committed 8140K, reserved 1048576K
}
Event: 6.728 GC heap after
{Heap after GC invocations=12 (full 0):
 garbage-first heap   total 187392K, used 46051K [0x0000000080000000, 0x0000000100000000)
  region size 1024K, 3 young (3072K), 3 survivors (3072K)
 Metaspace       used 58403K, capacity 59843K, committed 59976K, reserved 1101824K
  class space    used 7462K, capacity 8026K, committed 8140K, reserved 1048576K
}
Event: 7.699 GC heap before
{Heap before GC invocations=13 (full 0):
 garbage-first heap   total 187392K, used 118755K [0x0000000080000000, 0x0000000100000000)
  region size 1024K, 73 young (74752K), 3 survivors (3072K)
 Metaspace       used 65196K, capacity 66822K, committed 66928K, reserved 1107968K
  class space    used 8330K, capacity 8931K, committed 9036K, reserved 1048576K
}
Event: 7.711 GC heap after
{Heap after GC invocations=14 (full 0):
 garbage-first heap   total 187392K, used 50930K [0x0000000080000000, 0x0000000100000000)
  region size 1024K, 7 young (7168K), 7 survivors (7168K)
 Metaspace       used 65196K, capacity 66822K, committed 66928K, reserved 1107968K
  class space    used 8330K, capacity 8931K, committed 9036K, reserved 1048576K
}
Event: 8.539 GC heap before
{Heap before GC invocations=15 (full 0):
 garbage-first heap   total 187392K, used 124658K [0x0000000080000000, 0x0000000100000000)
  region size 1024K, 79 young (80896K), 7 survivors (7168K)
 Metaspace       used 70407K, capacity 71951K, committed 72176K, reserved 1112064K
  class space    used 9180K, capacity 9782K, committed 9932K, reserved 1048576K
}
Event: 8.551 GC heap after
{Heap after GC invocations=16 (full 0):
 garbage-first heap   total 187392K, used 56573K [0x0000000080000000, 0x0000000100000000)
  region size 1024K, 6 young (6144K), 6 survivors (6144K)
 Metaspace       used 70407K, capacity 71951K, committed 72176K, reserved 1112064K
  class space    used 9180K, capacity 9782K, committed 9932K, reserved 1048576K
}

Deoptimization events (20 events):
Event: 9.001 Thread 0x000001b93b17d800 Uncommon trap: trap_request=0xffffff4d fr.pc=0x000001b9290a70e4 relative=0x0000000000000684
Event: 9.001 Thread 0x000001b93b17d800 Uncommon trap: reason=unstable_if action=reinterpret pc=0x000001b9290a70e4 method=java.util.HashMap.putVal(ILjava/lang/Object;Ljava/lang/Object;ZZ)Ljava/lang/Object; @ 109 c2
Event: 9.001 Thread 0x000001b93b17d800 DEOPT PACKING pc=0x000001b9290a70e4 sp=0x0000004e7edf76e0
Event: 9.001 Thread 0x000001b93b17d800 DEOPT UNPACKING pc=0x000001b9214ca1af sp=0x0000004e7edf7698 mode 2
Event: 9.053 Thread 0x000001b93b17d800 DEOPT PACKING pc=0x000001b92268086c sp=0x0000004e7edf74a0
Event: 9.053 Thread 0x000001b93b17d800 DEOPT UNPACKING pc=0x000001b9214ca95e sp=0x0000004e7edf6a40 mode 0
Event: 9.080 Thread 0x000001b93b17d800 DEOPT PACKING pc=0x000001b92292eaec sp=0x0000004e7edf5a10
Event: 9.080 Thread 0x000001b93b17d800 DEOPT UNPACKING pc=0x000001b9214ca95e sp=0x0000004e7edf4f28 mode 0
Event: 9.232 Thread 0x000001b93b17d800 Uncommon trap: trap_request=0xffffff4d fr.pc=0x000001b9293a06c0 relative=0x0000000000001e00
Event: 9.232 Thread 0x000001b93b17d800 Uncommon trap: reason=unstable_if action=reinterpret pc=0x000001b9293a06c0 method=sun.nio.fs.WindowsPathParser.normalize(Ljava/lang/StringBuilder;Ljava/lang/String;I)Ljava/lang/String; @ 172 c2
Event: 9.232 Thread 0x000001b93b17d800 DEOPT PACKING pc=0x000001b9293a06c0 sp=0x0000004e7edf8d10
Event: 9.232 Thread 0x000001b93b17d800 DEOPT UNPACKING pc=0x000001b9214ca1af sp=0x0000004e7edf8d00 mode 2
Event: 9.253 Thread 0x000001b93b17d800 Uncommon trap: trap_request=0xffffff4d fr.pc=0x000001b92906f638 relative=0x0000000000000838
Event: 9.253 Thread 0x000001b93b17d800 Uncommon trap: reason=unstable_if action=reinterpret pc=0x000001b92906f638 method=java.util.jar.JarFile.getVersionedEntry(Ljava/lang/String;Ljava/util/jar/JarEntry;)Ljava/util/jar/JarEntry; @ 67 c2
Event: 9.253 Thread 0x000001b93b17d800 DEOPT PACKING pc=0x000001b92906f638 sp=0x0000004e7edf70f0
Event: 9.253 Thread 0x000001b93b17d800 DEOPT UNPACKING pc=0x000001b9214ca1af sp=0x0000004e7edf70d8 mode 2
Event: 9.366 Thread 0x000001b93b17d800 Uncommon trap: trap_request=0xfffffff4 fr.pc=0x000001b9293074e0 relative=0x0000000000001fe0
Event: 9.366 Thread 0x000001b93b17d800 Uncommon trap: reason=null_check action=make_not_entrant pc=0x000001b9293074e0 method=java.lang.Class.createAnnotationData(I)Ljava/lang/Class$AnnotationData; @ 14 c2
Event: 9.366 Thread 0x000001b93b17d800 DEOPT PACKING pc=0x000001b9293074e0 sp=0x0000004e7edf7cb0
Event: 9.366 Thread 0x000001b93b17d800 DEOPT UNPACKING pc=0x000001b9214ca1af sp=0x0000004e7edf7c60 mode 2

Classes redefined (0 events):
No events

Internal exceptions (20 events):
Event: 7.935 Thread 0x000001b93b17d800 Exception <a 'java/lang/ClassNotFoundException'{0x00000000897a4950}: org/gradle/api/internal/artifacts/dsl/dependencies/DefaultDependencyHandler_DecoratedBeanInfo> (0x00000000897a4950) thrown at [./src/hotspot/share/classfile/systemDictionary.cpp, line 231]
Event: 7.936 Thread 0x000001b93b17d800 Exception <a 'java/lang/ClassNotFoundException'{0x00000000897eda18}: org/gradle/api/internal/artifacts/dsl/dependencies/DefaultDependencyHandlerBeanInfo> (0x00000000897eda18) thrown at [./src/hotspot/share/classfile/systemDictionary.cpp, line 231]
Event: 7.937 Thread 0x000001b93b17d800 Exception <a 'java/lang/ClassNotFoundException'{0x00000000896369b8}: org/gradle/api/internal/artifacts/dsl/dependencies/DefaultDependencyHandlerCustomizer> (0x00000000896369b8) thrown at [./src/hotspot/share/classfile/systemDictionary.cpp, line 231]
Event: 7.939 Thread 0x000001b93b17d800 Exception <a 'java/lang/ClassNotFoundException'{0x00000000896a6a30}: org/gradle/api/internal/artifacts/dsl/dependencies/DefaultDependencyHandler_DecoratedCustomizer> (0x00000000896a6a30) thrown at [./src/hotspot/share/classfile/systemDictionary.cpp, line 231]
Event: 8.601 Thread 0x000001b93b17d800 Exception <a 'java/lang/ClassNotFoundException'{0x000000008b2ee080}: com/android/build/gradle/internal/api/ApkVariantOutputImpl_DecoratedBeanInfo> (0x000000008b2ee080) thrown at [./src/hotspot/share/classfile/systemDictionary.cpp, line 231]
Event: 8.601 Thread 0x000001b93b17d800 Exception <a 'java/lang/ClassNotFoundException'{0x000000008b108dd0}: com/android/build/gradle/internal/api/ApkVariantOutputImplBeanInfo> (0x000000008b108dd0) thrown at [./src/hotspot/share/classfile/systemDictionary.cpp, line 231]
Event: 8.601 Thread 0x000001b93b17d800 Exception <a 'java/lang/ClassNotFoundException'{0x000000008b123e40}: com/android/build/gradle/internal/api/BaseVariantOutputImplBeanInfo> (0x000000008b123e40) thrown at [./src/hotspot/share/classfile/systemDictionary.cpp, line 231]
Event: 8.602 Thread 0x000001b93b17d800 Exception <a 'java/lang/ClassNotFoundException'{0x000000008b13ef18}: com/android/build/gradle/internal/api/BaseVariantOutputImplCustomizer> (0x000000008b13ef18) thrown at [./src/hotspot/share/classfile/systemDictionary.cpp, line 231]
Event: 8.603 Thread 0x000001b93b17d800 Exception <a 'java/lang/ClassNotFoundException'{0x000000008b16c688}: com/android/build/gradle/internal/api/ApkVariantOutputImplCustomizer> (0x000000008b16c688) thrown at [./src/hotspot/share/classfile/systemDictionary.cpp, line 231]
Event: 8.604 Thread 0x000001b93b17d800 Exception <a 'java/lang/ClassNotFoundException'{0x000000008b196598}: com/android/build/gradle/internal/api/ApkVariantOutputImpl_DecoratedCustomizer> (0x000000008b196598) thrown at [./src/hotspot/share/classfile/systemDictionary.cpp, line 231]
Event: 8.624 Thread 0x000001b93b17d800 Exception <a 'java/lang/NoClassDefFoundError'{0x000000008af5e730}: org/jetbrains/kotlin/gradle/plugin/KotlinBasePluginWrapper> (0x000000008af5e730) thrown at [./src/hotspot/share/classfile/systemDictionary.cpp, line 220]
Event: 8.624 Thread 0x000001b93b17d800 Exception <a 'java/lang/NoClassDefFoundError'{0x000000008af69970}: org/jetbrains/kotlin/gradle/plugin/KotlinBasePluginWrapper> (0x000000008af69970) thrown at [./src/hotspot/share/oops/constantPool.cpp, line 775]
Event: 8.679 Thread 0x000001b93b17d800 Implicit null exception at 0x000001b9291d12b1 to 0x000001b9291d1a50
Event: 8.679 Thread 0x000001b93b17d800 Implicit null exception at 0x000001b9291d6914 to 0x000001b9291d708c
Event: 8.963 Thread 0x000001b93b17d800 Exception <a 'java/lang/NoSuchMethodError'{0x000000008961fa48}: 'java.lang.Object java.lang.invoke.Invokers$Holder.linkToTargetMethod(java.lang.Object, int, int, java.lang.Object)'> (0x000000008961fa48) thrown at [./src/hotspot/share/interpreter/linkResolver.cpp, line 773]
Event: 9.020 Thread 0x000001b93b17d800 Exception <a 'java/lang/NoSuchMethodError'{0x00000000892f9c48}: 'java.lang.Object java.lang.invoke.Invokers$Holder.linkToTargetMethod(java.lang.Object, int, java.lang.Object)'> (0x00000000892f9c48) thrown at [./src/hotspot/share/interpreter/linkResolver.cpp, line 773]
Event: 9.185 Thread 0x000001b93b17d800 Exception <a 'sun/nio/fs/WindowsException'{0x00000000887f5b78}> (0x00000000887f5b78) thrown at [./src/hotspot/share/prims/jni.cpp, line 615]
Event: 9.185 Thread 0x000001b93b17d800 Exception <a 'sun/nio/fs/WindowsException'{0x00000000887f5f50}> (0x00000000887f5f50) thrown at [./src/hotspot/share/prims/jni.cpp, line 615]
Event: 9.297 Thread 0x000001b93b17d800 Exception <a 'java/lang/NullPointerException'{0x0000000087dad050}> (0x0000000087dad050) thrown at [./src/hotspot/share/interpreter/linkResolver.cpp, line 1440]
Event: 9.366 Thread 0x000001b93b17d800 Implicit null exception at 0x000001b9293055e7 to 0x000001b9293074b8

Events (20 events):
Event: 9.496 loading class com/sun/xml/bind/v2/runtime/unmarshaller/LeafPropertyLoader
Event: 9.496 loading class com/sun/xml/bind/v2/runtime/unmarshaller/LeafPropertyLoader done
Event: 9.496 loading class com/sun/xml/bind/v2/runtime/unmarshaller/DefaultValueLoaderDecorator
Event: 9.496 loading class com/sun/xml/bind/v2/runtime/unmarshaller/DefaultValueLoaderDecorator done
Event: 9.497 loading class com/sun/xml/bind/v2/runtime/unmarshaller/XsiNilLoader$Single
Event: 9.497 loading class com/sun/xml/bind/v2/runtime/unmarshaller/XsiNilLoader$Single done
Event: 9.497 loading class com/sun/xml/bind/v2/runtime/unmarshaller/XsiNilLoader
Event: 9.497 loading class com/sun/xml/bind/v2/runtime/unmarshaller/XsiNilLoader done
Event: 9.497 loading class com/sun/xml/bind/v2/runtime/unmarshaller/ProxyLoader
Event: 9.497 loading class com/sun/xml/bind/v2/runtime/unmarshaller/ProxyLoader done
Event: 9.497 loading class com/sun/xml/bind/v2/runtime/unmarshaller/LeafPropertyXsiLoader
Event: 9.497 loading class com/sun/xml/bind/v2/runtime/unmarshaller/LeafPropertyXsiLoader done
Event: 9.498 loading class com/sun/xml/bind/v2/runtime/property/ArrayERProperty$ItemsLoader
Event: 9.498 loading class com/sun/xml/bind/v2/runtime/property/ArrayERProperty$ItemsLoader done
Event: 9.499 loading class com/sun/xml/bind/v2/runtime/reflect/NullSafeAccessor
Event: 9.499 loading class com/sun/xml/bind/v2/runtime/reflect/NullSafeAccessor done
Event: 9.499 loading class com/sun/xml/bind/v2/runtime/unmarshaller/XsiNilLoader$Array
Event: 9.499 loading class com/sun/xml/bind/v2/runtime/unmarshaller/XsiNilLoader$Array done
Event: 9.500 loading class com/sun/xml/bind/v2/runtime/property/SingleReferenceNodeProperty$1
Event: 9.500 loading class com/sun/xml/bind/v2/runtime/property/SingleReferenceNodeProperty$1 done


Dynamic libraries:
0x00007ff7b47e0000 - 0x00007ff7b47ea000 	C:\Program Files\Android\Android Studio\jre\bin\java.exe
0x00007ffcda0f0000 - 0x00007ffcda2e8000 	C:\Windows\SYSTEM32\ntdll.dll
0x00007ffcd93e0000 - 0x00007ffcd949f000 	C:\Windows\System32\KERNEL32.DLL
0x00007ffcd7a40000 - 0x00007ffcd7d1a000 	C:\Windows\System32\KERNELBASE.dll
0x00007ffcd7940000 - 0x00007ffcd7a40000 	C:\Windows\System32\ucrtbase.dll
0x00007ffcc0a30000 - 0x00007ffcc0a47000 	C:\Program Files\Android\Android Studio\jre\bin\VCRUNTIME140.dll
0x00007ffcbf7d0000 - 0x00007ffcbf7e9000 	C:\Program Files\Android\Android Studio\jre\bin\jli.dll
0x00007ffcd8150000 - 0x00007ffcd82ed000 	C:\Windows\System32\USER32.dll
0x00007ffcc1c20000 - 0x00007ffcc1eba000 	C:\Windows\WinSxS\amd64_microsoft.windows.common-controls_6595b64144ccf1df_6.0.19041.1110_none_60b5254171f9507e\COMCTL32.dll
0x00007ffcd7800000 - 0x00007ffcd7822000 	C:\Windows\System32\win32u.dll
0x00007ffcd9340000 - 0x00007ffcd93de000 	C:\Windows\System32\msvcrt.dll
0x00007ffcd97a0000 - 0x00007ffcd97cb000 	C:\Windows\System32\GDI32.dll
0x00007ffcd7830000 - 0x00007ffcd7940000 	C:\Windows\System32\gdi32full.dll
0x00007ffcd8000000 - 0x00007ffcd809d000 	C:\Windows\System32\msvcp_win.dll
0x00007ffcda080000 - 0x00007ffcda0b0000 	C:\Windows\System32\IMM32.DLL
0x00007ffc9fab0000 - 0x00007ffc9fb4d000 	C:\Program Files\Android\Android Studio\jre\bin\msvcp140.dll
0x00007ffc613f0000 - 0x00007ffc61ed5000 	C:\Program Files\Android\Android Studio\jre\bin\server\jvm.dll
0x00007ffcd9a60000 - 0x00007ffcd9b0e000 	C:\Windows\System32\ADVAPI32.dll
0x00007ffcd97d0000 - 0x00007ffcd986c000 	C:\Windows\System32\sechost.dll
0x00007ffcd9f50000 - 0x00007ffcda076000 	C:\Windows\System32\RPCRT4.dll
0x00007ffcd94a0000 - 0x00007ffcd94a8000 	C:\Windows\System32\PSAPI.DLL
0x00007ffcbf4c0000 - 0x00007ffcbf4e7000 	C:\Windows\SYSTEM32\WINMM.dll
0x00007ffcd01c0000 - 0x00007ffcd01c9000 	C:\Windows\SYSTEM32\WSOCK32.dll
0x00007ffcccb00000 - 0x00007ffcccb0a000 	C:\Windows\SYSTEM32\VERSION.dll
0x00007ffcd8c30000 - 0x00007ffcd8c9b000 	C:\Windows\System32\WS2_32.dll
0x00007ffcd6010000 - 0x00007ffcd6022000 	C:\Windows\SYSTEM32\kernel.appcore.dll
0x00007ffccd550000 - 0x00007ffccd561000 	C:\Program Files\Android\Android Studio\jre\bin\verify.dll
0x00007ffcd2cd0000 - 0x00007ffcd2eb4000 	C:\Windows\SYSTEM32\DBGHELP.DLL
0x00007ffcbd7b0000 - 0x00007ffcbd7e4000 	C:\Windows\SYSTEM32\dbgcore.DLL
0x00007ffcd7ed0000 - 0x00007ffcd7f52000 	C:\Windows\System32\bcryptPrimitives.dll
0x00007ffcc0b90000 - 0x00007ffcc0bb9000 	C:\Program Files\Android\Android Studio\jre\bin\java.dll
0x00007ffcd00f0000 - 0x00007ffcd00fb000 	C:\Program Files\Android\Android Studio\jre\bin\jimage.dll
0x00007ffccd440000 - 0x00007ffccd458000 	C:\Program Files\Android\Android Studio\jre\bin\zip.dll
0x00007ffcd84e0000 - 0x00007ffcd8c24000 	C:\Windows\System32\SHELL32.dll
0x00007ffcd2470000 - 0x00007ffcd2c03000 	C:\Windows\SYSTEM32\windows.storage.dll
0x00007ffcd9bf0000 - 0x00007ffcd9f44000 	C:\Windows\System32\combase.dll
0x00007ffcd7260000 - 0x00007ffcd728e000 	C:\Windows\SYSTEM32\Wldp.dll
0x00007ffcd9950000 - 0x00007ffcd99fd000 	C:\Windows\System32\SHCORE.dll
0x00007ffcd9250000 - 0x00007ffcd92a5000 	C:\Windows\System32\shlwapi.dll
0x00007ffcd7740000 - 0x00007ffcd775f000 	C:\Windows\SYSTEM32\profapi.dll
0x00007ffcd01d0000 - 0x00007ffcd01ea000 	C:\Program Files\Android\Android Studio\jre\bin\net.dll
0x00007ffccf180000 - 0x00007ffccf28a000 	C:\Windows\SYSTEM32\WINHTTP.dll
0x00007ffcd6fc0000 - 0x00007ffcd702a000 	C:\Windows\system32\mswsock.dll
0x00007ffccd0e0000 - 0x00007ffccd0f4000 	C:\Program Files\Android\Android Studio\jre\bin\nio.dll
0x00007ffcc07b0000 - 0x00007ffcc07d7000 	C:\Users\jeawo\.gradle\native\e1d6ef7f7dcc3fd88c89a11ec53ec762bb8ba0a96d01ffa2cd45eb1d1d8dd5c5\windows-amd64\native-platform.dll
0x00007ffc9e6e0000 - 0x00007ffc9e824000 	C:\Users\jeawo\.gradle\native\5664cfc778a61ccfe75a443a1ab52a65af34e5dc3c78e0209fed803814484fcb\windows-amd64\native-platform-file-events.dll
0x00007ffccd4b0000 - 0x00007ffccd4ba000 	C:\Program Files\Android\Android Studio\jre\bin\management.dll
0x00007ffccd390000 - 0x00007ffccd39d000 	C:\Program Files\Android\Android Studio\jre\bin\management_ext.dll
0x00007ffcd71b0000 - 0x00007ffcd71c8000 	C:\Windows\SYSTEM32\CRYPTSP.dll
0x00007ffcd6840000 - 0x00007ffcd6874000 	C:\Windows\system32\rsaenh.dll
0x00007ffcd7fd0000 - 0x00007ffcd7ff7000 	C:\Windows\System32\bcrypt.dll
0x00007ffcd7700000 - 0x00007ffcd772e000 	C:\Windows\SYSTEM32\USERENV.dll
0x00007ffcd71d0000 - 0x00007ffcd71dc000 	C:\Windows\SYSTEM32\CRYPTBASE.dll
0x00007ffcd6c60000 - 0x00007ffcd6c9c000 	C:\Windows\SYSTEM32\IPHLPAPI.DLL
0x00007ffcd92b0000 - 0x00007ffcd92b8000 	C:\Windows\System32\NSI.dll
0x00007ffccd280000 - 0x00007ffccd297000 	C:\Windows\SYSTEM32\dhcpcsvc6.DLL
0x00007ffcccb30000 - 0x00007ffcccb4d000 	C:\Windows\SYSTEM32\dhcpcsvc.DLL
0x00007ffcd6cb0000 - 0x00007ffcd6d7b000 	C:\Windows\SYSTEM32\DNSAPI.dll

dbghelp: loaded successfully - version: 4.0.5 - missing functions: none
symbol engine: initialized successfully - sym options: 0x614 - pdb path: .;C:\Program Files\Android\Android Studio\jre\bin;C:\Windows\SYSTEM32;C:\Windows\WinSxS\amd64_microsoft.windows.common-controls_6595b64144ccf1df_6.0.19041.1110_none_60b5254171f9507e;C:\Program Files\Android\Android Studio\jre\bin\server;C:\Users\jeawo\.gradle\native\e1d6ef7f7dcc3fd88c89a11ec53ec762bb8ba0a96d01ffa2cd45eb1d1d8dd5c5\windows-amd64;C:\Users\jeawo\.gradle\native\5664cfc778a61ccfe75a443a1ab52a65af34e5dc3c78e0209fed803814484fcb\windows-amd64

VM Arguments:
jvm_args: --add-opens=java.base/java.util=ALL-UNNAMED --add-opens=java.base/java.lang=ALL-UNNAMED --add-opens=java.base/java.lang.invoke=ALL-UNNAMED --add-opens=java.base/java.util=ALL-UNNAMED --add-opens=java.prefs/java.util.prefs=ALL-UNNAMED --add-opens=java.prefs/java.util.prefs=ALL-UNNAMED --add-opens=java.base/java.nio.charset=ALL-UNNAMED --add-opens=java.base/java.net=ALL-UNNAMED --add-opens=java.base/java.util.concurrent.atomic=ALL-UNNAMED -Xmx2048m -Dfile.encoding=UTF-8 -Duser.country=KR -Duser.language=ko -Duser.variant 
java_command: org.gradle.launcher.daemon.bootstrap.GradleDaemon 7.3.3
java_class_path (initial): C:\Users\jeawo\.gradle\wrapper\dists\gradle-7.3.3-bin\6a41zxkdtcxs8rphpq6y0069z\gradle-7.3.3\lib\gradle-launcher-7.3.3.jar
Launcher Type: SUN_STANDARD

[Global flags]
     intx CICompilerCount                          = 4                                         {product} {ergonomic}
     uint ConcGCThreads                            = 2                                         {product} {ergonomic}
     uint G1ConcRefinementThreads                  = 8                                         {product} {ergonomic}
   size_t G1HeapRegionSize                         = 1048576                                   {product} {ergonomic}
    uintx GCDrainStackTargetSize                   = 64                                        {product} {ergonomic}
   size_t InitialHeapSize                          = 132120576                                 {product} {ergonomic}
   size_t MarkStackSize                            = 4194304                                   {product} {ergonomic}
   size_t MaxHeapSize                              = 2147483648                                {product} {command line}
   size_t MaxNewSize                               = 1287651328                                {product} {ergonomic}
   size_t MinHeapDeltaBytes                        = 1048576                                   {product} {ergonomic}
    uintx NonNMethodCodeHeapSize                   = 5836300                                {pd product} {ergonomic}
    uintx NonProfiledCodeHeapSize                  = 122910970                              {pd product} {ergonomic}
    uintx ProfiledCodeHeapSize                     = 122910970                              {pd product} {ergonomic}
    uintx ReservedCodeCacheSize                    = 251658240                              {pd product} {ergonomic}
     bool SegmentedCodeCache                       = true                                      {product} {ergonomic}
     bool UseCompressedClassPointers               = true                                 {lp64_product} {ergonomic}
     bool UseCompressedOops                        = true                                 {lp64_product} {ergonomic}
     bool UseG1GC                                  = true                                      {product} {ergonomic}
     bool UseLargePagesIndividualAllocation        = false                                  {pd product} {ergonomic}

Logging:
Log output configuration:
 #0: stdout all=warning uptime,level,tags
 #1: stderr all=off uptime,level,tags

Environment Variables:
PATH=C:\Windows\system32;C:\Windows;C:\Windows\System32\Wbem;C:\Windows\System32\WindowsPowerShell\v1.0\;C:\Windows\System32\OpenSSH\;C:\Program Files\Git\cmd;C:\Program Files\dotnet\;C:\Program Files\Docker\Docker\resources\bin;C:\ProgramData\DockerDesktop\version-bin;C:\Users\jeawo\anaconda3;C:\Users\jeawo\anaconda3\Library\mingw-w64\bin;C:\Users\jeawo\anaconda3\Library\usr\bin;C:\Users\jeawo\anaconda3\Library\bin;C:\Users\jeawo\anaconda3\Scripts;C:\Users\jeawo\AppData\Local\Microsoft\WindowsApps;C:\Program Files\JetBrains\IntelliJ IDEA Community Edition 2022.1.1\bin;;C:\Users\jeawo\AppData\Local\Programs\Microsoft VS Code\bin;C:\Users\jeawo\AppData\Local\afreeca
USERNAME=jeawo
OS=Windows_NT
PROCESSOR_IDENTIFIER=Intel64 Family 6 Model 142 Stepping 12, GenuineIntel



---------------  S Y S T E M  ---------------

OS: Windows 10 , 64 bit Build 19041 (10.0.19041.2788)
OS uptime: 5 days 2:43 hours
Hyper-V role detected

CPU:total 8 (initial active 8) (4 cores per cpu, 2 threads per core) family 6 model 142 stepping 12 microcode 0xca, cmov, cx8, fxsr, mmx, sse, sse2, sse3, ssse3, sse4.1, sse4.2, popcnt, avx, avx2, aes, clmul, erms, 3dnowpref, lzcnt, ht, tsc, tscinvbit, bmi1, bmi2, adx, fma

Memory: 4k page, system-wide physical 8001M (477M free)
TotalPageFile size 32577M (AvailPageFile size 5M)
current process WorkingSet (physical memory assigned to process): 421M, peak: 422M
current process commit charge ("private bytes"): 464M, peak: 466M

vm_info: OpenJDK 64-Bit Server VM (11.0.12+7-b1504.28-7817840) for windows-amd64 JRE (11.0.12+7-b1504.28-7817840), built on Oct 13 2021 22:12:33 by "builder" with MS VC++ 14.0 (VS2015)

END.
