#
# There is insufficient memory for the Java Runtime Environment to continue.
# Native memory allocation (mmap) failed to map 46137344 bytes for Failed to commit area from 0x000000008dc00000 to 0x0000000090800000 of length 46137344.
# Possible reasons:
#   The system is out of physical RAM or swap space
#   The process is running with CompressedOops enabled, and the Java Heap may be blocking the growth of the native heap
# Possible solutions:
#   Reduce memory load on the system
#   Increase physical memory or swap space
#   Check if swap backing store is full
#   Decrease Java heap size (-Xmx/-Xms)
#   Decrease number of Java threads
#   Decrease Java thread stack sizes (-Xss)
#   Set larger code cache with -XX:ReservedCodeCacheSize=
#   JVM is running with Unscaled Compressed Oops mode in which the Java heap is
#     placed in the first 4GB address space. The Java Heap base address is the
#     maximum limit for the native heap growth. Please use -XX:HeapBaseMinAddress
#     to set the Java Heap base and to place the Java Heap above 4GB virtual address.
# This output file may be truncated or incomplete.
#
#  Out of Memory Error (./src/hotspot/os/windows/os_windows.cpp:3521), pid=12664, tid=10840
#
# JRE version: OpenJDK Runtime Environment (11.0.12+7) (build 11.0.12+7-b1504.28-7817840)
# Java VM: OpenJDK 64-Bit Server VM (11.0.12+7-b1504.28-7817840, mixed mode, tiered, compressed oops, g1 gc, windows-amd64)
# No core dump will be written. Minidumps are not enabled by default on client versions of Windows
#

---------------  S U M M A R Y ------------

Command Line: --add-opens=java.base/java.util=ALL-UNNAMED --add-opens=java.base/java.lang=ALL-UNNAMED --add-opens=java.base/java.lang.invoke=ALL-UNNAMED --add-opens=java.base/java.util=ALL-UNNAMED --add-opens=java.prefs/java.util.prefs=ALL-UNNAMED --add-opens=java.prefs/java.util.prefs=ALL-UNNAMED --add-opens=java.base/java.nio.charset=ALL-UNNAMED --add-opens=java.base/java.net=ALL-UNNAMED --add-opens=java.base/java.util.concurrent.atomic=ALL-UNNAMED -Xmx2048m -Dfile.encoding=UTF-8 -Duser.country=KR -Duser.language=ko -Duser.variant org.gradle.launcher.daemon.bootstrap.GradleDaemon 7.3.3

Host: Intel(R) Core(TM) i5-10210U CPU @ 1.60GHz, 8 cores, 7G,  Windows 10 , 64 bit Build 19041 (10.0.19041.2788)
Time: Tue May  9 19:31:29 2023 대한민국 표준시 elapsed time: 14.447150 seconds (0d 0h 0m 14s)

---------------  T H R E A D  ---------------

Current thread (0x00000271a69bd000):  VMThread "VM Thread" [stack: 0x00000098d3d00000,0x00000098d3e00000] [id=10840]

Stack: [0x00000098d3d00000,0x00000098d3e00000]
[error occurred during error reporting (printing stack bounds), id 0xc0000005, EXCEPTION_ACCESS_VIOLATION (0xc0000005) at pc=0x000002718f87112d]

Native frames: (J=compiled Java code, j=interpreted, Vv=VM code, C=native code)
V  [jvm.dll+0x5fbcea]
V  [jvm.dll+0x731905]
V  [jvm.dll+0x732f1d]
V  [jvm.dll+0x733535]
V  [jvm.dll+0x7334eb]
V  [jvm.dll+0x5fb080]
V  [jvm.dll+0x5fb818]
C  [ntdll.dll+0xa23df]
C  [ntdll.dll+0x514a4]
C  [ntdll.dll+0xa0f0e]
C  0x000002718f87112d

VM_Operation (0x00000098dc8f8f20): G1CollectForAllocation, mode: safepoint, requested by thread 0x00000271a7cf4800


---------------  P R O C E S S  ---------------

Threads class SMR info:
_java_thread_list=0x00000271af9025f0, length=133, elements={
0x000002718a56c000, 0x00000271a69c1800, 0x00000271a69c2800, 0x00000271a69ed000,
0x00000271a69ef000, 0x00000271a69f0000, 0x00000271a69f3000, 0x00000271a72dc800,
0x00000271a72e1000, 0x00000271a743d000, 0x00000271a9bab000, 0x00000271a9bac800,
0x00000271a9bae800, 0x00000271a9baf000, 0x00000271a9baa800, 0x00000271a9bb1000,
0x00000271a9bad800, 0x00000271a9bb0000, 0x00000271a9bac000, 0x00000271a9263800,
0x00000271a9265000, 0x00000271a9260800, 0x00000271a9262800, 0x00000271a9266000,
0x00000271a9264800, 0x00000271a9267000, 0x00000271a9261000, 0x00000271a926d800,
0x00000271a9267800, 0x00000271a926e000, 0x00000271a926b000, 0x00000271a9269800,
0x00000271a926f000, 0x00000271ae233800, 0x00000271ae234000, 0x00000271ae23a000,
0x00000271ae238000, 0x00000271ae235800, 0x00000271ae239000, 0x00000271ae23a800,
0x00000271ae235000, 0x00000271ae23b800, 0x00000271ae23c800, 0x00000271ae236800,
0x00000271ae23d000, 0x00000271ae23e000, 0x00000271ae23e800, 0x00000271ae23f800,
0x00000271ae240800, 0x00000271ae241000, 0x00000271ae242000, 0x00000271a94d7000,
0x00000271a94d5000, 0x00000271a94d9800, 0x00000271a94d3800, 0x00000271a94d7800,
0x00000271a94d8800, 0x00000271a94d6000, 0x00000271a94da000, 0x00000271a94d4800,
0x00000271a94db800, 0x00000271a94de000, 0x00000271a94e0800, 0x00000271a94df000,
0x00000271a94e0000, 0x00000271a94db000, 0x00000271a94e2800, 0x00000271a94e1800,
0x00000271a94dc800, 0x00000271a94dd800, 0x00000271aaeb0000, 0x00000271aaeac800,
0x00000271aaeae000, 0x00000271aaeb1800, 0x00000271aaeaf000, 0x00000271aaeb3000,
0x00000271aaeb2800, 0x00000271aaead800, 0x00000271aaeb4800, 0x00000271aaeb6800,
0x00000271aaeb0800, 0x00000271aaeb5800, 0x00000271aaeb9000, 0x00000271aaeb7000,
0x00000271aaeb8000, 0x00000271aaeb9800, 0x00000271aaeb4000, 0x00000271aaeba800,
0x00000271aaebb800, 0x00000271ad185000, 0x00000271ad187800, 0x00000271ad185800,
0x00000271ad184000, 0x00000271ad189000, 0x00000271ad188000, 0x00000271ad186800,
0x00000271ad18a000, 0x00000271ad18a800, 0x00000271a874a800, 0x00000271a874b000,
0x00000271a874c000, 0x00000271a874c800, 0x00000271a874d800, 0x00000271a8748000,
0x00000271a874e800, 0x00000271a8748800, 0x00000271a874f000, 0x00000271a8749800,
0x00000271a8751000, 0x00000271a8755000, 0x00000271a8755800, 0x00000271a8750000,
0x00000271a8756800, 0x00000271a8751800, 0x00000271a8752800, 0x00000271a8753000,
0x00000271a8754000, 0x00000271a7ce8800, 0x00000271a7ceb800, 0x00000271a7cea800,
0x00000271a7cea000, 0x00000271a7ce6800, 0x00000271a7cec800, 0x00000271a7cef000,
0x00000271a7ce9000, 0x00000271a7cef800, 0x00000271a7cf3000, 0x00000271a7cf0800,
0x00000271a7ced000, 0x00000271a7cf4800, 0x00000271a7cf5800, 0x00000271a7cf3800,
0x00000271a7cf1000
}

Java Threads: ( => current thread )
  0x000002718a56c000 JavaThread "main" [_thread_blocked, id=12720, stack(0x00000098d3700000,0x00000098d3800000)]
  0x00000271a69c1800 JavaThread "Reference Handler" daemon [_thread_blocked, id=24604, stack(0x00000098d3e00000,0x00000098d3f00000)]
  0x00000271a69c2800 JavaThread "Finalizer" daemon [_thread_blocked, id=17344, stack(0x00000098d3f00000,0x00000098d4000000)]
  0x00000271a69ed000 JavaThread "Signal Dispatcher" daemon [_thread_blocked, id=10256, stack(0x00000098d4000000,0x00000098d4100000)]
  0x00000271a69ef000 JavaThread "Attach Listener" daemon [_thread_blocked, id=22012, stack(0x00000098d4100000,0x00000098d4200000)]
  0x00000271a69f0000 JavaThread "Service Thread" daemon [_thread_blocked, id=20724, stack(0x00000098d4200000,0x00000098d4300000)]
  0x00000271a69f3000 JavaThread "C2 CompilerThread0" daemon [_thread_blocked, id=22312, stack(0x00000098d4300000,0x00000098d4400000)]
  0x00000271a72dc800 JavaThread "C1 CompilerThread0" daemon [_thread_blocked, id=23524, stack(0x00000098d4400000,0x00000098d4500000)]
  0x00000271a72e1000 JavaThread "Sweeper thread" daemon [_thread_blocked, id=8944, stack(0x00000098d4500000,0x00000098d4600000)]
  0x00000271a743d000 JavaThread "Common-Cleaner" daemon [_thread_blocked, id=9564, stack(0x00000098d4600000,0x00000098d4700000)]
  0x00000271a9bab000 JavaThread "Daemon health stats" [_thread_blocked, id=25636, stack(0x00000098d4c00000,0x00000098d4d00000)]
  0x00000271a9bac800 JavaThread "Incoming local TCP Connector on port 63527" [_thread_in_native, id=26416, stack(0x00000098d4800000,0x00000098d4900000)]
  0x00000271a9bae800 JavaThread "Daemon periodic checks" [_thread_blocked, id=4868, stack(0x00000098d4900000,0x00000098d4a00000)]
  0x00000271a9baf000 JavaThread "Daemon" [_thread_blocked, id=16984, stack(0x00000098d4d00000,0x00000098d4e00000)]
  0x00000271a9baa800 JavaThread "Handler for socket connection from /127.0.0.1:63527 to /127.0.0.1:63528" [_thread_in_native, id=8724, stack(0x00000098d4e00000,0x00000098d4f00000)]
  0x00000271a9bb1000 JavaThread "Cancel handler" [_thread_blocked, id=16084, stack(0x00000098d4f00000,0x00000098d5000000)]
  0x00000271a9bad800 JavaThread "Daemon worker" [_thread_blocked, id=25928, stack(0x00000098d5000000,0x00000098d5100000)]
  0x00000271a9bb0000 JavaThread "Asynchronous log dispatcher for DefaultDaemonConnection: socket connection from /127.0.0.1:63527 to /127.0.0.1:63528" [_thread_blocked, id=8108, stack(0x00000098d5100000,0x00000098d5200000)]
  0x00000271a9bac000 JavaThread "Stdin handler" [_thread_blocked, id=27144, stack(0x00000098d5200000,0x00000098d5300000)]
  0x00000271a9263800 JavaThread "Daemon client event forwarder" [_thread_blocked, id=17412, stack(0x00000098d5800000,0x00000098d5900000)]
  0x00000271a9265000 JavaThread "Cache worker for journal cache (C:\Users\jeawo\.gradle\caches\journal-1)" [_thread_blocked, id=10364, stack(0x00000098d5900000,0x00000098d5a00000)]
  0x00000271a9260800 JavaThread "File lock request listener" [_thread_in_native, id=23444, stack(0x00000098d5a00000,0x00000098d5b00000)]
  0x00000271a9262800 JavaThread "Cache worker for file hash cache (C:\Users\jeawo\.gradle\caches\7.3.3\fileHashes)" [_thread_blocked, id=22588, stack(0x00000098d5b00000,0x00000098d5c00000)]
  0x00000271a9266000 JavaThread "C2 CompilerThread1" daemon [_thread_blocked, id=2464, stack(0x00000098d5d00000,0x00000098d5e00000)]
  0x00000271a9264800 JavaThread "Cache worker for file hash cache (C:\Users\jeawo\USB_JAVA_UI\.gradle\7.3.3\fileHashes)" [_thread_blocked, id=22048, stack(0x00000098d5e00000,0x00000098d5f00000)]
  0x00000271a9267000 JavaThread "File watcher server" daemon [_thread_blocked, id=16192, stack(0x00000098d6000000,0x00000098d6100000)]
  0x00000271a9261000 JavaThread "File watcher consumer" daemon [_thread_blocked, id=24736, stack(0x00000098d6100000,0x00000098d6200000)]
  0x00000271a926d800 JavaThread "Cache worker for checksums cache (C:\Users\jeawo\USB_JAVA_UI\.gradle\7.3.3\checksums)" [_thread_blocked, id=18332, stack(0x00000098d6200000,0x00000098d6300000)]
  0x00000271a9267800 JavaThread "Cache worker for cache directory md-supplier (C:\Users\jeawo\.gradle\caches\7.3.3\md-supplier)" [_thread_blocked, id=13752, stack(0x00000098d6300000,0x00000098d6400000)]
  0x00000271a926e000 JavaThread "Cache worker for cache directory md-rule (C:\Users\jeawo\.gradle\caches\7.3.3\md-rule)" [_thread_blocked, id=4464, stack(0x00000098d6400000,0x00000098d6500000)]
  0x00000271a926b000 JavaThread "Cache worker for execution history cache (C:\Users\jeawo\.gradle\caches\7.3.3\executionHistory)" [_thread_blocked, id=15488, stack(0x00000098d6500000,0x00000098d6600000)]
  0x00000271a9269800 JavaThread "jar transforms" [_thread_blocked, id=19192, stack(0x00000098d6600000,0x00000098d6700000)]
  0x00000271a926f000 JavaThread "Cache worker for file content cache (C:\Users\jeawo\.gradle\caches\7.3.3\fileContent)" [_thread_blocked, id=14672, stack(0x00000098d6700000,0x00000098d6800000)]
  0x00000271ae233800 JavaThread "jar transforms Thread 2" [_thread_blocked, id=11884, stack(0x00000098d6800000,0x00000098d6900000)]
  0x00000271ae234000 JavaThread "Cache worker for dependencies-accessors (C:\Users\jeawo\USB_JAVA_UI\.gradle\7.3.3\dependencies-accessors)" [_thread_blocked, id=27556, stack(0x00000098d6900000,0x00000098d6a00000)]
  0x00000271ae23a000 JavaThread "jar transforms Thread 3" [_thread_blocked, id=23696, stack(0x00000098d6a00000,0x00000098d6b00000)]
  0x00000271ae238000 JavaThread "Cache worker for Build Output Cleanup Cache (C:\Users\jeawo\USB_JAVA_UI\.gradle\buildOutputCleanup)" [_thread_blocked, id=26248, stack(0x00000098d6b00000,0x00000098d6c00000)]
  0x00000271ae235800 JavaThread "Unconstrained build operations" [_thread_blocked, id=27260, stack(0x00000098d6c00000,0x00000098d6d00000)]
  0x00000271ae239000 JavaThread "Unconstrained build operations Thread 2" [_thread_blocked, id=21328, stack(0x00000098d6d00000,0x00000098d6e00000)]
  0x00000271ae23a800 JavaThread "Unconstrained build operations Thread 3" [_thread_blocked, id=16664, stack(0x00000098d6e00000,0x00000098d6f00000)]
  0x00000271ae235000 JavaThread "Unconstrained build operations Thread 4" [_thread_blocked, id=14384, stack(0x00000098d6f00000,0x00000098d7000000)]
  0x00000271ae23b800 JavaThread "Unconstrained build operations Thread 5" [_thread_blocked, id=12700, stack(0x00000098d7000000,0x00000098d7100000)]
  0x00000271ae23c800 JavaThread "Unconstrained build operations Thread 6" [_thread_blocked, id=16260, stack(0x00000098d7100000,0x00000098d7200000)]
  0x00000271ae236800 JavaThread "Unconstrained build operations Thread 7" [_thread_blocked, id=26420, stack(0x00000098d7200000,0x00000098d7300000)]
  0x00000271ae23d000 JavaThread "Unconstrained build operations Thread 8" [_thread_blocked, id=22780, stack(0x00000098d7300000,0x00000098d7400000)]
  0x00000271ae23e000 JavaThread "Unconstrained build operations Thread 9" [_thread_blocked, id=21992, stack(0x00000098d7400000,0x00000098d7500000)]
  0x00000271ae23e800 JavaThread "Unconstrained build operations Thread 10" [_thread_blocked, id=16600, stack(0x00000098d7500000,0x00000098d7600000)]
  0x00000271ae23f800 JavaThread "Unconstrained build operations Thread 11" [_thread_blocked, id=25584, stack(0x00000098d7600000,0x00000098d7700000)]
  0x00000271ae240800 JavaThread "Unconstrained build operations Thread 12" [_thread_blocked, id=21880, stack(0x00000098d7700000,0x00000098d7800000)]
  0x00000271ae241000 JavaThread "Unconstrained build operations Thread 13" [_thread_blocked, id=22820, stack(0x00000098d7800000,0x00000098d7900000)]
  0x00000271ae242000 JavaThread "Unconstrained build operations Thread 14" [_thread_blocked, id=8996, stack(0x00000098d7900000,0x00000098d7a00000)]
  0x00000271a94d7000 JavaThread "Unconstrained build operations Thread 15" [_thread_blocked, id=10008, stack(0x00000098d7a00000,0x00000098d7b00000)]
  0x00000271a94d5000 JavaThread "Unconstrained build operations Thread 16" [_thread_blocked, id=17444, stack(0x00000098d7b00000,0x00000098d7c00000)]
  0x00000271a94d9800 JavaThread "Unconstrained build operations Thread 17" [_thread_blocked, id=23432, stack(0x00000098d7c00000,0x00000098d7d00000)]
  0x00000271a94d3800 JavaThread "Unconstrained build operations Thread 18" [_thread_blocked, id=11012, stack(0x00000098d7d00000,0x00000098d7e00000)]
  0x00000271a94d7800 JavaThread "Unconstrained build operations Thread 19" [_thread_blocked, id=13964, stack(0x00000098d7e00000,0x00000098d7f00000)]
  0x00000271a94d8800 JavaThread "Unconstrained build operations Thread 20" [_thread_blocked, id=19936, stack(0x00000098d7f00000,0x00000098d8000000)]
  0x00000271a94d6000 JavaThread "Unconstrained build operations Thread 21" [_thread_blocked, id=17524, stack(0x00000098d8000000,0x00000098d8100000)]
  0x00000271a94da000 JavaThread "Unconstrained build operations Thread 22" [_thread_blocked, id=18280, stack(0x00000098d8100000,0x00000098d8200000)]
  0x00000271a94d4800 JavaThread "Unconstrained build operations Thread 23" [_thread_blocked, id=23256, stack(0x00000098d8200000,0x00000098d8300000)]
  0x00000271a94db800 JavaThread "Unconstrained build operations Thread 24" [_thread_blocked, id=5672, stack(0x00000098d8300000,0x00000098d8400000)]
  0x00000271a94de000 JavaThread "Unconstrained build operations Thread 25" [_thread_blocked, id=25036, stack(0x00000098d8400000,0x00000098d8500000)]
  0x00000271a94e0800 JavaThread "Unconstrained build operations Thread 26" [_thread_blocked, id=23944, stack(0x00000098d8500000,0x00000098d8600000)]
  0x00000271a94df000 JavaThread "Unconstrained build operations Thread 27" [_thread_blocked, id=25136, stack(0x00000098d8600000,0x00000098d8700000)]
  0x00000271a94e0000 JavaThread "Unconstrained build operations Thread 28" [_thread_blocked, id=17780, stack(0x00000098d8700000,0x00000098d8800000)]
  0x00000271a94db000 JavaThread "Unconstrained build operations Thread 29" [_thread_blocked, id=17844, stack(0x00000098d8800000,0x00000098d8900000)]
  0x00000271a94e2800 JavaThread "Unconstrained build operations Thread 30" [_thread_blocked, id=2292, stack(0x00000098d8900000,0x00000098d8a00000)]
  0x00000271a94e1800 JavaThread "Unconstrained build operations Thread 31" [_thread_blocked, id=1528, stack(0x00000098d8a00000,0x00000098d8b00000)]
  0x00000271a94dc800 JavaThread "Unconstrained build operations Thread 32" [_thread_blocked, id=2756, stack(0x00000098d8b00000,0x00000098d8c00000)]
  0x00000271a94dd800 JavaThread "Unconstrained build operations Thread 33" [_thread_blocked, id=25420, stack(0x00000098d8c00000,0x00000098d8d00000)]
  0x00000271aaeb0000 JavaThread "Unconstrained build operations Thread 34" [_thread_blocked, id=15572, stack(0x00000098d8d00000,0x00000098d8e00000)]
  0x00000271aaeac800 JavaThread "Unconstrained build operations Thread 35" [_thread_blocked, id=26512, stack(0x00000098d8e00000,0x00000098d8f00000)]
  0x00000271aaeae000 JavaThread "Unconstrained build operations Thread 36" [_thread_blocked, id=24176, stack(0x00000098d8f00000,0x00000098d9000000)]
  0x00000271aaeb1800 JavaThread "Unconstrained build operations Thread 37" [_thread_blocked, id=21972, stack(0x00000098d9000000,0x00000098d9100000)]
  0x00000271aaeaf000 JavaThread "Unconstrained build operations Thread 38" [_thread_blocked, id=23560, stack(0x00000098d9100000,0x00000098d9200000)]
  0x00000271aaeb3000 JavaThread "Unconstrained build operations Thread 39" [_thread_blocked, id=1416, stack(0x00000098d9200000,0x00000098d9300000)]
  0x00000271aaeb2800 JavaThread "Unconstrained build operations Thread 40" [_thread_blocked, id=25808, stack(0x00000098d9300000,0x00000098d9400000)]
  0x00000271aaead800 JavaThread "Unconstrained build operations Thread 41" [_thread_blocked, id=20040, stack(0x00000098d9400000,0x00000098d9500000)]
  0x00000271aaeb4800 JavaThread "Unconstrained build operations Thread 42" [_thread_blocked, id=21544, stack(0x00000098d9500000,0x00000098d9600000)]
  0x00000271aaeb6800 JavaThread "Unconstrained build operations Thread 43" [_thread_blocked, id=17788, stack(0x00000098d9600000,0x00000098d9700000)]
  0x00000271aaeb0800 JavaThread "Unconstrained build operations Thread 44" [_thread_blocked, id=9448, stack(0x00000098d9700000,0x00000098d9800000)]
  0x00000271aaeb5800 JavaThread "Unconstrained build operations Thread 45" [_thread_blocked, id=7504, stack(0x00000098d9800000,0x00000098d9900000)]
  0x00000271aaeb9000 JavaThread "Unconstrained build operations Thread 46" [_thread_blocked, id=23824, stack(0x00000098d9900000,0x00000098d9a00000)]
  0x00000271aaeb7000 JavaThread "Unconstrained build operations Thread 47" [_thread_blocked, id=11936, stack(0x00000098d9a00000,0x00000098d9b00000)]
  0x00000271aaeb8000 JavaThread "Unconstrained build operations Thread 48" [_thread_blocked, id=10060, stack(0x00000098d9b00000,0x00000098d9c00000)]
  0x00000271aaeb9800 JavaThread "Unconstrained build operations Thread 49" [_thread_blocked, id=756, stack(0x00000098d9c00000,0x00000098d9d00000)]
  0x00000271aaeb4000 JavaThread "Unconstrained build operations Thread 50" [_thread_blocked, id=540, stack(0x00000098d9d00000,0x00000098d9e00000)]
  0x00000271aaeba800 JavaThread "Unconstrained build operations Thread 51" [_thread_blocked, id=7012, stack(0x00000098d9e00000,0x00000098d9f00000)]
  0x00000271aaebb800 JavaThread "Unconstrained build operations Thread 52" [_thread_blocked, id=26564, stack(0x00000098d9f00000,0x00000098da000000)]
  0x00000271ad185000 JavaThread "Unconstrained build operations Thread 53" [_thread_blocked, id=27616, stack(0x00000098da000000,0x00000098da100000)]
  0x00000271ad187800 JavaThread "Unconstrained build operations Thread 54" [_thread_blocked, id=17368, stack(0x00000098da100000,0x00000098da200000)]
  0x00000271ad185800 JavaThread "Unconstrained build operations Thread 55" [_thread_blocked, id=23452, stack(0x00000098da200000,0x00000098da300000)]
  0x00000271ad184000 JavaThread "Unconstrained build operations Thread 56" [_thread_blocked, id=3636, stack(0x00000098da300000,0x00000098da400000)]
  0x00000271ad189000 JavaThread "Unconstrained build operations Thread 57" [_thread_blocked, id=3996, stack(0x00000098da400000,0x00000098da500000)]
  0x00000271ad188000 JavaThread "Unconstrained build operations Thread 58" [_thread_blocked, id=5500, stack(0x00000098da500000,0x00000098da600000)]
  0x00000271ad186800 JavaThread "Unconstrained build operations Thread 59" [_thread_blocked, id=25868, stack(0x00000098da600000,0x00000098da700000)]
  0x00000271ad18a000 JavaThread "Unconstrained build operations Thread 60" [_thread_blocked, id=26316, stack(0x00000098da700000,0x00000098da800000)]
  0x00000271ad18a800 JavaThread "Unconstrained build operations Thread 61" [_thread_blocked, id=23160, stack(0x00000098da800000,0x00000098da900000)]
  0x00000271a874a800 JavaThread "Unconstrained build operations Thread 62" [_thread_blocked, id=21252, stack(0x00000098da900000,0x00000098daa00000)]
  0x00000271a874b000 JavaThread "Unconstrained build operations Thread 63" [_thread_blocked, id=6604, stack(0x00000098daa00000,0x00000098dab00000)]
  0x00000271a874c000 JavaThread "Unconstrained build operations Thread 64" [_thread_blocked, id=13852, stack(0x00000098dab00000,0x00000098dac00000)]
  0x00000271a874c800 JavaThread "Unconstrained build operations Thread 65" [_thread_blocked, id=5692, stack(0x00000098dac00000,0x00000098dad00000)]
  0x00000271a874d800 JavaThread "Unconstrained build operations Thread 66" [_thread_blocked, id=23468, stack(0x00000098dad00000,0x00000098dae00000)]
  0x00000271a8748000 JavaThread "Unconstrained build operations Thread 67" [_thread_blocked, id=24252, stack(0x00000098dae00000,0x00000098daf00000)]
  0x00000271a874e800 JavaThread "Unconstrained build operations Thread 68" [_thread_blocked, id=17228, stack(0x00000098daf00000,0x00000098db000000)]
  0x00000271a8748800 JavaThread "Unconstrained build operations Thread 69" [_thread_blocked, id=3552, stack(0x00000098db000000,0x00000098db100000)]
  0x00000271a874f000 JavaThread "Unconstrained build operations Thread 70" [_thread_blocked, id=23652, stack(0x00000098db100000,0x00000098db200000)]
  0x00000271a8749800 JavaThread "Unconstrained build operations Thread 71" [_thread_blocked, id=18564, stack(0x00000098db200000,0x00000098db300000)]
  0x00000271a8751000 JavaThread "Unconstrained build operations Thread 72" [_thread_blocked, id=12508, stack(0x00000098db300000,0x00000098db400000)]
  0x00000271a8755000 JavaThread "Unconstrained build operations Thread 73" [_thread_blocked, id=25128, stack(0x00000098db400000,0x00000098db500000)]
  0x00000271a8755800 JavaThread "Unconstrained build operations Thread 74" [_thread_blocked, id=18556, stack(0x00000098db500000,0x00000098db600000)]
  0x00000271a8750000 JavaThread "Unconstrained build operations Thread 75" [_thread_blocked, id=26096, stack(0x00000098db600000,0x00000098db700000)]
  0x00000271a8756800 JavaThread "Unconstrained build operations Thread 76" [_thread_blocked, id=19944, stack(0x00000098db700000,0x00000098db800000)]
  0x00000271a8751800 JavaThread "Unconstrained build operations Thread 77" [_thread_blocked, id=20276, stack(0x00000098db800000,0x00000098db900000)]
  0x00000271a8752800 JavaThread "Unconstrained build operations Thread 78" [_thread_blocked, id=24476, stack(0x00000098db900000,0x00000098dba00000)]
  0x00000271a8753000 JavaThread "Unconstrained build operations Thread 79" [_thread_blocked, id=21204, stack(0x00000098dba00000,0x00000098dbb00000)]
  0x00000271a8754000 JavaThread "Unconstrained build operations Thread 80" [_thread_blocked, id=20564, stack(0x00000098dbb00000,0x00000098dbc00000)]
  0x00000271a7ce8800 JavaThread "jar transforms Thread 4" [_thread_blocked, id=21488, stack(0x00000098dbc00000,0x00000098dbd00000)]
  0x00000271a7ceb800 JavaThread "jar transforms Thread 5" [_thread_blocked, id=14964, stack(0x00000098dbd00000,0x00000098dbe00000)]
  0x00000271a7cea800 JavaThread "jar transforms Thread 6" [_thread_blocked, id=26504, stack(0x00000098dbe00000,0x00000098dbf00000)]
  0x00000271a7cea000 JavaThread "jar transforms Thread 7" [_thread_blocked, id=17404, stack(0x00000098dbf00000,0x00000098dc000000)]
  0x00000271a7ce6800 JavaThread "jar transforms Thread 8" [_thread_blocked, id=23364, stack(0x00000098dc000000,0x00000098dc100000)]
  0x00000271a7cec800 JavaThread "Memory manager" [_thread_blocked, id=6796, stack(0x00000098dc100000,0x00000098dc200000)]
  0x00000271a7cef000 JavaThread "build event listener" [_thread_blocked, id=5228, stack(0x00000098dc200000,0x00000098dc300000)]
  0x00000271a7ce9000 JavaThread "Execution worker for ':'" [_thread_blocked, id=22696, stack(0x00000098dc300000,0x00000098dc400000)]
  0x00000271a7cef800 JavaThread "Execution worker for ':' Thread 2" [_thread_blocked, id=18224, stack(0x00000098dc400000,0x00000098dc500000)]
  0x00000271a7cf3000 JavaThread "Execution worker for ':' Thread 3" [_thread_blocked, id=26748, stack(0x00000098dc500000,0x00000098dc600000)]
  0x00000271a7cf0800 JavaThread "Execution worker for ':' Thread 4" [_thread_blocked, id=14556, stack(0x00000098dc600000,0x00000098dc700000)]
  0x00000271a7ced000 JavaThread "Execution worker for ':' Thread 5" [_thread_blocked, id=26588, stack(0x00000098dc700000,0x00000098dc800000)]
  0x00000271a7cf4800 JavaThread "Execution worker for ':' Thread 6" [_thread_blocked, id=152, stack(0x00000098dc800000,0x00000098dc900000)]
  0x00000271a7cf5800 JavaThread "Execution worker for ':' Thread 7" [_thread_blocked, id=25356, stack(0x00000098dc900000,0x00000098dca00000)]
  0x00000271a7cf3800 JavaThread "Cache worker for execution history cache (C:\Users\jeawo\USB_JAVA_UI\.gradle\7.3.3\executionHistory)" [_thread_blocked, id=10248, stack(0x00000098dca00000,0x00000098dcb00000)]
  0x00000271a7cf1000 JavaThread "Cache worker for Java compile cache (C:\Users\jeawo\.gradle\caches\7.3.3\javaCompile)" [_thread_blocked, id=13096, stack(0x00000098dcb00000,0x00000098dcc00000)]

Other Threads:
=>0x00000271a69bd000 VMThread "VM Thread" [stack: 0x00000098d3d00000,0x00000098d3e00000] [id=10840]
  0x00000271a7459800 WatcherThread [stack: 0x00000098d4700000,0x00000098d4800000] [id=16460]
  0x000002718a584800 GCTaskThread "GC Thread#0" [stack: 0x00000098d3800000,0x00000098d3900000] [id=16736]
  0x00000271a8258000 GCTaskThread "GC Thread#1" [stack: 0x00000098d4a00000,0x00000098d4b00000] [id=14348]
  0x00000271a8255000 GCTaskThread "GC Thread#2" [stack: 0x00000098d4b00000,0x00000098d4c00000] [id=25580]
  0x00000271a8253800 GCTaskThread "GC Thread#3" [stack: 0x00000098d5300000,0x00000098d5400000] [id=12416]
  0x00000271a8256800 GCTaskThread "GC Thread#4" [stack: 0x00000098d5400000,0x00000098d5500000] [id=15820]
  0x00000271a8258800 GCTaskThread "GC Thread#5" [stack: 0x00000098d5500000,0x00000098d5600000] [id=21760]
  0x00000271a8255800 GCTaskThread "GC Thread#6" [stack: 0x00000098d5600000,0x00000098d5700000] [id=9240]
  0x00000271a8252000 GCTaskThread "GC Thread#7" [stack: 0x00000098d5700000,0x00000098d5800000] [id=13256]
  0x000002718a5b7800 ConcurrentGCThread "G1 Main Marker" [stack: 0x00000098d3900000,0x00000098d3a00000] [id=19660]
  0x000002718a5b9000 ConcurrentGCThread "G1 Conc#0" [stack: 0x00000098d3a00000,0x00000098d3b00000] [id=17276]
  0x00000271a8254000 ConcurrentGCThread "G1 Conc#1" [stack: 0x00000098d5c00000,0x00000098d5d00000] [id=26224]
  0x00000271a6810800 ConcurrentGCThread "G1 Refine#0" [stack: 0x00000098d3b00000,0x00000098d3c00000] [id=25308]
  0x00000271af5d8000 ConcurrentGCThread "G1 Refine#1" [stack: 0x00000098d5f00000,0x00000098d6000000] [id=14512]
  0x00000271af5b2000 ConcurrentGCThread "G1 Refine#2" [stack: 0x00000098dcc00000,0x00000098dcd00000] [id=22208]
  0x00000271a6811800 ConcurrentGCThread "G1 Young RemSet Sampling" [stack: 0x00000098d3c00000,0x00000098d3d00000] [id=12108]

Threads with active compile tasks:
C2 CompilerThread0  14457 11461 %     4       android.databinding.tool.reflection.SdkUtil$ApiChecker::buildFullLookup @ 124 (252 bytes)
C2 CompilerThread1  14457 11459       4       org.apache.xerces.impl.XMLEntityScanner::skipString (207 bytes)

VM state:at safepoint (normal execution)

VM Mutex/Monitor currently owned by a thread:  ([mutex/lock_event])
[0x000002718a5691d0] Threads_lock - owner thread: 0x00000271a69bd000
[0x000002718a567d90] Heap_lock - owner thread: 0x00000271a7cf4800

Heap address: 0x0000000080000000, size: 2048 MB, Compressed Oops mode: 32-bit
Narrow klass base: 0x0000000000000000, Narrow klass shift: 3
Compressed class space size: 1073741824 Address: 0x0000000100000000

Heap:
 garbage-first heap   total 270336K, used 180224K [0x0000000080000000, 0x0000000100000000)
  region size 1024K, 3 young (3072K), 3 survivors (3072K)
 Metaspace       used 96935K, capacity 99350K, committed 100216K, reserved 1136640K
  class space    used 12330K, capacity 13254K, committed 13516K, reserved 1048576K
Heap Regions: E=young(eden), S=young(survivor), O=old, HS=humongous(starts), HC=humongous(continues), CS=collection set, F=free, A=archive, TAMS=top-at-mark-start (previous, next)
|   0|0x0000000080000000, 0x0000000080100000, 0x0000000080100000|100%| O|  |TAMS 0x0000000080100000, 0x0000000080000000| Updating 
|   1|0x0000000080100000, 0x0000000080200000, 0x0000000080200000|100%| O|  |TAMS 0x0000000080200000, 0x0000000080100000| Updating 
|   2|0x0000000080200000, 0x0000000080300000, 0x0000000080300000|100%| O|  |TAMS 0x0000000080300000, 0x0000000080200000| Updating 
|   3|0x0000000080300000, 0x0000000080400000, 0x0000000080400000|100%|HS|  |TAMS 0x0000000080400000, 0x0000000080300000| Complete 
|   4|0x0000000080400000, 0x0000000080500000, 0x0000000080500000|100%|HC|  |TAMS 0x0000000080500000, 0x0000000080400000| Complete 
|   5|0x0000000080500000, 0x0000000080600000, 0x0000000080600000|100%|HC|  |TAMS 0x0000000080600000, 0x0000000080500000| Complete 
|   6|0x0000000080600000, 0x0000000080700000, 0x0000000080700000|100%| O|  |TAMS 0x0000000080700000, 0x0000000080600000| Updating 
|   7|0x0000000080700000, 0x0000000080800000, 0x0000000080800000|100%| O|  |TAMS 0x0000000080800000, 0x0000000080700000| Updating 
|   8|0x0000000080800000, 0x0000000080900000, 0x0000000080900000|100%| O|  |TAMS 0x0000000080900000, 0x0000000080800000| Updating 
|   9|0x0000000080900000, 0x0000000080a00000, 0x0000000080a00000|100%| O|  |TAMS 0x0000000080a00000, 0x0000000080900000| Updating 
|  10|0x0000000080a00000, 0x0000000080b00000, 0x0000000080b00000|100%| O|  |TAMS 0x0000000080b00000, 0x0000000080a00000| Updating 
|  11|0x0000000080b00000, 0x0000000080c00000, 0x0000000080c00000|100%| O|  |TAMS 0x0000000080c00000, 0x0000000080b00000| Updating 
|  12|0x0000000080c00000, 0x0000000080d00000, 0x0000000080d00000|100%| O|  |TAMS 0x0000000080d00000, 0x0000000080c00000| Updating 
|  13|0x0000000080d00000, 0x0000000080e00000, 0x0000000080e00000|100%| O|  |TAMS 0x0000000080e00000, 0x0000000080d00000| Updating 
|  14|0x0000000080e00000, 0x0000000080f00000, 0x0000000080f00000|100%| O|  |TAMS 0x0000000080f00000, 0x0000000080e00000| Updating 
|  15|0x0000000080f00000, 0x0000000081000000, 0x0000000081000000|100%| O|  |TAMS 0x0000000081000000, 0x0000000080f00000| Updating 
|  16|0x0000000081000000, 0x0000000081100000, 0x0000000081100000|100%|HS|  |TAMS 0x0000000081100000, 0x0000000081000000| Complete 
|  17|0x0000000081100000, 0x0000000081200000, 0x0000000081200000|100%| O|  |TAMS 0x0000000081200000, 0x0000000081100000| Updating 
|  18|0x0000000081200000, 0x0000000081300000, 0x0000000081300000|100%| O|  |TAMS 0x0000000081300000, 0x0000000081200000| Updating 
|  19|0x0000000081300000, 0x0000000081400000, 0x0000000081400000|100%| O|  |TAMS 0x0000000081400000, 0x0000000081300000| Updating 
|  20|0x0000000081400000, 0x0000000081500000, 0x0000000081500000|100%| O|  |TAMS 0x0000000081500000, 0x0000000081400000| Updating 
|  21|0x0000000081500000, 0x0000000081600000, 0x0000000081600000|100%| O|  |TAMS 0x0000000081600000, 0x0000000081500000| Updating 
|  22|0x0000000081600000, 0x0000000081700000, 0x0000000081700000|100%| O|  |TAMS 0x0000000081700000, 0x0000000081600000| Updating 
|  23|0x0000000081700000, 0x0000000081800000, 0x0000000081800000|100%| O|  |TAMS 0x0000000081800000, 0x0000000081700000| Updating 
|  24|0x0000000081800000, 0x0000000081900000, 0x0000000081900000|100%|HS|  |TAMS 0x0000000081900000, 0x0000000081800000| Complete 
|  25|0x0000000081900000, 0x0000000081a00000, 0x0000000081a00000|100%|HS|  |TAMS 0x0000000081a00000, 0x0000000081900000| Complete 
|  26|0x0000000081a00000, 0x0000000081b00000, 0x0000000081b00000|100%|HC|  |TAMS 0x0000000081b00000, 0x0000000081a00000| Complete 
|  27|0x0000000081b00000, 0x0000000081c00000, 0x0000000081c00000|100%| O|  |TAMS 0x0000000081c00000, 0x0000000081b00000| Updating 
|  28|0x0000000081c00000, 0x0000000081d00000, 0x0000000081d00000|100%| O|  |TAMS 0x0000000081d00000, 0x0000000081c00000| Updating 
|  29|0x0000000081d00000, 0x0000000081e00000, 0x0000000081e00000|100%| O|  |TAMS 0x0000000081e00000, 0x0000000081d00000| Updating 
|  30|0x0000000081e00000, 0x0000000081f00000, 0x0000000081f00000|100%| O|  |TAMS 0x0000000081f00000, 0x0000000081e00000| Updating 
|  31|0x0000000081f00000, 0x0000000082000000, 0x0000000082000000|100%| O|  |TAMS 0x0000000082000000, 0x0000000081f00000| Updating 
|  32|0x0000000082000000, 0x0000000082100000, 0x0000000082100000|100%| O|  |TAMS 0x0000000082100000, 0x0000000082000000| Updating 
|  33|0x0000000082100000, 0x0000000082200000, 0x0000000082200000|100%| O|  |TAMS 0x0000000082200000, 0x0000000082100000| Updating 
|  34|0x0000000082200000, 0x0000000082300000, 0x0000000082300000|100%| O|  |TAMS 0x0000000082300000, 0x0000000082200000| Updating 
|  35|0x0000000082300000, 0x0000000082400000, 0x0000000082400000|100%| O|  |TAMS 0x0000000082400000, 0x0000000082300000| Updating 
|  36|0x0000000082400000, 0x0000000082500000, 0x0000000082500000|100%| O|  |TAMS 0x0000000082500000, 0x0000000082400000| Updating 
|  37|0x0000000082500000, 0x0000000082600000, 0x0000000082600000|100%| O|  |TAMS 0x0000000082600000, 0x0000000082500000| Updating 
|  38|0x0000000082600000, 0x0000000082700000, 0x0000000082700000|100%| O|  |TAMS 0x0000000082700000, 0x0000000082600000| Updating 
|  39|0x0000000082700000, 0x0000000082800000, 0x0000000082800000|100%| O|  |TAMS 0x0000000082800000, 0x0000000082700000| Updating 
|  40|0x0000000082800000, 0x0000000082900000, 0x0000000082900000|100%| O|  |TAMS 0x0000000082900000, 0x0000000082800000| Updating 
|  41|0x0000000082900000, 0x0000000082a00000, 0x0000000082a00000|100%| O|  |TAMS 0x0000000082a00000, 0x0000000082900000| Updating 
|  42|0x0000000082a00000, 0x0000000082b00000, 0x0000000082b00000|100%| O|  |TAMS 0x0000000082b00000, 0x0000000082a00000| Updating 
|  43|0x0000000082b00000, 0x0000000082c00000, 0x0000000082c00000|100%| O|  |TAMS 0x0000000082c00000, 0x0000000082b00000| Updating 
|  44|0x0000000082c00000, 0x0000000082d00000, 0x0000000082d00000|100%| O|  |TAMS 0x0000000082d00000, 0x0000000082c00000| Updating 
|  45|0x0000000082d00000, 0x0000000082e00000, 0x0000000082e00000|100%| O|  |TAMS 0x0000000082e00000, 0x0000000082d00000| Updating 
|  46|0x0000000082e00000, 0x0000000082f00000, 0x0000000082f00000|100%| O|  |TAMS 0x0000000082f00000, 0x0000000082e00000| Updating 
|  47|0x0000000082f00000, 0x0000000083000000, 0x0000000083000000|100%| O|  |TAMS 0x0000000083000000, 0x0000000082f00000| Updating 
|  48|0x0000000083000000, 0x0000000083100000, 0x0000000083100000|100%| O|  |TAMS 0x0000000083100000, 0x0000000083000000| Updating 
|  49|0x0000000083100000, 0x0000000083200000, 0x0000000083200000|100%| O|  |TAMS 0x0000000083200000, 0x0000000083100000| Updating 
|  50|0x0000000083200000, 0x0000000083300000, 0x0000000083300000|100%| O|  |TAMS 0x0000000083300000, 0x0000000083200000| Updating 
|  51|0x0000000083300000, 0x0000000083400000, 0x0000000083400000|100%| O|  |TAMS 0x0000000083400000, 0x0000000083300000| Updating 
|  52|0x0000000083400000, 0x0000000083500000, 0x0000000083500000|100%| O|  |TAMS 0x0000000083500000, 0x0000000083400000| Updating 
|  53|0x0000000083500000, 0x0000000083600000, 0x0000000083600000|100%| O|  |TAMS 0x0000000083600000, 0x0000000083500000| Updating 
|  54|0x0000000083600000, 0x0000000083700000, 0x0000000083700000|100%| O|  |TAMS 0x0000000083700000, 0x0000000083600000| Updating 
|  55|0x0000000083700000, 0x0000000083800000, 0x0000000083800000|100%| O|  |TAMS 0x0000000083800000, 0x0000000083700000| Updating 
|  56|0x0000000083800000, 0x0000000083900000, 0x0000000083900000|100%| O|  |TAMS 0x0000000083900000, 0x0000000083800000| Updating 
|  57|0x0000000083900000, 0x0000000083a00000, 0x0000000083a00000|100%| O|  |TAMS 0x0000000083a00000, 0x0000000083900000| Updating 
|  58|0x0000000083a00000, 0x0000000083b00000, 0x0000000083b00000|100%| O|  |TAMS 0x0000000083b00000, 0x0000000083a00000| Updating 
|  59|0x0000000083b00000, 0x0000000083c00000, 0x0000000083c00000|100%| O|  |TAMS 0x0000000083c00000, 0x0000000083b00000| Updating 
|  60|0x0000000083c00000, 0x0000000083d00000, 0x0000000083d00000|100%|HS|  |TAMS 0x0000000083d00000, 0x0000000083c00000| Complete 
|  61|0x0000000083d00000, 0x0000000083e00000, 0x0000000083e00000|100%|HC|  |TAMS 0x0000000083e00000, 0x0000000083d00000| Complete 
|  62|0x0000000083e00000, 0x0000000083f00000, 0x0000000083f00000|100%| O|  |TAMS 0x0000000083f00000, 0x0000000083e00000| Updating 
|  63|0x0000000083f00000, 0x0000000084000000, 0x0000000084000000|100%| O|  |TAMS 0x0000000084000000, 0x0000000083f00000| Updating 
|  64|0x0000000084000000, 0x0000000084100000, 0x0000000084100000|100%| O|  |TAMS 0x0000000084100000, 0x0000000084000000| Updating 
|  65|0x0000000084100000, 0x0000000084200000, 0x0000000084200000|100%| O|  |TAMS 0x0000000084200000, 0x0000000084100000| Updating 
|  66|0x0000000084200000, 0x0000000084300000, 0x0000000084300000|100%| O|  |TAMS 0x0000000084300000, 0x0000000084200000| Updating 
|  67|0x0000000084300000, 0x0000000084400000, 0x0000000084400000|100%| O|  |TAMS 0x0000000084400000, 0x0000000084300000| Updating 
|  68|0x0000000084400000, 0x0000000084500000, 0x0000000084500000|100%| O|  |TAMS 0x0000000084500000, 0x0000000084400000| Updating 
|  69|0x0000000084500000, 0x0000000084600000, 0x0000000084600000|100%| O|  |TAMS 0x0000000084600000, 0x0000000084500000| Updating 
|  70|0x0000000084600000, 0x0000000084700000, 0x0000000084700000|100%| O|  |TAMS 0x0000000084700000, 0x0000000084600000| Updating 
|  71|0x0000000084700000, 0x0000000084800000, 0x0000000084800000|100%| O|  |TAMS 0x0000000084800000, 0x0000000084700000| Updating 
|  72|0x0000000084800000, 0x0000000084900000, 0x0000000084900000|100%| O|  |TAMS 0x0000000084900000, 0x0000000084800000| Updating 
|  73|0x0000000084900000, 0x0000000084a00000, 0x0000000084a00000|100%| O|  |TAMS 0x0000000084a00000, 0x0000000084900000| Updating 
|  74|0x0000000084a00000, 0x0000000084b00000, 0x0000000084b00000|100%| O|  |TAMS 0x0000000084b00000, 0x0000000084a00000| Updating 
|  75|0x0000000084b00000, 0x0000000084c00000, 0x0000000084c00000|100%| O|  |TAMS 0x0000000084c00000, 0x0000000084b00000| Updating 
|  76|0x0000000084c00000, 0x0000000084d00000, 0x0000000084d00000|100%| O|  |TAMS 0x0000000084d00000, 0x0000000084c00000| Updating 
|  77|0x0000000084d00000, 0x0000000084e00000, 0x0000000084e00000|100%| O|  |TAMS 0x0000000084e00000, 0x0000000084d00000| Updating 
|  78|0x0000000084e00000, 0x0000000084f00000, 0x0000000084f00000|100%| O|  |TAMS 0x0000000084f00000, 0x0000000084e00000| Updating 
|  79|0x0000000084f00000, 0x0000000085000000, 0x0000000085000000|100%| O|  |TAMS 0x0000000085000000, 0x0000000084f00000| Updating 
|  80|0x0000000085000000, 0x0000000085100000, 0x0000000085100000|100%| O|  |TAMS 0x0000000085100000, 0x0000000085000000| Updating 
|  81|0x0000000085100000, 0x0000000085200000, 0x0000000085200000|100%| O|  |TAMS 0x0000000085200000, 0x0000000085100000| Updating 
|  82|0x0000000085200000, 0x0000000085300000, 0x0000000085300000|100%| O|  |TAMS 0x0000000085300000, 0x0000000085200000| Updating 
|  83|0x0000000085300000, 0x0000000085400000, 0x0000000085400000|100%| O|  |TAMS 0x0000000085400000, 0x0000000085300000| Updating 
|  84|0x0000000085400000, 0x0000000085500000, 0x0000000085500000|100%| O|  |TAMS 0x0000000085500000, 0x0000000085400000| Updating 
|  85|0x0000000085500000, 0x0000000085600000, 0x0000000085600000|100%| O|  |TAMS 0x0000000085600000, 0x0000000085500000| Updating 
|  86|0x0000000085600000, 0x0000000085700000, 0x0000000085700000|100%| O|  |TAMS 0x0000000085700000, 0x0000000085600000| Updating 
|  87|0x0000000085700000, 0x0000000085800000, 0x0000000085800000|100%| O|  |TAMS 0x0000000085800000, 0x0000000085700000| Updating 
|  88|0x0000000085800000, 0x0000000085900000, 0x0000000085900000|100%| O|  |TAMS 0x0000000085900000, 0x0000000085800000| Updating 
|  89|0x0000000085900000, 0x0000000085a00000, 0x0000000085a00000|100%| O|  |TAMS 0x0000000085a00000, 0x0000000085900000| Updating 
|  90|0x0000000085a00000, 0x0000000085b00000, 0x0000000085b00000|100%| O|  |TAMS 0x0000000085b00000, 0x0000000085a00000| Updating 
|  91|0x0000000085b00000, 0x0000000085c00000, 0x0000000085c00000|100%| O|  |TAMS 0x0000000085c00000, 0x0000000085b00000| Updating 
|  92|0x0000000085c00000, 0x0000000085d00000, 0x0000000085d00000|100%| O|  |TAMS 0x0000000085d00000, 0x0000000085c00000| Updating 
|  93|0x0000000085d00000, 0x0000000085e00000, 0x0000000085e00000|100%| O|  |TAMS 0x0000000085e00000, 0x0000000085d00000| Updating 
|  94|0x0000000085e00000, 0x0000000085f00000, 0x0000000085f00000|100%| O|  |TAMS 0x0000000085f00000, 0x0000000085e00000| Updating 
|  95|0x0000000085f00000, 0x0000000086000000, 0x0000000086000000|100%| O|  |TAMS 0x0000000086000000, 0x0000000085f00000| Updating 
|  96|0x0000000086000000, 0x0000000086100000, 0x0000000086100000|100%| O|  |TAMS 0x0000000086100000, 0x0000000086000000| Updating 
|  97|0x0000000086100000, 0x0000000086200000, 0x0000000086200000|100%| O|  |TAMS 0x0000000086200000, 0x0000000086100000| Updating 
|  98|0x0000000086200000, 0x0000000086300000, 0x0000000086300000|100%| O|  |TAMS 0x0000000086300000, 0x0000000086200000| Updating 
|  99|0x0000000086300000, 0x0000000086400000, 0x0000000086400000|100%| O|  |TAMS 0x0000000086400000, 0x0000000086300000| Updating 
| 100|0x0000000086400000, 0x0000000086500000, 0x0000000086500000|100%| O|  |TAMS 0x0000000086500000, 0x0000000086400000| Updating 
| 101|0x0000000086500000, 0x0000000086600000, 0x0000000086600000|100%| O|  |TAMS 0x0000000086600000, 0x0000000086500000| Updating 
| 102|0x0000000086600000, 0x0000000086700000, 0x0000000086700000|100%| O|  |TAMS 0x0000000086700000, 0x0000000086600000| Updating 
| 103|0x0000000086700000, 0x0000000086800000, 0x0000000086800000|100%| O|  |TAMS 0x0000000086800000, 0x0000000086700000| Updating 
| 104|0x0000000086800000, 0x0000000086900000, 0x0000000086900000|100%| O|  |TAMS 0x0000000086900000, 0x0000000086800000| Updating 
| 105|0x0000000086900000, 0x0000000086a00000, 0x0000000086a00000|100%| O|  |TAMS 0x0000000086a00000, 0x0000000086900000| Updating 
| 106|0x0000000086a00000, 0x0000000086b00000, 0x0000000086b00000|100%| O|  |TAMS 0x0000000086b00000, 0x0000000086a00000| Updating 
| 107|0x0000000086b00000, 0x0000000086c00000, 0x0000000086c00000|100%| O|  |TAMS 0x0000000086c00000, 0x0000000086b00000| Updating 
| 108|0x0000000086c00000, 0x0000000086d00000, 0x0000000086d00000|100%| O|  |TAMS 0x0000000086c00000, 0x0000000086c00000| Untracked 
| 109|0x0000000086d00000, 0x0000000086e00000, 0x0000000086e00000|100%| O|  |TAMS 0x0000000086d00000, 0x0000000086d00000| Untracked 
| 110|0x0000000086e00000, 0x0000000086f00000, 0x0000000086f00000|100%| O|  |TAMS 0x0000000086e00000, 0x0000000086e00000| Untracked 
| 111|0x0000000086f00000, 0x0000000087000000, 0x0000000087000000|100%| O|  |TAMS 0x0000000086f00000, 0x0000000086f00000| Untracked 
| 112|0x0000000087000000, 0x0000000087100000, 0x0000000087100000|100%| O|  |TAMS 0x0000000087000000, 0x0000000087000000| Untracked 
| 113|0x0000000087100000, 0x0000000087200000, 0x0000000087200000|100%| O|  |TAMS 0x0000000087100000, 0x0000000087100000| Untracked 
| 114|0x0000000087200000, 0x0000000087300000, 0x0000000087300000|100%| O|  |TAMS 0x0000000087200000, 0x0000000087200000| Untracked 
| 115|0x0000000087300000, 0x0000000087400000, 0x0000000087400000|100%| O|  |TAMS 0x0000000087300000, 0x0000000087300000| Untracked 
| 116|0x0000000087400000, 0x0000000087500000, 0x0000000087500000|100%| O|  |TAMS 0x0000000087400000, 0x0000000087400000| Untracked 
| 117|0x0000000087500000, 0x0000000087600000, 0x0000000087600000|100%| O|  |TAMS 0x0000000087600000, 0x0000000087500000| Updating 
| 118|0x0000000087600000, 0x0000000087700000, 0x0000000087700000|100%| O|  |TAMS 0x0000000087700000, 0x0000000087600000| Updating 
| 119|0x0000000087700000, 0x0000000087800000, 0x0000000087800000|100%| O|  |TAMS 0x0000000087800000, 0x0000000087700000| Updating 
| 120|0x0000000087800000, 0x0000000087900000, 0x0000000087900000|100%| O|  |TAMS 0x0000000087900000, 0x0000000087800000| Updating 
| 121|0x0000000087900000, 0x0000000087a00000, 0x0000000087a00000|100%| O|  |TAMS 0x0000000087a00000, 0x0000000087900000| Updating 
| 122|0x0000000087a00000, 0x0000000087b00000, 0x0000000087b00000|100%| O|  |TAMS 0x0000000087b00000, 0x0000000087a00000| Updating 
| 123|0x0000000087b00000, 0x0000000087c00000, 0x0000000087c00000|100%| O|  |TAMS 0x0000000087c00000, 0x0000000087b00000| Updating 
| 124|0x0000000087c00000, 0x0000000087d00000, 0x0000000087d00000|100%| O|  |TAMS 0x0000000087d00000, 0x0000000087c00000| Updating 
| 125|0x0000000087d00000, 0x0000000087e00000, 0x0000000087e00000|100%| O|  |TAMS 0x0000000087e00000, 0x0000000087d00000| Updating 
| 126|0x0000000087e00000, 0x0000000087f00000, 0x0000000087f00000|100%| O|  |TAMS 0x0000000087f00000, 0x0000000087e00000| Updating 
| 127|0x0000000087f00000, 0x0000000088000000, 0x0000000088000000|100%| O|  |TAMS 0x0000000088000000, 0x0000000087f00000| Updating 
| 128|0x0000000088000000, 0x0000000088100000, 0x0000000088100000|100%| O|  |TAMS 0x0000000088100000, 0x0000000088000000| Updating 
| 129|0x0000000088100000, 0x0000000088200000, 0x0000000088200000|100%| O|  |TAMS 0x0000000088200000, 0x0000000088100000| Updating 
| 130|0x0000000088200000, 0x0000000088300000, 0x0000000088300000|100%| O|  |TAMS 0x0000000088200000, 0x0000000088200000| Untracked 
| 131|0x0000000088300000, 0x0000000088400000, 0x0000000088400000|100%| O|  |TAMS 0x0000000088300000, 0x0000000088300000| Untracked 
| 132|0x0000000088400000, 0x0000000088500000, 0x0000000088500000|100%| O|  |TAMS 0x0000000088400000, 0x0000000088400000| Untracked 
| 133|0x0000000088500000, 0x0000000088600000, 0x0000000088600000|100%| O|  |TAMS 0x0000000088500000, 0x0000000088500000| Untracked 
| 134|0x0000000088600000, 0x0000000088700000, 0x0000000088700000|100%| O|  |TAMS 0x0000000088700000, 0x0000000088600000| Updating 
| 135|0x0000000088700000, 0x0000000088800000, 0x0000000088800000|100%| O|  |TAMS 0x0000000088800000, 0x0000000088700000| Updating 
| 136|0x0000000088800000, 0x0000000088900000, 0x0000000088900000|100%| O|  |TAMS 0x0000000088900000, 0x0000000088800000| Updating 
| 137|0x0000000088900000, 0x0000000088a00000, 0x0000000088a00000|100%| O|  |TAMS 0x0000000088a00000, 0x0000000088900000| Updating 
| 138|0x0000000088a00000, 0x0000000088b00000, 0x0000000088b00000|100%| O|  |TAMS 0x0000000088b00000, 0x0000000088a00000| Updating 
| 139|0x0000000088b00000, 0x0000000088c00000, 0x0000000088c00000|100%| O|  |TAMS 0x0000000088c00000, 0x0000000088b00000| Updating 
| 140|0x0000000088c00000, 0x0000000088d00000, 0x0000000088d00000|100%| O|  |TAMS 0x0000000088d00000, 0x0000000088c00000| Updating 
| 141|0x0000000088d00000, 0x0000000088e00000, 0x0000000088e00000|100%| O|  |TAMS 0x0000000088e00000, 0x0000000088d00000| Updating 
| 142|0x0000000088e00000, 0x0000000088f00000, 0x0000000088f00000|100%| O|  |TAMS 0x0000000088f00000, 0x0000000088e00000| Updating 
| 143|0x0000000088f00000, 0x0000000089000000, 0x0000000089000000|100%| O|  |TAMS 0x0000000088f00000, 0x0000000088f00000| Untracked 
| 144|0x0000000089000000, 0x0000000089100000, 0x0000000089100000|100%| O|  |TAMS 0x0000000089000000, 0x0000000089000000| Untracked 
| 145|0x0000000089100000, 0x0000000089200000, 0x0000000089200000|100%| O|  |TAMS 0x0000000089100000, 0x0000000089100000| Untracked 
| 146|0x0000000089200000, 0x0000000089300000, 0x0000000089300000|100%| O|  |TAMS 0x0000000089200000, 0x0000000089200000| Untracked 
| 147|0x0000000089300000, 0x0000000089400000, 0x0000000089400000|100%| O|  |TAMS 0x0000000089300000, 0x0000000089300000| Untracked 
| 148|0x0000000089400000, 0x0000000089500000, 0x0000000089500000|100%| O|  |TAMS 0x0000000089400000, 0x0000000089400000| Untracked 
| 149|0x0000000089500000, 0x0000000089600000, 0x0000000089600000|100%| O|  |TAMS 0x0000000089500000, 0x0000000089500000| Untracked 
| 150|0x0000000089600000, 0x0000000089700000, 0x0000000089700000|100%| O|  |TAMS 0x0000000089600000, 0x0000000089600000| Untracked 
| 151|0x0000000089700000, 0x0000000089800000, 0x0000000089800000|100%| O|  |TAMS 0x0000000089700000, 0x0000000089700000| Untracked 
| 152|0x0000000089800000, 0x0000000089900000, 0x0000000089900000|100%| O|  |TAMS 0x0000000089800000, 0x0000000089800000| Untracked 
| 153|0x0000000089900000, 0x0000000089a00000, 0x0000000089a00000|100%| O|  |TAMS 0x0000000089900000, 0x0000000089900000| Untracked 
| 154|0x0000000089a00000, 0x0000000089b00000, 0x0000000089b00000|100%| O|  |TAMS 0x0000000089a00000, 0x0000000089a00000| Untracked 
| 155|0x0000000089b00000, 0x0000000089c00000, 0x0000000089c00000|100%| O|  |TAMS 0x0000000089b00000, 0x0000000089b00000| Untracked 
| 156|0x0000000089c00000, 0x0000000089d00000, 0x0000000089d00000|100%| O|  |TAMS 0x0000000089c00000, 0x0000000089c00000| Untracked 
| 157|0x0000000089d00000, 0x0000000089e00000, 0x0000000089e00000|100%| O|  |TAMS 0x0000000089d00000, 0x0000000089d00000| Untracked 
| 158|0x0000000089e00000, 0x0000000089f00000, 0x0000000089f00000|100%| O|  |TAMS 0x0000000089e00000, 0x0000000089e00000| Untracked 
| 159|0x0000000089f00000, 0x000000008a000000, 0x000000008a000000|100%| O|  |TAMS 0x0000000089f00000, 0x0000000089f00000| Updating 
| 160|0x000000008a000000, 0x000000008a100000, 0x000000008a100000|100%| O|  |TAMS 0x000000008a000000, 0x000000008a000000| Untracked 
| 161|0x000000008a100000, 0x000000008a200000, 0x000000008a200000|100%| O|  |TAMS 0x000000008a100000, 0x000000008a100000| Untracked 
| 162|0x000000008a200000, 0x000000008a300000, 0x000000008a300000|100%| O|  |TAMS 0x000000008a200000, 0x000000008a200000| Untracked 
| 163|0x000000008a300000, 0x000000008a400000, 0x000000008a400000|100%| O|  |TAMS 0x000000008a300000, 0x000000008a300000| Untracked 
| 164|0x000000008a400000, 0x000000008a500000, 0x000000008a500000|100%| O|  |TAMS 0x000000008a400000, 0x000000008a400000| Untracked 
| 165|0x000000008a500000, 0x000000008a600000, 0x000000008a600000|100%| O|  |TAMS 0x000000008a500000, 0x000000008a500000| Untracked 
| 166|0x000000008a600000, 0x000000008a700000, 0x000000008a700000|100%| O|  |TAMS 0x000000008a600000, 0x000000008a600000| Untracked 
| 167|0x000000008a700000, 0x000000008a800000, 0x000000008a800000|100%| O|  |TAMS 0x000000008a700000, 0x000000008a700000| Untracked 
| 168|0x000000008a800000, 0x000000008a900000, 0x000000008a900000|100%| O|  |TAMS 0x000000008a800000, 0x000000008a800000| Untracked 
| 169|0x000000008a900000, 0x000000008aa00000, 0x000000008aa00000|100%| O|  |TAMS 0x000000008a900000, 0x000000008a900000| Untracked 
| 170|0x000000008aa00000, 0x000000008ab00000, 0x000000008ab00000|100%| O|  |TAMS 0x000000008aa00000, 0x000000008aa00000| Untracked 
| 171|0x000000008ab00000, 0x000000008ac00000, 0x000000008ac00000|100%| O|  |TAMS 0x000000008ab00000, 0x000000008ab00000| Untracked 
| 172|0x000000008ac00000, 0x000000008ad00000, 0x000000008ad00000|100%| O|  |TAMS 0x000000008ac00000, 0x000000008ac00000| Untracked 
| 173|0x000000008ad00000, 0x000000008ad00000, 0x000000008ae00000|  0%| F|  |TAMS 0x000000008ad00000, 0x000000008ad00000| Untracked 
| 174|0x000000008ae00000, 0x000000008ae00000, 0x000000008af00000|  0%| F|  |TAMS 0x000000008ae00000, 0x000000008ae00000| Untracked 
| 175|0x000000008af00000, 0x000000008af00000, 0x000000008b000000|  0%| F|  |TAMS 0x000000008af00000, 0x000000008af00000| Untracked 
| 176|0x000000008b000000, 0x000000008b000000, 0x000000008b100000|  0%| F|  |TAMS 0x000000008b000000, 0x000000008b000000| Untracked 
| 177|0x000000008b100000, 0x000000008b100000, 0x000000008b200000|  0%| F|  |TAMS 0x000000008b100000, 0x000000008b100000| Untracked 
| 178|0x000000008b200000, 0x000000008b200000, 0x000000008b300000|  0%| F|  |TAMS 0x000000008b200000, 0x000000008b200000| Untracked 
| 179|0x000000008b300000, 0x000000008b300000, 0x000000008b400000|  0%| F|  |TAMS 0x000000008b300000, 0x000000008b300000| Untracked 
| 180|0x000000008b400000, 0x000000008b400000, 0x000000008b500000|  0%| F|  |TAMS 0x000000008b400000, 0x000000008b400000| Untracked 
| 181|0x000000008b500000, 0x000000008b500000, 0x000000008b600000|  0%| F|  |TAMS 0x000000008b500000, 0x000000008b500000| Untracked 
| 182|0x000000008b600000, 0x000000008b600000, 0x000000008b700000|  0%| F|  |TAMS 0x000000008b600000, 0x000000008b600000| Untracked 
| 183|0x000000008b700000, 0x000000008b700000, 0x000000008b800000|  0%| F|  |TAMS 0x000000008b700000, 0x000000008b700000| Untracked 
| 184|0x000000008b800000, 0x000000008b800000, 0x000000008b900000|  0%| F|  |TAMS 0x000000008b800000, 0x000000008b800000| Untracked 
| 185|0x000000008b900000, 0x000000008b900000, 0x000000008ba00000|  0%| F|  |TAMS 0x000000008b900000, 0x000000008b900000| Untracked 
| 186|0x000000008ba00000, 0x000000008ba00000, 0x000000008bb00000|  0%| F|  |TAMS 0x000000008ba00000, 0x000000008ba00000| Untracked 
| 187|0x000000008bb00000, 0x000000008bb00000, 0x000000008bc00000|  0%| F|  |TAMS 0x000000008bb00000, 0x000000008bb00000| Untracked 
| 188|0x000000008bc00000, 0x000000008bc00000, 0x000000008bd00000|  0%| F|  |TAMS 0x000000008bc00000, 0x000000008bc00000| Untracked 
| 189|0x000000008bd00000, 0x000000008bd00000, 0x000000008be00000|  0%| F|  |TAMS 0x000000008bd00000, 0x000000008bd00000| Untracked 
| 190|0x000000008be00000, 0x000000008be00000, 0x000000008bf00000|  0%| F|  |TAMS 0x000000008be00000, 0x000000008be00000| Untracked 
| 191|0x000000008bf00000, 0x000000008bf00000, 0x000000008c000000|  0%| F|  |TAMS 0x000000008bf00000, 0x000000008bf00000| Untracked 
| 192|0x000000008c000000, 0x000000008c000000, 0x000000008c100000|  0%| F|  |TAMS 0x000000008c000000, 0x000000008c000000| Untracked 
| 193|0x000000008c100000, 0x000000008c100000, 0x000000008c200000|  0%| F|  |TAMS 0x000000008c100000, 0x000000008c100000| Untracked 
| 194|0x000000008c200000, 0x000000008c200000, 0x000000008c300000|  0%| F|  |TAMS 0x000000008c200000, 0x000000008c200000| Untracked 
| 195|0x000000008c300000, 0x000000008c300000, 0x000000008c400000|  0%| F|  |TAMS 0x000000008c300000, 0x000000008c300000| Untracked 
| 196|0x000000008c400000, 0x000000008c400000, 0x000000008c500000|  0%| F|  |TAMS 0x000000008c400000, 0x000000008c400000| Untracked 
| 197|0x000000008c500000, 0x000000008c500000, 0x000000008c600000|  0%| F|  |TAMS 0x000000008c500000, 0x000000008c500000| Untracked 
| 198|0x000000008c600000, 0x000000008c600000, 0x000000008c700000|  0%| F|  |TAMS 0x000000008c600000, 0x000000008c600000| Untracked 
| 199|0x000000008c700000, 0x000000008c700000, 0x000000008c800000|  0%| F|  |TAMS 0x000000008c700000, 0x000000008c700000| Untracked 
| 200|0x000000008c800000, 0x000000008c800000, 0x000000008c900000|  0%| F|  |TAMS 0x000000008c800000, 0x000000008c800000| Untracked 
| 201|0x000000008c900000, 0x000000008c900000, 0x000000008ca00000|  0%| F|  |TAMS 0x000000008c900000, 0x000000008c900000| Untracked 
| 202|0x000000008ca00000, 0x000000008ca00000, 0x000000008cb00000|  0%| F|  |TAMS 0x000000008ca00000, 0x000000008ca00000| Untracked 
| 203|0x000000008cb00000, 0x000000008cc00000, 0x000000008cc00000|100%| S|CS|TAMS 0x000000008cb00000, 0x000000008cb00000| Complete 
| 204|0x000000008cc00000, 0x000000008cd00000, 0x000000008cd00000|100%| S|CS|TAMS 0x000000008cc00000, 0x000000008cc00000| Complete 
| 205|0x000000008cd00000, 0x000000008ce00000, 0x000000008ce00000|100%| S|CS|TAMS 0x000000008cd00000, 0x000000008cd00000| Complete 
| 206|0x000000008ce00000, 0x000000008ce00000, 0x000000008cf00000|  0%| F|  |TAMS 0x000000008ce00000, 0x000000008ce00000| Untracked 
| 207|0x000000008cf00000, 0x000000008cf00000, 0x000000008d000000|  0%| F|  |TAMS 0x000000008cf00000, 0x000000008cf00000| Untracked 
| 208|0x000000008d000000, 0x000000008d000000, 0x000000008d100000|  0%| F|  |TAMS 0x000000008d000000, 0x000000008d000000| Untracked 
| 209|0x000000008d100000, 0x000000008d100000, 0x000000008d200000|  0%| F|  |TAMS 0x000000008d100000, 0x000000008d100000| Untracked 
| 210|0x000000008d200000, 0x000000008d200000, 0x000000008d300000|  0%| F|  |TAMS 0x000000008d200000, 0x000000008d200000| Untracked 
| 211|0x000000008d300000, 0x000000008d300000, 0x000000008d400000|  0%| F|  |TAMS 0x000000008d300000, 0x000000008d300000| Untracked 
| 212|0x000000008d400000, 0x000000008d400000, 0x000000008d500000|  0%| F|  |TAMS 0x000000008d400000, 0x000000008d400000| Untracked 
| 213|0x000000008d500000, 0x000000008d500000, 0x000000008d600000|  0%| F|  |TAMS 0x000000008d500000, 0x000000008d500000| Untracked 
| 214|0x000000008d600000, 0x000000008d600000, 0x000000008d700000|  0%| F|  |TAMS 0x000000008d600000, 0x000000008d600000| Untracked 
| 215|0x000000008d700000, 0x000000008d700000, 0x000000008d800000|  0%| F|  |TAMS 0x000000008d700000, 0x000000008d700000| Untracked 
| 216|0x000000008d800000, 0x000000008d800000, 0x000000008d900000|  0%| F|  |TAMS 0x000000008d800000, 0x000000008d800000| Untracked 
| 217|0x000000008d900000, 0x000000008d900000, 0x000000008da00000|  0%| F|  |TAMS 0x000000008d900000, 0x000000008d900000| Untracked 
| 218|0x000000008da00000, 0x000000008da00000, 0x000000008db00000|  0%| F|  |TAMS 0x000000008da00000, 0x000000008da00000| Untracked 
| 219|0x000000008db00000, 0x000000008db00000, 0x000000008dc00000|  0%| F|  |TAMS 0x000000008db00000, 0x000000008db00000| Untracked 

Card table byte_map: [0x000002719f6f0000,0x000002719faf0000] _byte_map_base: 0x000002719f2f0000

Marking Bits (Prev, Next): (CMBitMap*) 0x000002718a5aeb20, (CMBitMap*) 0x000002718a5aeae8
 Prev Bits: [0x00000271a1ef0000, 0x00000271a3ef0000)
 Next Bits: [0x000002719fef0000, 0x00000271a1ef0000)

Polling page: 0x000002718a650000

Metaspace:

Usage:
  Non-class:     84.08 MB capacity,    82.62 MB ( 98%) used,     1.19 MB (  1%) free+waste,   272.38 KB ( <1%) overhead. 
      Class:     12.94 MB capacity,    12.04 MB ( 93%) used,   802.51 KB (  6%) free+waste,   120.94 KB ( <1%) overhead. 
       Both:     97.02 MB capacity,    94.66 MB ( 98%) used,     1.97 MB (  2%) free+waste,   393.31 KB ( <1%) overhead. 

Virtual space:
  Non-class space:       86.00 MB reserved,      84.67 MB ( 98%) committed 
      Class space:        1.00 GB reserved,      13.20 MB (  1%) committed 
             Both:        1.08 GB reserved,      97.87 MB (  9%) committed 

Chunk freelists:
   Non-Class:  476.00 KB
       Class:  250.00 KB
        Both:  726.00 KB

MaxMetaspaceSize: 17179869184.00 GB
CompressedClassSpaceSize: 1.00 GB
Initial GC threshold: 20.80 MB
Current GC threshold: 163.11 MB
CDS: off

CodeHeap 'non-profiled nmethods': size=120000Kb used=7111Kb max_used=7111Kb free=112888Kb
 bounds [0x0000027197340000, 0x0000027197a40000, 0x000002719e870000]
CodeHeap 'profiled nmethods': size=120000Kb used=25118Kb max_used=25118Kb free=94881Kb
 bounds [0x000002718fe10000, 0x00000271916a0000, 0x0000027197340000]
CodeHeap 'non-nmethods': size=5760Kb used=2380Kb max_used=2431Kb free=3379Kb
 bounds [0x000002718f870000, 0x000002718fae0000, 0x000002718fe10000]
 total_blobs=12272 nmethods=11375 adapters=809
 compilation: enabled
              stopped_count=0, restarted_count=0
 full_count=0

Compilation events (20 events):
Event: 14.294 Thread 0x00000271a9266000 nmethod 11454% 0x0000027197a1f810 code [0x0000027197a1fc00, 0x0000027197a21aa8]
Event: 14.294 Thread 0x00000271a9266000 11101       4       org.apache.xerces.parsers.AbstractDOMParser::characters (394 bytes)
Event: 14.313 Thread 0x00000271a9266000 nmethod 11101 0x0000027197a22f90 code [0x0000027197a231a0, 0x0000027197a23df8]
Event: 14.313 Thread 0x00000271a9266000 11458   !   4       org.apache.xerces.impl.XMLDocumentFragmentScannerImpl$FragmentContentDispatcher::dispatch (1128 bytes)
Event: 14.330 Thread 0x00000271a72dc800 11460       3       org.apache.xerces.dom.ParentNode::nodeListItem (243 bytes)
Event: 14.331 Thread 0x00000271a72dc800 nmethod 11460 0x0000027191694f10 code [0x00000271916951a0, 0x0000027191696158]
Event: 14.379 Thread 0x00000271a9266000 nmethod 11458 0x0000027197a24890 code [0x0000027197a24c80, 0x0000027197a26aa8]
Event: 14.379 Thread 0x00000271a9266000 11463       4       org.apache.xerces.dom.DeferredDocumentImpl::synchronizeChildren (127 bytes)
Event: 14.398 Thread 0x00000271a9266000 nmethod 11463 0x0000027197a28010 code [0x0000027197a281e0, 0x0000027197a28d38]
Event: 14.399 Thread 0x00000271a9266000 11464       4       java.lang.Integer::parseInt (259 bytes)
Event: 14.402 Thread 0x00000271a72dc800 11465       3       org.apache.xerces.dom.DeferredDocumentImpl::synchronizeChildren (127 bytes)
Event: 14.419 Thread 0x00000271a72dc800 nmethod 11465 0x0000027191696510 code [0x0000027191696760, 0x00000271916972a8]
Event: 14.419 Thread 0x00000271a72dc800 11466       2       org.apache.xerces.dom.ParentNode::lastChild (16 bytes)
Event: 14.419 Thread 0x00000271a9266000 nmethod 11464 0x0000027197a29410 code [0x0000027197a295c0, 0x0000027197a299a8]
Event: 14.419 Thread 0x00000271a72dc800 nmethod 11466 0x0000027191697690 code [0x0000027191697840, 0x0000027191697998]
Event: 14.419 Thread 0x00000271a9266000 11462       4       org.apache.xerces.dom.ParentNode::nodeListItem (243 bytes)
Event: 14.426 Thread 0x00000271a69f3000 nmethod 11387 0x0000027197a29e10 code [0x0000027197a2a280, 0x0000027197a2ec18]
Event: 14.426 Thread 0x00000271a69f3000 11461 %     4       android.databinding.tool.reflection.SdkUtil$ApiChecker::buildFullLookup @ 124 (252 bytes)
Event: 14.429 Thread 0x00000271a9266000 nmethod 11462 0x0000027197a31210 code [0x0000027197a313c0, 0x0000027197a31a08]
Event: 14.429 Thread 0x00000271a9266000 11459       4       org.apache.xerces.impl.XMLEntityScanner::skipString (207 bytes)

GC Heap History (20 events):
Event: 6.613 GC heap after
{Heap after GC invocations=12 (full 0):
 garbage-first heap   total 187392K, used 47347K [0x0000000080000000, 0x0000000100000000)
  region size 1024K, 2 young (2048K), 2 survivors (2048K)
 Metaspace       used 58415K, capacity 59877K, committed 59948K, reserved 1101824K
  class space    used 7469K, capacity 8059K, committed 8064K, reserved 1048576K
}
Event: 7.501 GC heap before
{Heap before GC invocations=13 (full 0):
 garbage-first heap   total 187392K, used 116979K [0x0000000080000000, 0x0000000100000000)
  region size 1024K, 70 young (71680K), 2 survivors (2048K)
 Metaspace       used 65046K, capacity 66582K, committed 66680K, reserved 1107968K
  class space    used 8294K, capacity 8895K, committed 8908K, reserved 1048576K
}
Event: 7.511 GC heap after
{Heap after GC invocations=14 (full 0):
 garbage-first heap   total 187392K, used 51967K [0x0000000080000000, 0x0000000100000000)
  region size 1024K, 7 young (7168K), 7 survivors (7168K)
 Metaspace       used 65046K, capacity 66582K, committed 66680K, reserved 1107968K
  class space    used 8294K, capacity 8895K, committed 8908K, reserved 1048576K
}
Event: 8.359 GC heap before
{Heap before GC invocations=15 (full 0):
 garbage-first heap   total 187392K, used 122623K [0x0000000080000000, 0x0000000100000000)
  region size 1024K, 76 young (77824K), 7 survivors (7168K)
 Metaspace       used 69889K, capacity 71479K, committed 71672K, reserved 1112064K
  class space    used 9123K, capacity 9714K, committed 9804K, reserved 1048576K
}
Event: 8.371 GC heap after
{Heap after GC invocations=16 (full 0):
 garbage-first heap   total 187392K, used 57232K [0x0000000080000000, 0x0000000100000000)
  region size 1024K, 6 young (6144K), 6 survivors (6144K)
 Metaspace       used 69889K, capacity 71479K, committed 71672K, reserved 1112064K
  class space    used 9123K, capacity 9714K, committed 9804K, reserved 1048576K
}
Event: 9.387 GC heap before
{Heap before GC invocations=16 (full 0):
 garbage-first heap   total 187392K, used 128912K [0x0000000080000000, 0x0000000100000000)
  region size 1024K, 76 young (77824K), 6 survivors (6144K)
 Metaspace       used 76091K, capacity 77850K, committed 77944K, reserved 1116160K
  class space    used 10002K, capacity 10679K, committed 10700K, reserved 1048576K
}
Event: 9.396 GC heap after
{Heap after GC invocations=17 (full 0):
 garbage-first heap   total 187392K, used 61182K [0x0000000080000000, 0x0000000100000000)
  region size 1024K, 10 young (10240K), 10 survivors (10240K)
 Metaspace       used 76091K, capacity 77850K, committed 77944K, reserved 1116160K
  class space    used 10002K, capacity 10679K, committed 10700K, reserved 1048576K
}
Event: 10.559 GC heap before
{Heap before GC invocations=17 (full 0):
 garbage-first heap   total 187392K, used 133886K [0x0000000080000000, 0x0000000100000000)
  region size 1024K, 81 young (82944K), 10 survivors (10240K)
 Metaspace       used 81554K, capacity 83807K, committed 83960K, reserved 1122304K
  class space    used 10840K, capacity 11719K, committed 11852K, reserved 1048576K
}
Event: 10.574 GC heap after
{Heap after GC invocations=18 (full 0):
 garbage-first heap   total 187392K, used 66513K [0x0000000080000000, 0x0000000100000000)
  region size 1024K, 10 young (10240K), 10 survivors (10240K)
 Metaspace       used 81554K, capacity 83807K, committed 83960K, reserved 1122304K
  class space    used 10840K, capacity 11719K, committed 11852K, reserved 1048576K
}
Event: 11.648 GC heap before
{Heap before GC invocations=18 (full 0):
 garbage-first heap   total 187392K, used 138193K [0x0000000080000000, 0x0000000100000000)
  region size 1024K, 81 young (82944K), 10 survivors (10240K)
 Metaspace       used 82634K, capacity 84849K, committed 84984K, reserved 1122304K
  class space    used 10902K, capacity 11783K, committed 11852K, reserved 1048576K
}
Event: 11.664 GC heap after
{Heap after GC invocations=19 (full 0):
 garbage-first heap   total 225280K, used 71810K [0x0000000080000000, 0x0000000100000000)
  region size 1024K, 11 young (11264K), 11 survivors (11264K)
 Metaspace       used 82634K, capacity 84849K, committed 84984K, reserved 1122304K
  class space    used 10902K, capacity 11783K, committed 11852K, reserved 1048576K
}
Event: 12.911 GC heap before
{Heap before GC invocations=19 (full 0):
 garbage-first heap   total 225280K, used 164994K [0x0000000080000000, 0x0000000100000000)
  region size 1024K, 101 young (103424K), 11 survivors (11264K)
 Metaspace       used 90481K, capacity 93063K, committed 93176K, reserved 1130496K
  class space    used 11829K, capacity 12771K, committed 12876K, reserved 1048576K
}
Event: 12.927 GC heap after
{Heap after GC invocations=20 (full 0):
 garbage-first heap   total 225280K, used 82019K [0x0000000080000000, 0x0000000100000000)
  region size 1024K, 13 young (13312K), 13 survivors (13312K)
 Metaspace       used 90481K, capacity 93063K, committed 93176K, reserved 1130496K
  class space    used 11829K, capacity 12771K, committed 12876K, reserved 1048576K
}
Event: 13.833 GC heap before
{Heap before GC invocations=20 (full 0):
 garbage-first heap   total 225280K, used 170083K [0x0000000080000000, 0x0000000100000000)
  region size 1024K, 99 young (101376K), 13 survivors (13312K)
 Metaspace       used 95844K, capacity 98477K, committed 98808K, reserved 1134592K
  class space    used 12309K, capacity 13295K, committed 13388K, reserved 1048576K
}
Event: 13.865 GC heap after
{Heap after GC invocations=21 (full 0):
 garbage-first heap   total 225280K, used 120290K [0x0000000080000000, 0x0000000100000000)
  region size 1024K, 13 young (13312K), 13 survivors (13312K)
 Metaspace       used 95844K, capacity 98477K, committed 98808K, reserved 1134592K
  class space    used 12309K, capacity 13295K, committed 13388K, reserved 1048576K
}
Event: 14.191 GC heap before
{Heap before GC invocations=21 (full 0):
 garbage-first heap   total 225280K, used 161250K [0x0000000080000000, 0x0000000100000000)
  region size 1024K, 53 young (54272K), 13 survivors (13312K)
 Metaspace       used 97380K, capacity 100071K, committed 100216K, reserved 1136640K
  class space    used 12468K, capacity 13500K, committed 13516K, reserved 1048576K
}
Event: 14.225 GC heap after
{Heap after GC invocations=22 (full 0):
 garbage-first heap   total 225280K, used 140288K [0x0000000080000000, 0x0000000100000000)
  region size 1024K, 7 young (7168K), 7 survivors (7168K)
 Metaspace       used 97380K, capacity 100071K, committed 100216K, reserved 1136640K
  class space    used 12468K, capacity 13500K, committed 13516K, reserved 1048576K
}
Event: 14.356 GC heap before
{Heap before GC invocations=22 (full 0):
 garbage-first heap   total 225280K, used 171008K [0x0000000080000000, 0x0000000100000000)
  region size 1024K, 37 young (37888K), 7 survivors (7168K)
 Metaspace       used 97380K, capacity 100071K, committed 100216K, reserved 1136640K
  class space    used 12468K, capacity 13500K, committed 13516K, reserved 1048576K
}
Event: 14.376 GC heap after
{Heap after GC invocations=23 (full 0):
 garbage-first heap   total 225280K, used 168448K [0x0000000080000000, 0x0000000100000000)
  region size 1024K, 5 young (5120K), 5 survivors (5120K)
 Metaspace       used 97380K, capacity 100071K, committed 100216K, reserved 1136640K
  class space    used 12468K, capacity 13500K, committed 13516K, reserved 1048576K
}
Event: 14.433 GC heap before
{Heap before GC invocations=23 (full 0):
 garbage-first heap   total 225280K, used 182784K [0x0000000080000000, 0x0000000100000000)
  region size 1024K, 19 young (19456K), 5 survivors (5120K)
 Metaspace       used 96935K, capacity 99350K, committed 100216K, reserved 1136640K
  class space    used 12330K, capacity 13254K, committed 13516K, reserved 1048576K
}

Deoptimization events (20 events):
Event: 14.177 Thread 0x00000271a7cf4800 DEOPT PACKING pc=0x00000271979f18cc sp=0x00000098dc8f90e0
Event: 14.177 Thread 0x00000271a7cf4800 DEOPT UNPACKING pc=0x000002718f8ba1af sp=0x00000098dc8f9068 mode 2
Event: 14.178 Thread 0x00000271a7cf4800 Uncommon trap: trap_request=0xffffff4d fr.pc=0x0000027197a1318c relative=0x0000000000002e2c
Event: 14.178 Thread 0x00000271a7cf4800 Uncommon trap: reason=unstable_if action=reinterpret pc=0x0000027197a1318c method=org.apache.xerces.dom.DeferredDocumentImpl.ensureCapacity(I)V @ 4 c2
Event: 14.178 Thread 0x00000271a7cf4800 DEOPT PACKING pc=0x0000027197a1318c sp=0x00000098dc8f8e20
Event: 14.178 Thread 0x00000271a7cf4800 DEOPT UNPACKING pc=0x000002718f8ba1af sp=0x00000098dc8f8de8 mode 2
Event: 14.178 Thread 0x00000271a7cf4800 Uncommon trap: trap_request=0xffffffde fr.pc=0x00000271979d49bc relative=0x000000000000337c
Event: 14.178 Thread 0x00000271a7cf4800 Uncommon trap: reason=class_check action=maybe_recompile pc=0x00000271979d49bc method=org.apache.xerces.impl.XMLDocumentFragmentScannerImpl.scanStartElement()Z @ 309 c2
Event: 14.178 Thread 0x00000271a7cf4800 DEOPT PACKING pc=0x00000271979d49bc sp=0x00000098dc8f8e90
Event: 14.178 Thread 0x00000271a7cf4800 DEOPT UNPACKING pc=0x000002718f8ba1af sp=0x00000098dc8f8e78 mode 2
Event: 14.299 Thread 0x00000271a7cf4800 DEOPT PACKING pc=0x00000271915e4c20 sp=0x00000098dc8f8fb0
Event: 14.299 Thread 0x00000271a7cf4800 DEOPT UNPACKING pc=0x000002718f8ba95e sp=0x00000098dc8f8578 mode 0
Event: 14.328 Thread 0x00000271a7cf4800 Uncommon trap: trap_request=0xffffff4d fr.pc=0x00000271979eff48 relative=0x0000000000000488
Event: 14.328 Thread 0x00000271a7cf4800 Uncommon trap: reason=unstable_if action=reinterpret pc=0x00000271979eff48 method=org.apache.xerces.dom.ParentNode.nodeListItem(I)Lorg/w3c/dom/Node; @ 4 c2
Event: 14.328 Thread 0x00000271a7cf4800 DEOPT PACKING pc=0x00000271979eff48 sp=0x00000098dc8f9300
Event: 14.328 Thread 0x00000271a7cf4800 DEOPT UNPACKING pc=0x000002718f8ba1af sp=0x00000098dc8f92a8 mode 2
Event: 14.401 Thread 0x00000271a7cf4800 Uncommon trap: trap_request=0xffffff4d fr.pc=0x0000027197a285f4 relative=0x0000000000000414
Event: 14.401 Thread 0x00000271a7cf4800 Uncommon trap: reason=unstable_if action=reinterpret pc=0x0000027197a285f4 method=org.apache.xerces.dom.DeferredDocumentImpl.getPrevSibling(IZ)I @ 86 c2
Event: 14.401 Thread 0x00000271a7cf4800 DEOPT PACKING pc=0x0000027197a285f4 sp=0x00000098dc8f9270
Event: 14.401 Thread 0x00000271a7cf4800 DEOPT UNPACKING pc=0x000002718f8ba1af sp=0x00000098dc8f9138 mode 2

Classes redefined (0 events):
No events

Internal exceptions (20 events):
Event: 14.048 Thread 0x00000271a7cf4800 Exception <a 'sun/nio/fs/WindowsException'{0x000000008be783a8}> (0x000000008be783a8) thrown at [./src/hotspot/share/prims/jni.cpp, line 615]
Event: 14.081 Thread 0x00000271a7cf4800 Exception <a 'sun/nio/fs/WindowsException'{0x000000008bdeaab0}> (0x000000008bdeaab0) thrown at [./src/hotspot/share/prims/jni.cpp, line 615]
Event: 14.081 Thread 0x00000271a7cf4800 Exception <a 'sun/nio/fs/WindowsException'{0x000000008bdec0f0}> (0x000000008bdec0f0) thrown at [./src/hotspot/share/prims/jni.cpp, line 615]
Event: 14.081 Thread 0x00000271a7cf4800 Exception <a 'sun/nio/fs/WindowsException'{0x000000008bded3f8}> (0x000000008bded3f8) thrown at [./src/hotspot/share/prims/jni.cpp, line 615]
Event: 14.081 Thread 0x00000271a7cf4800 Exception <a 'sun/nio/fs/WindowsException'{0x000000008bdee8c8}> (0x000000008bdee8c8) thrown at [./src/hotspot/share/prims/jni.cpp, line 615]
Event: 14.081 Thread 0x00000271a7cf4800 Exception <a 'sun/nio/fs/WindowsException'{0x000000008bdeea30}> (0x000000008bdeea30) thrown at [./src/hotspot/share/prims/jni.cpp, line 615]
Event: 14.082 Thread 0x00000271a7cf4800 Exception <a 'sun/nio/fs/WindowsException'{0x000000008bdf11b0}> (0x000000008bdf11b0) thrown at [./src/hotspot/share/prims/jni.cpp, line 615]
Event: 14.084 Thread 0x00000271a7cf4800 Exception <a 'sun/nio/fs/WindowsException'{0x000000008bdfbb48}> (0x000000008bdfbb48) thrown at [./src/hotspot/share/prims/jni.cpp, line 615]
Event: 14.085 Thread 0x00000271a7cf4800 Exception <a 'sun/nio/fs/WindowsException'{0x000000008bdfd158}> (0x000000008bdfd158) thrown at [./src/hotspot/share/prims/jni.cpp, line 615]
Event: 14.085 Thread 0x00000271a7cf4800 Exception <a 'sun/nio/fs/WindowsException'{0x000000008bdfe460}> (0x000000008bdfe460) thrown at [./src/hotspot/share/prims/jni.cpp, line 615]
Event: 14.085 Thread 0x00000271a7cf4800 Exception <a 'sun/nio/fs/WindowsException'{0x000000008bdff900}> (0x000000008bdff900) thrown at [./src/hotspot/share/prims/jni.cpp, line 615]
Event: 14.085 Thread 0x00000271a7cf4800 Exception <a 'sun/nio/fs/WindowsException'{0x000000008bdffa48}> (0x000000008bdffa48) thrown at [./src/hotspot/share/prims/jni.cpp, line 615]
Event: 14.085 Thread 0x00000271a7cf4800 Exception <a 'sun/nio/fs/WindowsException'{0x000000008bc02680}> (0x000000008bc02680) thrown at [./src/hotspot/share/prims/jni.cpp, line 615]
Event: 14.085 Thread 0x00000271a7cf4800 Exception <a 'sun/nio/fs/WindowsException'{0x000000008bc027b8}> (0x000000008bc027b8) thrown at [./src/hotspot/share/prims/jni.cpp, line 615]
Event: 14.085 Thread 0x00000271a7cf4800 Exception <a 'sun/nio/fs/WindowsException'{0x000000008bc04ef8}> (0x000000008bc04ef8) thrown at [./src/hotspot/share/prims/jni.cpp, line 615]
Event: 14.092 Thread 0x00000271a7cf4800 Implicit null exception at 0x000002719798fb17 to 0x00000271979906d8
Event: 14.107 Thread 0x00000271a7cf4800 Exception <a 'sun/nio/fs/WindowsException'{0x000000008bb03990}> (0x000000008bb03990) thrown at [./src/hotspot/share/prims/jni.cpp, line 615]
Event: 14.110 Thread 0x00000271a7cf4800 Exception <a 'sun/nio/fs/WindowsException'{0x000000008bb20e50}> (0x000000008bb20e50) thrown at [./src/hotspot/share/prims/jni.cpp, line 615]
Event: 14.178 Thread 0x00000271a7cf4800 Implicit null exception at 0x0000027197a10395 to 0x0000027197a13172
Event: 14.328 Thread 0x00000271a7cf4800 Implicit null exception at 0x00000271979efaf5 to 0x00000271979eff2c

Events (20 events):
Event: 14.108 loading class android/databinding/tool/writer/MergedBindingMapperWriter done
Event: 14.109 loading class android/databinding/tool/writer/MergedBindingMapperWriter$Companion
Event: 14.109 loading class android/databinding/tool/writer/MergedBindingMapperWriter$Companion done
Event: 14.114 loading class com/sun/tools/javac/code/Symtab
Event: 14.114 loading class com/sun/tools/javac/code/Symtab done
Event: 14.157 loading class com/sun/tools/javac/code/Type
Event: 14.157 loading class com/sun/tools/javac/code/Type done
Event: 14.157 loading class com/sun/tools/javac/code/Type
Event: 14.157 loading class com/sun/tools/javac/code/Type done
Event: 14.157 loading class com/sun/tools/javac/code/Types$TypeMapping
Event: 14.157 loading class com/sun/tools/javac/code/Types$TypeMapping done
Event: 14.158 Executing VM operation: ICBufferFull
Event: 14.158 Executing VM operation: ICBufferFull done
Event: 14.190 Executing VM operation: G1CollectForAllocation
Event: 14.225 Executing VM operation: G1CollectForAllocation done
Event: 14.356 Executing VM operation: G1CollectForAllocation
Event: 14.376 Executing VM operation: G1CollectForAllocation done
Event: 14.402 Executing VM operation: CGC_Operation
Event: 14.419 Executing VM operation: CGC_Operation done
Event: 14.432 Executing VM operation: G1CollectForAllocation


Dynamic libraries:
0x00007ff7b47e0000 - 0x00007ff7b47ea000 	C:\Program Files\Android\Android Studio\jre\bin\java.exe
0x00007ffcda0f0000 - 0x00007ffcda2e8000 	C:\Windows\SYSTEM32\ntdll.dll
0x00007ffcd93e0000 - 0x00007ffcd949f000 	C:\Windows\System32\KERNEL32.DLL
0x00007ffcd7a40000 - 0x00007ffcd7d1a000 	C:\Windows\System32\KERNELBASE.dll
0x00007ffcd7940000 - 0x00007ffcd7a40000 	C:\Windows\System32\ucrtbase.dll
0x00007ffcc7220000 - 0x00007ffcc7237000 	C:\Program Files\Android\Android Studio\jre\bin\VCRUNTIME140.dll
0x00007ffccc5c0000 - 0x00007ffccc5d9000 	C:\Program Files\Android\Android Studio\jre\bin\jli.dll
0x00007ffcd8150000 - 0x00007ffcd82ed000 	C:\Windows\System32\USER32.dll
0x00007ffcc1c20000 - 0x00007ffcc1eba000 	C:\Windows\WinSxS\amd64_microsoft.windows.common-controls_6595b64144ccf1df_6.0.19041.1110_none_60b5254171f9507e\COMCTL32.dll
0x00007ffcd7800000 - 0x00007ffcd7822000 	C:\Windows\System32\win32u.dll
0x00007ffcd9340000 - 0x00007ffcd93de000 	C:\Windows\System32\msvcrt.dll
0x00007ffcd97a0000 - 0x00007ffcd97cb000 	C:\Windows\System32\GDI32.dll
0x00007ffcd7830000 - 0x00007ffcd7940000 	C:\Windows\System32\gdi32full.dll
0x00007ffcd8000000 - 0x00007ffcd809d000 	C:\Windows\System32\msvcp_win.dll
0x00007ffcda080000 - 0x00007ffcda0b0000 	C:\Windows\System32\IMM32.DLL
0x00007ffc9fef0000 - 0x00007ffc9ff8d000 	C:\Program Files\Android\Android Studio\jre\bin\msvcp140.dll
0x00007ffc613f0000 - 0x00007ffc61ed5000 	C:\Program Files\Android\Android Studio\jre\bin\server\jvm.dll
0x00007ffcd9a60000 - 0x00007ffcd9b0e000 	C:\Windows\System32\ADVAPI32.dll
0x00007ffcd97d0000 - 0x00007ffcd986c000 	C:\Windows\System32\sechost.dll
0x00007ffcd9f50000 - 0x00007ffcda076000 	C:\Windows\System32\RPCRT4.dll
0x00007ffcd94a0000 - 0x00007ffcd94a8000 	C:\Windows\System32\PSAPI.DLL
0x00007ffcd01c0000 - 0x00007ffcd01c9000 	C:\Windows\SYSTEM32\WSOCK32.dll
0x00007ffcbf4c0000 - 0x00007ffcbf4e7000 	C:\Windows\SYSTEM32\WINMM.dll
0x00007ffcccb00000 - 0x00007ffcccb0a000 	C:\Windows\SYSTEM32\VERSION.dll
0x00007ffcd8c30000 - 0x00007ffcd8c9b000 	C:\Windows\System32\WS2_32.dll
0x00007ffcd6010000 - 0x00007ffcd6022000 	C:\Windows\SYSTEM32\kernel.appcore.dll
0x00007ffccd550000 - 0x00007ffccd561000 	C:\Program Files\Android\Android Studio\jre\bin\verify.dll
0x00007ffcd2cd0000 - 0x00007ffcd2eb4000 	C:\Windows\SYSTEM32\DBGHELP.DLL
0x00007ffcbd7b0000 - 0x00007ffcbd7e4000 	C:\Windows\SYSTEM32\dbgcore.DLL
0x00007ffcd7ed0000 - 0x00007ffcd7f52000 	C:\Windows\System32\bcryptPrimitives.dll
0x00007ffcc0b90000 - 0x00007ffcc0bb9000 	C:\Program Files\Android\Android Studio\jre\bin\java.dll
0x00007ffcd00f0000 - 0x00007ffcd00fb000 	C:\Program Files\Android\Android Studio\jre\bin\jimage.dll
0x00007ffccd440000 - 0x00007ffccd458000 	C:\Program Files\Android\Android Studio\jre\bin\zip.dll
0x00007ffcd84e0000 - 0x00007ffcd8c24000 	C:\Windows\System32\SHELL32.dll
0x00007ffcd2470000 - 0x00007ffcd2c03000 	C:\Windows\SYSTEM32\windows.storage.dll
0x00007ffcd9bf0000 - 0x00007ffcd9f44000 	C:\Windows\System32\combase.dll
0x00007ffcd7260000 - 0x00007ffcd728e000 	C:\Windows\SYSTEM32\Wldp.dll
0x00007ffcd9950000 - 0x00007ffcd99fd000 	C:\Windows\System32\SHCORE.dll
0x00007ffcd9250000 - 0x00007ffcd92a5000 	C:\Windows\System32\shlwapi.dll
0x00007ffcd7740000 - 0x00007ffcd775f000 	C:\Windows\SYSTEM32\profapi.dll
0x00007ffcd01d0000 - 0x00007ffcd01ea000 	C:\Program Files\Android\Android Studio\jre\bin\net.dll
0x00007ffccf180000 - 0x00007ffccf28a000 	C:\Windows\SYSTEM32\WINHTTP.dll
0x00007ffcd6fc0000 - 0x00007ffcd702a000 	C:\Windows\system32\mswsock.dll
0x00007ffccd0e0000 - 0x00007ffccd0f4000 	C:\Program Files\Android\Android Studio\jre\bin\nio.dll
0x00007ffcc07b0000 - 0x00007ffcc07d7000 	C:\Users\jeawo\.gradle\native\e1d6ef7f7dcc3fd88c89a11ec53ec762bb8ba0a96d01ffa2cd45eb1d1d8dd5c5\windows-amd64\native-platform.dll
0x00007ffc9e980000 - 0x00007ffc9eac4000 	C:\Users\jeawo\.gradle\native\5664cfc778a61ccfe75a443a1ab52a65af34e5dc3c78e0209fed803814484fcb\windows-amd64\native-platform-file-events.dll
0x00007ffccd4b0000 - 0x00007ffccd4ba000 	C:\Program Files\Android\Android Studio\jre\bin\management.dll
0x00007ffccd390000 - 0x00007ffccd39d000 	C:\Program Files\Android\Android Studio\jre\bin\management_ext.dll
0x00007ffcd71b0000 - 0x00007ffcd71c8000 	C:\Windows\SYSTEM32\CRYPTSP.dll
0x00007ffcd6840000 - 0x00007ffcd6874000 	C:\Windows\system32\rsaenh.dll
0x00007ffcd7fd0000 - 0x00007ffcd7ff7000 	C:\Windows\System32\bcrypt.dll
0x00007ffcd7700000 - 0x00007ffcd772e000 	C:\Windows\SYSTEM32\USERENV.dll
0x00007ffcd71d0000 - 0x00007ffcd71dc000 	C:\Windows\SYSTEM32\CRYPTBASE.dll
0x00007ffcd6c60000 - 0x00007ffcd6c9c000 	C:\Windows\SYSTEM32\IPHLPAPI.DLL
0x00007ffcd92b0000 - 0x00007ffcd92b8000 	C:\Windows\System32\NSI.dll
0x00007ffccd280000 - 0x00007ffccd297000 	C:\Windows\SYSTEM32\dhcpcsvc6.DLL
0x00007ffcccb30000 - 0x00007ffcccb4d000 	C:\Windows\SYSTEM32\dhcpcsvc.DLL
0x00007ffcd6cb0000 - 0x00007ffcd6d7b000 	C:\Windows\SYSTEM32\DNSAPI.dll

dbghelp: loaded successfully - version: 4.0.5 - missing functions: none
symbol engine: initialized successfully - sym options: 0x614 - pdb path: .;C:\Program Files\Android\Android Studio\jre\bin;C:\Windows\SYSTEM32;C:\Windows\WinSxS\amd64_microsoft.windows.common-controls_6595b64144ccf1df_6.0.19041.1110_none_60b5254171f9507e;C:\Program Files\Android\Android Studio\jre\bin\server;C:\Users\jeawo\.gradle\native\e1d6ef7f7dcc3fd88c89a11ec53ec762bb8ba0a96d01ffa2cd45eb1d1d8dd5c5\windows-amd64;C:\Users\jeawo\.gradle\native\5664cfc778a61ccfe75a443a1ab52a65af34e5dc3c78e0209fed803814484fcb\windows-amd64

VM Arguments:
jvm_args: --add-opens=java.base/java.util=ALL-UNNAMED --add-opens=java.base/java.lang=ALL-UNNAMED --add-opens=java.base/java.lang.invoke=ALL-UNNAMED --add-opens=java.base/java.util=ALL-UNNAMED --add-opens=java.prefs/java.util.prefs=ALL-UNNAMED --add-opens=java.prefs/java.util.prefs=ALL-UNNAMED --add-opens=java.base/java.nio.charset=ALL-UNNAMED --add-opens=java.base/java.net=ALL-UNNAMED --add-opens=java.base/java.util.concurrent.atomic=ALL-UNNAMED -Xmx2048m -Dfile.encoding=UTF-8 -Duser.country=KR -Duser.language=ko -Duser.variant 
java_command: org.gradle.launcher.daemon.bootstrap.GradleDaemon 7.3.3
java_class_path (initial): C:\Users\jeawo\.gradle\wrapper\dists\gradle-7.3.3-bin\6a41zxkdtcxs8rphpq6y0069z\gradle-7.3.3\lib\gradle-launcher-7.3.3.jar
Launcher Type: SUN_STANDARD

[Global flags]
     intx CICompilerCount                          = 4                                         {product} {ergonomic}
     uint ConcGCThreads                            = 2                                         {product} {ergonomic}
     uint G1ConcRefinementThreads                  = 8                                         {product} {ergonomic}
   size_t G1HeapRegionSize                         = 1048576                                   {product} {ergonomic}
    uintx GCDrainStackTargetSize                   = 64                                        {product} {ergonomic}
   size_t InitialHeapSize                          = 132120576                                 {product} {ergonomic}
   size_t MarkStackSize                            = 4194304                                   {product} {ergonomic}
   size_t MaxHeapSize                              = 2147483648                                {product} {command line}
   size_t MaxNewSize                               = 1287651328                                {product} {ergonomic}
   size_t MinHeapDeltaBytes                        = 1048576                                   {product} {ergonomic}
    uintx NonNMethodCodeHeapSize                   = 5836300                                {pd product} {ergonomic}
    uintx NonProfiledCodeHeapSize                  = 122910970                              {pd product} {ergonomic}
    uintx ProfiledCodeHeapSize                     = 122910970                              {pd product} {ergonomic}
    uintx ReservedCodeCacheSize                    = 251658240                              {pd product} {ergonomic}
     bool SegmentedCodeCache                       = true                                      {product} {ergonomic}
     bool UseCompressedClassPointers               = true                                 {lp64_product} {ergonomic}
     bool UseCompressedOops                        = true                                 {lp64_product} {ergonomic}
     bool UseG1GC                                  = true                                      {product} {ergonomic}
     bool UseLargePagesIndividualAllocation        = false                                  {pd product} {ergonomic}

Logging:
Log output configuration:
 #0: stdout all=warning uptime,level,tags
 #1: stderr all=off uptime,level,tags

Environment Variables:
PATH=C:\Windows\system32;C:\Windows;C:\Windows\System32\Wbem;C:\Windows\System32\WindowsPowerShell\v1.0\;C:\Windows\System32\OpenSSH\;C:\Program Files\Git\cmd;C:\Program Files\dotnet\;C:\Program Files\Docker\Docker\resources\bin;C:\ProgramData\DockerDesktop\version-bin;C:\Users\jeawo\anaconda3;C:\Users\jeawo\anaconda3\Library\mingw-w64\bin;C:\Users\jeawo\anaconda3\Library\usr\bin;C:\Users\jeawo\anaconda3\Library\bin;C:\Users\jeawo\anaconda3\Scripts;C:\Users\jeawo\AppData\Local\Microsoft\WindowsApps;C:\Program Files\JetBrains\IntelliJ IDEA Community Edition 2022.1.1\bin;;C:\Users\jeawo\AppData\Local\Programs\Microsoft VS Code\bin;C:\Users\jeawo\AppData\Local\afreeca
USERNAME=jeawo
OS=Windows_NT
PROCESSOR_IDENTIFIER=Intel64 Family 6 Model 142 Stepping 12, GenuineIntel



---------------  S Y S T E M  ---------------

OS: Windows 10 , 64 bit Build 19041 (10.0.19041.2788)
OS uptime: 5 days 2:42 hours
Hyper-V role detected

CPU:total 8 (initial active 8) (4 cores per cpu, 2 threads per core) family 6 model 142 stepping 12 microcode 0xca, cmov, cx8, fxsr, mmx, sse, sse2, sse3, ssse3, sse4.1, sse4.2, popcnt, avx, avx2, aes, clmul, erms, 3dnowpref, lzcnt, ht, tsc, tscinvbit, bmi1, bmi2, adx, fma

Memory: 4k page, system-wide physical 8001M (484M free)
TotalPageFile size 32577M (AvailPageFile size 10M)
current process WorkingSet (physical memory assigned to process): 509M, peak: 511M
current process commit charge ("private bytes"): 544M, peak: 588M

vm_info: OpenJDK 64-Bit Server VM (11.0.12+7-b1504.28-7817840) for windows-amd64 JRE (11.0.12+7-b1504.28-7817840), built on Oct 13 2021 22:12:33 by "builder" with MS VC++ 14.0 (VS2015)

END.
