#
# There is insufficient memory for the Java Runtime Environment to continue.
# Native memory allocation (malloc) failed to allocate 2032656 bytes for Chunk::new
# Possible reasons:
#   The system is out of physical RAM or swap space
#   The process is running with CompressedOops enabled, and the Java Heap may be blocking the growth of the native heap
# Possible solutions:
#   Reduce memory load on the system
#   Increase physical memory or swap space
#   Check if swap backing store is full
#   Decrease Java heap size (-Xmx/-Xms)
#   Decrease number of Java threads
#   Decrease Java thread stack sizes (-Xss)
#   Set larger code cache with -XX:ReservedCodeCacheSize=
#   JVM is running with Unscaled Compressed Oops mode in which the Java heap is
#     placed in the first 4GB address space. The Java Heap base address is the
#     maximum limit for the native heap growth. Please use -XX:HeapBaseMinAddress
#     to set the Java Heap base and to place the Java Heap above 4GB virtual address.
# This output file may be truncated or incomplete.
#
#  Out of Memory Error (./src/hotspot/share/memory/arena.cpp:197), pid=22796, tid=26188
#
# JRE version: OpenJDK Runtime Environment (11.0.12+7) (build 11.0.12+7-b1504.28-7817840)
# Java VM: OpenJDK 64-Bit Server VM (11.0.12+7-b1504.28-7817840, mixed mode, tiered, compressed oops, g1 gc, windows-amd64)
# No core dump will be written. Minidumps are not enabled by default on client versions of Windows
#

---------------  S U M M A R Y ------------

Command Line: --add-opens=java.base/java.util=ALL-UNNAMED --add-opens=java.base/java.lang=ALL-UNNAMED --add-opens=java.base/java.lang.invoke=ALL-UNNAMED --add-opens=java.base/java.util=ALL-UNNAMED --add-opens=java.prefs/java.util.prefs=ALL-UNNAMED --add-opens=java.prefs/java.util.prefs=ALL-UNNAMED --add-opens=java.base/java.nio.charset=ALL-UNNAMED --add-opens=java.base/java.net=ALL-UNNAMED --add-opens=java.base/java.util.concurrent.atomic=ALL-UNNAMED -Xmx2048m -Dfile.encoding=UTF-8 -Duser.country=KR -Duser.language=ko -Duser.variant org.gradle.launcher.daemon.bootstrap.GradleDaemon 7.3.3

Host: Intel(R) Core(TM) i5-10210U CPU @ 1.60GHz, 8 cores, 7G,  Windows 10 , 64 bit Build 19041 (10.0.19041.2788)
Time: Tue May  9 19:33:13 2023 대한민국 표준시 elapsed time: 8.462545 seconds (0d 0h 0m 8s)

---------------  T H R E A D  ---------------

Current thread (0x0000017aaaf68800):  JavaThread "C2 CompilerThread2" daemon [_thread_in_native, id=26188, stack(0x0000006220a00000,0x0000006220b00000)]


Current CompileTask:
C2:   8462 6271       4       sun.reflect.generics.parser.SignatureParser::parsePackageNameAndSimpleClassTypeSignature (119 bytes)

Stack: [0x0000006220a00000,0x0000006220b00000]
Native frames: (J=compiled Java code, j=interpreted, Vv=VM code, C=native code)
V  [jvm.dll+0x5fbcea]
V  [jvm.dll+0x731905]
V  [jvm.dll+0x732f1d]
V  [jvm.dll+0x7335d3]
V  [jvm.dll+0x247bf8]
V  [jvm.dll+0xc018c]
V  [jvm.dll+0xc06cc]
V  [jvm.dll+0x35b31d]
V  [jvm.dll+0x328803]
V  [jvm.dll+0x327cfa]
V  [jvm.dll+0x200602]
V  [jvm.dll+0x1ff794]
V  [jvm.dll+0x18868c]
V  [jvm.dll+0x20e0d7]
V  [jvm.dll+0x20c901]
V  [jvm.dll+0x6f9b7f]
V  [jvm.dll+0x6f26a5]
V  [jvm.dll+0x5fabf6]
C  [ucrtbase.dll+0x21bb2]
C  [KERNEL32.DLL+0x17604]
C  [ntdll.dll+0x526a1]


---------------  P R O C E S S  ---------------

Threads class SMR info:
_java_thread_list=0x0000017aae0e22b0, length=124, elements={
0x0000017a8d60e000, 0x0000017aa7a91000, 0x0000017aa7a94000, 0x0000017aa7abf000,
0x0000017aa7ac1000, 0x0000017aa7ac2000, 0x0000017aa7ac3800, 0x0000017aa7ac4800,
0x0000017aa7ace000, 0x0000017aa8541800, 0x0000017aa853e000, 0x0000017aa853f000,
0x0000017aa853c800, 0x0000017aa853d800, 0x0000017aa8540000, 0x0000017aa8540800,
0x0000017aa853c000, 0x0000017aa8542800, 0x0000017aaa5f5800, 0x0000017aaa5f1800,
0x0000017aaa5f2000, 0x0000017aaa5f7000, 0x0000017aaa5f3000, 0x0000017aa9cff000,
0x0000017aaa5f6000, 0x0000017aaaf68800, 0x0000017aaa5f8800, 0x0000017aaa5f8000,
0x0000017aaa5f9800, 0x0000017aaa5f3800, 0x0000017aaa5fa800, 0x0000017aaa5f4800,
0x0000017aaa5fc000, 0x0000017aaa5fc800, 0x0000017aaa5ff000, 0x0000017aae049800,
0x0000017aae04c800, 0x0000017aae047000, 0x0000017aae047800, 0x0000017aae04b800,
0x0000017aae04e000, 0x0000017aae04d800, 0x0000017aae048800, 0x0000017aae04f000,
0x0000017aae050000, 0x0000017aae04a000, 0x0000017aae050800, 0x0000017aae04b000,
0x0000017aae051800, 0x0000017aae052000, 0x0000017aae055800, 0x0000017aae053000,
0x0000017aae054000, 0x0000017aae054800, 0x0000017aab67d000, 0x0000017aab682000,
0x0000017aab67e800, 0x0000017aab67f800, 0x0000017aab680800, 0x0000017aab682800,
0x0000017aab681000, 0x0000017aab683800, 0x0000017aab67e000, 0x0000017aab685000,
0x0000017aab686000, 0x0000017aab684800, 0x0000017aab68a000, 0x0000017aab689800,
0x0000017aab68b000, 0x0000017aab688800, 0x0000017aab687800, 0x0000017aab68b800,
0x0000017aab687000, 0x0000017aab913800, 0x0000017aab910000, 0x0000017aab914800,
0x0000017aab911000, 0x0000017aab917000, 0x0000017aab915000, 0x0000017aab917800,
0x0000017aab912000, 0x0000017aab912800, 0x0000017aab918800, 0x0000017aab919000,
0x0000017aab91a000, 0x0000017aab91b000, 0x0000017aab91b800, 0x0000017aab916000,
0x0000017aab91e000, 0x0000017aab91f000, 0x0000017aab91c800, 0x0000017aab91d800,
0x0000017aaf640000, 0x0000017aaf63c800, 0x0000017aaf63b000, 0x0000017aaf63d800,
0x0000017aaf63f000, 0x0000017aaf63e800, 0x0000017aaf641800, 0x0000017aaf640800,
0x0000017aaf63c000, 0x0000017aaf647000, 0x0000017aaf642800, 0x0000017aaf648000,
0x0000017aaf646800, 0x0000017aaf645000, 0x0000017aaf649000, 0x0000017aaf643000,
0x0000017aaf644000, 0x0000017aaf645800, 0x0000017aaf649800, 0x0000017aaf89f800,
0x0000017aaf89c000, 0x0000017aaf8a2000, 0x0000017aaf89d000, 0x0000017aaf8a2800,
0x0000017aaf8a3800, 0x0000017aaf89e000, 0x0000017aaf8a4800, 0x0000017aaf8a1000,
0x0000017aaf8a0800, 0x0000017aaf89e800, 0x0000017aaf8aa000, 0x0000017aaf8a7800
}

Java Threads: ( => current thread )
  0x0000017a8d60e000 JavaThread "main" [_thread_blocked, id=8368, stack(0x000000621e200000,0x000000621e300000)]
  0x0000017aa7a91000 JavaThread "Reference Handler" daemon [_thread_blocked, id=13700, stack(0x000000621e900000,0x000000621ea00000)]
  0x0000017aa7a94000 JavaThread "Finalizer" daemon [_thread_blocked, id=3152, stack(0x000000621ea00000,0x000000621eb00000)]
  0x0000017aa7abf000 JavaThread "Signal Dispatcher" daemon [_thread_blocked, id=26060, stack(0x000000621eb00000,0x000000621ec00000)]
  0x0000017aa7ac1000 JavaThread "Attach Listener" daemon [_thread_blocked, id=8684, stack(0x000000621ec00000,0x000000621ed00000)]
  0x0000017aa7ac2000 JavaThread "Service Thread" daemon [_thread_blocked, id=22616, stack(0x000000621ed00000,0x000000621ee00000)]
  0x0000017aa7ac3800 JavaThread "C2 CompilerThread0" daemon [_thread_blocked, id=4484, stack(0x000000621ee00000,0x000000621ef00000)]
  0x0000017aa7ac4800 JavaThread "C1 CompilerThread0" daemon [_thread_blocked, id=17124, stack(0x000000621ef00000,0x000000621f000000)]
  0x0000017aa7ace000 JavaThread "Sweeper thread" daemon [_thread_blocked, id=23904, stack(0x000000621f000000,0x000000621f100000)]
  0x0000017aa8541800 JavaThread "Common-Cleaner" daemon [_thread_blocked, id=740, stack(0x000000621f100000,0x000000621f200000)]
  0x0000017aa853e000 JavaThread "Daemon health stats" [_thread_blocked, id=12260, stack(0x000000621f700000,0x000000621f800000)]
  0x0000017aa853f000 JavaThread "Incoming local TCP Connector on port 63668" [_thread_in_native, id=16668, stack(0x000000621f300000,0x000000621f400000)]
  0x0000017aa853c800 JavaThread "Daemon periodic checks" [_thread_blocked, id=13884, stack(0x000000621f400000,0x000000621f500000)]
  0x0000017aa853d800 JavaThread "Daemon" [_thread_blocked, id=16616, stack(0x000000621f800000,0x000000621f900000)]
  0x0000017aa8540000 JavaThread "Handler for socket connection from /127.0.0.1:63668 to /127.0.0.1:63669" [_thread_in_native, id=18204, stack(0x000000621f900000,0x000000621fa00000)]
  0x0000017aa8540800 JavaThread "Cancel handler" [_thread_blocked, id=24168, stack(0x000000621fa00000,0x000000621fb00000)]
  0x0000017aa853c000 JavaThread "Daemon worker" [_thread_in_vm, id=15708, stack(0x000000621fb00000,0x000000621fc00000)]
  0x0000017aa8542800 JavaThread "Asynchronous log dispatcher for DefaultDaemonConnection: socket connection from /127.0.0.1:63668 to /127.0.0.1:63669" [_thread_blocked, id=18532, stack(0x000000621fc00000,0x000000621fd00000)]
  0x0000017aaa5f5800 JavaThread "Stdin handler" [_thread_blocked, id=7520, stack(0x000000621fd00000,0x000000621fe00000)]
  0x0000017aaa5f1800 JavaThread "Daemon client event forwarder" [_thread_blocked, id=24468, stack(0x000000621fe00000,0x000000621ff00000)]
  0x0000017aaa5f2000 JavaThread "Cache worker for journal cache (C:\Users\jeawo\.gradle\caches\journal-1)" [_thread_blocked, id=20776, stack(0x0000006220400000,0x0000006220500000)]
  0x0000017aaa5f7000 JavaThread "File lock request listener" [_thread_in_native, id=16720, stack(0x0000006220500000,0x0000006220600000)]
  0x0000017aaa5f3000 JavaThread "Cache worker for file hash cache (C:\Users\jeawo\.gradle\caches\7.3.3\fileHashes)" [_thread_blocked, id=19384, stack(0x0000006220600000,0x0000006220700000)]
  0x0000017aa9cff000 JavaThread "C2 CompilerThread1" daemon [_thread_in_native, id=3728, stack(0x0000006220800000,0x0000006220900000)]
  0x0000017aaa5f6000 JavaThread "Cache worker for file hash cache (C:\Users\jeawo\USB_JAVA_UI\.gradle\7.3.3\fileHashes)" [_thread_blocked, id=25020, stack(0x0000006220900000,0x0000006220a00000)]
=>0x0000017aaaf68800 JavaThread "C2 CompilerThread2" daemon [_thread_in_native, id=26188, stack(0x0000006220a00000,0x0000006220b00000)]
  0x0000017aaa5f8800 JavaThread "File watcher server" daemon [_thread_in_native, id=18744, stack(0x0000006220b00000,0x0000006220c00000)]
  0x0000017aaa5f8000 JavaThread "File watcher consumer" daemon [_thread_blocked, id=6244, stack(0x0000006220c00000,0x0000006220d00000)]
  0x0000017aaa5f9800 JavaThread "Cache worker for checksums cache (C:\Users\jeawo\USB_JAVA_UI\.gradle\7.3.3\checksums)" [_thread_blocked, id=26676, stack(0x0000006220d00000,0x0000006220e00000)]
  0x0000017aaa5f3800 JavaThread "Cache worker for cache directory md-supplier (C:\Users\jeawo\.gradle\caches\7.3.3\md-supplier)" [_thread_blocked, id=26896, stack(0x0000006220e00000,0x0000006220f00000)]
  0x0000017aaa5fa800 JavaThread "Cache worker for cache directory md-rule (C:\Users\jeawo\.gradle\caches\7.3.3\md-rule)" [_thread_blocked, id=13956, stack(0x0000006220f00000,0x0000006221000000)]
  0x0000017aaa5f4800 JavaThread "Cache worker for execution history cache (C:\Users\jeawo\.gradle\caches\7.3.3\executionHistory)" [_thread_blocked, id=23692, stack(0x0000006221000000,0x0000006221100000)]
  0x0000017aaa5fc000 JavaThread "jar transforms" [_thread_blocked, id=27376, stack(0x0000006221100000,0x0000006221200000)]
  0x0000017aaa5fc800 JavaThread "Cache worker for file content cache (C:\Users\jeawo\.gradle\caches\7.3.3\fileContent)" [_thread_blocked, id=17528, stack(0x0000006221200000,0x0000006221300000)]
  0x0000017aaa5ff000 JavaThread "jar transforms Thread 2" [_thread_blocked, id=19120, stack(0x0000006221300000,0x0000006221400000)]
  0x0000017aae049800 JavaThread "Cache worker for dependencies-accessors (C:\Users\jeawo\USB_JAVA_UI\.gradle\7.3.3\dependencies-accessors)" [_thread_blocked, id=6112, stack(0x0000006221400000,0x0000006221500000)]
  0x0000017aae04c800 JavaThread "jar transforms Thread 3" [_thread_blocked, id=4552, stack(0x0000006221500000,0x0000006221600000)]
  0x0000017aae047000 JavaThread "Cache worker for Build Output Cleanup Cache (C:\Users\jeawo\USB_JAVA_UI\.gradle\buildOutputCleanup)" [_thread_blocked, id=1260, stack(0x0000006221600000,0x0000006221700000)]
  0x0000017aae047800 JavaThread "Unconstrained build operations" [_thread_blocked, id=24912, stack(0x0000006221700000,0x0000006221800000)]
  0x0000017aae04b800 JavaThread "Unconstrained build operations Thread 2" [_thread_blocked, id=23592, stack(0x0000006221800000,0x0000006221900000)]
  0x0000017aae04e000 JavaThread "Unconstrained build operations Thread 3" [_thread_blocked, id=17568, stack(0x0000006221900000,0x0000006221a00000)]
  0x0000017aae04d800 JavaThread "Unconstrained build operations Thread 4" [_thread_blocked, id=2344, stack(0x0000006221a00000,0x0000006221b00000)]
  0x0000017aae048800 JavaThread "Unconstrained build operations Thread 5" [_thread_blocked, id=14504, stack(0x0000006221b00000,0x0000006221c00000)]
  0x0000017aae04f000 JavaThread "Unconstrained build operations Thread 6" [_thread_blocked, id=13212, stack(0x0000006221c00000,0x0000006221d00000)]
  0x0000017aae050000 JavaThread "Unconstrained build operations Thread 7" [_thread_blocked, id=23060, stack(0x0000006221d00000,0x0000006221e00000)]
  0x0000017aae04a000 JavaThread "Unconstrained build operations Thread 8" [_thread_blocked, id=17236, stack(0x0000006221e00000,0x0000006221f00000)]
  0x0000017aae050800 JavaThread "Unconstrained build operations Thread 9" [_thread_blocked, id=13996, stack(0x0000006221f00000,0x0000006222000000)]
  0x0000017aae04b000 JavaThread "Unconstrained build operations Thread 10" [_thread_blocked, id=18932, stack(0x0000006222000000,0x0000006222100000)]
  0x0000017aae051800 JavaThread "Unconstrained build operations Thread 11" [_thread_blocked, id=16168, stack(0x0000006222100000,0x0000006222200000)]
  0x0000017aae052000 JavaThread "Unconstrained build operations Thread 12" [_thread_blocked, id=27516, stack(0x0000006222200000,0x0000006222300000)]
  0x0000017aae055800 JavaThread "Unconstrained build operations Thread 13" [_thread_blocked, id=9312, stack(0x0000006222300000,0x0000006222400000)]
  0x0000017aae053000 JavaThread "Unconstrained build operations Thread 14" [_thread_blocked, id=17468, stack(0x0000006222400000,0x0000006222500000)]
  0x0000017aae054000 JavaThread "Unconstrained build operations Thread 15" [_thread_blocked, id=21640, stack(0x0000006222500000,0x0000006222600000)]
  0x0000017aae054800 JavaThread "Unconstrained build operations Thread 16" [_thread_blocked, id=15480, stack(0x0000006222600000,0x0000006222700000)]
  0x0000017aab67d000 JavaThread "Unconstrained build operations Thread 17" [_thread_blocked, id=13592, stack(0x0000006222700000,0x0000006222800000)]
  0x0000017aab682000 JavaThread "Unconstrained build operations Thread 18" [_thread_blocked, id=20304, stack(0x0000006222800000,0x0000006222900000)]
  0x0000017aab67e800 JavaThread "Unconstrained build operations Thread 19" [_thread_blocked, id=20972, stack(0x0000006222900000,0x0000006222a00000)]
  0x0000017aab67f800 JavaThread "Unconstrained build operations Thread 20" [_thread_blocked, id=14080, stack(0x0000006222a00000,0x0000006222b00000)]
  0x0000017aab680800 JavaThread "Unconstrained build operations Thread 21" [_thread_blocked, id=21952, stack(0x0000006222b00000,0x0000006222c00000)]
  0x0000017aab682800 JavaThread "Unconstrained build operations Thread 22" [_thread_blocked, id=24100, stack(0x0000006222c00000,0x0000006222d00000)]
  0x0000017aab681000 JavaThread "Unconstrained build operations Thread 23" [_thread_blocked, id=26460, stack(0x0000006222d00000,0x0000006222e00000)]
  0x0000017aab683800 JavaThread "Unconstrained build operations Thread 24" [_thread_blocked, id=27544, stack(0x0000006222e00000,0x0000006222f00000)]
  0x0000017aab67e000 JavaThread "Unconstrained build operations Thread 25" [_thread_blocked, id=27112, stack(0x0000006222f00000,0x0000006223000000)]
  0x0000017aab685000 JavaThread "Unconstrained build operations Thread 26" [_thread_blocked, id=24212, stack(0x0000006223000000,0x0000006223100000)]
  0x0000017aab686000 JavaThread "Unconstrained build operations Thread 27" [_thread_blocked, id=14988, stack(0x0000006223100000,0x0000006223200000)]
  0x0000017aab684800 JavaThread "Unconstrained build operations Thread 28" [_thread_blocked, id=1936, stack(0x0000006223200000,0x0000006223300000)]
  0x0000017aab68a000 JavaThread "Unconstrained build operations Thread 29" [_thread_blocked, id=24416, stack(0x0000006223300000,0x0000006223400000)]
  0x0000017aab689800 JavaThread "Unconstrained build operations Thread 30" [_thread_blocked, id=25668, stack(0x0000006223400000,0x0000006223500000)]
  0x0000017aab68b000 JavaThread "Unconstrained build operations Thread 31" [_thread_blocked, id=15476, stack(0x0000006223500000,0x0000006223600000)]
  0x0000017aab688800 JavaThread "Unconstrained build operations Thread 32" [_thread_blocked, id=16016, stack(0x0000006223600000,0x0000006223700000)]
  0x0000017aab687800 JavaThread "Unconstrained build operations Thread 33" [_thread_blocked, id=12804, stack(0x0000006223700000,0x0000006223800000)]
  0x0000017aab68b800 JavaThread "Unconstrained build operations Thread 34" [_thread_blocked, id=13240, stack(0x0000006223800000,0x0000006223900000)]
  0x0000017aab687000 JavaThread "Unconstrained build operations Thread 35" [_thread_blocked, id=18352, stack(0x0000006223900000,0x0000006223a00000)]
  0x0000017aab913800 JavaThread "Unconstrained build operations Thread 36" [_thread_blocked, id=11628, stack(0x0000006223a00000,0x0000006223b00000)]
  0x0000017aab910000 JavaThread "Unconstrained build operations Thread 37" [_thread_blocked, id=22612, stack(0x0000006223b00000,0x0000006223c00000)]
  0x0000017aab914800 JavaThread "Unconstrained build operations Thread 38" [_thread_blocked, id=22252, stack(0x0000006223c00000,0x0000006223d00000)]
  0x0000017aab911000 JavaThread "Unconstrained build operations Thread 39" [_thread_blocked, id=13868, stack(0x0000006223d00000,0x0000006223e00000)]
  0x0000017aab917000 JavaThread "Unconstrained build operations Thread 40" [_thread_blocked, id=10656, stack(0x0000006223e00000,0x0000006223f00000)]
  0x0000017aab915000 JavaThread "Unconstrained build operations Thread 41" [_thread_blocked, id=8820, stack(0x0000006223f00000,0x0000006224000000)]
  0x0000017aab917800 JavaThread "Unconstrained build operations Thread 42" [_thread_blocked, id=17804, stack(0x0000006224000000,0x0000006224100000)]
  0x0000017aab912000 JavaThread "Unconstrained build operations Thread 43" [_thread_blocked, id=26852, stack(0x0000006224100000,0x0000006224200000)]
  0x0000017aab912800 JavaThread "Unconstrained build operations Thread 44" [_thread_blocked, id=24844, stack(0x0000006224200000,0x0000006224300000)]
  0x0000017aab918800 JavaThread "Unconstrained build operations Thread 45" [_thread_blocked, id=26952, stack(0x0000006224300000,0x0000006224400000)]
  0x0000017aab919000 JavaThread "Unconstrained build operations Thread 46" [_thread_blocked, id=8868, stack(0x0000006224400000,0x0000006224500000)]
  0x0000017aab91a000 JavaThread "Unconstrained build operations Thread 47" [_thread_blocked, id=17440, stack(0x0000006224500000,0x0000006224600000)]
  0x0000017aab91b000 JavaThread "Unconstrained build operations Thread 48" [_thread_blocked, id=7032, stack(0x0000006224600000,0x0000006224700000)]
  0x0000017aab91b800 JavaThread "Unconstrained build operations Thread 49" [_thread_blocked, id=11752, stack(0x0000006224700000,0x0000006224800000)]
  0x0000017aab916000 JavaThread "Unconstrained build operations Thread 50" [_thread_blocked, id=20264, stack(0x0000006224800000,0x0000006224900000)]
  0x0000017aab91e000 JavaThread "Unconstrained build operations Thread 51" [_thread_blocked, id=27632, stack(0x0000006224900000,0x0000006224a00000)]
  0x0000017aab91f000 JavaThread "Unconstrained build operations Thread 52" [_thread_blocked, id=4960, stack(0x0000006224a00000,0x0000006224b00000)]
  0x0000017aab91c800 JavaThread "Unconstrained build operations Thread 53" [_thread_blocked, id=24056, stack(0x0000006224b00000,0x0000006224c00000)]
  0x0000017aab91d800 JavaThread "Unconstrained build operations Thread 54" [_thread_blocked, id=19912, stack(0x0000006224c00000,0x0000006224d00000)]
  0x0000017aaf640000 JavaThread "Unconstrained build operations Thread 55" [_thread_blocked, id=25736, stack(0x0000006224d00000,0x0000006224e00000)]
  0x0000017aaf63c800 JavaThread "Unconstrained build operations Thread 56" [_thread_blocked, id=27356, stack(0x0000006224e00000,0x0000006224f00000)]
  0x0000017aaf63b000 JavaThread "Unconstrained build operations Thread 57" [_thread_blocked, id=26404, stack(0x0000006224f00000,0x0000006225000000)]
  0x0000017aaf63d800 JavaThread "Unconstrained build operations Thread 58" [_thread_blocked, id=27464, stack(0x0000006225000000,0x0000006225100000)]
  0x0000017aaf63f000 JavaThread "Unconstrained build operations Thread 59" [_thread_blocked, id=26164, stack(0x0000006225100000,0x0000006225200000)]
  0x0000017aaf63e800 JavaThread "Unconstrained build operations Thread 60" [_thread_blocked, id=556, stack(0x0000006225200000,0x0000006225300000)]
  0x0000017aaf641800 JavaThread "Unconstrained build operations Thread 61" [_thread_blocked, id=20196, stack(0x0000006225300000,0x0000006225400000)]
  0x0000017aaf640800 JavaThread "Unconstrained build operations Thread 62" [_thread_blocked, id=15948, stack(0x0000006225400000,0x0000006225500000)]
  0x0000017aaf63c000 JavaThread "Unconstrained build operations Thread 63" [_thread_blocked, id=9612, stack(0x0000006225500000,0x0000006225600000)]
  0x0000017aaf647000 JavaThread "Unconstrained build operations Thread 64" [_thread_blocked, id=6976, stack(0x0000006225600000,0x0000006225700000)]
  0x0000017aaf642800 JavaThread "Unconstrained build operations Thread 65" [_thread_blocked, id=26216, stack(0x0000006225700000,0x0000006225800000)]
  0x0000017aaf648000 JavaThread "Unconstrained build operations Thread 66" [_thread_blocked, id=26876, stack(0x0000006225800000,0x0000006225900000)]
  0x0000017aaf646800 JavaThread "Unconstrained build operations Thread 67" [_thread_blocked, id=12464, stack(0x0000006225900000,0x0000006225a00000)]
  0x0000017aaf645000 JavaThread "Unconstrained build operations Thread 68" [_thread_blocked, id=22668, stack(0x0000006225a00000,0x0000006225b00000)]
  0x0000017aaf649000 JavaThread "Unconstrained build operations Thread 69" [_thread_blocked, id=23708, stack(0x0000006225b00000,0x0000006225c00000)]
  0x0000017aaf643000 JavaThread "Unconstrained build operations Thread 70" [_thread_blocked, id=21148, stack(0x0000006225c00000,0x0000006225d00000)]
  0x0000017aaf644000 JavaThread "Unconstrained build operations Thread 71" [_thread_blocked, id=15892, stack(0x0000006225d00000,0x0000006225e00000)]
  0x0000017aaf645800 JavaThread "Unconstrained build operations Thread 72" [_thread_blocked, id=12632, stack(0x0000006225e00000,0x0000006225f00000)]
  0x0000017aaf649800 JavaThread "Unconstrained build operations Thread 73" [_thread_blocked, id=1584, stack(0x0000006225f00000,0x0000006226000000)]
  0x0000017aaf89f800 JavaThread "Unconstrained build operations Thread 74" [_thread_blocked, id=20104, stack(0x0000006226000000,0x0000006226100000)]
  0x0000017aaf89c000 JavaThread "Unconstrained build operations Thread 75" [_thread_blocked, id=1140, stack(0x0000006226100000,0x0000006226200000)]
  0x0000017aaf8a2000 JavaThread "Unconstrained build operations Thread 76" [_thread_blocked, id=21296, stack(0x0000006226200000,0x0000006226300000)]
  0x0000017aaf89d000 JavaThread "Unconstrained build operations Thread 77" [_thread_blocked, id=23580, stack(0x0000006226300000,0x0000006226400000)]
  0x0000017aaf8a2800 JavaThread "Unconstrained build operations Thread 78" [_thread_blocked, id=14232, stack(0x0000006226400000,0x0000006226500000)]
  0x0000017aaf8a3800 JavaThread "Unconstrained build operations Thread 79" [_thread_blocked, id=13888, stack(0x0000006226500000,0x0000006226600000)]
  0x0000017aaf89e000 JavaThread "Unconstrained build operations Thread 80" [_thread_blocked, id=24876, stack(0x0000006226600000,0x0000006226700000)]
  0x0000017aaf8a4800 JavaThread "jar transforms Thread 4" [_thread_blocked, id=26532, stack(0x0000006226700000,0x0000006226800000)]
  0x0000017aaf8a1000 JavaThread "jar transforms Thread 5" [_thread_blocked, id=27460, stack(0x0000006226800000,0x0000006226900000)]
  0x0000017aaf8a0800 JavaThread "jar transforms Thread 6" [_thread_blocked, id=22692, stack(0x0000006226900000,0x0000006226a00000)]
  0x0000017aaf89e800 JavaThread "jar transforms Thread 7" [_thread_blocked, id=23380, stack(0x0000006226a00000,0x0000006226b00000)]
  0x0000017aaf8aa000 JavaThread "jar transforms Thread 8" [_thread_blocked, id=14120, stack(0x0000006226b00000,0x0000006226c00000)]
  0x0000017aaf8a7800 JavaThread "Memory manager" [_thread_blocked, id=22836, stack(0x0000006226c00000,0x0000006226d00000)]

Other Threads:
  0x0000017aa7a8f000 VMThread "VM Thread" [stack: 0x000000621e800000,0x000000621e900000] [id=18480]
  0x0000017aa855a000 WatcherThread [stack: 0x000000621f200000,0x000000621f300000] [id=14092]
  0x0000017a8d624800 GCTaskThread "GC Thread#0" [stack: 0x000000621e300000,0x000000621e400000] [id=24048]
  0x0000017aa9776000 GCTaskThread "GC Thread#1" [stack: 0x000000621f500000,0x000000621f600000] [id=9540]
  0x0000017aa92a7800 GCTaskThread "GC Thread#2" [stack: 0x000000621f600000,0x000000621f700000] [id=18544]
  0x0000017aa9eab800 GCTaskThread "GC Thread#3" [stack: 0x000000621ff00000,0x0000006220000000] [id=23712]
  0x0000017aa9d98800 GCTaskThread "GC Thread#4" [stack: 0x0000006220000000,0x0000006220100000] [id=1740]
  0x0000017aaa43f000 GCTaskThread "GC Thread#5" [stack: 0x0000006220100000,0x0000006220200000] [id=5952]
  0x0000017aaa440000 GCTaskThread "GC Thread#6" [stack: 0x0000006220200000,0x0000006220300000] [id=16512]
  0x0000017aaa40f000 GCTaskThread "GC Thread#7" [stack: 0x0000006220300000,0x0000006220400000] [id=26064]
  0x0000017a8d659800 ConcurrentGCThread "G1 Main Marker" [stack: 0x000000621e400000,0x000000621e500000] [id=1376]
  0x0000017a8d65a800 ConcurrentGCThread "G1 Conc#0" [stack: 0x000000621e500000,0x000000621e600000] [id=25948]
  0x0000017aa9457800 ConcurrentGCThread "G1 Conc#1" [stack: 0x0000006220700000,0x0000006220800000] [id=9444]
  0x0000017aa78e0800 ConcurrentGCThread "G1 Refine#0" [stack: 0x000000621e600000,0x000000621e700000] [id=22188]
  0x0000017aa78e1000 ConcurrentGCThread "G1 Young RemSet Sampling" [stack: 0x000000621e700000,0x000000621e800000] [id=24060]

Threads with active compile tasks:
C2 CompilerThread1   8478 6337   !   4       java.util.concurrent.ConcurrentHashMap::computeIfAbsent (576 bytes)
C2 CompilerThread2   8478 6271       4       sun.reflect.generics.parser.SignatureParser::parsePackageNameAndSimpleClassTypeSignature (119 bytes)

VM state:not at safepoint (normal execution)

VM Mutex/Monitor currently owned by a thread: None

Heap address: 0x0000000080000000, size: 2048 MB, Compressed Oops mode: 32-bit
Narrow klass base: 0x0000000000000000, Narrow klass shift: 3
Compressed class space size: 1073741824 Address: 0x0000000100000000

Heap:
 garbage-first heap   total 155648K, used 106599K [0x0000000080000000, 0x0000000100000000)
  region size 1024K, 64 young (65536K), 3 survivors (3072K)
 Metaspace       used 64490K, capacity 66020K, committed 66168K, reserved 1105920K
  class space    used 8226K, capacity 8797K, committed 8908K, reserved 1048576K
Heap Regions: E=young(eden), S=young(survivor), O=old, HS=humongous(starts), HC=humongous(continues), CS=collection set, F=free, A=archive, TAMS=top-at-mark-start (previous, next)
|   0|0x0000000080000000, 0x0000000080100000, 0x0000000080100000|100%| O|  |TAMS 0x0000000080100000, 0x0000000080000000| Untracked 
|   1|0x0000000080100000, 0x0000000080200000, 0x0000000080200000|100%| O|  |TAMS 0x0000000080200000, 0x0000000080100000| Untracked 
|   2|0x0000000080200000, 0x0000000080300000, 0x0000000080300000|100%| O|  |TAMS 0x0000000080300000, 0x0000000080200000| Untracked 
|   3|0x0000000080300000, 0x0000000080400000, 0x0000000080400000|100%|HS|  |TAMS 0x0000000080400000, 0x0000000080300000| Complete 
|   4|0x0000000080400000, 0x0000000080500000, 0x0000000080500000|100%|HC|  |TAMS 0x0000000080500000, 0x0000000080400000| Complete 
|   5|0x0000000080500000, 0x0000000080600000, 0x0000000080600000|100%|HC|  |TAMS 0x0000000080600000, 0x0000000080500000| Complete 
|   6|0x0000000080600000, 0x0000000080700000, 0x0000000080700000|100%| O|  |TAMS 0x0000000080700000, 0x0000000080600000| Untracked 
|   7|0x0000000080700000, 0x0000000080800000, 0x0000000080800000|100%| O|  |TAMS 0x0000000080800000, 0x0000000080700000| Untracked 
|   8|0x0000000080800000, 0x0000000080900000, 0x0000000080900000|100%| O|  |TAMS 0x0000000080900000, 0x0000000080800000| Untracked 
|   9|0x0000000080900000, 0x0000000080a00000, 0x0000000080a00000|100%| O|  |TAMS 0x0000000080a00000, 0x0000000080900000| Untracked 
|  10|0x0000000080a00000, 0x0000000080b00000, 0x0000000080b00000|100%| O|  |TAMS 0x0000000080b00000, 0x0000000080a00000| Untracked 
|  11|0x0000000080b00000, 0x0000000080c00000, 0x0000000080c00000|100%| O|  |TAMS 0x0000000080c00000, 0x0000000080b00000| Untracked 
|  12|0x0000000080c00000, 0x0000000080d00000, 0x0000000080d00000|100%| O|  |TAMS 0x0000000080d00000, 0x0000000080c00000| Untracked 
|  13|0x0000000080d00000, 0x0000000080e00000, 0x0000000080e00000|100%| O|  |TAMS 0x0000000080e00000, 0x0000000080d00000| Untracked 
|  14|0x0000000080e00000, 0x0000000080f00000, 0x0000000080f00000|100%| O|  |TAMS 0x0000000080f00000, 0x0000000080e00000| Untracked 
|  15|0x0000000080f00000, 0x0000000081000000, 0x0000000081000000|100%| O|  |TAMS 0x0000000081000000, 0x0000000080f00000| Untracked 
|  16|0x0000000081000000, 0x0000000081100000, 0x0000000081100000|100%|HS|  |TAMS 0x0000000081100000, 0x0000000081000000| Complete 
|  17|0x0000000081100000, 0x0000000081200000, 0x0000000081200000|100%| O|  |TAMS 0x0000000081200000, 0x0000000081100000| Untracked 
|  18|0x0000000081200000, 0x0000000081300000, 0x0000000081300000|100%| O|  |TAMS 0x0000000081300000, 0x0000000081200000| Untracked 
|  19|0x0000000081300000, 0x0000000081400000, 0x0000000081400000|100%| O|  |TAMS 0x0000000081400000, 0x0000000081300000| Untracked 
|  20|0x0000000081400000, 0x0000000081500000, 0x0000000081500000|100%| O|  |TAMS 0x0000000081500000, 0x0000000081400000| Untracked 
|  21|0x0000000081500000, 0x0000000081600000, 0x0000000081600000|100%| O|  |TAMS 0x0000000081600000, 0x0000000081500000| Untracked 
|  22|0x0000000081600000, 0x0000000081700000, 0x0000000081700000|100%| O|  |TAMS 0x0000000081700000, 0x0000000081600000| Untracked 
|  23|0x0000000081700000, 0x0000000081800000, 0x0000000081800000|100%|HS|  |TAMS 0x0000000081800000, 0x0000000081700000| Complete 
|  24|0x0000000081800000, 0x0000000081900000, 0x0000000081900000|100%|HS|  |TAMS 0x0000000081900000, 0x0000000081800000| Complete 
|  25|0x0000000081900000, 0x0000000081a00000, 0x0000000081a00000|100%|HC|  |TAMS 0x0000000081a00000, 0x0000000081900000| Complete 
|  26|0x0000000081a00000, 0x0000000081b00000, 0x0000000081b00000|100%| O|  |TAMS 0x0000000081b00000, 0x0000000081a00000| Untracked 
|  27|0x0000000081b00000, 0x0000000081c00000, 0x0000000081c00000|100%| O|  |TAMS 0x0000000081c00000, 0x0000000081b00000| Untracked 
|  28|0x0000000081c00000, 0x0000000081d00000, 0x0000000081d00000|100%| O|  |TAMS 0x0000000081d00000, 0x0000000081c00000| Untracked 
|  29|0x0000000081d00000, 0x0000000081e00000, 0x0000000081e00000|100%| O|  |TAMS 0x0000000081e00000, 0x0000000081d00000| Untracked 
|  30|0x0000000081e00000, 0x0000000081f00000, 0x0000000081f00000|100%| O|  |TAMS 0x0000000081f00000, 0x0000000081e00000| Untracked 
|  31|0x0000000081f00000, 0x0000000082000000, 0x0000000082000000|100%| O|  |TAMS 0x0000000082000000, 0x0000000081f00000| Untracked 
|  32|0x0000000082000000, 0x0000000082100000, 0x0000000082100000|100%| O|  |TAMS 0x0000000082100000, 0x0000000082000000| Untracked 
|  33|0x0000000082100000, 0x0000000082200000, 0x0000000082200000|100%| O|  |TAMS 0x0000000082200000, 0x0000000082100000| Untracked 
|  34|0x0000000082200000, 0x0000000082300000, 0x0000000082300000|100%| O|  |TAMS 0x0000000082300000, 0x0000000082200000| Untracked 
|  35|0x0000000082300000, 0x0000000082400000, 0x0000000082400000|100%| O|  |TAMS 0x0000000082400000, 0x0000000082300000| Untracked 
|  36|0x0000000082400000, 0x0000000082500000, 0x0000000082500000|100%| O|  |TAMS 0x0000000082500000, 0x0000000082400000| Untracked 
|  37|0x0000000082500000, 0x0000000082600000, 0x0000000082600000|100%| O|  |TAMS 0x0000000082600000, 0x0000000082500000| Untracked 
|  38|0x0000000082600000, 0x0000000082700000, 0x0000000082700000|100%| O|  |TAMS 0x0000000082700000, 0x0000000082600000| Untracked 
|  39|0x0000000082700000, 0x0000000082800000, 0x0000000082800000|100%| O|  |TAMS 0x0000000082800000, 0x0000000082700000| Untracked 
|  40|0x0000000082800000, 0x0000000082900000, 0x0000000082900000|100%| O|  |TAMS 0x0000000082900000, 0x0000000082800000| Untracked 
|  41|0x0000000082900000, 0x0000000082a00000, 0x0000000082a00000|100%| O|  |TAMS 0x0000000082a00000, 0x0000000082900000| Untracked 
|  42|0x0000000082a00000, 0x0000000082a8a400, 0x0000000082b00000| 54%| O|  |TAMS 0x0000000082a8a400, 0x0000000082a00000| Untracked 
|  43|0x0000000082b00000, 0x0000000082b00000, 0x0000000082c00000|  0%| F|  |TAMS 0x0000000082b00000, 0x0000000082b00000| Untracked 
|  44|0x0000000082c00000, 0x0000000082c00000, 0x0000000082d00000|  0%| F|  |TAMS 0x0000000082c00000, 0x0000000082c00000| Untracked 
|  45|0x0000000082d00000, 0x0000000082d00000, 0x0000000082e00000|  0%| F|  |TAMS 0x0000000082d00000, 0x0000000082d00000| Untracked 
|  46|0x0000000082e00000, 0x0000000082e00000, 0x0000000082f00000|  0%| F|  |TAMS 0x0000000082e00000, 0x0000000082e00000| Untracked 
|  47|0x0000000082f00000, 0x0000000082f00000, 0x0000000083000000|  0%| F|  |TAMS 0x0000000082f00000, 0x0000000082f00000| Untracked 
|  48|0x0000000083000000, 0x0000000083000000, 0x0000000083100000|  0%| F|  |TAMS 0x0000000083000000, 0x0000000083000000| Untracked 
|  49|0x0000000083100000, 0x0000000083100000, 0x0000000083200000|  0%| F|  |TAMS 0x0000000083100000, 0x0000000083100000| Untracked 
|  50|0x0000000083200000, 0x0000000083200000, 0x0000000083300000|  0%| F|  |TAMS 0x0000000083200000, 0x0000000083200000| Untracked 
|  51|0x0000000083300000, 0x0000000083300000, 0x0000000083400000|  0%| F|  |TAMS 0x0000000083300000, 0x0000000083300000| Untracked 
|  52|0x0000000083400000, 0x0000000083400000, 0x0000000083500000|  0%| F|  |TAMS 0x0000000083400000, 0x0000000083400000| Untracked 
|  53|0x0000000083500000, 0x0000000083500000, 0x0000000083600000|  0%| F|  |TAMS 0x0000000083500000, 0x0000000083500000| Untracked 
|  54|0x0000000083600000, 0x0000000083600000, 0x0000000083700000|  0%| F|  |TAMS 0x0000000083600000, 0x0000000083600000| Untracked 
|  55|0x0000000083700000, 0x0000000083700000, 0x0000000083800000|  0%| F|  |TAMS 0x0000000083700000, 0x0000000083700000| Untracked 
|  56|0x0000000083800000, 0x0000000083800000, 0x0000000083900000|  0%| F|  |TAMS 0x0000000083800000, 0x0000000083800000| Untracked 
|  57|0x0000000083900000, 0x0000000083900000, 0x0000000083a00000|  0%| F|  |TAMS 0x0000000083900000, 0x0000000083900000| Untracked 
|  58|0x0000000083a00000, 0x0000000083a00000, 0x0000000083b00000|  0%| F|  |TAMS 0x0000000083a00000, 0x0000000083a00000| Untracked 
|  59|0x0000000083b00000, 0x0000000083b00000, 0x0000000083c00000|  0%| F|  |TAMS 0x0000000083b00000, 0x0000000083b00000| Untracked 
|  60|0x0000000083c00000, 0x0000000083c00000, 0x0000000083d00000|  0%| F|  |TAMS 0x0000000083c00000, 0x0000000083c00000| Untracked 
|  61|0x0000000083d00000, 0x0000000083d00000, 0x0000000083e00000|  0%| F|  |TAMS 0x0000000083d00000, 0x0000000083d00000| Untracked 
|  62|0x0000000083e00000, 0x0000000083e00000, 0x0000000083f00000|  0%| F|  |TAMS 0x0000000083e00000, 0x0000000083e00000| Untracked 
|  63|0x0000000083f00000, 0x0000000083f00000, 0x0000000084000000|  0%| F|  |TAMS 0x0000000083f00000, 0x0000000083f00000| Untracked 
|  64|0x0000000084000000, 0x0000000084000000, 0x0000000084100000|  0%| F|  |TAMS 0x0000000084000000, 0x0000000084000000| Untracked 
|  65|0x0000000084100000, 0x0000000084100000, 0x0000000084200000|  0%| F|  |TAMS 0x0000000084100000, 0x0000000084100000| Untracked 
|  66|0x0000000084200000, 0x0000000084200000, 0x0000000084300000|  0%| F|  |TAMS 0x0000000084200000, 0x0000000084200000| Untracked 
|  67|0x0000000084300000, 0x0000000084300000, 0x0000000084400000|  0%| F|  |TAMS 0x0000000084300000, 0x0000000084300000| Untracked 
|  68|0x0000000084400000, 0x0000000084400000, 0x0000000084500000|  0%| F|  |TAMS 0x0000000084400000, 0x0000000084400000| Untracked 
|  69|0x0000000084500000, 0x0000000084500000, 0x0000000084600000|  0%| F|  |TAMS 0x0000000084500000, 0x0000000084500000| Untracked 
|  70|0x0000000084600000, 0x0000000084600000, 0x0000000084700000|  0%| F|  |TAMS 0x0000000084600000, 0x0000000084600000| Untracked 
|  71|0x0000000084700000, 0x0000000084700000, 0x0000000084800000|  0%| F|  |TAMS 0x0000000084700000, 0x0000000084700000| Untracked 
|  72|0x0000000084800000, 0x0000000084800000, 0x0000000084900000|  0%| F|  |TAMS 0x0000000084800000, 0x0000000084800000| Untracked 
|  73|0x0000000084900000, 0x0000000084900000, 0x0000000084a00000|  0%| F|  |TAMS 0x0000000084900000, 0x0000000084900000| Untracked 
|  74|0x0000000084a00000, 0x0000000084a00000, 0x0000000084b00000|  0%| F|  |TAMS 0x0000000084a00000, 0x0000000084a00000| Untracked 
|  75|0x0000000084b00000, 0x0000000084b00000, 0x0000000084c00000|  0%| F|  |TAMS 0x0000000084b00000, 0x0000000084b00000| Untracked 
|  76|0x0000000084c00000, 0x0000000084c00000, 0x0000000084d00000|  0%| F|  |TAMS 0x0000000084c00000, 0x0000000084c00000| Untracked 
|  77|0x0000000084d00000, 0x0000000084d00000, 0x0000000084e00000|  0%| F|  |TAMS 0x0000000084d00000, 0x0000000084d00000| Untracked 
|  78|0x0000000084e00000, 0x0000000084e00000, 0x0000000084f00000|  0%| F|  |TAMS 0x0000000084e00000, 0x0000000084e00000| Untracked 
|  79|0x0000000084f00000, 0x0000000084f00000, 0x0000000085000000|  0%| F|  |TAMS 0x0000000084f00000, 0x0000000084f00000| Untracked 
|  80|0x0000000085000000, 0x0000000085000000, 0x0000000085100000|  0%| F|  |TAMS 0x0000000085000000, 0x0000000085000000| Untracked 
|  81|0x0000000085100000, 0x0000000085100000, 0x0000000085200000|  0%| F|  |TAMS 0x0000000085100000, 0x0000000085100000| Untracked 
|  82|0x0000000085200000, 0x0000000085200000, 0x0000000085300000|  0%| F|  |TAMS 0x0000000085200000, 0x0000000085200000| Untracked 
|  83|0x0000000085300000, 0x0000000085300000, 0x0000000085400000|  0%| F|  |TAMS 0x0000000085300000, 0x0000000085300000| Untracked 
|  84|0x0000000085400000, 0x0000000085400000, 0x0000000085500000|  0%| F|  |TAMS 0x0000000085400000, 0x0000000085400000| Untracked 
|  85|0x0000000085500000, 0x0000000085500000, 0x0000000085600000|  0%| F|  |TAMS 0x0000000085500000, 0x0000000085500000| Untracked 
|  86|0x0000000085600000, 0x0000000085600000, 0x0000000085700000|  0%| F|  |TAMS 0x0000000085600000, 0x0000000085600000| Untracked 
|  87|0x0000000085700000, 0x0000000085700000, 0x0000000085800000|  0%| F|  |TAMS 0x0000000085700000, 0x0000000085700000| Untracked 
|  88|0x0000000085800000, 0x0000000085900000, 0x0000000085900000|100%| E|  |TAMS 0x0000000085800000, 0x0000000085800000| Complete 
|  89|0x0000000085900000, 0x0000000085a00000, 0x0000000085a00000|100%| E|CS|TAMS 0x0000000085900000, 0x0000000085900000| Complete 
|  90|0x0000000085a00000, 0x0000000085b00000, 0x0000000085b00000|100%| E|CS|TAMS 0x0000000085a00000, 0x0000000085a00000| Complete 
|  91|0x0000000085b00000, 0x0000000085c00000, 0x0000000085c00000|100%| E|CS|TAMS 0x0000000085b00000, 0x0000000085b00000| Complete 
|  92|0x0000000085c00000, 0x0000000085c8f910, 0x0000000085d00000| 56%| S|CS|TAMS 0x0000000085c00000, 0x0000000085c00000| Complete 
|  93|0x0000000085d00000, 0x0000000085e00000, 0x0000000085e00000|100%| S|CS|TAMS 0x0000000085d00000, 0x0000000085d00000| Complete 
|  94|0x0000000085e00000, 0x0000000085f00000, 0x0000000085f00000|100%| S|CS|TAMS 0x0000000085e00000, 0x0000000085e00000| Complete 
|  95|0x0000000085f00000, 0x0000000086000000, 0x0000000086000000|100%| E|CS|TAMS 0x0000000085f00000, 0x0000000085f00000| Complete 
|  96|0x0000000086000000, 0x0000000086100000, 0x0000000086100000|100%| E|CS|TAMS 0x0000000086000000, 0x0000000086000000| Complete 
|  97|0x0000000086100000, 0x0000000086200000, 0x0000000086200000|100%| E|CS|TAMS 0x0000000086100000, 0x0000000086100000| Complete 
|  98|0x0000000086200000, 0x0000000086300000, 0x0000000086300000|100%| E|CS|TAMS 0x0000000086200000, 0x0000000086200000| Complete 
|  99|0x0000000086300000, 0x0000000086400000, 0x0000000086400000|100%| E|CS|TAMS 0x0000000086300000, 0x0000000086300000| Complete 
| 100|0x0000000086400000, 0x0000000086500000, 0x0000000086500000|100%| E|CS|TAMS 0x0000000086400000, 0x0000000086400000| Complete 
| 101|0x0000000086500000, 0x0000000086600000, 0x0000000086600000|100%| E|CS|TAMS 0x0000000086500000, 0x0000000086500000| Complete 
| 102|0x0000000086600000, 0x0000000086700000, 0x0000000086700000|100%| E|CS|TAMS 0x0000000086600000, 0x0000000086600000| Complete 
| 103|0x0000000086700000, 0x0000000086800000, 0x0000000086800000|100%| E|CS|TAMS 0x0000000086700000, 0x0000000086700000| Complete 
| 104|0x0000000086800000, 0x0000000086900000, 0x0000000086900000|100%| E|CS|TAMS 0x0000000086800000, 0x0000000086800000| Complete 
| 105|0x0000000086900000, 0x0000000086a00000, 0x0000000086a00000|100%| E|CS|TAMS 0x0000000086900000, 0x0000000086900000| Complete 
| 106|0x0000000086a00000, 0x0000000086b00000, 0x0000000086b00000|100%| E|CS|TAMS 0x0000000086a00000, 0x0000000086a00000| Complete 
| 107|0x0000000086b00000, 0x0000000086c00000, 0x0000000086c00000|100%| E|CS|TAMS 0x0000000086b00000, 0x0000000086b00000| Complete 
| 108|0x0000000086c00000, 0x0000000086d00000, 0x0000000086d00000|100%| E|CS|TAMS 0x0000000086c00000, 0x0000000086c00000| Complete 
| 109|0x0000000086d00000, 0x0000000086e00000, 0x0000000086e00000|100%| E|CS|TAMS 0x0000000086d00000, 0x0000000086d00000| Complete 
| 110|0x0000000086e00000, 0x0000000086f00000, 0x0000000086f00000|100%| E|CS|TAMS 0x0000000086e00000, 0x0000000086e00000| Complete 
| 111|0x0000000086f00000, 0x0000000087000000, 0x0000000087000000|100%| E|CS|TAMS 0x0000000086f00000, 0x0000000086f00000| Complete 
| 112|0x0000000087000000, 0x0000000087100000, 0x0000000087100000|100%| E|CS|TAMS 0x0000000087000000, 0x0000000087000000| Complete 
| 113|0x0000000087100000, 0x0000000087200000, 0x0000000087200000|100%| E|CS|TAMS 0x0000000087100000, 0x0000000087100000| Complete 
| 114|0x0000000087200000, 0x0000000087300000, 0x0000000087300000|100%| E|CS|TAMS 0x0000000087200000, 0x0000000087200000| Complete 
| 115|0x0000000087300000, 0x0000000087400000, 0x0000000087400000|100%| E|CS|TAMS 0x0000000087300000, 0x0000000087300000| Complete 
| 116|0x0000000087400000, 0x0000000087500000, 0x0000000087500000|100%| E|CS|TAMS 0x0000000087400000, 0x0000000087400000| Complete 
| 117|0x0000000087500000, 0x0000000087600000, 0x0000000087600000|100%| E|CS|TAMS 0x0000000087500000, 0x0000000087500000| Complete 
| 118|0x0000000087600000, 0x0000000087700000, 0x0000000087700000|100%| E|CS|TAMS 0x0000000087600000, 0x0000000087600000| Complete 
| 119|0x0000000087700000, 0x0000000087800000, 0x0000000087800000|100%| E|CS|TAMS 0x0000000087700000, 0x0000000087700000| Complete 
| 120|0x0000000087800000, 0x0000000087900000, 0x0000000087900000|100%| E|CS|TAMS 0x0000000087800000, 0x0000000087800000| Complete 
| 121|0x0000000087900000, 0x0000000087a00000, 0x0000000087a00000|100%| E|CS|TAMS 0x0000000087900000, 0x0000000087900000| Complete 
| 122|0x0000000087a00000, 0x0000000087b00000, 0x0000000087b00000|100%| E|CS|TAMS 0x0000000087a00000, 0x0000000087a00000| Complete 
| 123|0x0000000087b00000, 0x0000000087c00000, 0x0000000087c00000|100%| E|CS|TAMS 0x0000000087b00000, 0x0000000087b00000| Complete 
| 124|0x0000000087c00000, 0x0000000087d00000, 0x0000000087d00000|100%| E|CS|TAMS 0x0000000087c00000, 0x0000000087c00000| Complete 
| 125|0x0000000087d00000, 0x0000000087e00000, 0x0000000087e00000|100%| E|CS|TAMS 0x0000000087d00000, 0x0000000087d00000| Complete 
| 126|0x0000000087e00000, 0x0000000087f00000, 0x0000000087f00000|100%| E|CS|TAMS 0x0000000087e00000, 0x0000000087e00000| Complete 
| 127|0x0000000087f00000, 0x0000000088000000, 0x0000000088000000|100%| E|CS|TAMS 0x0000000087f00000, 0x0000000087f00000| Complete 
| 128|0x0000000088000000, 0x0000000088100000, 0x0000000088100000|100%| E|CS|TAMS 0x0000000088000000, 0x0000000088000000| Complete 
| 129|0x0000000088100000, 0x0000000088200000, 0x0000000088200000|100%| E|CS|TAMS 0x0000000088100000, 0x0000000088100000| Complete 
| 130|0x0000000088200000, 0x0000000088300000, 0x0000000088300000|100%| E|CS|TAMS 0x0000000088200000, 0x0000000088200000| Complete 
| 131|0x0000000088300000, 0x0000000088400000, 0x0000000088400000|100%| E|CS|TAMS 0x0000000088300000, 0x0000000088300000| Complete 
| 132|0x0000000088400000, 0x0000000088500000, 0x0000000088500000|100%| E|CS|TAMS 0x0000000088400000, 0x0000000088400000| Complete 
| 133|0x0000000088500000, 0x0000000088600000, 0x0000000088600000|100%| E|CS|TAMS 0x0000000088500000, 0x0000000088500000| Complete 
| 134|0x0000000088600000, 0x0000000088700000, 0x0000000088700000|100%| E|CS|TAMS 0x0000000088600000, 0x0000000088600000| Complete 
| 135|0x0000000088700000, 0x0000000088800000, 0x0000000088800000|100%| E|  |TAMS 0x0000000088700000, 0x0000000088700000| Complete 
| 136|0x0000000088800000, 0x0000000088900000, 0x0000000088900000|100%| E|CS|TAMS 0x0000000088800000, 0x0000000088800000| Complete 
| 137|0x0000000088900000, 0x0000000088a00000, 0x0000000088a00000|100%| E|CS|TAMS 0x0000000088900000, 0x0000000088900000| Complete 
| 138|0x0000000088a00000, 0x0000000088b00000, 0x0000000088b00000|100%| E|CS|TAMS 0x0000000088a00000, 0x0000000088a00000| Complete 
| 139|0x0000000088b00000, 0x0000000088c00000, 0x0000000088c00000|100%| E|CS|TAMS 0x0000000088b00000, 0x0000000088b00000| Complete 
| 140|0x0000000088c00000, 0x0000000088d00000, 0x0000000088d00000|100%| E|CS|TAMS 0x0000000088c00000, 0x0000000088c00000| Complete 
| 141|0x0000000088d00000, 0x0000000088e00000, 0x0000000088e00000|100%| E|CS|TAMS 0x0000000088d00000, 0x0000000088d00000| Complete 
| 142|0x0000000088e00000, 0x0000000088f00000, 0x0000000088f00000|100%| E|CS|TAMS 0x0000000088e00000, 0x0000000088e00000| Complete 
| 143|0x0000000088f00000, 0x0000000089000000, 0x0000000089000000|100%| E|CS|TAMS 0x0000000088f00000, 0x0000000088f00000| Complete 
| 144|0x0000000089000000, 0x0000000089100000, 0x0000000089100000|100%| E|CS|TAMS 0x0000000089000000, 0x0000000089000000| Complete 
| 145|0x0000000089100000, 0x0000000089200000, 0x0000000089200000|100%| E|CS|TAMS 0x0000000089100000, 0x0000000089100000| Complete 
| 146|0x0000000089200000, 0x0000000089300000, 0x0000000089300000|100%| E|CS|TAMS 0x0000000089200000, 0x0000000089200000| Complete 
| 147|0x0000000089300000, 0x0000000089400000, 0x0000000089400000|100%| E|CS|TAMS 0x0000000089300000, 0x0000000089300000| Complete 
| 148|0x0000000089400000, 0x0000000089500000, 0x0000000089500000|100%| E|CS|TAMS 0x0000000089400000, 0x0000000089400000| Complete 
| 149|0x0000000089500000, 0x0000000089600000, 0x0000000089600000|100%| E|CS|TAMS 0x0000000089500000, 0x0000000089500000| Complete 
| 150|0x0000000089600000, 0x0000000089700000, 0x0000000089700000|100%| E|CS|TAMS 0x0000000089600000, 0x0000000089600000| Complete 
| 151|0x0000000089700000, 0x0000000089800000, 0x0000000089800000|100%| E|CS|TAMS 0x0000000089700000, 0x0000000089700000| Complete 

Card table byte_map: [0x0000017aa0850000,0x0000017aa0c50000] _byte_map_base: 0x0000017aa0450000

Marking Bits (Prev, Next): (CMBitMap*) 0x0000017a8d650b50, (CMBitMap*) 0x0000017a8d650b18
 Prev Bits: [0x0000017aa3050000, 0x0000017aa5050000)
 Next Bits: [0x0000017aa1050000, 0x0000017aa3050000)

Polling page: 0x0000017a8cdf0000

Metaspace:

Usage:
  Non-class:     55.88 MB capacity,    54.97 MB ( 98%) used,   765.84 KB (  1%) free+waste,   169.00 KB ( <1%) overhead. 
      Class:      8.59 MB capacity,     8.04 MB ( 94%) used,   487.30 KB (  6%) free+waste,    79.38 KB ( <1%) overhead. 
       Both:     64.47 MB capacity,    63.01 MB ( 98%) used,     1.22 MB (  2%) free+waste,   248.38 KB ( <1%) overhead. 

Virtual space:
  Non-class space:       56.00 MB reserved,      55.92 MB (>99%) committed 
      Class space:        1.00 GB reserved,       8.70 MB ( <1%) committed 
             Both:        1.05 GB reserved,      64.62 MB (  6%) committed 

Chunk freelists:
   Non-Class:  37.00 KB
       Class:  3.00 KB
        Both:  40.00 KB

MaxMetaspaceSize: 17179869184.00 GB
CompressedClassSpaceSize: 1.00 GB
Initial GC threshold: 20.80 MB
Current GC threshold: 98.53 MB
CDS: off

CodeHeap 'non-profiled nmethods': size=120000Kb used=3888Kb max_used=3888Kb free=116111Kb
 bounds [0x0000017a98bf0000, 0x0000017a98fc0000, 0x0000017aa0120000]
CodeHeap 'profiled nmethods': size=120000Kb used=13282Kb max_used=13282Kb free=106718Kb
 bounds [0x0000017a916c0000, 0x0000017a923c0000, 0x0000017a98bf0000]
CodeHeap 'non-nmethods': size=5760Kb used=2346Kb max_used=2386Kb free=3413Kb
 bounds [0x0000017a91120000, 0x0000017a91390000, 0x0000017a916c0000]
 total_blobs=7234 nmethods=6381 adapters=765
 compilation: enabled
              stopped_count=0, restarted_count=0
 full_count=0

Compilation events (20 events):
Event: 8.431 Thread 0x0000017aa9cff000 6330       4       org.gradle.internal.reflect.PropertyAccessorType::isStatic (8 bytes)
Event: 8.432 Thread 0x0000017aa9cff000 nmethod 6330 0x0000017a98fad810 code [0x0000017a98fad9a0, 0x0000017a98fad9f8]
Event: 8.432 Thread 0x0000017aa9cff000 6334       4       org.gradle.internal.reflect.PropertyAccessorType::takesSingleParameter (14 bytes)
Event: 8.432 Thread 0x0000017aa9cff000 nmethod 6334 0x0000017a98fadb10 code [0x0000017a98fadca0, 0x0000017a98fadd18]
Event: 8.432 Thread 0x0000017aa9cff000 6331       4       org.gradle.internal.reflect.PropertyAccessorType::takesNoParameter (14 bytes)
Event: 8.433 Thread 0x0000017aa9cff000 nmethod 6331 0x0000017a98fade10 code [0x0000017a98fadfa0, 0x0000017a98fae0d8]
Event: 8.438 Thread 0x0000017aa9cff000 6337   !   4       java.util.concurrent.ConcurrentHashMap::computeIfAbsent (576 bytes)
Event: 8.447 Thread 0x0000017aa7ac4800 6338       3       org.objectweb.asm.MethodWriter::visitLineNumber (50 bytes)
Event: 8.448 Thread 0x0000017aa7ac4800 nmethod 6338 0x0000017a9239f990 code [0x0000017a9239fb80, 0x0000017a9239ffd8]
Event: 8.448 Thread 0x0000017aa7ac4800 6340       3       org.objectweb.asm.ClassReader::readShort (27 bytes)
Event: 8.448 Thread 0x0000017aa7ac4800 nmethod 6340 0x0000017a923a0190 code [0x0000017a923a0340, 0x0000017a923a04b8]
Event: 8.448 Thread 0x0000017aa7ac4800 6341       3       org.objectweb.asm.MethodWriter::visitLocalVariable (222 bytes)
Event: 8.450 Thread 0x0000017aa7ac4800 nmethod 6341 0x0000017a923a0590 code [0x0000017a923a08e0, 0x0000017a923a1a58]
Event: 8.450 Thread 0x0000017aa7ac4800 6343       3       org.objectweb.asm.Label::resolve (219 bytes)
Event: 8.450 Thread 0x0000017aa7ac4800 nmethod 6343 0x0000017a923a2290 code [0x0000017a923a2480, 0x0000017a923a2978]
Event: 8.450 Thread 0x0000017aa7ac4800 6345       3       org.objectweb.asm.ByteVector::putByteArray (49 bytes)
Event: 8.451 Thread 0x0000017aa7ac4800 nmethod 6345 0x0000017a923a2c90 code [0x0000017a923a2e60, 0x0000017a923a3118]
Event: 8.451 Thread 0x0000017aa7ac4800 6344       3       org.objectweb.asm.MethodWriter::visitLabel (328 bytes)
Event: 8.452 Thread 0x0000017aa7ac4800 nmethod 6344 0x0000017a923a3210 code [0x0000017a923a34a0, 0x0000017a923a4608]
Event: 8.452 Thread 0x0000017aa7ac4800 6342       3       org.objectweb.asm.ClassReader::readConst (276 bytes)

GC Heap History (18 events):
Event: 0.961 GC heap before
{Heap before GC invocations=0 (full 0):
 garbage-first heap   total 129024K, used 29696K [0x0000000080000000, 0x0000000100000000)
  region size 1024K, 24 young (24576K), 0 survivors (0K)
 Metaspace       used 10173K, capacity 10403K, committed 10624K, reserved 1058816K
  class space    used 1063K, capacity 1106K, committed 1152K, reserved 1048576K
}
Event: 0.967 GC heap after
{Heap after GC invocations=1 (full 0):
 garbage-first heap   total 129024K, used 9370K [0x0000000080000000, 0x0000000100000000)
  region size 1024K, 3 young (3072K), 3 survivors (3072K)
 Metaspace       used 10173K, capacity 10403K, committed 10624K, reserved 1058816K
  class space    used 1063K, capacity 1106K, committed 1152K, reserved 1048576K
}
Event: 2.843 GC heap before
{Heap before GC invocations=1 (full 0):
 garbage-first heap   total 129024K, used 83098K [0x0000000080000000, 0x0000000100000000)
  region size 1024K, 75 young (76800K), 3 survivors (3072K)
 Metaspace       used 17535K, capacity 17953K, committed 18176K, reserved 1064960K
  class space    used 2066K, capacity 2179K, committed 2304K, reserved 1048576K
}
Event: 2.850 GC heap after
{Heap after GC invocations=2 (full 0):
 garbage-first heap   total 129024K, used 15787K [0x0000000080000000, 0x0000000100000000)
  region size 1024K, 10 young (10240K), 10 survivors (10240K)
 Metaspace       used 17535K, capacity 17953K, committed 18176K, reserved 1064960K
  class space    used 2066K, capacity 2179K, committed 2304K, reserved 1048576K
}
Event: 3.091 GC heap before
{Heap before GC invocations=2 (full 0):
 garbage-first heap   total 129024K, used 45483K [0x0000000080000000, 0x0000000100000000)
  region size 1024K, 40 young (40960K), 10 survivors (10240K)
 Metaspace       used 20643K, capacity 21085K, committed 21248K, reserved 1067008K
  class space    used 2543K, capacity 2712K, committed 2816K, reserved 1048576K
}
Event: 3.098 GC heap after
{Heap after GC invocations=3 (full 0):
 garbage-first heap   total 129024K, used 17069K [0x0000000080000000, 0x0000000100000000)
  region size 1024K, 2 young (2048K), 2 survivors (2048K)
 Metaspace       used 20643K, capacity 21085K, committed 21248K, reserved 1067008K
  class space    used 2543K, capacity 2712K, committed 2816K, reserved 1048576K
}
Event: 3.714 GC heap before
{Heap before GC invocations=4 (full 0):
 garbage-first heap   total 129024K, used 82605K [0x0000000080000000, 0x0000000100000000)
  region size 1024K, 66 young (67584K), 2 survivors (2048K)
 Metaspace       used 27315K, capacity 27913K, committed 28160K, reserved 1073152K
  class space    used 3580K, capacity 3807K, committed 3840K, reserved 1048576K
}
Event: 3.719 GC heap after
{Heap after GC invocations=5 (full 0):
 garbage-first heap   total 129024K, used 19203K [0x0000000080000000, 0x0000000100000000)
  region size 1024K, 4 young (4096K), 4 survivors (4096K)
 Metaspace       used 27315K, capacity 27913K, committed 28160K, reserved 1073152K
  class space    used 3580K, capacity 3807K, committed 3840K, reserved 1048576K
}
Event: 4.378 GC heap before
{Heap before GC invocations=5 (full 0):
 garbage-first heap   total 129024K, used 66307K [0x0000000080000000, 0x0000000100000000)
  region size 1024K, 51 young (52224K), 4 survivors (4096K)
 Metaspace       used 34902K, capacity 35727K, committed 35840K, reserved 1081344K
  class space    used 4534K, capacity 4839K, committed 4864K, reserved 1048576K
}
Event: 4.394 GC heap after
{Heap after GC invocations=6 (full 0):
 garbage-first heap   total 129024K, used 22048K [0x0000000080000000, 0x0000000100000000)
  region size 1024K, 7 young (7168K), 7 survivors (7168K)
 Metaspace       used 34902K, capacity 35727K, committed 35840K, reserved 1081344K
  class space    used 4534K, capacity 4839K, committed 4864K, reserved 1048576K
}
Event: 5.270 GC heap before
{Heap before GC invocations=7 (full 0):
 garbage-first heap   total 129024K, used 93728K [0x0000000080000000, 0x0000000100000000)
  region size 1024K, 75 young (76800K), 7 survivors (7168K)
 Metaspace       used 40530K, capacity 41502K, committed 41728K, reserved 1085440K
  class space    used 5183K, capacity 5544K, committed 5632K, reserved 1048576K
}
Event: 5.279 GC heap after
{Heap after GC invocations=8 (full 0):
 garbage-first heap   total 129024K, used 27452K [0x0000000080000000, 0x0000000100000000)
  region size 1024K, 10 young (10240K), 10 survivors (10240K)
 Metaspace       used 40530K, capacity 41502K, committed 41728K, reserved 1085440K
  class space    used 5183K, capacity 5544K, committed 5632K, reserved 1048576K
}
Event: 5.954 GC heap before
{Heap before GC invocations=8 (full 0):
 garbage-first heap   total 129024K, used 94012K [0x0000000080000000, 0x0000000100000000)
  region size 1024K, 75 young (76800K), 10 survivors (10240K)
 Metaspace       used 46399K, capacity 47456K, committed 47616K, reserved 1091584K
  class space    used 5982K, capacity 6369K, committed 6400K, reserved 1048576K
}
Event: 5.964 GC heap after
{Heap after GC invocations=9 (full 0):
 garbage-first heap   total 155648K, used 29995K [0x0000000080000000, 0x0000000100000000)
  region size 1024K, 8 young (8192K), 8 survivors (8192K)
 Metaspace       used 46399K, capacity 47456K, committed 47616K, reserved 1091584K
  class space    used 5982K, capacity 6369K, committed 6400K, reserved 1048576K
}
Event: 6.928 GC heap before
{Heap before GC invocations=9 (full 0):
 garbage-first heap   total 155648K, used 110891K [0x0000000080000000, 0x0000000100000000)
  region size 1024K, 84 young (86016K), 8 survivors (8192K)
 Metaspace       used 50185K, capacity 51459K, committed 51584K, reserved 1093632K
  class space    used 6438K, capacity 6920K, committed 7040K, reserved 1048576K
}
Event: 6.940 GC heap after
{Heap after GC invocations=10 (full 0):
 garbage-first heap   total 155648K, used 43194K [0x0000000080000000, 0x0000000100000000)
  region size 1024K, 11 young (11264K), 11 survivors (11264K)
 Metaspace       used 50185K, capacity 51459K, committed 51584K, reserved 1093632K
  class space    used 6438K, capacity 6920K, committed 7040K, reserved 1048576K
}
Event: 7.698 GC heap before
{Heap before GC invocations=10 (full 0):
 garbage-first heap   total 155648K, used 100538K [0x0000000080000000, 0x0000000100000000)
  region size 1024K, 68 young (69632K), 11 survivors (11264K)
 Metaspace       used 58416K, capacity 59852K, committed 59948K, reserved 1101824K
  class space    used 7463K, capacity 8029K, committed 8064K, reserved 1048576K
}
Event: 7.722 GC heap after
{Heap after GC invocations=11 (full 0):
 garbage-first heap   total 155648K, used 46183K [0x0000000080000000, 0x0000000100000000)
  region size 1024K, 3 young (3072K), 3 survivors (3072K)
 Metaspace       used 58416K, capacity 59852K, committed 59948K, reserved 1101824K
  class space    used 7463K, capacity 8029K, committed 8064K, reserved 1048576K
}

Deoptimization events (20 events):
Event: 8.323 Thread 0x0000017aa853c000 Uncommon trap: trap_request=0xffffff4d fr.pc=0x0000017a98ec04a4 relative=0x0000000000001504
Event: 8.323 Thread 0x0000017aa853c000 Uncommon trap: reason=unstable_if action=reinterpret pc=0x0000017a98ec04a4 method=org.codehaus.groovy.reflection.CachedMethod.compareToMethod(Ljava/lang/reflect/Method;)I @ 111 c2
Event: 8.323 Thread 0x0000017aa853c000 DEOPT PACKING pc=0x0000017a98ec04a4 sp=0x000000621fbf7a00
Event: 8.323 Thread 0x0000017aa853c000 DEOPT UNPACKING pc=0x0000017a9116a1af sp=0x000000621fbf7970 mode 2
Event: 8.409 Thread 0x0000017aa853c000 Uncommon trap: trap_request=0xffffff4d fr.pc=0x0000017a98e28a1c relative=0x000000000000033c
Event: 8.409 Thread 0x0000017aa853c000 Uncommon trap: reason=unstable_if action=reinterpret pc=0x0000017a98e28a1c method=org.gradle.internal.reflect.PropertyAccessorType.of(Ljava/lang/reflect/Method;)Lorg/gradle/internal/reflect/PropertyAccessorType; @ 56 c2
Event: 8.409 Thread 0x0000017aa853c000 DEOPT PACKING pc=0x0000017a98e28a1c sp=0x000000621fbf73d0
Event: 8.409 Thread 0x0000017aa853c000 DEOPT UNPACKING pc=0x0000017a9116a1af sp=0x000000621fbf7390 mode 2
Event: 8.448 Thread 0x0000017aa853c000 Uncommon trap: trap_request=0xffffff4d fr.pc=0x0000017a98f985d0 relative=0x0000000000000130
Event: 8.448 Thread 0x0000017aa853c000 Uncommon trap: reason=unstable_if action=reinterpret pc=0x0000017a98f985d0 method=org.objectweb.asm.ByteVector.putByteArray([BII)Lorg/objectweb/asm/ByteVector; @ 20 c2
Event: 8.448 Thread 0x0000017aa853c000 DEOPT PACKING pc=0x0000017a98f985d0 sp=0x000000621fbf5f70
Event: 8.448 Thread 0x0000017aa853c000 DEOPT UNPACKING pc=0x0000017a9116a1af sp=0x000000621fbf5f40 mode 2
Event: 8.448 Thread 0x0000017aa853c000 Uncommon trap: trap_request=0xffffff4d fr.pc=0x0000017a98f896e0 relative=0x0000000000000b00
Event: 8.448 Thread 0x0000017aa853c000 Uncommon trap: reason=unstable_if action=reinterpret pc=0x0000017a98f896e0 method=org.objectweb.asm.Label.resolve([BI)Z @ 80 c2
Event: 8.448 Thread 0x0000017aa853c000 DEOPT PACKING pc=0x0000017a98f896e0 sp=0x000000621fbf5f90
Event: 8.448 Thread 0x0000017aa853c000 DEOPT UNPACKING pc=0x0000017a9116a1af sp=0x000000621fbf5eb0 mode 2
Event: 8.448 Thread 0x0000017aa853c000 Uncommon trap: trap_request=0xffffff4d fr.pc=0x0000017a98f194a4 relative=0x0000000000000204
Event: 8.448 Thread 0x0000017aa853c000 Uncommon trap: reason=unstable_if action=reinterpret pc=0x0000017a98f194a4 method=org.objectweb.asm.Label.resolve([BI)Z @ 80 c2
Event: 8.448 Thread 0x0000017aa853c000 DEOPT PACKING pc=0x0000017a98f194a4 sp=0x000000621fbf5f20
Event: 8.448 Thread 0x0000017aa853c000 DEOPT UNPACKING pc=0x0000017a9116a1af sp=0x000000621fbf5ea0 mode 2

Classes redefined (0 events):
No events

Internal exceptions (20 events):
Event: 6.974 Thread 0x0000017aa853c000 Exception <a 'java/lang/NoSuchMethodError'{0x0000000089482ac0}: 'java.lang.Object java.lang.invoke.DirectMethodHandle$Holder.invokeSpecial(java.lang.Object, java.lang.Object, java.lang.Object, java.lang.Object, java.lang.Object, int)'> (0x0000000089482ac0) thrown at [./src/hotspot/share/interpreter/linkResolver.cpp, line 773]
Event: 6.974 Thread 0x0000017aa853c000 Exception <a 'java/lang/NoSuchMethodError'{0x0000000089487100}: 'java.lang.Object java.lang.invoke.Invokers$Holder.linkToTargetMethod(java.lang.Object, java.lang.Object, java.lang.Object, int, java.lang.Object)'> (0x0000000089487100) thrown at [./src/hotspot/share/interpreter/linkResolver.cpp, line 773]
Event: 7.139 Thread 0x0000017aa853c000 Exception <a 'java/lang/NoSuchMethodError'{0x000000008841f608}: 'java.lang.Object java.lang.invoke.DirectMethodHandle$Holder.invokeSpecial(java.lang.Object, java.lang.Object, int, int, java.lang.Object, java.lang.Object, java.lang.Object)'> (0x000000008841f608) thrown at [./src/hotspot/share/interpreter/linkResolver.cpp, line 773]
Event: 7.139 Thread 0x0000017aa853c000 Exception <a 'java/lang/NoSuchMethodError'{0x0000000088423b88}: 'java.lang.Object java.lang.invoke.DelegatingMethodHandle$Holder.reinvoke_L(java.lang.Object, int, int, java.lang.Object, java.lang.Object, java.lang.Object)'> (0x0000000088423b88) thrown at [./src/hotspot/share/interpreter/linkResolver.cpp, line 773]
Event: 7.305 Thread 0x0000017aa853c000 Exception <a 'java/lang/NoSuchMethodError'{0x0000000087892840}: 'int java.lang.invoke.DirectMethodHandle$Holder.invokeInterface(java.lang.Object, java.lang.Object, java.lang.Object, java.lang.Object)'> (0x0000000087892840) thrown at [./src/hotspot/share/interpreter/linkResolver.cpp, line 773]
Event: 7.538 Thread 0x0000017aa853c000 Exception <a 'java/lang/NoSuchMethodError'{0x000000008688f950}: 'void java.lang.invoke.DirectMethodHandle$Holder.invokeInterface(java.lang.Object, java.lang.Object, java.lang.Object, java.lang.Object)'> (0x000000008688f950) thrown at [./src/hotspot/share/interpreter/linkResolver.cpp, line 773]
Event: 7.696 Thread 0x0000017aa853c000 Exception <a 'java/lang/IncompatibleClassChangeError'{0x0000000085f18968}: Found class java.lang.Object, but interface was expected> (0x0000000085f18968) thrown at [./src/hotspot/share/interpreter/linkResolver.cpp, line 839]
Event: 7.803 Thread 0x0000017aa853c000 Implicit null exception at 0x0000017a98ee4d54 to 0x0000017a98ee4f38
Event: 7.869 Thread 0x0000017aa853c000 Implicit null exception at 0x0000017a98d45e0b to 0x0000017a98d45ee4
Event: 7.910 Thread 0x0000017aa853c000 Implicit null exception at 0x0000017a98d789ac to 0x0000017a98d78b5a
Event: 8.020 Thread 0x0000017aa853c000 Exception <a 'sun/nio/fs/WindowsException'{0x0000000088123fd8}> (0x0000000088123fd8) thrown at [./src/hotspot/share/prims/jni.cpp, line 615]
Event: 8.308 Thread 0x0000017aa853c000 Exception <a 'java/lang/ClassNotFoundException'{0x00000000869055a0}: org/gradle/api/plugins/internal/DefaultBasePluginConventionBeanInfo> (0x00000000869055a0) thrown at [./src/hotspot/share/classfile/systemDictionary.cpp, line 231]
Event: 8.309 Thread 0x0000017aa853c000 Exception <a 'java/lang/ClassNotFoundException'{0x0000000086940c20}: org/gradle/api/plugins/BasePluginConventionBeanInfo> (0x0000000086940c20) thrown at [./src/hotspot/share/classfile/systemDictionary.cpp, line 231]
Event: 8.310 Thread 0x0000017aa853c000 Exception <a 'java/lang/ClassNotFoundException'{0x000000008697c498}: org/gradle/api/plugins/BasePluginConventionCustomizer> (0x000000008697c498) thrown at [./src/hotspot/share/classfile/systemDictionary.cpp, line 231]
Event: 8.311 Thread 0x0000017aa853c000 Exception <a 'java/lang/ClassNotFoundException'{0x00000000869c9408}: org/gradle/api/plugins/internal/DefaultBasePluginConventionCustomizer> (0x00000000869c9408) thrown at [./src/hotspot/share/classfile/systemDictionary.cpp, line 231]
Event: 8.316 Thread 0x0000017aa853c000 Exception <a 'java/lang/ClassNotFoundException'{0x0000000086849180}: org/gradle/api/plugins/internal/DefaultJavaPluginConventionBeanInfo> (0x0000000086849180) thrown at [./src/hotspot/share/classfile/systemDictionary.cpp, line 231]
Event: 8.317 Thread 0x0000017aa853c000 Exception <a 'java/lang/ClassNotFoundException'{0x0000000086884a78}: org/gradle/api/plugins/JavaPluginConventionBeanInfo> (0x0000000086884a78) thrown at [./src/hotspot/share/classfile/systemDictionary.cpp, line 231]
Event: 8.318 Thread 0x0000017aa853c000 Exception <a 'java/lang/ClassNotFoundException'{0x00000000868c02f0}: org/gradle/api/plugins/JavaPluginConventionCustomizer> (0x00000000868c02f0) thrown at [./src/hotspot/share/classfile/systemDictionary.cpp, line 231]
Event: 8.321 Thread 0x0000017aa853c000 Exception <a 'java/lang/ClassNotFoundException'{0x0000000086717120}: org/gradle/api/plugins/internal/DefaultJavaPluginConventionCustomizer> (0x0000000086717120) thrown at [./src/hotspot/share/classfile/systemDictionary.cpp, line 231]
Event: 8.448 Thread 0x0000017aa853c000 Implicit null exception at 0x0000017a98f984e6 to 0x0000017a98f985b0

Events (20 events):
Event: 8.439 loading class com/android/build/gradle/internal/scope/InternalArtifactType$MERGED_AAPT_PROGUARD_FILE
Event: 8.439 loading class com/android/build/gradle/internal/scope/InternalArtifactType$MERGED_AAPT_PROGUARD_FILE done
Event: 8.439 loading class com/android/build/gradle/internal/scope/InternalArtifactType$COMPILE_MANIFEST_JAR
Event: 8.439 loading class com/android/build/gradle/internal/scope/InternalArtifactType$COMPILE_MANIFEST_JAR done
Event: 8.439 loading class com/android/utils/FileUtils
Event: 8.439 loading class com/android/utils/FileUtils done
Event: 8.441 loading class com/google/common/base/Joiner
Event: 8.441 loading class com/google/common/base/Joiner done
Event: 8.441 loading class com/google/common/base/Joiner$1
Event: 8.441 loading class com/google/common/base/Joiner$1 done
Event: 8.442 loading class com/google/common/base/Joiner$2
Event: 8.442 loading class com/google/common/base/Joiner$2 done
Event: 8.443 loading class org/gradle/api/internal/plugins/PluginManagerInternal$PluginWithId
Event: 8.443 loading class org/gradle/api/internal/plugins/PluginManagerInternal$PluginWithId done
Event: 8.444 Executing VM operation: BulkRevokeBias
Event: 8.446 Executing VM operation: BulkRevokeBias done
Event: 8.446 loading class org/gradle/testing/jacoco/plugins/JacocoPlugin
Event: 8.446 loading class org/gradle/testing/jacoco/plugins/JacocoPlugin done
Event: 8.452 loading class org/gradle/testing/jacoco/plugins/JacocoPlugin
Event: 8.452 loading class org/gradle/testing/jacoco/plugins/JacocoPlugin done


Dynamic libraries:
0x00007ff7b47e0000 - 0x00007ff7b47ea000 	C:\Program Files\Android\Android Studio\jre\bin\java.exe
0x00007ffcda0f0000 - 0x00007ffcda2e8000 	C:\Windows\SYSTEM32\ntdll.dll
0x00007ffcd93e0000 - 0x00007ffcd949f000 	C:\Windows\System32\KERNEL32.DLL
0x00007ffcd7a40000 - 0x00007ffcd7d1a000 	C:\Windows\System32\KERNELBASE.dll
0x00007ffcd7940000 - 0x00007ffcd7a40000 	C:\Windows\System32\ucrtbase.dll
0x00007ffcc0b20000 - 0x00007ffcc0b39000 	C:\Program Files\Android\Android Studio\jre\bin\jli.dll
0x00007ffcc0a30000 - 0x00007ffcc0a47000 	C:\Program Files\Android\Android Studio\jre\bin\VCRUNTIME140.dll
0x00007ffcd8150000 - 0x00007ffcd82ed000 	C:\Windows\System32\USER32.dll
0x00007ffcc1c20000 - 0x00007ffcc1eba000 	C:\Windows\WinSxS\amd64_microsoft.windows.common-controls_6595b64144ccf1df_6.0.19041.1110_none_60b5254171f9507e\COMCTL32.dll
0x00007ffcd7800000 - 0x00007ffcd7822000 	C:\Windows\System32\win32u.dll
0x00007ffcd9340000 - 0x00007ffcd93de000 	C:\Windows\System32\msvcrt.dll
0x00007ffcd97a0000 - 0x00007ffcd97cb000 	C:\Windows\System32\GDI32.dll
0x00007ffcd7830000 - 0x00007ffcd7940000 	C:\Windows\System32\gdi32full.dll
0x00007ffcd8000000 - 0x00007ffcd809d000 	C:\Windows\System32\msvcp_win.dll
0x00007ffcda080000 - 0x00007ffcda0b0000 	C:\Windows\System32\IMM32.DLL
0x00007ffc9f480000 - 0x00007ffc9f51d000 	C:\Program Files\Android\Android Studio\jre\bin\msvcp140.dll
0x00007ffc613f0000 - 0x00007ffc61ed5000 	C:\Program Files\Android\Android Studio\jre\bin\server\jvm.dll
0x00007ffcd9a60000 - 0x00007ffcd9b0e000 	C:\Windows\System32\ADVAPI32.dll
0x00007ffcd97d0000 - 0x00007ffcd986c000 	C:\Windows\System32\sechost.dll
0x00007ffcd9f50000 - 0x00007ffcda076000 	C:\Windows\System32\RPCRT4.dll
0x00007ffcd94a0000 - 0x00007ffcd94a8000 	C:\Windows\System32\PSAPI.DLL
0x00007ffcccb00000 - 0x00007ffcccb0a000 	C:\Windows\SYSTEM32\VERSION.dll
0x00007ffcbf4c0000 - 0x00007ffcbf4e7000 	C:\Windows\SYSTEM32\WINMM.dll
0x00007ffcd01c0000 - 0x00007ffcd01c9000 	C:\Windows\SYSTEM32\WSOCK32.dll
0x00007ffcd8c30000 - 0x00007ffcd8c9b000 	C:\Windows\System32\WS2_32.dll
0x00007ffcd6010000 - 0x00007ffcd6022000 	C:\Windows\SYSTEM32\kernel.appcore.dll
0x00007ffccd550000 - 0x00007ffccd561000 	C:\Program Files\Android\Android Studio\jre\bin\verify.dll
0x00007ffcd2cd0000 - 0x00007ffcd2eb4000 	C:\Windows\SYSTEM32\DBGHELP.DLL
0x00007ffcbd7b0000 - 0x00007ffcbd7e4000 	C:\Windows\SYSTEM32\dbgcore.DLL
0x00007ffcd7ed0000 - 0x00007ffcd7f52000 	C:\Windows\System32\bcryptPrimitives.dll
0x00007ffcc0b90000 - 0x00007ffcc0bb9000 	C:\Program Files\Android\Android Studio\jre\bin\java.dll
0x00007ffcd00f0000 - 0x00007ffcd00fb000 	C:\Program Files\Android\Android Studio\jre\bin\jimage.dll
0x00007ffccd440000 - 0x00007ffccd458000 	C:\Program Files\Android\Android Studio\jre\bin\zip.dll
0x00007ffcd84e0000 - 0x00007ffcd8c24000 	C:\Windows\System32\SHELL32.dll
0x00007ffcd2470000 - 0x00007ffcd2c03000 	C:\Windows\SYSTEM32\windows.storage.dll
0x00007ffcd9bf0000 - 0x00007ffcd9f44000 	C:\Windows\System32\combase.dll
0x00007ffcd7260000 - 0x00007ffcd728e000 	C:\Windows\SYSTEM32\Wldp.dll
0x00007ffcd9950000 - 0x00007ffcd99fd000 	C:\Windows\System32\SHCORE.dll
0x00007ffcd9250000 - 0x00007ffcd92a5000 	C:\Windows\System32\shlwapi.dll
0x00007ffcd7740000 - 0x00007ffcd775f000 	C:\Windows\SYSTEM32\profapi.dll
0x00007ffcd01d0000 - 0x00007ffcd01ea000 	C:\Program Files\Android\Android Studio\jre\bin\net.dll
0x00007ffccf180000 - 0x00007ffccf28a000 	C:\Windows\SYSTEM32\WINHTTP.dll
0x00007ffcd6fc0000 - 0x00007ffcd702a000 	C:\Windows\system32\mswsock.dll
0x00007ffccd0e0000 - 0x00007ffccd0f4000 	C:\Program Files\Android\Android Studio\jre\bin\nio.dll
0x00007ffcc07b0000 - 0x00007ffcc07d7000 	C:\Users\jeawo\.gradle\native\e1d6ef7f7dcc3fd88c89a11ec53ec762bb8ba0a96d01ffa2cd45eb1d1d8dd5c5\windows-amd64\native-platform.dll
0x00007ffc9eb40000 - 0x00007ffc9ec84000 	C:\Users\jeawo\.gradle\native\5664cfc778a61ccfe75a443a1ab52a65af34e5dc3c78e0209fed803814484fcb\windows-amd64\native-platform-file-events.dll
0x00007ffccd4b0000 - 0x00007ffccd4ba000 	C:\Program Files\Android\Android Studio\jre\bin\management.dll
0x00007ffccd390000 - 0x00007ffccd39d000 	C:\Program Files\Android\Android Studio\jre\bin\management_ext.dll
0x00007ffcd71b0000 - 0x00007ffcd71c8000 	C:\Windows\SYSTEM32\CRYPTSP.dll
0x00007ffcd6840000 - 0x00007ffcd6874000 	C:\Windows\system32\rsaenh.dll
0x00007ffcd7fd0000 - 0x00007ffcd7ff7000 	C:\Windows\System32\bcrypt.dll
0x00007ffcd7700000 - 0x00007ffcd772e000 	C:\Windows\SYSTEM32\USERENV.dll
0x00007ffcd71d0000 - 0x00007ffcd71dc000 	C:\Windows\SYSTEM32\CRYPTBASE.dll
0x00007ffcd6c60000 - 0x00007ffcd6c9c000 	C:\Windows\SYSTEM32\IPHLPAPI.DLL
0x00007ffcd92b0000 - 0x00007ffcd92b8000 	C:\Windows\System32\NSI.dll
0x00007ffccd280000 - 0x00007ffccd297000 	C:\Windows\SYSTEM32\dhcpcsvc6.DLL
0x00007ffcccb30000 - 0x00007ffcccb4d000 	C:\Windows\SYSTEM32\dhcpcsvc.DLL
0x00007ffcd6cb0000 - 0x00007ffcd6d7b000 	C:\Windows\SYSTEM32\DNSAPI.dll

dbghelp: loaded successfully - version: 4.0.5 - missing functions: none
symbol engine: initialized successfully - sym options: 0x614 - pdb path: .;C:\Program Files\Android\Android Studio\jre\bin;C:\Windows\SYSTEM32;C:\Windows\WinSxS\amd64_microsoft.windows.common-controls_6595b64144ccf1df_6.0.19041.1110_none_60b5254171f9507e;C:\Program Files\Android\Android Studio\jre\bin\server;C:\Users\jeawo\.gradle\native\e1d6ef7f7dcc3fd88c89a11ec53ec762bb8ba0a96d01ffa2cd45eb1d1d8dd5c5\windows-amd64;C:\Users\jeawo\.gradle\native\5664cfc778a61ccfe75a443a1ab52a65af34e5dc3c78e0209fed803814484fcb\windows-amd64

VM Arguments:
jvm_args: --add-opens=java.base/java.util=ALL-UNNAMED --add-opens=java.base/java.lang=ALL-UNNAMED --add-opens=java.base/java.lang.invoke=ALL-UNNAMED --add-opens=java.base/java.util=ALL-UNNAMED --add-opens=java.prefs/java.util.prefs=ALL-UNNAMED --add-opens=java.prefs/java.util.prefs=ALL-UNNAMED --add-opens=java.base/java.nio.charset=ALL-UNNAMED --add-opens=java.base/java.net=ALL-UNNAMED --add-opens=java.base/java.util.concurrent.atomic=ALL-UNNAMED -Xmx2048m -Dfile.encoding=UTF-8 -Duser.country=KR -Duser.language=ko -Duser.variant 
java_command: org.gradle.launcher.daemon.bootstrap.GradleDaemon 7.3.3
java_class_path (initial): C:\Users\jeawo\.gradle\wrapper\dists\gradle-7.3.3-bin\6a41zxkdtcxs8rphpq6y0069z\gradle-7.3.3\lib\gradle-launcher-7.3.3.jar
Launcher Type: SUN_STANDARD

[Global flags]
     intx CICompilerCount                          = 4                                         {product} {ergonomic}
     uint ConcGCThreads                            = 2                                         {product} {ergonomic}
     uint G1ConcRefinementThreads                  = 8                                         {product} {ergonomic}
   size_t G1HeapRegionSize                         = 1048576                                   {product} {ergonomic}
    uintx GCDrainStackTargetSize                   = 64                                        {product} {ergonomic}
   size_t InitialHeapSize                          = 132120576                                 {product} {ergonomic}
   size_t MarkStackSize                            = 4194304                                   {product} {ergonomic}
   size_t MaxHeapSize                              = 2147483648                                {product} {command line}
   size_t MaxNewSize                               = 1287651328                                {product} {ergonomic}
   size_t MinHeapDeltaBytes                        = 1048576                                   {product} {ergonomic}
    uintx NonNMethodCodeHeapSize                   = 5836300                                {pd product} {ergonomic}
    uintx NonProfiledCodeHeapSize                  = 122910970                              {pd product} {ergonomic}
    uintx ProfiledCodeHeapSize                     = 122910970                              {pd product} {ergonomic}
    uintx ReservedCodeCacheSize                    = 251658240                              {pd product} {ergonomic}
     bool SegmentedCodeCache                       = true                                      {product} {ergonomic}
     bool UseCompressedClassPointers               = true                                 {lp64_product} {ergonomic}
     bool UseCompressedOops                        = true                                 {lp64_product} {ergonomic}
     bool UseG1GC                                  = true                                      {product} {ergonomic}
     bool UseLargePagesIndividualAllocation        = false                                  {pd product} {ergonomic}

Logging:
Log output configuration:
 #0: stdout all=warning uptime,level,tags
 #1: stderr all=off uptime,level,tags

Environment Variables:
PATH=C:\Windows\system32;C:\Windows;C:\Windows\System32\Wbem;C:\Windows\System32\WindowsPowerShell\v1.0\;C:\Windows\System32\OpenSSH\;C:\Program Files\Git\cmd;C:\Program Files\dotnet\;C:\Program Files\Docker\Docker\resources\bin;C:\ProgramData\DockerDesktop\version-bin;C:\Users\jeawo\anaconda3;C:\Users\jeawo\anaconda3\Library\mingw-w64\bin;C:\Users\jeawo\anaconda3\Library\usr\bin;C:\Users\jeawo\anaconda3\Library\bin;C:\Users\jeawo\anaconda3\Scripts;C:\Users\jeawo\AppData\Local\Microsoft\WindowsApps;C:\Program Files\JetBrains\IntelliJ IDEA Community Edition 2022.1.1\bin;;C:\Users\jeawo\AppData\Local\Programs\Microsoft VS Code\bin;C:\Users\jeawo\AppData\Local\afreeca
USERNAME=jeawo
OS=Windows_NT
PROCESSOR_IDENTIFIER=Intel64 Family 6 Model 142 Stepping 12, GenuineIntel



---------------  S Y S T E M  ---------------

OS: Windows 10 , 64 bit Build 19041 (10.0.19041.2788)
OS uptime: 5 days 2:44 hours
Hyper-V role detected

CPU:total 8 (initial active 8) (4 cores per cpu, 2 threads per core) family 6 model 142 stepping 12 microcode 0xca, cmov, cx8, fxsr, mmx, sse, sse2, sse3, ssse3, sse4.1, sse4.2, popcnt, avx, avx2, aes, clmul, erms, 3dnowpref, lzcnt, ht, tsc, tscinvbit, bmi1, bmi2, adx, fma

Memory: 4k page, system-wide physical 8001M (482M free)
TotalPageFile size 32577M (AvailPageFile size 5M)
current process WorkingSet (physical memory assigned to process): 374M, peak: 376M
current process commit charge ("private bytes"): 413M, peak: 414M

vm_info: OpenJDK 64-Bit Server VM (11.0.12+7-b1504.28-7817840) for windows-amd64 JRE (11.0.12+7-b1504.28-7817840), built on Oct 13 2021 22:12:33 by "builder" with MS VC++ 14.0 (VS2015)

END.
